
===========================================================================
report_checks -unconstrained
===========================================================================
======================= min_tt_025C_1v80 Corner ===================================

Startpoint: nrst (input port clocked by clk)
Endpoint: _2936_ (recovery check against rising-edge clock clk)
Path Group: asynchronous
Path Type: max

Fanout         Cap        Slew       Delay        Time   Description
---------------------------------------------------------------------------------------------
                                  0.000000    0.000000   clock clk (rise edge)
                                  0.000000    0.000000   clock network delay (propagated)
                                 20.000000   20.000000 ^ input external delay
     1    0.005496    0.031467    0.019472   20.019472 ^ nrst (in)
                                                         nrst (net)
                      0.031468    0.000000   20.019472 ^ input62/A (sky130_fd_sc_hd__clkbuf_2)
     4    0.044830    0.244291    0.239615   20.259087 ^ input62/X (sky130_fd_sc_hd__clkbuf_2)
                                                         net62 (net)
                      0.244292    0.000496   20.259583 ^ fanout210/A (sky130_fd_sc_hd__buf_2)
     6    0.050258    0.245722    0.312351   20.571934 ^ fanout210/X (sky130_fd_sc_hd__buf_2)
                                                         net210 (net)
                      0.245722    0.000595   20.572529 ^ fanout196/A (sky130_fd_sc_hd__dlymetal6s2s_1)
     5    0.024287    0.255075    0.288651   20.861179 ^ fanout196/X (sky130_fd_sc_hd__dlymetal6s2s_1)
                                                         net196 (net)
                      0.255076    0.000405   20.861586 ^ fanout191/A (sky130_fd_sc_hd__clkbuf_2)
     6    0.026950    0.151876    0.243316   21.104902 ^ fanout191/X (sky130_fd_sc_hd__clkbuf_2)
                                                         net191 (net)
                      0.151876    0.000306   21.105207 ^ fanout188/A (sky130_fd_sc_hd__clkbuf_4)
    10    0.053294    0.164955    0.262416   21.367622 ^ fanout188/X (sky130_fd_sc_hd__clkbuf_4)
                                                         net188 (net)
                      0.164975    0.001886   21.369509 ^ _2936_/SET_B (sky130_fd_sc_hd__dfstp_1)
                                             21.369509   data arrival time

                                100.000000  100.000000   clock clk (rise edge)
                                  0.000000  100.000000   clock source latency
     1    0.032534    0.151246    0.106063  100.106056 ^ clk (in)
                                                         clk (net)
                      0.151337    0.000000  100.106056 ^ clkbuf_0_clk/A (sky130_fd_sc_hd__clkbuf_16)
     4    0.058942    0.077510    0.193054  100.299110 ^ clkbuf_0_clk/X (sky130_fd_sc_hd__clkbuf_16)
                                                         clknet_0_clk (net)
                      0.077511    0.000462  100.299576 ^ clkbuf_2_0__f_clk/A (sky130_fd_sc_hd__clkbuf_16)
     9    0.071873    0.089221    0.177323  100.476898 ^ clkbuf_2_0__f_clk/X (sky130_fd_sc_hd__clkbuf_16)
                                                         clknet_2_0__leaf_clk (net)
                      0.089243    0.001364  100.478264 ^ clkbuf_leaf_31_clk/A (sky130_fd_sc_hd__clkbuf_8)
    12    0.039606    0.081310    0.172669  100.650932 ^ clkbuf_leaf_31_clk/X (sky130_fd_sc_hd__clkbuf_8)
                                                         clknet_leaf_31_clk (net)
                      0.081310    0.000298  100.651230 ^ _2936_/CLK (sky130_fd_sc_hd__dfstp_1)
                                 -0.250000  100.401230   clock uncertainty
                                  0.000000  100.401230   clock reconvergence pessimism
                                  0.136067  100.537300   library recovery time
                                            100.537300   data required time
---------------------------------------------------------------------------------------------
                                            100.537300   data required time
                                            -21.369509   data arrival time
---------------------------------------------------------------------------------------------
                                             79.167793   slack (MET)


Startpoint: config_en (input port clocked by clk)
Endpoint: CBeast_out[7] (output port clocked by clk)
Path Group: clk
Path Type: max

Fanout         Cap        Slew       Delay        Time   Description
---------------------------------------------------------------------------------------------
                                  0.000000    0.000000   clock clk (rise edge)
                                  0.000000    0.000000   clock network delay (propagated)
                                 20.000000   20.000000 v input external delay
     1    0.007189    0.018382    0.011704   20.011705 v config_en (in)
                                                         config_en (net)
                      0.018385    0.000000   20.011705 v input58/A (sky130_fd_sc_hd__clkbuf_1)
     1    0.008150    0.054271    0.100815   20.112520 v input58/X (sky130_fd_sc_hd__clkbuf_1)
                                                         net58 (net)
                      0.054271    0.000243   20.112764 v fanout275/A (sky130_fd_sc_hd__clkbuf_4)
     7    0.074927    0.150263    0.244093   20.356855 v fanout275/X (sky130_fd_sc_hd__clkbuf_4)
                                                         net275 (net)
                      0.150288    0.001958   20.358814 v fanout266/A (sky130_fd_sc_hd__clkbuf_4)
    10    0.057226    0.117853    0.263514   20.622328 v fanout266/X (sky130_fd_sc_hd__clkbuf_4)
                                                         net266 (net)
                      0.117853    0.000622   20.622950 v fanout265/A (sky130_fd_sc_hd__clkbuf_4)
    10    0.048629    0.105703    0.236255   20.859205 v fanout265/X (sky130_fd_sc_hd__clkbuf_4)
                                                         net265 (net)
                      0.105706    0.000737   20.859941 v fanout264/A (sky130_fd_sc_hd__clkbuf_4)
    10    0.046336    0.101163    0.228203   21.088144 v fanout264/X (sky130_fd_sc_hd__clkbuf_4)
                                                         net264 (net)
                      0.101180    0.001272   21.089417 v _1401_/A (sky130_fd_sc_hd__inv_2)
     2    0.010199    0.059297    0.088122   21.177538 ^ _1401_/Y (sky130_fd_sc_hd__inv_2)
                                                         _1195_ (net)
                      0.059297    0.000036   21.177574 ^ fanout187/A (sky130_fd_sc_hd__clkbuf_4)
    10    0.057652    0.177665    0.235904   21.413477 ^ fanout187/X (sky130_fd_sc_hd__clkbuf_4)
                                                         net187 (net)
                      0.177900    0.005278   21.418755 ^ _1687_/C1 (sky130_fd_sc_hd__o311a_1)
     4    0.012728    0.138272    0.257183   21.675938 ^ _1687_/X (sky130_fd_sc_hd__o311a_1)
                                                         _0411_ (net)
                      0.138272    0.000227   21.676165 ^ _1690_/A (sky130_fd_sc_hd__nand2_2)
     9    0.043081    0.174756    0.180036   21.856201 v _1690_/Y (sky130_fd_sc_hd__nand2_2)
                                                         _0414_ (net)
                      0.174817    0.002736   21.858936 v _1691_/A0 (sky130_fd_sc_hd__mux2_1)
     1    0.002538    0.055219    0.324945   22.183882 v _1691_/X (sky130_fd_sc_hd__mux2_1)
                                                         _0415_ (net)
                      0.055219    0.000011   22.183893 v _1729_/A2 (sky130_fd_sc_hd__o21a_1)
     1    0.003104    0.036486    0.167837   22.351730 v _1729_/X (sky130_fd_sc_hd__o21a_1)
                                                         _0453_ (net)
                      0.036486    0.000034   22.351765 v _1819_/A1 (sky130_fd_sc_hd__o21ba_1)
     1    0.003534    0.038503    0.177876   22.529638 v _1819_/X (sky130_fd_sc_hd__o21ba_1)
                                                         _0543_ (net)
                      0.038503    0.000039   22.529678 v _1820_/B1 (sky130_fd_sc_hd__o221a_2)
     4    0.019322    0.085084    0.293921   22.823599 v _1820_/X (sky130_fd_sc_hd__o221a_2)
                                                         _0544_ (net)
                      0.085084    0.000199   22.823799 v _1884_/S (sky130_fd_sc_hd__mux2_1)
     1    0.002262    0.052059    0.313021   23.136820 v _1884_/X (sky130_fd_sc_hd__mux2_1)
                                                         _0608_ (net)
                      0.052059    0.000016   23.136835 v _1885_/B (sky130_fd_sc_hd__or2_1)
     1    0.003205    0.050136    0.206633   23.343468 v _1885_/X (sky130_fd_sc_hd__or2_1)
                                                         _0609_ (net)
                      0.050136    0.000034   23.343502 v _1927_/A1 (sky130_fd_sc_hd__a22o_1)
     2    0.029683    0.152071    0.317511   23.661013 v _1927_/X (sky130_fd_sc_hd__a22o_1)
                                                         _0651_ (net)
                      0.152071    0.000599   23.661612 v _1931_/A2 (sky130_fd_sc_hd__o211a_1)
     1    0.010301    0.070999    0.281521   23.943132 v _1931_/X (sky130_fd_sc_hd__o211a_1)
                                                         CB_0.le_outA (net)
                      0.071000    0.000398   23.943531 v fanout136/A (sky130_fd_sc_hd__clkbuf_4)
    10    0.066987    0.135764    0.241284   24.184814 v fanout136/X (sky130_fd_sc_hd__clkbuf_4)
                                                         net136 (net)
                      0.135776    0.001407   24.186222 v _1524_/A1 (sky130_fd_sc_hd__a32o_1)
     1    0.006608    0.057939    0.270953   24.457174 v _1524_/X (sky130_fd_sc_hd__a32o_1)
                                                         _1318_ (net)
                      0.057939    0.000130   24.457304 v _1525_/B2 (sky130_fd_sc_hd__o221a_4)
     6    0.052685    0.106634    0.299814   24.757118 v _1525_/X (sky130_fd_sc_hd__o221a_4)
                                                         _1319_ (net)
                      0.106636    0.000698   24.757816 v _1528_/A (sky130_fd_sc_hd__nand2_2)
     8    0.040035    0.214187    0.205350   24.963167 ^ _1528_/Y (sky130_fd_sc_hd__nand2_2)
                                                         _1322_ (net)
                      0.214187    0.000254   24.963421 ^ _1933_/A2 (sky130_fd_sc_hd__a211o_1)
     1    0.003566    0.046878    0.160089   25.123508 ^ _1933_/X (sky130_fd_sc_hd__a211o_1)
                                                         _0655_ (net)
                      0.046878    0.000037   25.123547 ^ _1939_/A1 (sky130_fd_sc_hd__a21oi_1)
     1    0.003072    0.050973    0.055945   25.179491 v _1939_/Y (sky130_fd_sc_hd__a21oi_1)
                                                         _0661_ (net)
                      0.050973    0.000034   25.179525 v _1947_/A1 (sky130_fd_sc_hd__o311a_1)
     2    0.004871    0.060790    0.356438   25.535963 v _1947_/X (sky130_fd_sc_hd__o311a_1)
                                                         _0669_ (net)
                      0.060790    0.000048   25.536011 v _1962_/A (sky130_fd_sc_hd__nor3b_1)
     2    0.010458    0.366050    0.354365   25.890377 ^ _1962_/Y (sky130_fd_sc_hd__nor3b_1)
                                                         _0684_ (net)
                      0.366050    0.000179   25.890556 ^ _2065_/C1 (sky130_fd_sc_hd__a211o_1)
     1    0.007775    0.079840    0.178463   26.069019 ^ _2065_/X (sky130_fd_sc_hd__a211o_1)
                                                         _0787_ (net)
                      0.079840    0.000236   26.069256 ^ _2066_/A3 (sky130_fd_sc_hd__a31oi_1)
     1    0.008702    0.104102    0.125526   26.194782 v _2066_/Y (sky130_fd_sc_hd__a31oi_1)
                                                         _0788_ (net)
                      0.104102    0.000096   26.194878 v _2067_/B2 (sky130_fd_sc_hd__a32oi_4)
     2    0.014510    0.225266    0.250079   26.444958 ^ _2067_/Y (sky130_fd_sc_hd__a32oi_4)
                                                         _0789_ (net)
                      0.225266    0.000675   26.445633 ^ _2070_/A2 (sky130_fd_sc_hd__o211a_1)
     1    0.016791    0.150136    0.249319   26.694950 ^ _2070_/X (sky130_fd_sc_hd__o211a_1)
                                                         CB_0.le_outB (net)
                      0.150136    0.000474   26.695425 ^ fanout131/A (sky130_fd_sc_hd__buf_2)
     7    0.060199    0.292186    0.318876   27.014301 ^ fanout131/X (sky130_fd_sc_hd__buf_2)
                                                         net131 (net)
                      0.292187    0.000496   27.014797 ^ _1665_/B2 (sky130_fd_sc_hd__o2bb2a_1)
     2    0.013441    0.142518    0.258851   27.273647 ^ _1665_/X (sky130_fd_sc_hd__o2bb2a_1)
                                                         _0389_ (net)
                      0.142518    0.000151   27.273798 ^ _1668_/B1 (sky130_fd_sc_hd__a221o_1)
     1    0.002692    0.047623    0.155238   27.429035 ^ _1668_/X (sky130_fd_sc_hd__a221o_1)
                                                         _0392_ (net)
                      0.047623    0.000023   27.429058 ^ _1669_/B1 (sky130_fd_sc_hd__o311a_2)
     6    0.027267    0.155790    0.259659   27.688719 ^ _1669_/X (sky130_fd_sc_hd__o311a_2)
                                                         _0393_ (net)
                      0.155798    0.001279   27.689997 ^ _2106_/A (sky130_fd_sc_hd__and2_2)
     7    0.039143    0.204466    0.294774   27.984772 ^ _2106_/X (sky130_fd_sc_hd__and2_2)
                                                         _0826_ (net)
                      0.204466    0.000817   27.985588 ^ _2162_/A0 (sky130_fd_sc_hd__mux2_1)
     1    0.005778    0.068055    0.182263   28.167850 ^ _2162_/X (sky130_fd_sc_hd__mux2_1)
                                                         _0882_ (net)
                      0.068055    0.000099   28.167950 ^ _2164_/A2 (sky130_fd_sc_hd__o21a_1)
     1    0.005225    0.062347    0.122421   28.290371 ^ _2164_/X (sky130_fd_sc_hd__o21a_1)
                                                         _0884_ (net)
                      0.062347    0.000050   28.290421 ^ _2171_/C1 (sky130_fd_sc_hd__a211oi_2)
     1    0.010197    0.069778    0.050147   28.340569 v _2171_/Y (sky130_fd_sc_hd__a211oi_2)
                                                         _0891_ (net)
                      0.069778    0.000144   28.340712 v _2174_/B1 (sky130_fd_sc_hd__o221ai_4)
     8    0.071062    0.567404    0.478455   28.819166 ^ _2174_/Y (sky130_fd_sc_hd__o221ai_4)
                                                         _0894_ (net)
                      0.567408    0.001211   28.820377 ^ _2175_/A (sky130_fd_sc_hd__inv_2)
     1    0.020944    0.137580    0.151138   28.971516 v _2175_/Y (sky130_fd_sc_hd__inv_2)
                                                         _0895_ (net)
                      0.137582    0.000432   28.971947 v _2244_/A1 (sky130_fd_sc_hd__o211ai_1)
     1    0.014826    0.357080    0.367779   29.339725 ^ _2244_/Y (sky130_fd_sc_hd__o211ai_1)
                                                         _0964_ (net)
                      0.357080    0.000259   29.339985 ^ _2250_/A2 (sky130_fd_sc_hd__a32o_1)
     3    0.018839    0.201279    0.341801   29.681787 ^ _2250_/X (sky130_fd_sc_hd__a32o_1)
                                                         _0970_ (net)
                      0.201279    0.000210   29.681997 ^ _2253_/A2 (sky130_fd_sc_hd__a21oi_4)
     4    0.049847    0.121575    0.154092   29.836088 v _2253_/Y (sky130_fd_sc_hd__a21oi_4)
                                                         CB_1.le_outA (net)
                      0.121591    0.001123   29.837212 v fanout126/A (sky130_fd_sc_hd__clkbuf_2)
     7    0.038753    0.147973    0.234280   30.071491 v fanout126/X (sky130_fd_sc_hd__clkbuf_2)
                                                         net126 (net)
                      0.147980    0.001137   30.072628 v _1609_/C (sky130_fd_sc_hd__or4_1)
     1    0.003052    0.084192    0.495447   30.568075 v _1609_/X (sky130_fd_sc_hd__or4_1)
                                                         _0333_ (net)
                      0.084192    0.000032   30.568108 v _1610_/B1 (sky130_fd_sc_hd__o211a_1)
     1    0.006539    0.055475    0.155858   30.723965 v _1610_/X (sky130_fd_sc_hd__o211a_1)
                                                         _0334_ (net)
                      0.055475    0.000192   30.724157 v _1621_/A1 (sky130_fd_sc_hd__o221a_1)
     6    0.021260    0.131277    0.341046   31.065203 v _1621_/X (sky130_fd_sc_hd__o221a_1)
                                                         _0345_ (net)
                      0.131277    0.000181   31.065384 v _2097_/A (sky130_fd_sc_hd__and2_2)
     8    0.049273    0.130888    0.303785   31.369169 v _2097_/X (sky130_fd_sc_hd__and2_2)
                                                         _0817_ (net)
                      0.130920    0.002000   31.371170 v _2280_/A2 (sky130_fd_sc_hd__o2111a_1)
     1    0.008277    0.067970    0.290150   31.661320 v _2280_/X (sky130_fd_sc_hd__o2111a_1)
                                                         _0998_ (net)
                      0.067970    0.000071   31.661390 v _2282_/A3 (sky130_fd_sc_hd__o31ai_4)
     6    0.033447    0.424937    0.376854   32.038246 ^ _2282_/Y (sky130_fd_sc_hd__o31ai_4)
                                                         _1000_ (net)
                      0.424939    0.000643   32.038887 ^ _2283_/C (sky130_fd_sc_hd__nand3_4)
     8    0.031038    0.144499    0.181792   32.220680 v _2283_/Y (sky130_fd_sc_hd__nand3_4)
                                                         _1001_ (net)
                      0.144499    0.000128   32.220810 v _2336_/S (sky130_fd_sc_hd__mux2_1)
     1    0.005955    0.068246    0.255341   32.476151 ^ _2336_/X (sky130_fd_sc_hd__mux2_1)
                                                         _1054_ (net)
                      0.068246    0.000131   32.476280 ^ _2337_/A2 (sky130_fd_sc_hd__o211ai_1)
     1    0.009415    0.123065    0.125105   32.601387 v _2337_/Y (sky130_fd_sc_hd__o211ai_1)
                                                         _1055_ (net)
                      0.123066    0.000298   32.601685 v _2383_/B2 (sky130_fd_sc_hd__a32oi_2)
     2    0.017760    0.295110    0.306517   32.908203 ^ _2383_/Y (sky130_fd_sc_hd__a32oi_2)
                                                         _1101_ (net)
                      0.295110    0.000572   32.908775 ^ _2386_/A2 (sky130_fd_sc_hd__o211a_1)
     1    0.005356    0.063260    0.193012   33.101784 ^ _2386_/X (sky130_fd_sc_hd__o211a_1)
                                                         CB_1.le_outB (net)
                      0.063260    0.000092   33.101879 ^ fanout123/A (sky130_fd_sc_hd__clkbuf_4)
    10    0.063242    0.193474    0.249987   33.351864 ^ fanout123/X (sky130_fd_sc_hd__clkbuf_4)
                                                         net123 (net)
                      0.193570    0.002114   33.353977 ^ fanout122/A (sky130_fd_sc_hd__clkbuf_2)
    10    0.041413    0.226546    0.279481   33.633461 ^ fanout122/X (sky130_fd_sc_hd__clkbuf_2)
                                                         net122 (net)
                      0.226546    0.000597   33.634056 ^ _1506_/A (sky130_fd_sc_hd__inv_2)
     1    0.004225    0.045072    0.050882   33.684940 v _1506_/Y (sky130_fd_sc_hd__inv_2)
                                                         _1300_ (net)
                      0.045072    0.000064   33.685001 v fanout121/A (sky130_fd_sc_hd__dlymetal6s2s_1)
     5    0.028496    0.145965    0.228855   33.913857 v fanout121/X (sky130_fd_sc_hd__dlymetal6s2s_1)
                                                         net121 (net)
                      0.145969    0.000970   33.914829 v fanout120/A (sky130_fd_sc_hd__buf_2)
    10    0.034916    0.091472    0.226098   34.140926 v fanout120/X (sky130_fd_sc_hd__buf_2)
                                                         net120 (net)
                      0.091507    0.001666   34.142593 v _1578_/A1 (sky130_fd_sc_hd__o31a_1)
     2    0.005351    0.058398    0.320323   34.462914 v _1578_/X (sky130_fd_sc_hd__o31a_1)
                                                         _1372_ (net)
                      0.058398    0.000018   34.462933 v _1580_/B2 (sky130_fd_sc_hd__a221o_1)
     1    0.011637    0.094228    0.371127   34.834061 v _1580_/X (sky130_fd_sc_hd__a221o_1)
                                                         _1374_ (net)
                      0.094228    0.000178   34.834236 v _1592_/A1 (sky130_fd_sc_hd__a211oi_4)
     4    0.024691    0.341667    0.360043   35.194279 ^ _1592_/Y (sky130_fd_sc_hd__a211oi_4)
                                                         _1386_ (net)
                      0.341667    0.000139   35.194420 ^ _2081_/A (sky130_fd_sc_hd__nand2_4)
     9    0.047807    0.158615    0.182062   35.376480 v _2081_/Y (sky130_fd_sc_hd__nand2_4)
                                                         _0801_ (net)
                      0.158616    0.000593   35.377075 v _2435_/B1_N (sky130_fd_sc_hd__o21bai_1)
     1    0.003280    0.054049    0.201009   35.578083 v _2435_/Y (sky130_fd_sc_hd__o21bai_1)
                                                         _1123_ (net)
                      0.054049    0.000036   35.578117 v _2436_/A2 (sky130_fd_sc_hd__a21oi_1)
     1    0.017889    0.389907    0.352170   35.930290 ^ _2436_/Y (sky130_fd_sc_hd__a21oi_1)
                                                         net74 (net)
                      0.389908    0.000679   35.930969 ^ output74/A (sky130_fd_sc_hd__buf_2)
     1    0.036431    0.181119    0.294161   36.225128 ^ output74/X (sky130_fd_sc_hd__buf_2)
                                                         CBeast_out[7] (net)
                      0.181119    0.000572   36.225700 ^ CBeast_out[7] (out)
                                             36.225700   data arrival time

                                100.000000  100.000000   clock clk (rise edge)
                                  0.000000  100.000000   clock network delay (propagated)
                                 -0.250000   99.750000   clock uncertainty
                                  0.000000   99.750000   clock reconvergence pessimism
                                -20.000000   79.750000   output external delay
                                             79.750000   data required time
---------------------------------------------------------------------------------------------
                                             79.750000   data required time
                                            -36.225700   data arrival time
---------------------------------------------------------------------------------------------
                                             43.524296   slack (MET)




===========================================================================
report_checks --slack_max -0.01
============================================================================
======================= min_tt_025C_1v80 Corner ===================================

No paths found.


===========================================================================
 report_check_types -max_slew -max_cap -max_fanout -violators
============================================================================
======================= min_tt_025C_1v80 Corner ===================================

max fanout

Pin                                   Limit Fanout  Slack
---------------------------------------------------------
clkbuf_leaf_15_clk/X                     10     22    -12 (VIOLATED)
clkbuf_leaf_24_clk/X                     10     19     -9 (VIOLATED)
clkbuf_leaf_0_clk/X                      10     17     -7 (VIOLATED)
clkbuf_leaf_1_clk/X                      10     17     -7 (VIOLATED)
clkbuf_leaf_22_clk/X                     10     17     -7 (VIOLATED)
clkbuf_leaf_7_clk/X                      10     17     -7 (VIOLATED)
clkbuf_leaf_6_clk/X                      10     16     -6 (VIOLATED)
clkbuf_leaf_16_clk/X                     10     15     -5 (VIOLATED)
clkbuf_leaf_29_clk/X                     10     15     -5 (VIOLATED)
clkbuf_leaf_14_clk/X                     10     13     -3 (VIOLATED)
clkbuf_leaf_19_clk/X                     10     13     -3 (VIOLATED)
clkbuf_leaf_30_clk/X                     10     12     -2 (VIOLATED)
clkbuf_leaf_31_clk/X                     10     12     -2 (VIOLATED)
clkbuf_leaf_25_clk/X                     10     11        (VIOLATED)
fanout134/X                              10     11        (VIOLATED)



===========================================================================
report_parasitic_annotation -report_unannotated
============================================================================
Found 35 unannotated drivers.
 _2387_/X
 _2389_/X
 _2391_/X
 _2393_/X
 clkload0/X
 clkload1/Y
 clkload10/Y
 clkload11/Y
 clkload12/Y
 clkload13/X
 clkload14/Y
 clkload15/Y
 clkload16/Y
 clkload17/Y
 clkload18/Y
 clkload19/Y
 clkload2/X
 clkload20/Y
 clkload21/Y
 clkload22/Y
 clkload23/Y
 clkload24/Y
 clkload25/Y
 clkload26/Y
 clkload27/Y
 clkload28/Y
 clkload29/Y
 clkload3/X
 clkload30/Y
 clkload4/Y
 clkload5/Y
 clkload6/Y
 clkload7/Y
 clkload8/Y
 clkload9/Y
Found 0 partially unannotated drivers.

===========================================================================
max slew violation count 0
max fanout violation count 15
max cap violation count 0
============================================================================

===========================================================================
check_setup -verbose -unconstrained_endpoints -multiple_clock -no_clock -no_input_delay -loops -generated_clocks
===========================================================================
Warning: There are 8 unclocked register/latch pins.
  _2868_/CLK
  _2917_/CLK
  _2918_/CLK
  _2939_/CLK
  _2940_/CLK
  _2961_/CLK
  _2962_/CLK
  _2983_/CLK
Warning: There are 8 unconstrained endpoints.
  _2868_/D
  _2917_/D
  _2918_/D
  _2939_/D
  _2940_/D
  _2961_/D
  _2962_/D
  _2983_/D
Warning: There are 56 combinational loops in the design.
  _1820_/X
  _1884_/S
  _1884_/X
  _1885_/B
  _1885_/X
  _1927_/A1
  _1927_/X
  _1931_/A2
  _1931_/X
  fanout136/A
  fanout136/X
  _1524_/A1
  _1524_/X
  _1525_/B2
  _1525_/X
  _1528_/A
  _1528_/Y
  _1551_/A2
  _1551_/X
  _1599_/A1
  _1599_/X
  _1649_/A1
  _1649_/X
  _1820_/C1
  | loop cut point
  _1820_/X
  --------------------------------
  _1884_/X
  _1885_/B
  _1885_/X
  _1927_/A1
  _1927_/X
  _1931_/A2
  _1931_/X
  fanout136/A
  fanout136/X
  _1524_/A1
  _1524_/X
  _1525_/B2
  _1525_/X
  _1528_/A
  _1528_/Y
  _1821_/A0
  _1821_/X
  _1832_/A2
  _1832_/X
  _1850_/A1
  _1850_/X
  _1851_/S
  _1851_/X
  _1884_/A1
  | loop cut point
  _1884_/X
  --------------------------------
  _1884_/X
  _1885_/B
  _1885_/X
  _1927_/A1
  _1927_/X
  _1931_/A2
  _1931_/X
  fanout136/A
  fanout136/X
  _1524_/A1
  _1524_/X
  _1525_/B2
  _1525_/X
  _1528_/A
  _1528_/Y
  _1821_/A0
  _1821_/X
  _1832_/A2
  _1832_/X
  _1850_/A1
  _1850_/X
  _1883_/S
  _1883_/X
  _1884_/A0
  | loop cut point
  _1884_/X
  --------------------------------
  _1927_/X
  _1931_/A2
  _1931_/X
  fanout136/A
  fanout136/X
  _1524_/A1
  _1524_/X
  _1525_/B2
  _1525_/X
  _1528_/A
  _1528_/Y
  _1821_/A0
  _1821_/X
  _1832_/A2
  _1832_/X
  _1850_/A1
  _1850_/X
  _1916_/S
  _1916_/X
  _1918_/A0
  _1918_/X
  _1919_/A2
  _1919_/X
  _1927_/A2
  | loop cut point
  _1927_/X
  --------------------------------
  _1927_/X
  _1931_/A2
  _1931_/X
  fanout136/A
  fanout136/X
  _1524_/A1
  _1524_/X
  _1525_/B2
  _1525_/X
  _1528_/A
  _1528_/Y
  _1821_/A0
  _1821_/X
  _1832_/A2
  _1832_/X
  _1850_/A1
  _1850_/X
  _1920_/S
  _1920_/X
  _1922_/A1
  _1922_/X
  _1926_/A0
  _1926_/X
  _1927_/B1
  | loop cut point
  _1927_/X
  --------------------------------
  _1885_/X
  _1927_/A1
  _1927_/X
  _1931_/A2
  _1931_/X
  fanout136/A
  fanout136/X
  _1524_/A1
  _1524_/X
  _1525_/B2
  _1525_/X
  _1528_/A
  _1528_/Y
  _1855_/A1
  _1855_/X
  _1856_/A2
  _1856_/Y
  _1858_/B1
  _1858_/X
  _1863_/A
  _1863_/X
  _1881_/A1
  _1881_/Y
  _1885_/A
  | loop cut point
  _1885_/X
  --------------------------------
  _1927_/X
  _1931_/A2
  _1931_/X
  fanout136/A
  fanout136/X
  _1524_/A1
  _1524_/X
  _1525_/B2
  _1525_/X
  _1528_/A
  _1528_/Y
  _1895_/A1
  _1895_/X
  _1899_/A2
  _1899_/X
  _1904_/B1
  _1904_/X
  _1905_/B
  _1905_/X
  _1914_/B1
  _1914_/X
  _1915_/A
  _1915_/Y
  _1927_/B2
  | loop cut point
  _1927_/X
  --------------------------------
  _1691_/X
  _1729_/A2
  _1729_/X
  _1819_/A1
  _1819_/X
  _1820_/B1
  _1820_/X
  _1884_/S
  _1884_/X
  _1885_/B
  _1885_/X
  _1927_/A1
  _1927_/X
  _1931_/A2
  _1931_/X
  fanout136/A
  fanout136/X
  _1524_/A1
  _1524_/X
  _1525_/B2
  _1525_/X
  _1528_/A
  _1528_/Y
  _1933_/A2
  _1933_/X
  _1939_/A1
  _1939_/Y
  _1947_/A1
  _1947_/X
  _1962_/A
  _1962_/Y
  _2065_/C1
  _2065_/X
  _2066_/A3
  _2066_/Y
  _2067_/B2
  _2067_/Y
  _2070_/A2
  _2070_/X
  fanout131/A
  fanout131/X
  _1665_/B2
  _1665_/X
  _1668_/B1
  _1668_/X
  _1669_/B1
  _1669_/X
  _1672_/B1_N
  _1672_/X
  _1691_/A1
  | loop cut point
  _1691_/X
  --------------------------------
  _1962_/Y
  _2065_/C1
  _2065_/X
  _2066_/A3
  _2066_/Y
  _2067_/B2
  _2067_/Y
  _2070_/A2
  _2070_/X
  fanout131/A
  fanout131/X
  _1665_/B2
  _1665_/X
  _1668_/B1
  _1668_/X
  _1669_/B1
  _1669_/X
  _1672_/B1_N
  _1672_/X
  _1950_/A1
  _1950_/X
  _1952_/A2
  _1952_/X
  _1961_/A1
  _1961_/X
  _1962_/C_N
  | loop cut point
  _1962_/Y
  --------------------------------
  _2067_/Y
  _2070_/A2
  _2070_/X
  fanout131/A
  fanout131/X
  _1665_/B2
  _1665_/X
  _1668_/B1
  _1668_/X
  _1669_/B1
  _1669_/X
  _1672_/B1_N
  _1672_/X
  _1950_/A1
  _1950_/X
  _1952_/A2
  _1952_/X
  _1961_/A1
  _1961_/X
  _1963_/C_N
  _1963_/X
  _2026_/A1
  _2026_/Y
  _2067_/A1
  | loop cut point
  _2067_/Y
  --------------------------------
  _2067_/Y
  _2070_/A2
  _2070_/X
  fanout131/A
  fanout131/X
  _1665_/B2
  _1665_/X
  _1668_/B1
  _1668_/X
  _1669_/B1
  _1669_/X
  _1672_/B1_N
  _1672_/X
  _1950_/A1
  _1950_/X
  _1952_/A2
  _1952_/X
  _1961_/A1
  _1961_/X
  _1963_/C_N
  _1963_/X
  _2057_/A1
  _2057_/Y
  _2067_/A3
  | loop cut point
  _2067_/Y
  --------------------------------
  _2067_/Y
  _2070_/A2
  _2070_/X
  fanout131/A
  fanout131/X
  _1665_/B2
  _1665_/X
  _1668_/B1
  _1668_/X
  _1669_/B1
  _1669_/X
  _1672_/B1_N
  _1672_/X
  _1950_/A1
  _1950_/X
  _1952_/A2
  _1952_/X
  _1961_/A1
  _1961_/X
  _1963_/C_N
  _1963_/X
  _2061_/A1
  _2061_/Y
  _2067_/B1
  | loop cut point
  _2067_/Y
  --------------------------------
  _2066_/Y
  _2067_/B2
  _2067_/Y
  _2070_/A2
  _2070_/X
  fanout131/A
  fanout131/X
  _1665_/B2
  _1665_/X
  _1668_/B1
  _1668_/X
  _1669_/B1
  _1669_/X
  _1672_/B1_N
  _1672_/X
  _1950_/A1
  _1950_/X
  _1952_/A2
  _1952_/X
  _1961_/A1
  _1961_/X
  _1963_/C_N
  _1963_/X
  _2063_/C1
  _2063_/X
  _2066_/A2
  | loop cut point
  _2066_/Y
  --------------------------------
  _2065_/X
  _2066_/A3
  _2066_/Y
  _2067_/B2
  _2067_/Y
  _2070_/A2
  _2070_/X
  fanout131/A
  fanout131/X
  _1665_/B2
  _1665_/X
  _1668_/B1
  _1668_/X
  _1669_/B1
  _1669_/X
  _1672_/B1_N
  _1672_/X
  _1983_/A1
  _1983_/X
  _1986_/A2
  _1986_/X
  _1994_/A1
  _1994_/X
  _1995_/C
  _1995_/Y
  _2065_/A2
  | loop cut point
  _2065_/X
  --------------------------------
  _2065_/X
  _2066_/A3
  _2066_/Y
  _2067_/B2
  _2067_/Y
  _2070_/A2
  _2070_/X
  fanout131/A
  fanout131/X
  _1665_/B2
  _1665_/X
  _1668_/B1
  _1668_/X
  _1669_/B1
  _1669_/X
  _1672_/B1_N
  _1672_/X
  _1983_/A1
  _1983_/X
  _1986_/A2
  _1986_/X
  _1994_/A1
  _1994_/X
  _2064_/D
  _2064_/X
  _2065_/B1
  | loop cut point
  _2065_/X
  --------------------------------
  _2066_/Y
  _2067_/B2
  _2067_/Y
  _2070_/A2
  _2070_/X
  fanout131/A
  fanout131/X
  _1665_/B2
  _1665_/X
  _1668_/B1
  _1668_/X
  _1669_/B1
  _1669_/X
  _1672_/B1_N
  _1672_/X
  _2011_/A0
  _2011_/X
  _2020_/A2
  _2020_/Y
  _2021_/C
  _2021_/Y
  _2022_/A2
  _2022_/Y
  _2023_/A
  _2023_/Y
  _2066_/A1
  | loop cut point
  _2066_/Y
  --------------------------------
  _2066_/Y
  _2067_/B2
  _2067_/Y
  _2070_/A2
  _2070_/X
  fanout131/A
  fanout131/X
  _1665_/B2
  _1665_/X
  _1668_/B1
  _1668_/X
  _1669_/B1
  _1669_/X
  _1672_/B1_N
  _1672_/X
  _2029_/A2
  _2029_/X
  _2030_/B
  _2030_/X
  _2038_/A2
  _2038_/X
  _2053_/C1
  _2053_/X
  _2066_/B1
  | loop cut point
  _2066_/Y
  --------------------------------
  _2067_/Y
  _2070_/A2
  _2070_/X
  fanout131/A
  fanout131/X
  _1665_/B2
  _1665_/X
  _1668_/B1
  _1668_/X
  _1669_/B1
  _1669_/X
  _1672_/B1_N
  _1672_/X
  _2029_/A2
  _2029_/X
  _2030_/B
  _2030_/X
  _2038_/A2
  _2038_/X
  _2053_/C1
  _2053_/X
  _2067_/A2
  | loop cut point
  _2067_/Y
  --------------------------------
  _1525_/X
  _1528_/A
  _1528_/Y
  _1933_/A2
  _1933_/X
  _1939_/A1
  _1939_/Y
  _1947_/A1
  _1947_/X
  _1962_/A
  _1962_/Y
  _2065_/C1
  _2065_/X
  _2066_/A3
  _2066_/Y
  _2067_/B2
  _2067_/Y
  _2070_/A2
  _2070_/X
  fanout131/A
  fanout131/X
  _1665_/B2
  _1665_/X
  _1668_/B1
  _1668_/X
  _1669_/B1
  _1669_/X
  _2106_/A
  _2106_/X
  _2162_/A0
  _2162_/X
  _2164_/A2
  _2164_/X
  _2171_/C1
  _2171_/Y
  _2174_/B1
  _2174_/Y
  _2175_/A
  _2175_/Y
  _2244_/A1
  _2244_/Y
  _2250_/A2
  _2250_/X
  _2253_/A2
  _2253_/Y
  fanout126/A
  fanout126/X
  _1513_/A1_N
  _1513_/X
  _1514_/B1
  _1514_/Y
  _1525_/A1
  | loop cut point
  _1525_/X
  --------------------------------
  _1947_/X
  _1962_/A
  _1962_/Y
  _2065_/C1
  _2065_/X
  _2066_/A3
  _2066_/Y
  _2067_/B2
  _2067_/Y
  _2070_/A2
  _2070_/X
  fanout131/A
  fanout131/X
  _1665_/B2
  _1665_/X
  _1668_/B1
  _1668_/X
  _1669_/B1
  _1669_/X
  _2106_/A
  _2106_/X
  _2162_/A0
  _2162_/X
  _2164_/A2
  _2164_/X
  _2171_/C1
  _2171_/Y
  _2174_/B1
  _2174_/Y
  _2175_/A
  _2175_/Y
  _2244_/A1
  _2244_/Y
  _2250_/A2
  _2250_/X
  _2253_/A2
  _2253_/Y
  fanout126/A
  fanout126/X
  _1609_/C
  _1609_/X
  _1610_/B1
  _1610_/X
  _1621_/A1
  _1621_/X
  _1624_/A
  _1624_/X
  _1942_/A2
  _1942_/X
  _1947_/A2
  | loop cut point
  _1947_/X
  --------------------------------
  _2250_/X
  _2253_/A2
  _2253_/Y
  fanout126/A
  fanout126/X
  _1609_/C
  _1609_/X
  _1610_/B1
  _1610_/X
  _1621_/A1
  _1621_/X
  _2097_/A
  _2097_/X
  _2102_/A2
  _2102_/X
  _2103_/A3
  _2103_/Y
  _2147_/A1
  _2147_/X
  _2150_/A
  _2150_/Y
  _2176_/A2
  _2176_/Y
  _2240_/A1
  _2240_/Y
  _2250_/B1
  | loop cut point
  _2250_/X
  --------------------------------
  _2250_/X
  _2253_/A2
  _2253_/Y
  fanout126/A
  fanout126/X
  _1609_/C
  _1609_/X
  _1610_/B1
  _1610_/X
  _1621_/A1
  _1621_/X
  _2097_/A
  _2097_/X
  _2102_/A2
  _2102_/X
  _2103_/A3
  _2103_/Y
  _2147_/A1
  _2147_/X
  _2150_/A
  _2150_/Y
  _2208_/A2
  _2208_/Y
  _2211_/A2
  _2211_/X
  _2250_/B2
  | loop cut point
  _2250_/X
  --------------------------------
  _2244_/Y
  _2250_/A2
  _2250_/X
  _2253_/A2
  _2253_/Y
  fanout126/A
  fanout126/X
  _1609_/C
  _1609_/X
  _1610_/B1
  _1610_/X
  _1621_/A1
  _1621_/X
  _2097_/A
  _2097_/X
  _2102_/A2
  _2102_/X
  _2103_/A3
  _2103_/Y
  _2147_/A1
  _2147_/X
  _2150_/A
  _2150_/Y
  _2241_/S
  _2241_/X
  _2244_/A2
  | loop cut point
  _2244_/Y
  --------------------------------
  _2244_/Y
  _2250_/A2
  _2250_/X
  _2253_/A2
  _2253_/Y
  fanout126/A
  fanout126/X
  _1609_/C
  _1609_/X
  _1610_/B1
  _1610_/X
  _1621_/A1
  _1621_/X
  _2097_/A
  _2097_/X
  _2102_/A2
  _2102_/X
  _2103_/A3
  _2103_/Y
  _2147_/A1
  _2147_/X
  _2150_/A
  _2150_/Y
  _2243_/A2
  _2243_/X
  _2244_/B1
  | loop cut point
  _2244_/Y
  --------------------------------
  _2250_/X
  _2253_/A2
  _2253_/Y
  fanout126/A
  fanout126/X
  _1609_/C
  _1609_/X
  _1610_/B1
  _1610_/X
  _1621_/A1
  _1621_/X
  _2097_/A
  _2097_/X
  _2102_/A2
  _2102_/X
  _2103_/A3
  _2103_/Y
  _2147_/A1
  _2147_/X
  _2150_/A
  _2150_/Y
  _2246_/A2
  _2246_/Y
  _2249_/A2
  _2249_/X
  _2250_/A3
  | loop cut point
  _2250_/X
  --------------------------------
  _2174_/Y
  _2175_/A
  _2175_/Y
  _2244_/A1
  _2244_/Y
  _2250_/A2
  _2250_/X
  _2253_/A2
  _2253_/Y
  fanout126/A
  fanout126/X
  _1609_/C
  _1609_/X
  _1610_/B1
  _1610_/X
  _1621_/A1
  _1621_/X
  _2097_/A
  _2097_/X
  _2157_/B
  _2157_/Y
  _2159_/B1
  _2159_/X
  _2174_/A1
  | loop cut point
  _2174_/Y
  --------------------------------
  _2244_/Y
  _2250_/A2
  _2250_/X
  _2253_/A2
  _2253_/Y
  fanout126/A
  fanout126/X
  _1609_/C
  _1609_/X
  _1610_/B1
  _1610_/X
  _1621_/A1
  _1621_/X
  _2097_/A
  _2097_/X
  _2199_/B
  _2199_/Y
  _2200_/C1
  _2200_/X
  _2201_/C
  _2201_/X
  _2202_/A2
  _2202_/X
  _2204_/A2_N
  _2204_/X
  _2244_/C1
  | loop cut point
  _2244_/Y
  --------------------------------
  _2250_/X
  _2253_/A2
  _2253_/Y
  fanout126/A
  fanout126/X
  _1609_/C
  _1609_/X
  _1610_/B1
  _1610_/X
  _1621_/A1
  _1621_/X
  _2097_/A
  _2097_/X
  _2230_/A2
  _2230_/X
  _2234_/B2
  _2234_/X
  _2238_/A1
  _2238_/X
  _2239_/C1
  _2239_/X
  _2250_/A1
  | loop cut point
  _2250_/X
  --------------------------------
  _1610_/X
  _1621_/A1
  _1621_/X
  _2097_/A
  _2097_/X
  _2280_/A2
  _2280_/X
  _2282_/A3
  _2282_/Y
  _2283_/C
  _2283_/Y
  _2307_/A2
  _2307_/X
  _2337_/C1
  _2337_/Y
  _2383_/B2
  _2383_/Y
  _2386_/A2
  _2386_/X
  fanout123/A
  fanout123/X
  _1608_/A1
  _1608_/X
  _1610_/A2
  | loop cut point
  _1610_/X
  --------------------------------
  _2280_/X
  _2282_/A3
  _2282_/Y
  _2283_/C
  _2283_/Y
  _2307_/A2
  _2307_/X
  _2337_/C1
  _2337_/Y
  _2383_/B2
  _2383_/Y
  _2386_/A2
  _2386_/X
  fanout123/A
  fanout123/X
  _1629_/A1
  _1629_/X
  _1631_/A2
  _1631_/X
  _1643_/A1
  _1643_/X
  _2100_/A
  _2100_/Y
  _2279_/B
  _2279_/Y
  _2280_/B1
  | loop cut point
  _2280_/X
  --------------------------------
  _2307_/X
  _2337_/C1
  _2337_/Y
  _2383_/B2
  _2383_/Y
  _2386_/A2
  _2386_/X
  fanout123/A
  fanout123/X
  _1629_/A1
  _1629_/X
  _1631_/A2
  _1631_/X
  _1643_/A1
  _1643_/X
  _2100_/A
  _2100_/Y
  _2292_/A2
  _2292_/Y
  _2293_/B2
  _2293_/Y
  _2294_/B1
  _2294_/Y
  _2304_/B1
  _2304_/Y
  _2307_/B1
  | loop cut point
  _2307_/X
  --------------------------------
  _2383_/Y
  _2386_/A2
  _2386_/X
  fanout123/A
  fanout123/X
  _1629_/A1
  _1629_/X
  _1631_/A2
  _1631_/X
  _1643_/A1
  _1643_/X
  _2100_/A
  _2100_/Y
  _2292_/A2
  _2292_/Y
  _2293_/B2
  _2293_/Y
  _2294_/B1
  _2294_/Y
  _2304_/B1
  _2304_/Y
  _2371_/B1
  _2371_/Y
  _2374_/A2
  _2374_/X
  _2383_/B1
  | loop cut point
  _2383_/Y
  --------------------------------
  _2383_/Y
  _2386_/A2
  _2386_/X
  fanout123/A
  fanout123/X
  _1629_/A1
  _1629_/X
  _1631_/A2
  _1631_/X
  _1643_/A1
  _1643_/X
  _2100_/A
  _2100_/Y
  _2292_/A2
  _2292_/Y
  _2293_/B2
  _2293_/Y
  _2294_/B1
  _2294_/Y
  _2304_/B1
  _2304_/Y
  _2376_/B1
  _2376_/X
  _2378_/B1
  _2378_/Y
  _2383_/A2
  | loop cut point
  _2383_/Y
  --------------------------------
  _2337_/Y
  _2383_/B2
  _2383_/Y
  _2386_/A2
  _2386_/X
  fanout123/A
  fanout123/X
  _1629_/A1
  _1629_/X
  _1631_/A2
  _1631_/X
  _1643_/A1
  _1643_/X
  _2100_/A
  _2100_/Y
  _2292_/A2
  _2292_/Y
  _2293_/B2
  _2293_/Y
  _2294_/B1
  _2294_/Y
  _2305_/B1
  _2305_/X
  _2337_/A1
  | loop cut point
  _2337_/Y
  --------------------------------
  _2383_/Y
  _2386_/A2
  _2386_/X
  fanout123/A
  fanout123/X
  _1629_/A1
  _1629_/X
  _1631_/A2
  _1631_/X
  _1643_/A1
  _1643_/X
  _2100_/A
  _2100_/Y
  _2292_/A2
  _2292_/Y
  _2293_/B2
  _2293_/Y
  _2294_/B1
  _2294_/Y
  _2305_/B1
  _2305_/X
  _2381_/B1
  _2381_/Y
  _2382_/B1
  _2382_/X
  _2383_/A3
  | loop cut point
  _2383_/Y
  --------------------------------
  _2337_/Y
  _2383_/B2
  _2383_/Y
  _2386_/A2
  _2386_/X
  fanout123/A
  fanout123/X
  _1629_/A1
  _1629_/X
  _1631_/A2
  _1631_/X
  _1643_/A1
  _1643_/X
  _2100_/A
  _2100_/Y
  _2326_/A2
  _2326_/X
  _2330_/A1
  _2330_/Y
  _2334_/A1
  _2334_/X
  _2335_/B1
  _2335_/X
  _2337_/B1
  | loop cut point
  _2337_/Y
  --------------------------------
  _2383_/Y
  _2386_/A2
  _2386_/X
  fanout123/A
  fanout123/X
  _1629_/A1
  _1629_/X
  _1631_/A2
  _1631_/X
  _1643_/A1
  _1643_/X
  _2100_/A
  _2100_/Y
  _2360_/A2
  _2360_/X
  _2364_/A2
  _2364_/X
  _2365_/B2
  _2365_/X
  _2369_/B1
  _2369_/Y
  _2383_/A1
  | loop cut point
  _2383_/Y
  --------------------------------
  _1819_/X
  _1820_/B1
  _1820_/X
  _1884_/S
  _1884_/X
  _1885_/B
  _1885_/X
  _1927_/A1
  _1927_/X
  _1931_/A2
  _1931_/X
  fanout136/A
  fanout136/X
  _1524_/A1
  _1524_/X
  _1525_/B2
  _1525_/X
  _1528_/A
  _1528_/Y
  _1933_/A2
  _1933_/X
  _1939_/A1
  _1939_/Y
  _1947_/A1
  _1947_/X
  _1962_/A
  _1962_/Y
  _2065_/C1
  _2065_/X
  _2066_/A3
  _2066_/Y
  _2067_/B2
  _2067_/Y
  _2070_/A2
  _2070_/X
  fanout131/A
  fanout131/X
  _1665_/B2
  _1665_/X
  _1668_/B1
  _1668_/X
  _1669_/B1
  _1669_/X
  _2106_/A
  _2106_/X
  _2162_/A0
  _2162_/X
  _2164_/A2
  _2164_/X
  _2171_/C1
  _2171_/Y
  _2174_/B1
  _2174_/Y
  _2175_/A
  _2175_/Y
  _2244_/A1
  _2244_/Y
  _2250_/A2
  _2250_/X
  _2253_/A2
  _2253_/Y
  fanout126/A
  fanout126/X
  _1609_/C
  _1609_/X
  _1610_/B1
  _1610_/X
  _1621_/A1
  _1621_/X
  _2097_/A
  _2097_/X
  _2280_/A2
  _2280_/X
  _2282_/A3
  _2282_/Y
  _2283_/C
  _2283_/Y
  _2307_/A2
  _2307_/X
  _2337_/C1
  _2337_/Y
  _2383_/B2
  _2383_/Y
  _2386_/A2
  _2386_/X
  fanout123/A
  fanout123/X
  _1734_/A1
  _1734_/X
  _1737_/B1
  _1737_/Y
  _1742_/A1
  _1742_/X
  _1756_/A
  _1756_/X
  _1777_/A1
  _1777_/X
  _1815_/A2
  _1815_/X
  _1819_/A2
  | loop cut point
  _1819_/X
  --------------------------------
  _2164_/X
  _2171_/C1
  _2171_/Y
  _2174_/B1
  _2174_/Y
  _2175_/A
  _2175_/Y
  _2244_/A1
  _2244_/Y
  _2250_/A2
  _2250_/X
  _2253_/A2
  _2253_/Y
  fanout126/A
  fanout126/X
  _1609_/C
  _1609_/X
  _1610_/B1
  _1610_/X
  _1621_/A1
  _1621_/X
  _2097_/A
  _2097_/X
  _2280_/A2
  _2280_/X
  _2282_/A3
  _2282_/Y
  _2283_/C
  _2283_/Y
  _2307_/A2
  _2307_/X
  _2337_/C1
  _2337_/Y
  _2383_/B2
  _2383_/Y
  _2386_/A2
  _2386_/X
  fanout123/A
  fanout123/X
  _1734_/A1
  _1734_/X
  _1737_/B1
  _1737_/Y
  _1742_/A1
  _1742_/X
  _2123_/A
  _2123_/Y
  _2163_/A1
  _2163_/X
  _2164_/B1
  | loop cut point
  _2164_/X
  --------------------------------
  _2283_/Y
  _2307_/A2
  _2307_/X
  _2337_/C1
  _2337_/Y
  _2383_/B2
  _2383_/Y
  _2386_/A2
  _2386_/X
  fanout123/A
  fanout123/X
  _1734_/A1
  _1734_/X
  _1737_/B1
  _1737_/Y
  _1742_/A1
  _1742_/X
  _2123_/A
  _2123_/Y
  _2254_/A1
  _2254_/X
  _2258_/A2
  _2258_/Y
  _2266_/A1
  _2266_/X
  _2283_/A
  | loop cut point
  _2283_/Y
  --------------------------------
  _2307_/X
  _2337_/C1
  _2337_/Y
  _2383_/B2
  _2383_/Y
  _2386_/A2
  _2386_/X
  fanout123/A
  fanout123/X
  _1734_/A1
  _1734_/X
  _1737_/B1
  _1737_/Y
  _1742_/A1
  _1742_/X
  _2123_/A
  _2123_/Y
  _2254_/A1
  _2254_/X
  _2258_/A2
  _2258_/Y
  _2266_/A1
  _2266_/X
  _2306_/B
  _2306_/X
  _2307_/C1
  | loop cut point
  _2307_/X
  --------------------------------
  _2283_/Y
  _2307_/A2
  _2307_/X
  _2337_/C1
  _2337_/Y
  _2383_/B2
  _2383_/Y
  _2386_/A2
  _2386_/X
  fanout123/A
  fanout123/X
  _2267_/A3
  _2267_/X
  _2268_/B
  _2268_/Y
  _2283_/B
  | loop cut point
  _2283_/Y
  --------------------------------
  _1939_/Y
  _1947_/A1
  _1947_/X
  _1962_/A
  _1962_/Y
  _2065_/C1
  _2065_/X
  _2066_/A3
  _2066_/Y
  _2067_/B2
  _2067_/Y
  _2070_/A2
  _2070_/X
  fanout131/A
  fanout131/X
  _1665_/B2
  _1665_/X
  _1668_/B1
  _1668_/X
  _1669_/B1
  _1669_/X
  _2106_/A
  _2106_/X
  _2162_/A0
  _2162_/X
  _2164_/A2
  _2164_/X
  _2171_/C1
  _2171_/Y
  _2174_/B1
  _2174_/Y
  _2175_/A
  _2175_/Y
  _2244_/A1
  _2244_/Y
  _2250_/A2
  _2250_/X
  _2253_/A2
  _2253_/Y
  fanout126/A
  fanout126/X
  _1609_/C
  _1609_/X
  _1610_/B1
  _1610_/X
  _1621_/A1
  _1621_/X
  _2097_/A
  _2097_/X
  _2280_/A2
  _2280_/X
  _2282_/A3
  _2282_/Y
  _2283_/C
  _2283_/Y
  _2307_/A2
  _2307_/X
  _2337_/C1
  _2337_/Y
  _2383_/B2
  _2383_/Y
  _2386_/A2
  _2386_/X
  fanout123/A
  fanout123/X
  fanout122/A
  fanout122/X
  _1506_/A
  _1506_/Y
  fanout121/A
  fanout121/X
  _1555_/A1
  _1555_/X
  _1557_/B2
  _1557_/X
  _1568_/A2
  _1568_/Y
  wire128/A
  wire128/X
  _1571_/A
  _1571_/Y
  _1938_/B2
  _1938_/X
  _1939_/A2
  | loop cut point
  _1939_/Y
  --------------------------------
  _2282_/Y
  _2283_/C
  _2283_/Y
  _2307_/A2
  _2307_/X
  _2337_/C1
  _2337_/Y
  _2383_/B2
  _2383_/Y
  _2386_/A2
  _2386_/X
  fanout123/A
  fanout123/X
  fanout122/A
  fanout122/X
  _1506_/A
  _1506_/Y
  fanout121/A
  fanout121/X
  _1555_/A1
  _1555_/X
  _1557_/B2
  _1557_/X
  _1568_/A2
  _1568_/Y
  wire128/A
  wire128/X
  _2086_/A
  _2086_/Y
  _2271_/B2
  _2271_/X
  _2272_/A2
  _2272_/Y
  _2282_/A1
  | loop cut point
  _2282_/Y
  --------------------------------
  _1962_/Y
  _2065_/C1
  _2065_/X
  _2066_/A3
  _2066_/Y
  _2067_/B2
  _2067_/Y
  _2070_/A2
  _2070_/X
  fanout131/A
  fanout131/X
  _1665_/B2
  _1665_/X
  _1668_/B1
  _1668_/X
  _1669_/B1
  _1669_/X
  _2106_/A
  _2106_/X
  _2162_/A0
  _2162_/X
  _2164_/A2
  _2164_/X
  _2171_/C1
  _2171_/Y
  _2174_/B1
  _2174_/Y
  _2175_/A
  _2175_/Y
  _2244_/A1
  _2244_/Y
  _2250_/A2
  _2250_/X
  _2253_/A2
  _2253_/Y
  fanout126/A
  fanout126/X
  _1609_/C
  _1609_/X
  _1610_/B1
  _1610_/X
  _1621_/A1
  _1621_/X
  _2097_/A
  _2097_/X
  _2280_/A2
  _2280_/X
  _2282_/A3
  _2282_/Y
  _2283_/C
  _2283_/Y
  _2307_/A2
  _2307_/X
  _2337_/C1
  _2337_/Y
  _2383_/B2
  _2383_/Y
  _2386_/A2
  _2386_/X
  fanout123/A
  fanout123/X
  fanout122/A
  fanout122/X
  _1506_/A
  _1506_/Y
  fanout121/A
  fanout121/X
  _1948_/A3
  _1948_/X
  _1949_/B
  _1949_/Y
  _1962_/B
  | loop cut point
  _1962_/Y
  --------------------------------
  _1933_/X
  _1939_/A1
  _1939_/Y
  _1947_/A1
  _1947_/X
  _1962_/A
  _1962_/Y
  _2065_/C1
  _2065_/X
  _2066_/A3
  _2066_/Y
  _2067_/B2
  _2067_/Y
  _2070_/A2
  _2070_/X
  fanout131/A
  fanout131/X
  _1665_/B2
  _1665_/X
  _1668_/B1
  _1668_/X
  _1669_/B1
  _1669_/X
  _2106_/A
  _2106_/X
  _2162_/A0
  _2162_/X
  _2164_/A2
  _2164_/X
  _2171_/C1
  _2171_/Y
  _2174_/B1
  _2174_/Y
  _2175_/A
  _2175_/Y
  _2244_/A1
  _2244_/Y
  _2250_/A2
  _2250_/X
  _2253_/A2
  _2253_/Y
  fanout126/A
  fanout126/X
  _1609_/C
  _1609_/X
  _1610_/B1
  _1610_/X
  _1621_/A1
  _1621_/X
  _2097_/A
  _2097_/X
  _2280_/A2
  _2280_/X
  _2282_/A3
  _2282_/Y
  _2283_/C
  _2283_/Y
  _2307_/A2
  _2307_/X
  _2337_/C1
  _2337_/Y
  _2383_/B2
  _2383_/Y
  _2386_/A2
  _2386_/X
  fanout123/A
  fanout123/X
  fanout122/A
  fanout122/X
  _1506_/A
  _1506_/Y
  fanout121/A
  fanout121/X
  fanout120/A
  fanout120/X
  _1532_/A
  _1532_/X
  _1535_/A3
  _1535_/Y
  _1546_/A2
  _1546_/X
  _1932_/A1
  _1932_/Y
  _1933_/B1
  | loop cut point
  _1933_/X
  --------------------------------
  _1669_/X
  _2106_/A
  _2106_/X
  _2162_/A0
  _2162_/X
  _2164_/A2
  _2164_/X
  _2171_/C1
  _2171_/Y
  _2174_/B1
  _2174_/Y
  _2175_/A
  _2175_/Y
  _2244_/A1
  _2244_/Y
  _2250_/A2
  _2250_/X
  _2253_/A2
  _2253_/Y
  fanout126/A
  fanout126/X
  _1609_/C
  _1609_/X
  _1610_/B1
  _1610_/X
  _1621_/A1
  _1621_/X
  _2097_/A
  _2097_/X
  _2280_/A2
  _2280_/X
  _2282_/A3
  _2282_/Y
  _2283_/C
  _2283_/Y
  _2307_/A2
  _2307_/X
  _2337_/C1
  _2337_/Y
  _2383_/B2
  _2383_/Y
  _2386_/A2
  _2386_/X
  fanout123/A
  fanout123/X
  fanout122/A
  fanout122/X
  _1506_/A
  _1506_/Y
  fanout121/A
  fanout121/X
  fanout120/A
  fanout120/X
  _1655_/A
  _1655_/X
  _1658_/A3
  _1658_/Y
  _1669_/A2
  | loop cut point
  _1669_/X
  --------------------------------
  _1677_/X
  _1687_/A2
  _1687_/X
  _1690_/A
  _1690_/Y
  _1691_/A0
  _1691_/X
  _1729_/A2
  _1729_/X
  _1819_/A1
  _1819_/X
  _1820_/B1
  _1820_/X
  _1884_/S
  _1884_/X
  _1885_/B
  _1885_/X
  _1927_/A1
  _1927_/X
  _1931_/A2
  _1931_/X
  fanout136/A
  fanout136/X
  _1524_/A1
  _1524_/X
  _1525_/B2
  _1525_/X
  _1528_/A
  _1528_/Y
  _1933_/A2
  _1933_/X
  _1939_/A1
  _1939_/Y
  _1947_/A1
  _1947_/X
  _1962_/A
  _1962_/Y
  _2065_/C1
  _2065_/X
  _2066_/A3
  _2066_/Y
  _2067_/B2
  _2067_/Y
  _2070_/A2
  _2070_/X
  fanout131/A
  fanout131/X
  _1665_/B2
  _1665_/X
  _1668_/B1
  _1668_/X
  _1669_/B1
  _1669_/X
  _2106_/A
  _2106_/X
  _2162_/A0
  _2162_/X
  _2164_/A2
  _2164_/X
  _2171_/C1
  _2171_/Y
  _2174_/B1
  _2174_/Y
  _2175_/A
  _2175_/Y
  _2244_/A1
  _2244_/Y
  _2250_/A2
  _2250_/X
  _2253_/A2
  _2253_/Y
  fanout126/A
  fanout126/X
  _1609_/C
  _1609_/X
  _1610_/B1
  _1610_/X
  _1621_/A1
  _1621_/X
  _2097_/A
  _2097_/X
  _2280_/A2
  _2280_/X
  _2282_/A3
  _2282_/Y
  _2283_/C
  _2283_/Y
  _2307_/A2
  _2307_/X
  _2337_/C1
  _2337_/Y
  _2383_/B2
  _2383_/Y
  _2386_/A2
  _2386_/X
  fanout123/A
  fanout123/X
  fanout122/A
  fanout122/X
  _1506_/A
  _1506_/Y
  fanout121/A
  fanout121/X
  fanout120/A
  fanout120/X
  _1675_/A1
  _1675_/Y
  _1677_/B1
  | loop cut point
  _1677_/X
  --------------------------------
  _1729_/X
  _1819_/A1
  _1819_/X
  _1820_/B1
  _1820_/X
  _1884_/S
  _1884_/X
  _1885_/B
  _1885_/X
  _1927_/A1
  _1927_/X
  _1931_/A2
  _1931_/X
  fanout136/A
  fanout136/X
  _1524_/A1
  _1524_/X
  _1525_/B2
  _1525_/X
  _1528_/A
  _1528_/Y
  _1933_/A2
  _1933_/X
  _1939_/A1
  _1939_/Y
  _1947_/A1
  _1947_/X
  _1962_/A
  _1962_/Y
  _2065_/C1
  _2065_/X
  _2066_/A3
  _2066_/Y
  _2067_/B2
  _2067_/Y
  _2070_/A2
  _2070_/X
  fanout131/A
  fanout131/X
  _1665_/B2
  _1665_/X
  _1668_/B1
  _1668_/X
  _1669_/B1
  _1669_/X
  _2106_/A
  _2106_/X
  _2162_/A0
  _2162_/X
  _2164_/A2
  _2164_/X
  _2171_/C1
  _2171_/Y
  _2174_/B1
  _2174_/Y
  _2175_/A
  _2175_/Y
  _2244_/A1
  _2244_/Y
  _2250_/A2
  _2250_/X
  _2253_/A2
  _2253_/Y
  fanout126/A
  fanout126/X
  _1609_/C
  _1609_/X
  _1610_/B1
  _1610_/X
  _1621_/A1
  _1621_/X
  _2097_/A
  _2097_/X
  _2280_/A2
  _2280_/X
  _2282_/A3
  _2282_/Y
  _2283_/C
  _2283_/Y
  _2307_/A2
  _2307_/X
  _2337_/C1
  _2337_/Y
  _2383_/B2
  _2383_/Y
  _2386_/A2
  _2386_/X
  fanout123/A
  fanout123/X
  fanout122/A
  fanout122/X
  _1506_/A
  _1506_/Y
  fanout121/A
  fanout121/X
  fanout120/A
  fanout120/X
  _1694_/A1
  _1694_/X
  _1696_/A2
  _1696_/Y
  _1705_/A1
  _1705_/X
  _1708_/A
  _1708_/Y
  _1728_/A2
  _1728_/X
  _1729_/B1
  | loop cut point
  _1729_/X
  --------------------------------
  _2162_/X
  _2164_/A2
  _2164_/X
  _2171_/C1
  _2171_/Y
  _2174_/B1
  _2174_/Y
  _2175_/A
  _2175_/Y
  _2244_/A1
  _2244_/Y
  _2250_/A2
  _2250_/X
  _2253_/A2
  _2253_/Y
  fanout126/A
  fanout126/X
  _1609_/C
  _1609_/X
  _1610_/B1
  _1610_/X
  _1621_/A1
  _1621_/X
  _2097_/A
  _2097_/X
  _2280_/A2
  _2280_/X
  _2282_/A3
  _2282_/Y
  _2283_/C
  _2283_/Y
  _2307_/A2
  _2307_/X
  _2337_/C1
  _2337_/Y
  _2383_/B2
  _2383_/Y
  _2386_/A2
  _2386_/X
  fanout123/A
  fanout123/X
  fanout122/A
  fanout122/X
  _1506_/A
  _1506_/Y
  fanout121/A
  fanout121/X
  fanout120/A
  fanout120/X
  _1694_/A1
  _1694_/X
  _1696_/A2
  _1696_/Y
  _1705_/A1
  _1705_/X
  _2114_/A
  _2114_/X
  _2162_/A1
  | loop cut point
  _2162_/X
  --------------------------------
  _2171_/Y
  _2174_/B1
  _2174_/Y
  _2175_/A
  _2175_/Y
  _2244_/A1
  _2244_/Y
  _2250_/A2
  _2250_/X
  _2253_/A2
  _2253_/Y
  fanout126/A
  fanout126/X
  _1609_/C
  _1609_/X
  _1610_/B1
  _1610_/X
  _1621_/A1
  _1621_/X
  _2097_/A
  _2097_/X
  _2280_/A2
  _2280_/X
  _2282_/A3
  _2282_/Y
  _2283_/C
  _2283_/Y
  _2307_/A2
  _2307_/X
  _2337_/C1
  _2337_/Y
  _2383_/B2
  _2383_/Y
  _2386_/A2
  _2386_/X
  fanout123/A
  fanout123/X
  fanout122/A
  fanout122/X
  _1506_/A
  _1506_/Y
  fanout121/A
  fanout121/X
  fanout120/A
  fanout120/X
  _1711_/A
  _1711_/X
  _1714_/A3
  _1714_/Y
  _1724_/A2
  _1724_/X
  _2117_/A
  _2117_/X
  _2165_/A1
  _2165_/X
  _2171_/A2
  | loop cut point
  _2171_/Y
  --------------------------------
  _1820_/X
  _1884_/S
  _1884_/X
  _1885_/B
  _1885_/X
  _1927_/A1
  _1927_/X
  _1931_/A2
  _1931_/X
  fanout136/A
  fanout136/X
  _1524_/A1
  _1524_/X
  _1525_/B2
  _1525_/X
  _1528_/A
  _1528_/Y
  _1933_/A2
  _1933_/X
  _1939_/A1
  _1939_/Y
  _1947_/A1
  _1947_/X
  _1962_/A
  _1962_/Y
  _2065_/C1
  _2065_/X
  _2066_/A3
  _2066_/Y
  _2067_/B2
  _2067_/Y
  _2070_/A2
  _2070_/X
  fanout131/A
  fanout131/X
  _1665_/B2
  _1665_/X
  _1668_/B1
  _1668_/X
  _1669_/B1
  _1669_/X
  _2106_/A
  _2106_/X
  _2162_/A0
  _2162_/X
  _2164_/A2
  _2164_/X
  _2171_/C1
  _2171_/Y
  _2174_/B1
  _2174_/Y
  _2175_/A
  _2175_/Y
  _2244_/A1
  _2244_/Y
  _2250_/A2
  _2250_/X
  _2253_/A2
  _2253_/Y
  fanout126/A
  fanout126/X
  _1609_/C
  _1609_/X
  _1610_/B1
  _1610_/X
  _1621_/A1
  _1621_/X
  _2097_/A
  _2097_/X
  _2280_/A2
  _2280_/X
  _2282_/A3
  _2282_/Y
  _2283_/C
  _2283_/Y
  _2307_/A2
  _2307_/X
  _2337_/C1
  _2337_/Y
  _2383_/B2
  _2383_/Y
  _2386_/A2
  _2386_/X
  fanout123/A
  fanout123/X
  fanout122/A
  fanout122/X
  _1650_/A3
  _1650_/X
  _1651_/A
  _1651_/Y
  _1820_/A2
  | loop cut point
  _1820_/X
  --------------------------------
  _2174_/Y
  _2175_/A
  _2175_/Y
  _2244_/A1
  _2244_/Y
  _2250_/A2
  _2250_/X
  _2253_/A2
  _2253_/Y
  fanout126/A
  fanout126/X
  _1609_/C
  _1609_/X
  _1610_/B1
  _1610_/X
  _1621_/A1
  _1621_/X
  _2097_/A
  _2097_/X
  _2280_/A2
  _2280_/X
  _2282_/A3
  _2282_/Y
  _2283_/C
  _2283_/Y
  _2307_/A2
  _2307_/X
  _2337_/C1
  _2337_/Y
  _2383_/B2
  _2383_/Y
  _2386_/A2
  _2386_/X
  fanout123/A
  fanout123/X
  fanout122/A
  fanout122/X
  _2172_/A3
  _2172_/X
  _2173_/B
  _2173_/Y
  _2174_/C1
  | loop cut point
  _2174_/Y
  --------------------------------
  _1677_/X
  _1687_/A2
  _1687_/X
  _1690_/A
  _1690_/Y
  _1691_/A0
  _1691_/X
  _1729_/A2
  _1729_/X
  _1819_/A1
  _1819_/X
  _1820_/B1
  _1820_/X
  _1884_/S
  _1884_/X
  _1885_/B
  _1885_/X
  _1927_/A1
  _1927_/X
  _1931_/A2
  _1931_/X
  fanout136/A
  fanout136/X
  _1524_/A1
  _1524_/X
  _1525_/B2
  _1525_/X
  _1528_/A
  _1528_/Y
  _1933_/A2
  _1933_/X
  _1939_/A1
  _1939_/Y
  _1947_/A1
  _1947_/X
  _1962_/A
  _1962_/Y
  _2065_/C1
  _2065_/X
  _2066_/A3
  _2066_/Y
  _2067_/B2
  _2067_/Y
  _2070_/A2
  _2070_/X
  fanout131/A
  fanout131/X
  _1665_/B2
  _1665_/X
  _1668_/B1
  _1668_/X
  _1669_/B1
  _1669_/X
  _2106_/A
  _2106_/X
  _2162_/A0
  _2162_/X
  _2164_/A2
  _2164_/X
  _2171_/C1
  _2171_/Y
  _2174_/B1
  _2174_/Y
  _2175_/A
  _2175_/Y
  _2244_/A1
  _2244_/Y
  _2250_/A2
  _2250_/X
  _2253_/A2
  _2253_/Y
  fanout126/A
  fanout126/X
  fanout125/A
  fanout125/X
  fanout124/A
  fanout124/X
  _1677_/A1
  | loop cut point
  _1677_/X
  --------------------------------
  _1525_/X
  _1528_/A
  _1528_/Y
  _1933_/A2
  _1933_/X
  _1939_/A1
  _1939_/Y
  _1947_/A1
  _1947_/X
  _1962_/A
  _1962_/Y
  _2065_/C1
  _2065_/X
  _2066_/A3
  _2066_/Y
  _2067_/B2
  _2067_/Y
  _2070_/A2
  _2070_/X
  fanout131/A
  fanout131/X
  fanout130/A
  fanout130/X
  _1522_/A1_N
  _1522_/X
  _1523_/B1
  _1523_/Y
  _1525_/B1
  | loop cut point
  _1525_/X
  --------------------------------
  _1687_/X
  _1690_/A
  _1690_/Y
  _1691_/A0
  _1691_/X
  _1729_/A2
  _1729_/X
  _1819_/A1
  _1819_/X
  _1820_/B1
  _1820_/X
  _1884_/S
  _1884_/X
  _1885_/B
  _1885_/X
  _1927_/A1
  _1927_/X
  _1931_/A2
  _1931_/X
  fanout136/A
  fanout136/X
  _1524_/A1
  _1524_/X
  _1525_/B2
  _1525_/X
  _1528_/A
  _1528_/Y
  _1933_/A2
  _1933_/X
  _1939_/A1
  _1939_/Y
  _1947_/A1
  _1947_/X
  _1962_/A
  _1962_/Y
  _2065_/C1
  _2065_/X
  _2066_/A3
  _2066_/Y
  _2067_/B2
  _2067_/Y
  _2070_/A2
  _2070_/X
  fanout131/A
  fanout131/X
  fanout130/A
  fanout130/X
  _1683_/B2
  _1683_/X
  _1686_/B1
  _1686_/X
  _1687_/B1
  | loop cut point
  _1687_/X
  --------------------------------
