Clock: clk
Sources: clk 
Generated: no
Virtual: yes
Propagated: no
Period: 100.000000

===========================================================================
report_clock_properties
============================================================================
Clock                   Period          Waveform
----------------------------------------------------
clk                 100.000000    0.000000 50.000000

===========================================================================
report_clock_latency
============================================================================
Clock clk
rise -> rise
    min     max
0.000000 0.000000 source latency
0.650108         network latency _3091_/CLK
        20.461491 network latency _2961_/CLK
---------------
0.650108 20.461491 latency
        19.811384 skew

rise -> fall
    min     max
0.000000 0.000000 source latency
1.165608         network latency _2939_/CLK
        20.415218 network latency _2940_/CLK
---------------
1.165608 20.415218 latency
        19.249611 skew

fall -> fall
    min     max
0.000000 0.000000 source latency
0.580254         network latency _3091_/CLK
        0.614452 network latency _2888_/CLK
---------------
0.580254 0.614452 latency
        0.034198 skew



===========================================================================
report_clock_min_period
============================================================================
clk period_min = 2.59 fmax = 386.34
