
===========================================================================
report_checks -unconstrained
===========================================================================
======================= min_ss_100C_1v60 Corner ===================================

Startpoint: nrst (input port clocked by clk)
Endpoint: _2936_ (recovery check against rising-edge clock clk)
Path Group: asynchronous
Path Type: max

Fanout         Cap        Slew       Delay        Time   Description
---------------------------------------------------------------------------------------------
                                  0.000000    0.000000   clock clk (rise edge)
                                  0.000000    0.000000   clock network delay (propagated)
                                 20.000000   20.000000 ^ input external delay
     1    0.005474    0.050422    0.029910   20.029911 ^ nrst (in)
                                                         nrst (net)
                      0.050422    0.000000   20.029911 ^ input62/A (sky130_fd_sc_hd__clkbuf_2)
     4    0.044839    0.380509    0.404404   20.434315 ^ input62/X (sky130_fd_sc_hd__clkbuf_2)
                                                         net62 (net)
                      0.380510    0.000496   20.434811 ^ fanout210/A (sky130_fd_sc_hd__buf_2)
     6    0.049995    0.389437    0.560041   20.994850 ^ fanout210/X (sky130_fd_sc_hd__buf_2)
                                                         net210 (net)
                      0.389437    0.000592   20.995443 ^ fanout196/A (sky130_fd_sc_hd__dlymetal6s2s_1)
     5    0.024207    0.388823    0.515119   21.510561 ^ fanout196/X (sky130_fd_sc_hd__dlymetal6s2s_1)
                                                         net196 (net)
                      0.388823    0.000403   21.510963 ^ fanout191/A (sky130_fd_sc_hd__clkbuf_2)
     6    0.025826    0.227795    0.438693   21.949657 ^ fanout191/X (sky130_fd_sc_hd__clkbuf_2)
                                                         net191 (net)
                      0.227795    0.000295   21.949951 ^ fanout188/A (sky130_fd_sc_hd__clkbuf_4)
    10    0.050058    0.248552    0.451992   22.401943 ^ fanout188/X (sky130_fd_sc_hd__clkbuf_4)
                                                         net188 (net)
                      0.248561    0.001776   22.403721 ^ _2936_/SET_B (sky130_fd_sc_hd__dfstp_1)
                                             22.403721   data arrival time

                                100.000000  100.000000   clock clk (rise edge)
                                  0.000000  100.000000   clock source latency
     1    0.032534    0.237872    0.165194  100.165192 ^ clk (in)
                                                         clk (net)
                      0.237929    0.000000  100.165192 ^ clkbuf_0_clk/A (sky130_fd_sc_hd__clkbuf_16)
     4    0.058942    0.119369    0.347328  100.512520 ^ clkbuf_0_clk/X (sky130_fd_sc_hd__clkbuf_16)
                                                         clknet_0_clk (net)
                      0.119369    0.000462  100.512978 ^ clkbuf_2_0__f_clk/A (sky130_fd_sc_hd__clkbuf_16)
     9    0.071819    0.136991    0.307601  100.820580 ^ clkbuf_2_0__f_clk/X (sky130_fd_sc_hd__clkbuf_16)
                                                         clknet_2_0__leaf_clk (net)
                      0.137003    0.001371  100.821953 ^ clkbuf_leaf_31_clk/A (sky130_fd_sc_hd__clkbuf_8)
    12    0.038656    0.126490    0.305995  101.127945 ^ clkbuf_leaf_31_clk/X (sky130_fd_sc_hd__clkbuf_8)
                                                         clknet_leaf_31_clk (net)
                      0.126490    0.000291  101.128242 ^ _2936_/CLK (sky130_fd_sc_hd__dfstp_1)
                                 -0.250000  100.878242   clock uncertainty
                                  0.000000  100.878242   clock reconvergence pessimism
                                  0.262419  101.140663   library recovery time
                                            101.140663   data required time
---------------------------------------------------------------------------------------------
                                            101.140663   data required time
                                            -22.403721   data arrival time
---------------------------------------------------------------------------------------------
                                             78.736938   slack (MET)


Startpoint: config_en (input port clocked by clk)
Endpoint: CBeast_out[11] (output port clocked by clk)
Path Group: clk
Path Type: max

Fanout         Cap        Slew       Delay        Time   Description
---------------------------------------------------------------------------------------------
                                  0.000000    0.000000   clock clk (rise edge)
                                  0.000000    0.000000   clock network delay (propagated)
                                 20.000000   20.000000 v input external delay
     1    0.007170    0.035828    0.022842   20.022842 v config_en (in)
                                                         config_en (net)
                      0.035829    0.000000   20.022842 v input58/A (sky130_fd_sc_hd__clkbuf_1)
     1    0.008175    0.105575    0.190708   20.213551 v input58/X (sky130_fd_sc_hd__clkbuf_1)
                                                         net58 (net)
                      0.105575    0.000243   20.213795 v fanout275/A (sky130_fd_sc_hd__clkbuf_4)
     7    0.075049    0.269153    0.443862   20.657656 v fanout275/X (sky130_fd_sc_hd__clkbuf_4)
                                                         net275 (net)
                      0.269164    0.001961   20.659616 v fanout266/A (sky130_fd_sc_hd__clkbuf_4)
    10    0.056261    0.209362    0.473470   21.133087 v fanout266/X (sky130_fd_sc_hd__clkbuf_4)
                                                         net266 (net)
                      0.209362    0.000611   21.133698 v fanout265/A (sky130_fd_sc_hd__clkbuf_4)
    10    0.047664    0.181806    0.423732   21.557430 v fanout265/X (sky130_fd_sc_hd__clkbuf_4)
                                                         net265 (net)
                      0.181806    0.000723   21.558153 v fanout264/A (sky130_fd_sc_hd__clkbuf_4)
    10    0.045370    0.174189    0.405780   21.963934 v fanout264/X (sky130_fd_sc_hd__clkbuf_4)
                                                         net264 (net)
                      0.174194    0.001249   21.965181 v _1401_/A (sky130_fd_sc_hd__inv_2)
     2    0.010198    0.097364    0.150360   22.115541 ^ _1401_/Y (sky130_fd_sc_hd__inv_2)
                                                         _1195_ (net)
                      0.097364    0.000036   22.115578 ^ fanout187/A (sky130_fd_sc_hd__clkbuf_4)
    10    0.057642    0.282194    0.414614   22.530191 ^ fanout187/X (sky130_fd_sc_hd__clkbuf_4)
                                                         net187 (net)
                      0.282445    0.005281   22.535473 ^ _1687_/C1 (sky130_fd_sc_hd__o311a_1)
     4    0.012464    0.224278    0.518179   23.053652 ^ _1687_/X (sky130_fd_sc_hd__o311a_1)
                                                         _0411_ (net)
                      0.224278    0.000224   23.053875 ^ _1690_/A (sky130_fd_sc_hd__nand2_2)
     9    0.042705    0.364592    0.377590   23.431465 v _1690_/Y (sky130_fd_sc_hd__nand2_2)
                                                         _0414_ (net)
                      0.364621    0.002711   23.434175 v _1691_/A0 (sky130_fd_sc_hd__mux2_1)
     1    0.002562    0.110826    0.747230   24.181406 v _1691_/X (sky130_fd_sc_hd__mux2_1)
                                                         _0415_ (net)
                      0.110826    0.000011   24.181417 v _1729_/A2 (sky130_fd_sc_hd__o21a_1)
     1    0.003128    0.068052    0.326073   24.507490 v _1729_/X (sky130_fd_sc_hd__o21a_1)
                                                         _0453_ (net)
                      0.068052    0.000034   24.507524 v _1819_/A1 (sky130_fd_sc_hd__o21ba_1)
     1    0.003570    0.070873    0.337877   24.845402 v _1819_/X (sky130_fd_sc_hd__o21ba_1)
                                                         _0543_ (net)
                      0.070873    0.000041   24.845442 v _1820_/B1 (sky130_fd_sc_hd__o221a_2)
     4    0.018882    0.162591    0.574282   25.419724 v _1820_/X (sky130_fd_sc_hd__o221a_2)
                                                         _0544_ (net)
                      0.162591    0.000194   25.419918 v _1884_/S (sky130_fd_sc_hd__mux2_1)
     1    0.002223    0.106577    0.714115   26.134033 v _1884_/X (sky130_fd_sc_hd__mux2_1)
                                                         _0608_ (net)
                      0.106577    0.000014   26.134047 v _1885_/B (sky130_fd_sc_hd__or2_1)
     1    0.003249    0.099984    0.475964   26.610010 v _1885_/X (sky130_fd_sc_hd__or2_1)
                                                         _0609_ (net)
                      0.099984    0.000034   26.610044 v _1927_/A1 (sky130_fd_sc_hd__a22o_1)
     2    0.029735    0.284722    0.587605   27.197649 v _1927_/X (sky130_fd_sc_hd__a22o_1)
                                                         _0651_ (net)
                      0.284722    0.000600   27.198250 v _1931_/A2 (sky130_fd_sc_hd__o211a_1)
     1    0.010326    0.137069    0.536957   27.735207 v _1931_/X (sky130_fd_sc_hd__o211a_1)
                                                         CB_0.le_outA (net)
                      0.137069    0.000400   27.735607 v fanout136/A (sky130_fd_sc_hd__clkbuf_4)
    10    0.066953    0.243056    0.438773   28.174379 v fanout136/X (sky130_fd_sc_hd__clkbuf_4)
                                                         net136 (net)
                      0.243060    0.001407   28.175787 v _1524_/A1 (sky130_fd_sc_hd__a32o_1)
     1    0.006686    0.102997    0.505899   28.681684 v _1524_/X (sky130_fd_sc_hd__a32o_1)
                                                         _1318_ (net)
                      0.102997    0.000130   28.681814 v _1525_/B2 (sky130_fd_sc_hd__o221a_4)
     6    0.052683    0.198427    0.564128   29.245943 v _1525_/X (sky130_fd_sc_hd__o221a_4)
                                                         _1319_ (net)
                      0.198427    0.000698   29.246641 v _1528_/A (sky130_fd_sc_hd__nand2_2)
     8    0.039720    0.341187    0.345352   29.591993 ^ _1528_/Y (sky130_fd_sc_hd__nand2_2)
                                                         _1322_ (net)
                      0.341187    0.000254   29.592247 ^ _1933_/A2 (sky130_fd_sc_hd__a211o_1)
     1    0.003562    0.079474    0.337185   29.929432 ^ _1933_/X (sky130_fd_sc_hd__a211o_1)
                                                         _0655_ (net)
                      0.079474    0.000039   29.929472 ^ _1939_/A1 (sky130_fd_sc_hd__a21oi_1)
     1    0.003114    0.092265    0.125979   30.055450 v _1939_/Y (sky130_fd_sc_hd__a21oi_1)
                                                         _0661_ (net)
                      0.092265    0.000032   30.055483 v _1947_/A1 (sky130_fd_sc_hd__o311a_1)
     2    0.004850    0.112130    0.683215   30.738697 v _1947_/X (sky130_fd_sc_hd__o311a_1)
                                                         _0669_ (net)
                      0.112130    0.000050   30.738747 v _1962_/A (sky130_fd_sc_hd__nor3b_1)
     2    0.010375    0.636703    0.619266   31.358013 ^ _1962_/Y (sky130_fd_sc_hd__nor3b_1)
                                                         _0684_ (net)
                      0.636703    0.000178   31.358192 ^ _2065_/C1 (sky130_fd_sc_hd__a211o_1)
     1    0.007775    0.129784    0.405208   31.763399 ^ _2065_/X (sky130_fd_sc_hd__a211o_1)
                                                         _0787_ (net)
                      0.129784    0.000234   31.763634 ^ _2066_/A3 (sky130_fd_sc_hd__a31oi_1)
     1    0.008862    0.254025    0.305324   32.068958 v _2066_/Y (sky130_fd_sc_hd__a31oi_1)
                                                         _0788_ (net)
                      0.254025    0.000099   32.069057 v _2067_/B2 (sky130_fd_sc_hd__a32oi_4)
     2    0.014410    0.333816    0.432529   32.501587 ^ _2067_/Y (sky130_fd_sc_hd__a32oi_4)
                                                         _0789_ (net)
                      0.333816    0.000668   32.502254 ^ _2070_/A2 (sky130_fd_sc_hd__o211a_1)
     1    0.016737    0.241898    0.501807   33.004063 ^ _2070_/X (sky130_fd_sc_hd__o211a_1)
                                                         CB_0.le_outB (net)
                      0.241898    0.000473   33.004532 ^ fanout131/A (sky130_fd_sc_hd__buf_2)
     7    0.059740    0.461883    0.557744   33.562279 ^ fanout131/X (sky130_fd_sc_hd__buf_2)
                                                         net131 (net)
                      0.461883    0.000490   33.562767 ^ _1665_/B2 (sky130_fd_sc_hd__o2bb2a_1)
     2    0.013434    0.223939    0.504418   34.067184 ^ _1665_/X (sky130_fd_sc_hd__o2bb2a_1)
                                                         _0389_ (net)
                      0.223939    0.000149   34.067333 ^ _1668_/B1 (sky130_fd_sc_hd__a221o_1)
     1    0.002694    0.088371    0.319996   34.387333 ^ _1668_/X (sky130_fd_sc_hd__a221o_1)
                                                         _0392_ (net)
                      0.088371    0.000021   34.387352 ^ _1669_/B1 (sky130_fd_sc_hd__o311a_2)
     6    0.026945    0.258429    0.537646   34.924999 ^ _1669_/X (sky130_fd_sc_hd__o311a_2)
                                                         _0393_ (net)
                      0.258431    0.001268   34.926266 ^ _2106_/A (sky130_fd_sc_hd__and2_2)
     7    0.038716    0.329744    0.550195   35.476463 ^ _2106_/X (sky130_fd_sc_hd__and2_2)
                                                         _0826_ (net)
                      0.329744    0.000803   35.477264 ^ _2162_/A0 (sky130_fd_sc_hd__mux2_1)
     1    0.005762    0.115226    0.363112   35.840378 ^ _2162_/X (sky130_fd_sc_hd__mux2_1)
                                                         _0882_ (net)
                      0.115226    0.000099   35.840477 ^ _2164_/A2 (sky130_fd_sc_hd__o21a_1)
     1    0.005191    0.104472    0.247145   36.087620 ^ _2164_/X (sky130_fd_sc_hd__o21a_1)
                                                         _0884_ (net)
                      0.104472    0.000050   36.087669 ^ _2171_/C1 (sky130_fd_sc_hd__a211oi_2)
     1    0.010324    0.148581    0.099231   36.186901 v _2171_/Y (sky130_fd_sc_hd__a211oi_2)
                                                         _0891_ (net)
                      0.148581    0.000146   36.187046 v _2174_/B1 (sky130_fd_sc_hd__o221ai_4)
     8    0.070971    0.912166    0.809454   36.996502 ^ _2174_/Y (sky130_fd_sc_hd__o221ai_4)
                                                         _0894_ (net)
                      0.912168    0.001208   36.997707 ^ _2175_/A (sky130_fd_sc_hd__inv_2)
     1    0.020965    0.226665    0.392756   37.390465 v _2175_/Y (sky130_fd_sc_hd__inv_2)
                                                         _0895_ (net)
                      0.226666    0.000433   37.390900 v _2244_/A1 (sky130_fd_sc_hd__o211ai_1)
     1    0.014826    0.602513    0.635101   38.026001 ^ _2244_/Y (sky130_fd_sc_hd__o211ai_1)
                                                         _0964_ (net)
                      0.602513    0.000259   38.026260 ^ _2250_/A2 (sky130_fd_sc_hd__a32o_1)
     3    0.018767    0.329209    0.715744   38.742004 ^ _2250_/X (sky130_fd_sc_hd__a32o_1)
                                                         _0970_ (net)
                      0.329209    0.000210   38.742214 ^ _2253_/A2 (sky130_fd_sc_hd__a21oi_4)
     4    0.049818    0.234957    0.330711   39.072926 v _2253_/Y (sky130_fd_sc_hd__a21oi_4)
                                                         CB_1.le_outA (net)
                      0.234957    0.001123   39.074047 v fanout126/A (sky130_fd_sc_hd__clkbuf_2)
     7    0.038556    0.269450    0.434479   39.508526 v fanout126/X (sky130_fd_sc_hd__clkbuf_2)
                                                         net126 (net)
                      0.269452    0.001133   39.509659 v _1609_/C (sky130_fd_sc_hd__or4_1)
     1    0.003073    0.185733    1.169642   40.679302 v _1609_/X (sky130_fd_sc_hd__or4_1)
                                                         _0333_ (net)
                      0.185733    0.000032   40.679333 v _1610_/B1 (sky130_fd_sc_hd__o211a_1)
     1    0.006579    0.104212    0.315655   40.994987 v _1610_/X (sky130_fd_sc_hd__o211a_1)
                                                         _0334_ (net)
                      0.104212    0.000192   40.995178 v _1621_/A1 (sky130_fd_sc_hd__o221a_1)
     6    0.021114    0.240872    0.658563   41.653744 v _1621_/X (sky130_fd_sc_hd__o221a_1)
                                                         _0345_ (net)
                      0.240872    0.000181   41.653923 v _2097_/A (sky130_fd_sc_hd__and2_2)
     8    0.049322    0.251988    0.622272   42.276196 v _2097_/X (sky130_fd_sc_hd__and2_2)
                                                         _0817_ (net)
                      0.252001    0.002000   42.278198 v _2280_/A2 (sky130_fd_sc_hd__o2111a_1)
     1    0.008435    0.120835    0.533142   42.811337 v _2280_/X (sky130_fd_sc_hd__o2111a_1)
                                                         _0998_ (net)
                      0.120835    0.000071   42.811409 v _2282_/A3 (sky130_fd_sc_hd__o31ai_4)
     6    0.033050    0.665399    0.619970   43.431377 ^ _2282_/Y (sky130_fd_sc_hd__o31ai_4)
                                                         _1000_ (net)
                      0.665399    0.000636   43.432014 ^ _2283_/C (sky130_fd_sc_hd__nand3_4)
     8    0.030879    0.268674    0.434621   43.866634 v _2283_/Y (sky130_fd_sc_hd__nand3_4)
                                                         _1001_ (net)
                      0.268674    0.000128   43.866764 v _2336_/S (sky130_fd_sc_hd__mux2_1)
     1    0.005664    0.138761    0.810747   44.677509 v _2336_/X (sky130_fd_sc_hd__mux2_1)
                                                         _1054_ (net)
                      0.138761    0.000124   44.677635 v _2337_/A2 (sky130_fd_sc_hd__o211ai_1)
     1    0.010031    0.455421    0.462180   45.139816 ^ _2337_/Y (sky130_fd_sc_hd__o211ai_1)
                                                         _1055_ (net)
                      0.455421    0.000323   45.140137 ^ _2383_/B2 (sky130_fd_sc_hd__a32oi_2)
     2    0.017295    0.211719    0.320600   45.460739 v _2383_/Y (sky130_fd_sc_hd__a32oi_2)
                                                         _1101_ (net)
                      0.211719    0.000554   45.461292 v _2386_/A2 (sky130_fd_sc_hd__o211a_1)
     1    0.005137    0.092580    0.459004   45.920296 v _2386_/X (sky130_fd_sc_hd__o211a_1)
                                                         CB_1.le_outB (net)
                      0.092580    0.000089   45.920383 v fanout123/A (sky130_fd_sc_hd__clkbuf_4)
    10    0.061574    0.225924    0.404007   46.324394 v fanout123/X (sky130_fd_sc_hd__clkbuf_4)
                                                         net123 (net)
                      0.225940    0.002061   46.326454 v fanout122/A (sky130_fd_sc_hd__clkbuf_2)
    10    0.039813    0.277553    0.437236   46.763691 v fanout122/X (sky130_fd_sc_hd__clkbuf_2)
                                                         net122 (net)
                      0.277553    0.000572   46.764263 v _1506_/A (sky130_fd_sc_hd__inv_2)
     1    0.004279    0.083160    0.146198   46.910458 ^ _1506_/Y (sky130_fd_sc_hd__inv_2)
                                                         _1300_ (net)
                      0.083160    0.000064   46.910522 ^ fanout121/A (sky130_fd_sc_hd__dlymetal6s2s_1)
     5    0.028882    0.455719    0.443809   47.354332 ^ fanout121/X (sky130_fd_sc_hd__dlymetal6s2s_1)
                                                         net121 (net)
                      0.455722    0.000988   47.355320 ^ fanout120/A (sky130_fd_sc_hd__buf_2)
    10    0.036517    0.290282    0.516863   47.872181 ^ fanout120/X (sky130_fd_sc_hd__buf_2)
                                                         net120 (net)
                      0.290282    0.000412   47.872593 ^ _1779_/A1_N (sky130_fd_sc_hd__o2bb2a_1)
     2    0.005611    0.136030    0.551292   48.423885 v _1779_/X (sky130_fd_sc_hd__o2bb2a_1)
                                                         _0503_ (net)
                      0.136030    0.000032   48.423920 v _1782_/B1 (sky130_fd_sc_hd__a221o_1)
     1    0.005769    0.121013    0.602171   49.026089 v _1782_/X (sky130_fd_sc_hd__a221o_1)
                                                         _0506_ (net)
                      0.121013    0.000121   49.026211 v _1786_/A1 (sky130_fd_sc_hd__a211o_1)
     5    0.011127    0.159758    0.590383   49.616592 v _1786_/X (sky130_fd_sc_hd__a211o_1)
                                                         _0510_ (net)
                      0.159758    0.000174   49.616768 v _2131_/A (sky130_fd_sc_hd__and3_2)
     9    0.059924    0.293995    0.640579   50.257347 v _2131_/X (sky130_fd_sc_hd__and3_2)
                                                         _0851_ (net)
                      0.293995    0.001116   50.258461 v _2427_/A2 (sky130_fd_sc_hd__o21a_1)
     1    0.001567    0.054419    0.386969   50.645432 v _2427_/X (sky130_fd_sc_hd__o21a_1)
                                                         _1119_ (net)
                      0.054419    0.000014   50.645443 v _2428_/B (sky130_fd_sc_hd__or2_1)
     1    0.015846    0.204719    0.584201   51.229645 v _2428_/X (sky130_fd_sc_hd__or2_1)
                                                         net65 (net)
                      0.204719    0.000266   51.229912 v output65/A (sky130_fd_sc_hd__buf_2)
     1    0.034331    0.166168    0.409781   51.639694 v output65/X (sky130_fd_sc_hd__buf_2)
                                                         CBeast_out[11] (net)
                      0.166168    0.000277   51.639969 v CBeast_out[11] (out)
                                             51.639969   data arrival time

                                100.000000  100.000000   clock clk (rise edge)
                                  0.000000  100.000000   clock network delay (propagated)
                                 -0.250000   99.750000   clock uncertainty
                                  0.000000   99.750000   clock reconvergence pessimism
                                -20.000000   79.750000   output external delay
                                             79.750000   data required time
---------------------------------------------------------------------------------------------
                                             79.750000   data required time
                                            -51.639969   data arrival time
---------------------------------------------------------------------------------------------
                                             28.110027   slack (MET)




===========================================================================
report_checks --slack_max -0.01
============================================================================
======================= min_ss_100C_1v60 Corner ===================================

No paths found.


===========================================================================
 report_check_types -max_slew -max_cap -max_fanout -violators
============================================================================
======================= min_ss_100C_1v60 Corner ===================================

max slew

Pin                                        Limit        Slew       Slack
------------------------------------------------------------------------
_2248_/Y                                0.750000    1.016553   -0.266553 (VIOLATED)
_2249_/B1                               0.750000    1.016553   -0.266553 (VIOLATED)
_2176_/C1                               0.750000    0.912172   -0.162172 (VIOLATED)
_2206_/B1                               0.750000    0.912172   -0.162172 (VIOLATED)
_2243_/B1                               0.750000    0.912172   -0.162172 (VIOLATED)
_2211_/A1                               0.750000    0.912171   -0.162171 (VIOLATED)
_2248_/B1                               0.750000    0.912171   -0.162171 (VIOLATED)
_2210_/B1                               0.750000    0.912170   -0.162170 (VIOLATED)
_2249_/A1                               0.750000    0.912169   -0.162169 (VIOLATED)
_2175_/A                                0.750000    0.912168   -0.162168 (VIOLATED)
_2174_/Y                                0.750000    0.912166   -0.162166 (VIOLATED)
_1962_/B                                0.750000    0.909249   -0.159249 (VIOLATED)
_1963_/B                                0.750000    0.909248   -0.159249 (VIOLATED)
_1949_/Y                                0.750000    0.909246   -0.159246 (VIOLATED)
_2163_/A1                               0.750000    0.882313   -0.132313 (VIOLATED)
_2185_/A1                               0.750000    0.882313   -0.132313 (VIOLATED)
_2312_/A0                               0.750000    0.882313   -0.132313 (VIOLATED)
_2302_/A0                               0.750000    0.882313   -0.132313 (VIOLATED)
_2217_/A2                               0.750000    0.882308   -0.132308 (VIOLATED)
_2254_/A1                               0.750000    0.882306   -0.132306 (VIOLATED)
_2340_/A2                               0.750000    0.882306   -0.132306 (VIOLATED)
_2128_/A0                               0.750000    0.882305   -0.132305 (VIOLATED)
_2431_/B                                0.750000    0.882302   -0.132302 (VIOLATED)
_2123_/Y                                0.750000    0.882293   -0.132293 (VIOLATED)
_1703_/Y                                0.750000    0.772271   -0.022271 (VIOLATED)
_1705_/B1                               0.750000    0.772271   -0.022271 (VIOLATED)

max fanout

Pin                                   Limit Fanout  Slack
---------------------------------------------------------
clkbuf_leaf_15_clk/X                     10     22    -12 (VIOLATED)
clkbuf_leaf_24_clk/X                     10     19     -9 (VIOLATED)
clkbuf_leaf_0_clk/X                      10     17     -7 (VIOLATED)
clkbuf_leaf_1_clk/X                      10     17     -7 (VIOLATED)
clkbuf_leaf_22_clk/X                     10     17     -7 (VIOLATED)
clkbuf_leaf_7_clk/X                      10     17     -7 (VIOLATED)
clkbuf_leaf_6_clk/X                      10     16     -6 (VIOLATED)
clkbuf_leaf_16_clk/X                     10     15     -5 (VIOLATED)
clkbuf_leaf_29_clk/X                     10     15     -5 (VIOLATED)
clkbuf_leaf_14_clk/X                     10     13     -3 (VIOLATED)
clkbuf_leaf_19_clk/X                     10     13     -3 (VIOLATED)
clkbuf_leaf_30_clk/X                     10     12     -2 (VIOLATED)
clkbuf_leaf_31_clk/X                     10     12     -2 (VIOLATED)
clkbuf_leaf_25_clk/X                     10     11        (VIOLATED)
fanout134/X                              10     11        (VIOLATED)



===========================================================================
report_parasitic_annotation -report_unannotated
============================================================================
Found 35 unannotated drivers.
 _2387_/X
 _2389_/X
 _2391_/X
 _2393_/X
 clkload0/X
 clkload1/Y
 clkload10/Y
 clkload11/Y
 clkload12/Y
 clkload13/X
 clkload14/Y
 clkload15/Y
 clkload16/Y
 clkload17/Y
 clkload18/Y
 clkload19/Y
 clkload2/X
 clkload20/Y
 clkload21/Y
 clkload22/Y
 clkload23/Y
 clkload24/Y
 clkload25/Y
 clkload26/Y
 clkload27/Y
 clkload28/Y
 clkload29/Y
 clkload3/X
 clkload30/Y
 clkload4/Y
 clkload5/Y
 clkload6/Y
 clkload7/Y
 clkload8/Y
 clkload9/Y
Found 0 partially unannotated drivers.

===========================================================================
max slew violation count 26
max fanout violation count 15
max cap violation count 0
============================================================================

===========================================================================
check_setup -verbose -unconstrained_endpoints -multiple_clock -no_clock -no_input_delay -loops -generated_clocks
===========================================================================
Warning: There are 8 unclocked register/latch pins.
  _2868_/CLK
  _2917_/CLK
  _2918_/CLK
  _2939_/CLK
  _2940_/CLK
  _2961_/CLK
  _2962_/CLK
  _2983_/CLK
Warning: There are 8 unconstrained endpoints.
  _2868_/D
  _2917_/D
  _2918_/D
  _2939_/D
  _2940_/D
  _2961_/D
  _2962_/D
  _2983_/D
Warning: There are 56 combinational loops in the design.
  _1820_/X
  _1884_/S
  _1884_/X
  _1885_/B
  _1885_/X
  _1927_/A1
  _1927_/X
  _1931_/A2
  _1931_/X
  fanout136/A
  fanout136/X
  _1524_/A1
  _1524_/X
  _1525_/B2
  _1525_/X
  _1528_/A
  _1528_/Y
  _1551_/A2
  _1551_/X
  _1599_/A1
  _1599_/X
  _1649_/A1
  _1649_/X
  _1820_/C1
  | loop cut point
  _1820_/X
  --------------------------------
  _1884_/X
  _1885_/B
  _1885_/X
  _1927_/A1
  _1927_/X
  _1931_/A2
  _1931_/X
  fanout136/A
  fanout136/X
  _1524_/A1
  _1524_/X
  _1525_/B2
  _1525_/X
  _1528_/A
  _1528_/Y
  _1821_/A0
  _1821_/X
  _1832_/A2
  _1832_/X
  _1850_/A1
  _1850_/X
  _1851_/S
  _1851_/X
  _1884_/A1
  | loop cut point
  _1884_/X
  --------------------------------
  _1884_/X
  _1885_/B
  _1885_/X
  _1927_/A1
  _1927_/X
  _1931_/A2
  _1931_/X
  fanout136/A
  fanout136/X
  _1524_/A1
  _1524_/X
  _1525_/B2
  _1525_/X
  _1528_/A
  _1528_/Y
  _1821_/A0
  _1821_/X
  _1832_/A2
  _1832_/X
  _1850_/A1
  _1850_/X
  _1883_/S
  _1883_/X
  _1884_/A0
  | loop cut point
  _1884_/X
  --------------------------------
  _1927_/X
  _1931_/A2
  _1931_/X
  fanout136/A
  fanout136/X
  _1524_/A1
  _1524_/X
  _1525_/B2
  _1525_/X
  _1528_/A
  _1528_/Y
  _1821_/A0
  _1821_/X
  _1832_/A2
  _1832_/X
  _1850_/A1
  _1850_/X
  _1916_/S
  _1916_/X
  _1918_/A0
  _1918_/X
  _1919_/A2
  _1919_/X
  _1927_/A2
  | loop cut point
  _1927_/X
  --------------------------------
  _1927_/X
  _1931_/A2
  _1931_/X
  fanout136/A
  fanout136/X
  _1524_/A1
  _1524_/X
  _1525_/B2
  _1525_/X
  _1528_/A
  _1528_/Y
  _1821_/A0
  _1821_/X
  _1832_/A2
  _1832_/X
  _1850_/A1
  _1850_/X
  _1920_/S
  _1920_/X
  _1922_/A1
  _1922_/X
  _1926_/A0
  _1926_/X
  _1927_/B1
  | loop cut point
  _1927_/X
  --------------------------------
  _1885_/X
  _1927_/A1
  _1927_/X
  _1931_/A2
  _1931_/X
  fanout136/A
  fanout136/X
  _1524_/A1
  _1524_/X
  _1525_/B2
  _1525_/X
  _1528_/A
  _1528_/Y
  _1855_/A1
  _1855_/X
  _1856_/A2
  _1856_/Y
  _1858_/B1
  _1858_/X
  _1863_/A
  _1863_/X
  _1881_/A1
  _1881_/Y
  _1885_/A
  | loop cut point
  _1885_/X
  --------------------------------
  _1927_/X
  _1931_/A2
  _1931_/X
  fanout136/A
  fanout136/X
  _1524_/A1
  _1524_/X
  _1525_/B2
  _1525_/X
  _1528_/A
  _1528_/Y
  _1895_/A1
  _1895_/X
  _1899_/A2
  _1899_/X
  _1904_/B1
  _1904_/X
  _1905_/B
  _1905_/X
  _1914_/B1
  _1914_/X
  _1915_/A
  _1915_/Y
  _1927_/B2
  | loop cut point
  _1927_/X
  --------------------------------
  _1691_/X
  _1729_/A2
  _1729_/X
  _1819_/A1
  _1819_/X
  _1820_/B1
  _1820_/X
  _1884_/S
  _1884_/X
  _1885_/B
  _1885_/X
  _1927_/A1
  _1927_/X
  _1931_/A2
  _1931_/X
  fanout136/A
  fanout136/X
  _1524_/A1
  _1524_/X
  _1525_/B2
  _1525_/X
  _1528_/A
  _1528_/Y
  _1933_/A2
  _1933_/X
  _1939_/A1
  _1939_/Y
  _1947_/A1
  _1947_/X
  _1962_/A
  _1962_/Y
  _2065_/C1
  _2065_/X
  _2066_/A3
  _2066_/Y
  _2067_/B2
  _2067_/Y
  _2070_/A2
  _2070_/X
  fanout131/A
  fanout131/X
  _1665_/B2
  _1665_/X
  _1668_/B1
  _1668_/X
  _1669_/B1
  _1669_/X
  _1672_/B1_N
  _1672_/X
  _1691_/A1
  | loop cut point
  _1691_/X
  --------------------------------
  _1962_/Y
  _2065_/C1
  _2065_/X
  _2066_/A3
  _2066_/Y
  _2067_/B2
  _2067_/Y
  _2070_/A2
  _2070_/X
  fanout131/A
  fanout131/X
  _1665_/B2
  _1665_/X
  _1668_/B1
  _1668_/X
  _1669_/B1
  _1669_/X
  _1672_/B1_N
  _1672_/X
  _1950_/A1
  _1950_/X
  _1952_/A2
  _1952_/X
  _1961_/A1
  _1961_/X
  _1962_/C_N
  | loop cut point
  _1962_/Y
  --------------------------------
  _2067_/Y
  _2070_/A2
  _2070_/X
  fanout131/A
  fanout131/X
  _1665_/B2
  _1665_/X
  _1668_/B1
  _1668_/X
  _1669_/B1
  _1669_/X
  _1672_/B1_N
  _1672_/X
  _1950_/A1
  _1950_/X
  _1952_/A2
  _1952_/X
  _1961_/A1
  _1961_/X
  _1963_/C_N
  _1963_/X
  _2026_/A1
  _2026_/Y
  _2067_/A1
  | loop cut point
  _2067_/Y
  --------------------------------
  _2067_/Y
  _2070_/A2
  _2070_/X
  fanout131/A
  fanout131/X
  _1665_/B2
  _1665_/X
  _1668_/B1
  _1668_/X
  _1669_/B1
  _1669_/X
  _1672_/B1_N
  _1672_/X
  _1950_/A1
  _1950_/X
  _1952_/A2
  _1952_/X
  _1961_/A1
  _1961_/X
  _1963_/C_N
  _1963_/X
  _2057_/A1
  _2057_/Y
  _2067_/A3
  | loop cut point
  _2067_/Y
  --------------------------------
  _2067_/Y
  _2070_/A2
  _2070_/X
  fanout131/A
  fanout131/X
  _1665_/B2
  _1665_/X
  _1668_/B1
  _1668_/X
  _1669_/B1
  _1669_/X
  _1672_/B1_N
  _1672_/X
  _1950_/A1
  _1950_/X
  _1952_/A2
  _1952_/X
  _1961_/A1
  _1961_/X
  _1963_/C_N
  _1963_/X
  _2061_/A1
  _2061_/Y
  _2067_/B1
  | loop cut point
  _2067_/Y
  --------------------------------
  _2066_/Y
  _2067_/B2
  _2067_/Y
  _2070_/A2
  _2070_/X
  fanout131/A
  fanout131/X
  _1665_/B2
  _1665_/X
  _1668_/B1
  _1668_/X
  _1669_/B1
  _1669_/X
  _1672_/B1_N
  _1672_/X
  _1950_/A1
  _1950_/X
  _1952_/A2
  _1952_/X
  _1961_/A1
  _1961_/X
  _1963_/C_N
  _1963_/X
  _2063_/C1
  _2063_/X
  _2066_/A2
  | loop cut point
  _2066_/Y
  --------------------------------
  _2065_/X
  _2066_/A3
  _2066_/Y
  _2067_/B2
  _2067_/Y
  _2070_/A2
  _2070_/X
  fanout131/A
  fanout131/X
  _1665_/B2
  _1665_/X
  _1668_/B1
  _1668_/X
  _1669_/B1
  _1669_/X
  _1672_/B1_N
  _1672_/X
  _1983_/A1
  _1983_/X
  _1986_/A2
  _1986_/X
  _1994_/A1
  _1994_/X
  _1995_/C
  _1995_/Y
  _2065_/A2
  | loop cut point
  _2065_/X
  --------------------------------
  _2065_/X
  _2066_/A3
  _2066_/Y
  _2067_/B2
  _2067_/Y
  _2070_/A2
  _2070_/X
  fanout131/A
  fanout131/X
  _1665_/B2
  _1665_/X
  _1668_/B1
  _1668_/X
  _1669_/B1
  _1669_/X
  _1672_/B1_N
  _1672_/X
  _1983_/A1
  _1983_/X
  _1986_/A2
  _1986_/X
  _1994_/A1
  _1994_/X
  _2064_/D
  _2064_/X
  _2065_/B1
  | loop cut point
  _2065_/X
  --------------------------------
  _2066_/Y
  _2067_/B2
  _2067_/Y
  _2070_/A2
  _2070_/X
  fanout131/A
  fanout131/X
  _1665_/B2
  _1665_/X
  _1668_/B1
  _1668_/X
  _1669_/B1
  _1669_/X
  _1672_/B1_N
  _1672_/X
  _2011_/A0
  _2011_/X
  _2020_/A2
  _2020_/Y
  _2021_/C
  _2021_/Y
  _2022_/A2
  _2022_/Y
  _2023_/A
  _2023_/Y
  _2066_/A1
  | loop cut point
  _2066_/Y
  --------------------------------
  _2066_/Y
  _2067_/B2
  _2067_/Y
  _2070_/A2
  _2070_/X
  fanout131/A
  fanout131/X
  _1665_/B2
  _1665_/X
  _1668_/B1
  _1668_/X
  _1669_/B1
  _1669_/X
  _1672_/B1_N
  _1672_/X
  _2029_/A2
  _2029_/X
  _2030_/B
  _2030_/X
  _2038_/A2
  _2038_/X
  _2053_/C1
  _2053_/X
  _2066_/B1
  | loop cut point
  _2066_/Y
  --------------------------------
  _2067_/Y
  _2070_/A2
  _2070_/X
  fanout131/A
  fanout131/X
  _1665_/B2
  _1665_/X
  _1668_/B1
  _1668_/X
  _1669_/B1
  _1669_/X
  _1672_/B1_N
  _1672_/X
  _2029_/A2
  _2029_/X
  _2030_/B
  _2030_/X
  _2038_/A2
  _2038_/X
  _2053_/C1
  _2053_/X
  _2067_/A2
  | loop cut point
  _2067_/Y
  --------------------------------
  _1525_/X
  _1528_/A
  _1528_/Y
  _1933_/A2
  _1933_/X
  _1939_/A1
  _1939_/Y
  _1947_/A1
  _1947_/X
  _1962_/A
  _1962_/Y
  _2065_/C1
  _2065_/X
  _2066_/A3
  _2066_/Y
  _2067_/B2
  _2067_/Y
  _2070_/A2
  _2070_/X
  fanout131/A
  fanout131/X
  _1665_/B2
  _1665_/X
  _1668_/B1
  _1668_/X
  _1669_/B1
  _1669_/X
  _2106_/A
  _2106_/X
  _2162_/A0
  _2162_/X
  _2164_/A2
  _2164_/X
  _2171_/C1
  _2171_/Y
  _2174_/B1
  _2174_/Y
  _2175_/A
  _2175_/Y
  _2244_/A1
  _2244_/Y
  _2250_/A2
  _2250_/X
  _2253_/A2
  _2253_/Y
  fanout126/A
  fanout126/X
  _1513_/A1_N
  _1513_/X
  _1514_/B1
  _1514_/Y
  _1525_/A1
  | loop cut point
  _1525_/X
  --------------------------------
  _1947_/X
  _1962_/A
  _1962_/Y
  _2065_/C1
  _2065_/X
  _2066_/A3
  _2066_/Y
  _2067_/B2
  _2067_/Y
  _2070_/A2
  _2070_/X
  fanout131/A
  fanout131/X
  _1665_/B2
  _1665_/X
  _1668_/B1
  _1668_/X
  _1669_/B1
  _1669_/X
  _2106_/A
  _2106_/X
  _2162_/A0
  _2162_/X
  _2164_/A2
  _2164_/X
  _2171_/C1
  _2171_/Y
  _2174_/B1
  _2174_/Y
  _2175_/A
  _2175_/Y
  _2244_/A1
  _2244_/Y
  _2250_/A2
  _2250_/X
  _2253_/A2
  _2253_/Y
  fanout126/A
  fanout126/X
  _1609_/C
  _1609_/X
  _1610_/B1
  _1610_/X
  _1621_/A1
  _1621_/X
  _1624_/A
  _1624_/X
  _1942_/A2
  _1942_/X
  _1947_/A2
  | loop cut point
  _1947_/X
  --------------------------------
  _2250_/X
  _2253_/A2
  _2253_/Y
  fanout126/A
  fanout126/X
  _1609_/C
  _1609_/X
  _1610_/B1
  _1610_/X
  _1621_/A1
  _1621_/X
  _2097_/A
  _2097_/X
  _2102_/A2
  _2102_/X
  _2103_/A3
  _2103_/Y
  _2147_/A1
  _2147_/X
  _2150_/A
  _2150_/Y
  _2176_/A2
  _2176_/Y
  _2240_/A1
  _2240_/Y
  _2250_/B1
  | loop cut point
  _2250_/X
  --------------------------------
  _2250_/X
  _2253_/A2
  _2253_/Y
  fanout126/A
  fanout126/X
  _1609_/C
  _1609_/X
  _1610_/B1
  _1610_/X
  _1621_/A1
  _1621_/X
  _2097_/A
  _2097_/X
  _2102_/A2
  _2102_/X
  _2103_/A3
  _2103_/Y
  _2147_/A1
  _2147_/X
  _2150_/A
  _2150_/Y
  _2208_/A2
  _2208_/Y
  _2211_/A2
  _2211_/X
  _2250_/B2
  | loop cut point
  _2250_/X
  --------------------------------
  _2244_/Y
  _2250_/A2
  _2250_/X
  _2253_/A2
  _2253_/Y
  fanout126/A
  fanout126/X
  _1609_/C
  _1609_/X
  _1610_/B1
  _1610_/X
  _1621_/A1
  _1621_/X
  _2097_/A
  _2097_/X
  _2102_/A2
  _2102_/X
  _2103_/A3
  _2103_/Y
  _2147_/A1
  _2147_/X
  _2150_/A
  _2150_/Y
  _2241_/S
  _2241_/X
  _2244_/A2
  | loop cut point
  _2244_/Y
  --------------------------------
  _2244_/Y
  _2250_/A2
  _2250_/X
  _2253_/A2
  _2253_/Y
  fanout126/A
  fanout126/X
  _1609_/C
  _1609_/X
  _1610_/B1
  _1610_/X
  _1621_/A1
  _1621_/X
  _2097_/A
  _2097_/X
  _2102_/A2
  _2102_/X
  _2103_/A3
  _2103_/Y
  _2147_/A1
  _2147_/X
  _2150_/A
  _2150_/Y
  _2243_/A2
  _2243_/X
  _2244_/B1
  | loop cut point
  _2244_/Y
  --------------------------------
  _2250_/X
  _2253_/A2
  _2253_/Y
  fanout126/A
  fanout126/X
  _1609_/C
  _1609_/X
  _1610_/B1
  _1610_/X
  _1621_/A1
  _1621_/X
  _2097_/A
  _2097_/X
  _2102_/A2
  _2102_/X
  _2103_/A3
  _2103_/Y
  _2147_/A1
  _2147_/X
  _2150_/A
  _2150_/Y
  _2246_/A2
  _2246_/Y
  _2249_/A2
  _2249_/X
  _2250_/A3
  | loop cut point
  _2250_/X
  --------------------------------
  _2174_/Y
  _2175_/A
  _2175_/Y
  _2244_/A1
  _2244_/Y
  _2250_/A2
  _2250_/X
  _2253_/A2
  _2253_/Y
  fanout126/A
  fanout126/X
  _1609_/C
  _1609_/X
  _1610_/B1
  _1610_/X
  _1621_/A1
  _1621_/X
  _2097_/A
  _2097_/X
  _2157_/B
  _2157_/Y
  _2159_/B1
  _2159_/X
  _2174_/A1
  | loop cut point
  _2174_/Y
  --------------------------------
  _2244_/Y
  _2250_/A2
  _2250_/X
  _2253_/A2
  _2253_/Y
  fanout126/A
  fanout126/X
  _1609_/C
  _1609_/X
  _1610_/B1
  _1610_/X
  _1621_/A1
  _1621_/X
  _2097_/A
  _2097_/X
  _2199_/B
  _2199_/Y
  _2200_/C1
  _2200_/X
  _2201_/C
  _2201_/X
  _2202_/A2
  _2202_/X
  _2204_/A2_N
  _2204_/X
  _2244_/C1
  | loop cut point
  _2244_/Y
  --------------------------------
  _2250_/X
  _2253_/A2
  _2253_/Y
  fanout126/A
  fanout126/X
  _1609_/C
  _1609_/X
  _1610_/B1
  _1610_/X
  _1621_/A1
  _1621_/X
  _2097_/A
  _2097_/X
  _2230_/A2
  _2230_/X
  _2234_/B2
  _2234_/X
  _2238_/A1
  _2238_/X
  _2239_/C1
  _2239_/X
  _2250_/A1
  | loop cut point
  _2250_/X
  --------------------------------
  _1610_/X
  _1621_/A1
  _1621_/X
  _2097_/A
  _2097_/X
  _2280_/A2
  _2280_/X
  _2282_/A3
  _2282_/Y
  _2283_/C
  _2283_/Y
  _2307_/A2
  _2307_/X
  _2337_/C1
  _2337_/Y
  _2383_/B2
  _2383_/Y
  _2386_/A2
  _2386_/X
  fanout123/A
  fanout123/X
  _1608_/A1
  _1608_/X
  _1610_/A2
  | loop cut point
  _1610_/X
  --------------------------------
  _2280_/X
  _2282_/A3
  _2282_/Y
  _2283_/C
  _2283_/Y
  _2307_/A2
  _2307_/X
  _2337_/C1
  _2337_/Y
  _2383_/B2
  _2383_/Y
  _2386_/A2
  _2386_/X
  fanout123/A
  fanout123/X
  _1629_/A1
  _1629_/X
  _1631_/A2
  _1631_/X
  _1643_/A1
  _1643_/X
  _2100_/A
  _2100_/Y
  _2279_/B
  _2279_/Y
  _2280_/B1
  | loop cut point
  _2280_/X
  --------------------------------
  _2307_/X
  _2337_/C1
  _2337_/Y
  _2383_/B2
  _2383_/Y
  _2386_/A2
  _2386_/X
  fanout123/A
  fanout123/X
  _1629_/A1
  _1629_/X
  _1631_/A2
  _1631_/X
  _1643_/A1
  _1643_/X
  _2100_/A
  _2100_/Y
  _2292_/A2
  _2292_/Y
  _2293_/B2
  _2293_/Y
  _2294_/B1
  _2294_/Y
  _2304_/B1
  _2304_/Y
  _2307_/B1
  | loop cut point
  _2307_/X
  --------------------------------
  _2383_/Y
  _2386_/A2
  _2386_/X
  fanout123/A
  fanout123/X
  _1629_/A1
  _1629_/X
  _1631_/A2
  _1631_/X
  _1643_/A1
  _1643_/X
  _2100_/A
  _2100_/Y
  _2292_/A2
  _2292_/Y
  _2293_/B2
  _2293_/Y
  _2294_/B1
  _2294_/Y
  _2304_/B1
  _2304_/Y
  _2371_/B1
  _2371_/Y
  _2374_/A2
  _2374_/X
  _2383_/B1
  | loop cut point
  _2383_/Y
  --------------------------------
  _2383_/Y
  _2386_/A2
  _2386_/X
  fanout123/A
  fanout123/X
  _1629_/A1
  _1629_/X
  _1631_/A2
  _1631_/X
  _1643_/A1
  _1643_/X
  _2100_/A
  _2100_/Y
  _2292_/A2
  _2292_/Y
  _2293_/B2
  _2293_/Y
  _2294_/B1
  _2294_/Y
  _2304_/B1
  _2304_/Y
  _2376_/B1
  _2376_/X
  _2378_/B1
  _2378_/Y
  _2383_/A2
  | loop cut point
  _2383_/Y
  --------------------------------
  _2337_/Y
  _2383_/B2
  _2383_/Y
  _2386_/A2
  _2386_/X
  fanout123/A
  fanout123/X
  _1629_/A1
  _1629_/X
  _1631_/A2
  _1631_/X
  _1643_/A1
  _1643_/X
  _2100_/A
  _2100_/Y
  _2292_/A2
  _2292_/Y
  _2293_/B2
  _2293_/Y
  _2294_/B1
  _2294_/Y
  _2305_/B1
  _2305_/X
  _2337_/A1
  | loop cut point
  _2337_/Y
  --------------------------------
  _2383_/Y
  _2386_/A2
  _2386_/X
  fanout123/A
  fanout123/X
  _1629_/A1
  _1629_/X
  _1631_/A2
  _1631_/X
  _1643_/A1
  _1643_/X
  _2100_/A
  _2100_/Y
  _2292_/A2
  _2292_/Y
  _2293_/B2
  _2293_/Y
  _2294_/B1
  _2294_/Y
  _2305_/B1
  _2305_/X
  _2381_/B1
  _2381_/Y
  _2382_/B1
  _2382_/X
  _2383_/A3
  | loop cut point
  _2383_/Y
  --------------------------------
  _2337_/Y
  _2383_/B2
  _2383_/Y
  _2386_/A2
  _2386_/X
  fanout123/A
  fanout123/X
  _1629_/A1
  _1629_/X
  _1631_/A2
  _1631_/X
  _1643_/A1
  _1643_/X
  _2100_/A
  _2100_/Y
  _2326_/A2
  _2326_/X
  _2330_/A1
  _2330_/Y
  _2334_/A1
  _2334_/X
  _2335_/B1
  _2335_/X
  _2337_/B1
  | loop cut point
  _2337_/Y
  --------------------------------
  _2383_/Y
  _2386_/A2
  _2386_/X
  fanout123/A
  fanout123/X
  _1629_/A1
  _1629_/X
  _1631_/A2
  _1631_/X
  _1643_/A1
  _1643_/X
  _2100_/A
  _2100_/Y
  _2360_/A2
  _2360_/X
  _2364_/A2
  _2364_/X
  _2365_/B2
  _2365_/X
  _2369_/B1
  _2369_/Y
  _2383_/A1
  | loop cut point
  _2383_/Y
  --------------------------------
  _1819_/X
  _1820_/B1
  _1820_/X
  _1884_/S
  _1884_/X
  _1885_/B
  _1885_/X
  _1927_/A1
  _1927_/X
  _1931_/A2
  _1931_/X
  fanout136/A
  fanout136/X
  _1524_/A1
  _1524_/X
  _1525_/B2
  _1525_/X
  _1528_/A
  _1528_/Y
  _1933_/A2
  _1933_/X
  _1939_/A1
  _1939_/Y
  _1947_/A1
  _1947_/X
  _1962_/A
  _1962_/Y
  _2065_/C1
  _2065_/X
  _2066_/A3
  _2066_/Y
  _2067_/B2
  _2067_/Y
  _2070_/A2
  _2070_/X
  fanout131/A
  fanout131/X
  _1665_/B2
  _1665_/X
  _1668_/B1
  _1668_/X
  _1669_/B1
  _1669_/X
  _2106_/A
  _2106_/X
  _2162_/A0
  _2162_/X
  _2164_/A2
  _2164_/X
  _2171_/C1
  _2171_/Y
  _2174_/B1
  _2174_/Y
  _2175_/A
  _2175_/Y
  _2244_/A1
  _2244_/Y
  _2250_/A2
  _2250_/X
  _2253_/A2
  _2253_/Y
  fanout126/A
  fanout126/X
  _1609_/C
  _1609_/X
  _1610_/B1
  _1610_/X
  _1621_/A1
  _1621_/X
  _2097_/A
  _2097_/X
  _2280_/A2
  _2280_/X
  _2282_/A3
  _2282_/Y
  _2283_/C
  _2283_/Y
  _2307_/A2
  _2307_/X
  _2337_/C1
  _2337_/Y
  _2383_/B2
  _2383_/Y
  _2386_/A2
  _2386_/X
  fanout123/A
  fanout123/X
  _1734_/A1
  _1734_/X
  _1737_/B1
  _1737_/Y
  _1742_/A1
  _1742_/X
  _1756_/A
  _1756_/X
  _1777_/A1
  _1777_/X
  _1815_/A2
  _1815_/X
  _1819_/A2
  | loop cut point
  _1819_/X
  --------------------------------
  _2164_/X
  _2171_/C1
  _2171_/Y
  _2174_/B1
  _2174_/Y
  _2175_/A
  _2175_/Y
  _2244_/A1
  _2244_/Y
  _2250_/A2
  _2250_/X
  _2253_/A2
  _2253_/Y
  fanout126/A
  fanout126/X
  _1609_/C
  _1609_/X
  _1610_/B1
  _1610_/X
  _1621_/A1
  _1621_/X
  _2097_/A
  _2097_/X
  _2280_/A2
  _2280_/X
  _2282_/A3
  _2282_/Y
  _2283_/C
  _2283_/Y
  _2307_/A2
  _2307_/X
  _2337_/C1
  _2337_/Y
  _2383_/B2
  _2383_/Y
  _2386_/A2
  _2386_/X
  fanout123/A
  fanout123/X
  _1734_/A1
  _1734_/X
  _1737_/B1
  _1737_/Y
  _1742_/A1
  _1742_/X
  _2123_/A
  _2123_/Y
  _2163_/A1
  _2163_/X
  _2164_/B1
  | loop cut point
  _2164_/X
  --------------------------------
  _2283_/Y
  _2307_/A2
  _2307_/X
  _2337_/C1
  _2337_/Y
  _2383_/B2
  _2383_/Y
  _2386_/A2
  _2386_/X
  fanout123/A
  fanout123/X
  _1734_/A1
  _1734_/X
  _1737_/B1
  _1737_/Y
  _1742_/A1
  _1742_/X
  _2123_/A
  _2123_/Y
  _2254_/A1
  _2254_/X
  _2258_/A2
  _2258_/Y
  _2266_/A1
  _2266_/X
  _2283_/A
  | loop cut point
  _2283_/Y
  --------------------------------
  _2307_/X
  _2337_/C1
  _2337_/Y
  _2383_/B2
  _2383_/Y
  _2386_/A2
  _2386_/X
  fanout123/A
  fanout123/X
  _1734_/A1
  _1734_/X
  _1737_/B1
  _1737_/Y
  _1742_/A1
  _1742_/X
  _2123_/A
  _2123_/Y
  _2254_/A1
  _2254_/X
  _2258_/A2
  _2258_/Y
  _2266_/A1
  _2266_/X
  _2306_/B
  _2306_/X
  _2307_/C1
  | loop cut point
  _2307_/X
  --------------------------------
  _2283_/Y
  _2307_/A2
  _2307_/X
  _2337_/C1
  _2337_/Y
  _2383_/B2
  _2383_/Y
  _2386_/A2
  _2386_/X
  fanout123/A
  fanout123/X
  _2267_/A3
  _2267_/X
  _2268_/B
  _2268_/Y
  _2283_/B
  | loop cut point
  _2283_/Y
  --------------------------------
  _1939_/Y
  _1947_/A1
  _1947_/X
  _1962_/A
  _1962_/Y
  _2065_/C1
  _2065_/X
  _2066_/A3
  _2066_/Y
  _2067_/B2
  _2067_/Y
  _2070_/A2
  _2070_/X
  fanout131/A
  fanout131/X
  _1665_/B2
  _1665_/X
  _1668_/B1
  _1668_/X
  _1669_/B1
  _1669_/X
  _2106_/A
  _2106_/X
  _2162_/A0
  _2162_/X
  _2164_/A2
  _2164_/X
  _2171_/C1
  _2171_/Y
  _2174_/B1
  _2174_/Y
  _2175_/A
  _2175_/Y
  _2244_/A1
  _2244_/Y
  _2250_/A2
  _2250_/X
  _2253_/A2
  _2253_/Y
  fanout126/A
  fanout126/X
  _1609_/C
  _1609_/X
  _1610_/B1
  _1610_/X
  _1621_/A1
  _1621_/X
  _2097_/A
  _2097_/X
  _2280_/A2
  _2280_/X
  _2282_/A3
  _2282_/Y
  _2283_/C
  _2283_/Y
  _2307_/A2
  _2307_/X
  _2337_/C1
  _2337_/Y
  _2383_/B2
  _2383_/Y
  _2386_/A2
  _2386_/X
  fanout123/A
  fanout123/X
  fanout122/A
  fanout122/X
  _1506_/A
  _1506_/Y
  fanout121/A
  fanout121/X
  _1555_/A1
  _1555_/X
  _1557_/B2
  _1557_/X
  _1568_/A2
  _1568_/Y
  wire128/A
  wire128/X
  _1571_/A
  _1571_/Y
  _1938_/B2
  _1938_/X
  _1939_/A2
  | loop cut point
  _1939_/Y
  --------------------------------
  _2282_/Y
  _2283_/C
  _2283_/Y
  _2307_/A2
  _2307_/X
  _2337_/C1
  _2337_/Y
  _2383_/B2
  _2383_/Y
  _2386_/A2
  _2386_/X
  fanout123/A
  fanout123/X
  fanout122/A
  fanout122/X
  _1506_/A
  _1506_/Y
  fanout121/A
  fanout121/X
  _1555_/A1
  _1555_/X
  _1557_/B2
  _1557_/X
  _1568_/A2
  _1568_/Y
  wire128/A
  wire128/X
  _2086_/A
  _2086_/Y
  _2271_/B2
  _2271_/X
  _2272_/A2
  _2272_/Y
  _2282_/A1
  | loop cut point
  _2282_/Y
  --------------------------------
  _1962_/Y
  _2065_/C1
  _2065_/X
  _2066_/A3
  _2066_/Y
  _2067_/B2
  _2067_/Y
  _2070_/A2
  _2070_/X
  fanout131/A
  fanout131/X
  _1665_/B2
  _1665_/X
  _1668_/B1
  _1668_/X
  _1669_/B1
  _1669_/X
  _2106_/A
  _2106_/X
  _2162_/A0
  _2162_/X
  _2164_/A2
  _2164_/X
  _2171_/C1
  _2171_/Y
  _2174_/B1
  _2174_/Y
  _2175_/A
  _2175_/Y
  _2244_/A1
  _2244_/Y
  _2250_/A2
  _2250_/X
  _2253_/A2
  _2253_/Y
  fanout126/A
  fanout126/X
  _1609_/C
  _1609_/X
  _1610_/B1
  _1610_/X
  _1621_/A1
  _1621_/X
  _2097_/A
  _2097_/X
  _2280_/A2
  _2280_/X
  _2282_/A3
  _2282_/Y
  _2283_/C
  _2283_/Y
  _2307_/A2
  _2307_/X
  _2337_/C1
  _2337_/Y
  _2383_/B2
  _2383_/Y
  _2386_/A2
  _2386_/X
  fanout123/A
  fanout123/X
  fanout122/A
  fanout122/X
  _1506_/A
  _1506_/Y
  fanout121/A
  fanout121/X
  _1948_/A3
  _1948_/X
  _1949_/B
  _1949_/Y
  _1962_/B
  | loop cut point
  _1962_/Y
  --------------------------------
  _1933_/X
  _1939_/A1
  _1939_/Y
  _1947_/A1
  _1947_/X
  _1962_/A
  _1962_/Y
  _2065_/C1
  _2065_/X
  _2066_/A3
  _2066_/Y
  _2067_/B2
  _2067_/Y
  _2070_/A2
  _2070_/X
  fanout131/A
  fanout131/X
  _1665_/B2
  _1665_/X
  _1668_/B1
  _1668_/X
  _1669_/B1
  _1669_/X
  _2106_/A
  _2106_/X
  _2162_/A0
  _2162_/X
  _2164_/A2
  _2164_/X
  _2171_/C1
  _2171_/Y
  _2174_/B1
  _2174_/Y
  _2175_/A
  _2175_/Y
  _2244_/A1
  _2244_/Y
  _2250_/A2
  _2250_/X
  _2253_/A2
  _2253_/Y
  fanout126/A
  fanout126/X
  _1609_/C
  _1609_/X
  _1610_/B1
  _1610_/X
  _1621_/A1
  _1621_/X
  _2097_/A
  _2097_/X
  _2280_/A2
  _2280_/X
  _2282_/A3
  _2282_/Y
  _2283_/C
  _2283_/Y
  _2307_/A2
  _2307_/X
  _2337_/C1
  _2337_/Y
  _2383_/B2
  _2383_/Y
  _2386_/A2
  _2386_/X
  fanout123/A
  fanout123/X
  fanout122/A
  fanout122/X
  _1506_/A
  _1506_/Y
  fanout121/A
  fanout121/X
  fanout120/A
  fanout120/X
  _1532_/A
  _1532_/X
  _1535_/A3
  _1535_/Y
  _1546_/A2
  _1546_/X
  _1932_/A1
  _1932_/Y
  _1933_/B1
  | loop cut point
  _1933_/X
  --------------------------------
  _1669_/X
  _2106_/A
  _2106_/X
  _2162_/A0
  _2162_/X
  _2164_/A2
  _2164_/X
  _2171_/C1
  _2171_/Y
  _2174_/B1
  _2174_/Y
  _2175_/A
  _2175_/Y
  _2244_/A1
  _2244_/Y
  _2250_/A2
  _2250_/X
  _2253_/A2
  _2253_/Y
  fanout126/A
  fanout126/X
  _1609_/C
  _1609_/X
  _1610_/B1
  _1610_/X
  _1621_/A1
  _1621_/X
  _2097_/A
  _2097_/X
  _2280_/A2
  _2280_/X
  _2282_/A3
  _2282_/Y
  _2283_/C
  _2283_/Y
  _2307_/A2
  _2307_/X
  _2337_/C1
  _2337_/Y
  _2383_/B2
  _2383_/Y
  _2386_/A2
  _2386_/X
  fanout123/A
  fanout123/X
  fanout122/A
  fanout122/X
  _1506_/A
  _1506_/Y
  fanout121/A
  fanout121/X
  fanout120/A
  fanout120/X
  _1655_/A
  _1655_/X
  _1658_/A3
  _1658_/Y
  _1669_/A2
  | loop cut point
  _1669_/X
  --------------------------------
  _1677_/X
  _1687_/A2
  _1687_/X
  _1690_/A
  _1690_/Y
  _1691_/A0
  _1691_/X
  _1729_/A2
  _1729_/X
  _1819_/A1
  _1819_/X
  _1820_/B1
  _1820_/X
  _1884_/S
  _1884_/X
  _1885_/B
  _1885_/X
  _1927_/A1
  _1927_/X
  _1931_/A2
  _1931_/X
  fanout136/A
  fanout136/X
  _1524_/A1
  _1524_/X
  _1525_/B2
  _1525_/X
  _1528_/A
  _1528_/Y
  _1933_/A2
  _1933_/X
  _1939_/A1
  _1939_/Y
  _1947_/A1
  _1947_/X
  _1962_/A
  _1962_/Y
  _2065_/C1
  _2065_/X
  _2066_/A3
  _2066_/Y
  _2067_/B2
  _2067_/Y
  _2070_/A2
  _2070_/X
  fanout131/A
  fanout131/X
  _1665_/B2
  _1665_/X
  _1668_/B1
  _1668_/X
  _1669_/B1
  _1669_/X
  _2106_/A
  _2106_/X
  _2162_/A0
  _2162_/X
  _2164_/A2
  _2164_/X
  _2171_/C1
  _2171_/Y
  _2174_/B1
  _2174_/Y
  _2175_/A
  _2175_/Y
  _2244_/A1
  _2244_/Y
  _2250_/A2
  _2250_/X
  _2253_/A2
  _2253_/Y
  fanout126/A
  fanout126/X
  _1609_/C
  _1609_/X
  _1610_/B1
  _1610_/X
  _1621_/A1
  _1621_/X
  _2097_/A
  _2097_/X
  _2280_/A2
  _2280_/X
  _2282_/A3
  _2282_/Y
  _2283_/C
  _2283_/Y
  _2307_/A2
  _2307_/X
  _2337_/C1
  _2337_/Y
  _2383_/B2
  _2383_/Y
  _2386_/A2
  _2386_/X
  fanout123/A
  fanout123/X
  fanout122/A
  fanout122/X
  _1506_/A
  _1506_/Y
  fanout121/A
  fanout121/X
  fanout120/A
  fanout120/X
  _1675_/A1
  _1675_/Y
  _1677_/B1
  | loop cut point
  _1677_/X
  --------------------------------
  _1729_/X
  _1819_/A1
  _1819_/X
  _1820_/B1
  _1820_/X
  _1884_/S
  _1884_/X
  _1885_/B
  _1885_/X
  _1927_/A1
  _1927_/X
  _1931_/A2
  _1931_/X
  fanout136/A
  fanout136/X
  _1524_/A1
  _1524_/X
  _1525_/B2
  _1525_/X
  _1528_/A
  _1528_/Y
  _1933_/A2
  _1933_/X
  _1939_/A1
  _1939_/Y
  _1947_/A1
  _1947_/X
  _1962_/A
  _1962_/Y
  _2065_/C1
  _2065_/X
  _2066_/A3
  _2066_/Y
  _2067_/B2
  _2067_/Y
  _2070_/A2
  _2070_/X
  fanout131/A
  fanout131/X
  _1665_/B2
  _1665_/X
  _1668_/B1
  _1668_/X
  _1669_/B1
  _1669_/X
  _2106_/A
  _2106_/X
  _2162_/A0
  _2162_/X
  _2164_/A2
  _2164_/X
  _2171_/C1
  _2171_/Y
  _2174_/B1
  _2174_/Y
  _2175_/A
  _2175_/Y
  _2244_/A1
  _2244_/Y
  _2250_/A2
  _2250_/X
  _2253_/A2
  _2253_/Y
  fanout126/A
  fanout126/X
  _1609_/C
  _1609_/X
  _1610_/B1
  _1610_/X
  _1621_/A1
  _1621_/X
  _2097_/A
  _2097_/X
  _2280_/A2
  _2280_/X
  _2282_/A3
  _2282_/Y
  _2283_/C
  _2283_/Y
  _2307_/A2
  _2307_/X
  _2337_/C1
  _2337_/Y
  _2383_/B2
  _2383_/Y
  _2386_/A2
  _2386_/X
  fanout123/A
  fanout123/X
  fanout122/A
  fanout122/X
  _1506_/A
  _1506_/Y
  fanout121/A
  fanout121/X
  fanout120/A
  fanout120/X
  _1694_/A1
  _1694_/X
  _1696_/A2
  _1696_/Y
  _1705_/A1
  _1705_/X
  _1708_/A
  _1708_/Y
  _1728_/A2
  _1728_/X
  _1729_/B1
  | loop cut point
  _1729_/X
  --------------------------------
  _2162_/X
  _2164_/A2
  _2164_/X
  _2171_/C1
  _2171_/Y
  _2174_/B1
  _2174_/Y
  _2175_/A
  _2175_/Y
  _2244_/A1
  _2244_/Y
  _2250_/A2
  _2250_/X
  _2253_/A2
  _2253_/Y
  fanout126/A
  fanout126/X
  _1609_/C
  _1609_/X
  _1610_/B1
  _1610_/X
  _1621_/A1
  _1621_/X
  _2097_/A
  _2097_/X
  _2280_/A2
  _2280_/X
  _2282_/A3
  _2282_/Y
  _2283_/C
  _2283_/Y
  _2307_/A2
  _2307_/X
  _2337_/C1
  _2337_/Y
  _2383_/B2
  _2383_/Y
  _2386_/A2
  _2386_/X
  fanout123/A
  fanout123/X
  fanout122/A
  fanout122/X
  _1506_/A
  _1506_/Y
  fanout121/A
  fanout121/X
  fanout120/A
  fanout120/X
  _1694_/A1
  _1694_/X
  _1696_/A2
  _1696_/Y
  _1705_/A1
  _1705_/X
  _2114_/A
  _2114_/X
  _2162_/A1
  | loop cut point
  _2162_/X
  --------------------------------
  _2171_/Y
  _2174_/B1
  _2174_/Y
  _2175_/A
  _2175_/Y
  _2244_/A1
  _2244_/Y
  _2250_/A2
  _2250_/X
  _2253_/A2
  _2253_/Y
  fanout126/A
  fanout126/X
  _1609_/C
  _1609_/X
  _1610_/B1
  _1610_/X
  _1621_/A1
  _1621_/X
  _2097_/A
  _2097_/X
  _2280_/A2
  _2280_/X
  _2282_/A3
  _2282_/Y
  _2283_/C
  _2283_/Y
  _2307_/A2
  _2307_/X
  _2337_/C1
  _2337_/Y
  _2383_/B2
  _2383_/Y
  _2386_/A2
  _2386_/X
  fanout123/A
  fanout123/X
  fanout122/A
  fanout122/X
  _1506_/A
  _1506_/Y
  fanout121/A
  fanout121/X
  fanout120/A
  fanout120/X
  _1711_/A
  _1711_/X
  _1714_/A3
  _1714_/Y
  _1724_/A2
  _1724_/X
  _2117_/A
  _2117_/X
  _2165_/A1
  _2165_/X
  _2171_/A2
  | loop cut point
  _2171_/Y
  --------------------------------
  _1820_/X
  _1884_/S
  _1884_/X
  _1885_/B
  _1885_/X
  _1927_/A1
  _1927_/X
  _1931_/A2
  _1931_/X
  fanout136/A
  fanout136/X
  _1524_/A1
  _1524_/X
  _1525_/B2
  _1525_/X
  _1528_/A
  _1528_/Y
  _1933_/A2
  _1933_/X
  _1939_/A1
  _1939_/Y
  _1947_/A1
  _1947_/X
  _1962_/A
  _1962_/Y
  _2065_/C1
  _2065_/X
  _2066_/A3
  _2066_/Y
  _2067_/B2
  _2067_/Y
  _2070_/A2
  _2070_/X
  fanout131/A
  fanout131/X
  _1665_/B2
  _1665_/X
  _1668_/B1
  _1668_/X
  _1669_/B1
  _1669_/X
  _2106_/A
  _2106_/X
  _2162_/A0
  _2162_/X
  _2164_/A2
  _2164_/X
  _2171_/C1
  _2171_/Y
  _2174_/B1
  _2174_/Y
  _2175_/A
  _2175_/Y
  _2244_/A1
  _2244_/Y
  _2250_/A2
  _2250_/X
  _2253_/A2
  _2253_/Y
  fanout126/A
  fanout126/X
  _1609_/C
  _1609_/X
  _1610_/B1
  _1610_/X
  _1621_/A1
  _1621_/X
  _2097_/A
  _2097_/X
  _2280_/A2
  _2280_/X
  _2282_/A3
  _2282_/Y
  _2283_/C
  _2283_/Y
  _2307_/A2
  _2307_/X
  _2337_/C1
  _2337_/Y
  _2383_/B2
  _2383_/Y
  _2386_/A2
  _2386_/X
  fanout123/A
  fanout123/X
  fanout122/A
  fanout122/X
  _1650_/A3
  _1650_/X
  _1651_/A
  _1651_/Y
  _1820_/A2
  | loop cut point
  _1820_/X
  --------------------------------
  _2174_/Y
  _2175_/A
  _2175_/Y
  _2244_/A1
  _2244_/Y
  _2250_/A2
  _2250_/X
  _2253_/A2
  _2253_/Y
  fanout126/A
  fanout126/X
  _1609_/C
  _1609_/X
  _1610_/B1
  _1610_/X
  _1621_/A1
  _1621_/X
  _2097_/A
  _2097_/X
  _2280_/A2
  _2280_/X
  _2282_/A3
  _2282_/Y
  _2283_/C
  _2283_/Y
  _2307_/A2
  _2307_/X
  _2337_/C1
  _2337_/Y
  _2383_/B2
  _2383_/Y
  _2386_/A2
  _2386_/X
  fanout123/A
  fanout123/X
  fanout122/A
  fanout122/X
  _2172_/A3
  _2172_/X
  _2173_/B
  _2173_/Y
  _2174_/C1
  | loop cut point
  _2174_/Y
  --------------------------------
  _1677_/X
  _1687_/A2
  _1687_/X
  _1690_/A
  _1690_/Y
  _1691_/A0
  _1691_/X
  _1729_/A2
  _1729_/X
  _1819_/A1
  _1819_/X
  _1820_/B1
  _1820_/X
  _1884_/S
  _1884_/X
  _1885_/B
  _1885_/X
  _1927_/A1
  _1927_/X
  _1931_/A2
  _1931_/X
  fanout136/A
  fanout136/X
  _1524_/A1
  _1524_/X
  _1525_/B2
  _1525_/X
  _1528_/A
  _1528_/Y
  _1933_/A2
  _1933_/X
  _1939_/A1
  _1939_/Y
  _1947_/A1
  _1947_/X
  _1962_/A
  _1962_/Y
  _2065_/C1
  _2065_/X
  _2066_/A3
  _2066_/Y
  _2067_/B2
  _2067_/Y
  _2070_/A2
  _2070_/X
  fanout131/A
  fanout131/X
  _1665_/B2
  _1665_/X
  _1668_/B1
  _1668_/X
  _1669_/B1
  _1669_/X
  _2106_/A
  _2106_/X
  _2162_/A0
  _2162_/X
  _2164_/A2
  _2164_/X
  _2171_/C1
  _2171_/Y
  _2174_/B1
  _2174_/Y
  _2175_/A
  _2175_/Y
  _2244_/A1
  _2244_/Y
  _2250_/A2
  _2250_/X
  _2253_/A2
  _2253_/Y
  fanout126/A
  fanout126/X
  fanout125/A
  fanout125/X
  fanout124/A
  fanout124/X
  _1677_/A1
  | loop cut point
  _1677_/X
  --------------------------------
  _1525_/X
  _1528_/A
  _1528_/Y
  _1933_/A2
  _1933_/X
  _1939_/A1
  _1939_/Y
  _1947_/A1
  _1947_/X
  _1962_/A
  _1962_/Y
  _2065_/C1
  _2065_/X
  _2066_/A3
  _2066_/Y
  _2067_/B2
  _2067_/Y
  _2070_/A2
  _2070_/X
  fanout131/A
  fanout131/X
  fanout130/A
  fanout130/X
  _1522_/A1_N
  _1522_/X
  _1523_/B1
  _1523_/Y
  _1525_/B1
  | loop cut point
  _1525_/X
  --------------------------------
  _1687_/X
  _1690_/A
  _1690_/Y
  _1691_/A0
  _1691_/X
  _1729_/A2
  _1729_/X
  _1819_/A1
  _1819_/X
  _1820_/B1
  _1820_/X
  _1884_/S
  _1884_/X
  _1885_/B
  _1885_/X
  _1927_/A1
  _1927_/X
  _1931_/A2
  _1931_/X
  fanout136/A
  fanout136/X
  _1524_/A1
  _1524_/X
  _1525_/B2
  _1525_/X
  _1528_/A
  _1528_/Y
  _1933_/A2
  _1933_/X
  _1939_/A1
  _1939_/Y
  _1947_/A1
  _1947_/X
  _1962_/A
  _1962_/Y
  _2065_/C1
  _2065_/X
  _2066_/A3
  _2066_/Y
  _2067_/B2
  _2067_/Y
  _2070_/A2
  _2070_/X
  fanout131/A
  fanout131/X
  fanout130/A
  fanout130/X
  _1683_/B2
  _1683_/X
  _1686_/B1
  _1686_/X
  _1687_/B1
  | loop cut point
  _1687_/X
  --------------------------------
