Clock: clk
Sources: clk 
Generated: no
Virtual: yes
Propagated: no
Period: 25.000000

===========================================================================
report_clock_properties
============================================================================
Clock                   Period          Waveform
----------------------------------------------------
clk                  25.000000    0.000000 12.500000

===========================================================================
report_clock_latency
============================================================================
Clock clk
rise -> rise
    min     max
0.000000 0.000000 source latency
0.311925         network latency _1298_/CLK
        0.328221 network latency _1302_/CLK
---------------
0.311925 0.328221 latency
        0.016296 skew

fall -> fall
    min     max
0.000000 0.000000 source latency
0.270063         network latency _1298_/CLK
        0.282063 network latency _1302_/CLK
---------------
0.270063 0.282063 latency
        0.012000 skew



===========================================================================
report_clock_min_period
============================================================================
clk period_min = 4.21 fmax = 237.65
