
===========================================================================
report_checks -unconstrained
===========================================================================
======================= min_ff_n40C_1v95 Corner ===================================

Startpoint: nrst (input port clocked by clk)
Endpoint: _1291_ (recovery check against rising-edge clock clk)
Path Group: asynchronous
Path Type: max

Fanout         Cap        Slew       Delay        Time   Description
---------------------------------------------------------------------------------------------
                                  0.000000    0.000000   clock clk (rise edge)
                                  0.000000    0.000000   clock network delay (propagated)
                                  5.000000    5.000000 ^ input external delay
     2    0.004091    0.018539    0.010597    5.010597 ^ nrst (in)
                                                         nrst (net)
                      0.018539    0.000000    5.010597 ^ input6/A (sky130_fd_sc_hd__clkbuf_2)
     9    0.039070    0.164690    0.155342    5.165938 ^ input6/X (sky130_fd_sc_hd__clkbuf_2)
                                                         net6 (net)
                      0.164695    0.000743    5.166682 ^ fanout121/A (sky130_fd_sc_hd__clkbuf_4)
    21    0.074399    0.170652    0.218567    5.385248 ^ fanout121/X (sky130_fd_sc_hd__clkbuf_4)
                                                         net121 (net)
                      0.170824    0.004442    5.389690 ^ _1291_/RESET_B (sky130_fd_sc_hd__dfrtp_2)
                                              5.389690   data arrival time

                                 25.000000   25.000000   clock clk (rise edge)
                                  0.000000   25.000000   clock source latency
     2    0.028284    0.098919    0.068882   25.068880 ^ clk (in)
                                                         clk (net)
                      0.098974    0.000000   25.068880 ^ clkbuf_0_clk/A (sky130_fd_sc_hd__clkbuf_16)
     9    0.061619    0.060971    0.127223   25.196104 ^ clkbuf_0_clk/X (sky130_fd_sc_hd__clkbuf_16)
                                                         clknet_0_clk (net)
                      0.061085    0.001670   25.197773 ^ clkbuf_2_3__f_clk/A (sky130_fd_sc_hd__clkbuf_16)
    17    0.055121    0.055980    0.113834   25.311607 ^ clkbuf_2_3__f_clk/X (sky130_fd_sc_hd__clkbuf_16)
                                                         clknet_2_3__leaf_clk (net)
                      0.055989    0.000700   25.312307 ^ _1291_/CLK (sky130_fd_sc_hd__dfrtp_2)
                                 -0.250000   25.062309   clock uncertainty
                                  0.000000   25.062309   clock reconvergence pessimism
                                  0.101782   25.164091   library recovery time
                                             25.164091   data required time
---------------------------------------------------------------------------------------------
                                             25.164091   data required time
                                             -5.389690   data arrival time
---------------------------------------------------------------------------------------------
                                             19.774399   slack (MET)


Startpoint: en (input port clocked by clk)
Endpoint: gpio_out[11] (output port clocked by clk)
Path Group: clk
Path Type: max

Fanout         Cap        Slew       Delay        Time   Description
---------------------------------------------------------------------------------------------
                                  0.000000    0.000000   clock clk (rise edge)
                                  0.000000    0.000000   clock network delay (propagated)
                                  5.000000    5.000000 ^ input external delay
     2    0.003982    0.018153    0.010322    5.010322 ^ en (in)
                                                         en (net)
                      0.018153    0.000000    5.010322 ^ input1/A (sky130_fd_sc_hd__clkbuf_2)
     7    0.032878    0.139667    0.138101    5.148423 ^ input1/X (sky130_fd_sc_hd__clkbuf_2)
                                                         net1 (net)
                      0.139675    0.000889    5.149312 ^ _1231_/A (sky130_fd_sc_hd__and3_1)
     3    0.015570    0.121859    0.169075    5.318387 ^ _1231_/X (sky130_fd_sc_hd__and3_1)
                                                         _0586_ (net)
                      0.121859    0.000470    5.318857 ^ _1232_/B1 (sky130_fd_sc_hd__o31ai_2)
     5    0.013266    0.061124    0.049345    5.368202 v _1232_/Y (sky130_fd_sc_hd__o31ai_2)
                                                         _0587_ (net)
                      0.061124    0.000175    5.368377 v _1234_/B (sky130_fd_sc_hd__or2_2)
     7    0.028605    0.082019    0.223101    5.591478 v _1234_/X (sky130_fd_sc_hd__or2_2)
                                                         _0589_ (net)
                      0.082039    0.001249    5.592727 v _1257_/A (sky130_fd_sc_hd__nor2_1)
     3    0.031157    0.390228    0.325792    5.918519 ^ _1257_/Y (sky130_fd_sc_hd__nor2_1)
                                                         net58 (net)
                      0.390230    0.000879    5.919398 ^ output58/A (sky130_fd_sc_hd__buf_2)
     1    0.035653    0.134360    0.182371    6.101769 ^ output58/X (sky130_fd_sc_hd__buf_2)
                                                         gpio_out[11] (net)
                      0.134360    0.000234    6.102003 ^ gpio_out[11] (out)
                                              6.102003   data arrival time

                                 25.000000   25.000000   clock clk (rise edge)
                                  0.000000   25.000000   clock network delay (propagated)
                                 -0.250000   24.750000   clock uncertainty
                                  0.000000   24.750000   clock reconvergence pessimism
                                 -5.000000   19.750000   output external delay
                                             19.750000   data required time
---------------------------------------------------------------------------------------------
                                             19.750000   data required time
                                             -6.102003   data arrival time
---------------------------------------------------------------------------------------------
                                             13.647997   slack (MET)




===========================================================================
report_checks --slack_max -0.01
============================================================================
======================= min_ff_n40C_1v95 Corner ===================================

No paths found.


===========================================================================
 report_check_types -max_slew -max_cap -max_fanout -violators
============================================================================
======================= min_ff_n40C_1v95 Corner ===================================

max fanout

Pin                                   Limit Fanout  Slack
---------------------------------------------------------
_0646_/X                                 10     21    -11 (VIOLATED)
clkbuf_2_2__f_clk/X                      10     21    -11 (VIOLATED)
fanout121/X                              10     21    -11 (VIOLATED)
fanout124/X                              10     21    -11 (VIOLATED)
fanout125/X                              10     21    -11 (VIOLATED)
fanout90/X                               10     21    -11 (VIOLATED)
input11/X                                10     21    -11 (VIOLATED)
input13/X                                10     21    -11 (VIOLATED)
input15/X                                10     21    -11 (VIOLATED)
input8/X                                 10     21    -11 (VIOLATED)
_0618_/Y                                 10     19     -9 (VIOLATED)
input14/X                                10     19     -9 (VIOLATED)
input17/X                                10     19     -9 (VIOLATED)
_0615_/Y                                 10     17     -7 (VIOLATED)
_0617_/Y                                 10     17     -7 (VIOLATED)
clkbuf_2_3__f_clk/X                      10     17     -7 (VIOLATED)
input7/X                                 10     17     -7 (VIOLATED)
_1304_/Q                                 10     15     -5 (VIOLATED)
input9/X                                 10     15     -5 (VIOLATED)
_0801_/X                                 10     13     -3 (VIOLATED)
_1014_/Y                                 10     13     -3 (VIOLATED)
_1307_/Q                                 10     13     -3 (VIOLATED)
fanout95/X                               10     13     -3 (VIOLATED)
clkbuf_2_1__f_clk/X                      10     12     -2 (VIOLATED)
_0789_/Y                                 10     11        (VIOLATED)
_0790_/Y                                 10     11        (VIOLATED)
_0805_/X                                 10     11        (VIOLATED)
_0940_/X                                 10     11        (VIOLATED)
fanout114/X                              10     11        (VIOLATED)



===========================================================================
report_parasitic_annotation -report_unannotated
============================================================================
Found 129 unannotated drivers.
 gpio_in[0]
 gpio_in[10]
 gpio_in[11]
 gpio_in[12]
 gpio_in[13]
 gpio_in[14]
 gpio_in[15]
 gpio_in[16]
 gpio_in[17]
 gpio_in[18]
 gpio_in[19]
 gpio_in[1]
 gpio_in[20]
 gpio_in[21]
 gpio_in[22]
 gpio_in[23]
 gpio_in[24]
 gpio_in[25]
 gpio_in[26]
 gpio_in[27]
 gpio_in[28]
 gpio_in[29]
 gpio_in[2]
 gpio_in[30]
 gpio_in[31]
 gpio_in[32]
 gpio_in[33]
 gpio_in[3]
 gpio_in[4]
 gpio_in[5]
 gpio_in[6]
 gpio_in[7]
 gpio_in[8]
 gpio_in[9]
 la_data_in[10]
 la_data_in[11]
 la_data_in[12]
 la_data_in[13]
 la_data_in[14]
 la_data_in[15]
 la_data_in[16]
 la_data_in[17]
 la_data_in[18]
 la_data_in[19]
 la_data_in[20]
 la_data_in[21]
 la_data_in[22]
 la_data_in[23]
 la_data_in[24]
 la_data_in[25]
 la_data_in[26]
 la_data_in[27]
 la_data_in[28]
 la_data_in[29]
 la_data_in[2]
 la_data_in[30]
 la_data_in[31]
 la_data_in[3]
 la_data_in[4]
 la_data_in[5]
 la_data_in[6]
 la_data_in[7]
 la_data_in[8]
 la_data_in[9]
 la_oenb[10]
 la_oenb[11]
 la_oenb[12]
 la_oenb[13]
 la_oenb[14]
 la_oenb[15]
 la_oenb[16]
 la_oenb[17]
 la_oenb[18]
 la_oenb[19]
 la_oenb[20]
 la_oenb[21]
 la_oenb[22]
 la_oenb[23]
 la_oenb[24]
 la_oenb[25]
 la_oenb[26]
 la_oenb[27]
 la_oenb[28]
 la_oenb[29]
 la_oenb[2]
 la_oenb[30]
 la_oenb[31]
 la_oenb[3]
 la_oenb[4]
 la_oenb[5]
 la_oenb[6]
 la_oenb[7]
 la_oenb[8]
 la_oenb[9]
 clkload0/Y
 clkload1/Y
 clkload2/Y
 team_00_126/HI
 team_00_127/HI
 team_00_128/HI
 team_00_129/HI
 team_00_130/HI
 team_00_131/HI
 team_00_132/HI
 team_00_133/HI
 team_00_134/HI
 team_00_135/HI
 team_00_136/HI
 team_00_137/HI
 team_00_138/HI
 team_00_139/HI
 team_00_140/HI
 team_00_141/HI
 team_00_142/HI
 team_00_143/HI
 team_00_144/HI
 team_00_145/HI
 team_00_146/HI
 team_00_147/HI
 team_00_148/HI
 team_00_149/HI
 team_00_150/HI
 team_00_151/HI
 team_00_152/HI
 team_00_153/HI
 team_00_154/HI
 team_00_155/HI
 team_00_156/HI
 team_00_157/HI
Found 0 partially unannotated drivers.

===========================================================================
max slew violation count 0
max fanout violation count 29
max cap violation count 0
============================================================================

===========================================================================
check_setup -verbose -unconstrained_endpoints -multiple_clock -no_clock -no_input_delay -loops -generated_clocks
===========================================================================
Warning: There are 32 unconstrained endpoints.
  la_data_out[0]
  la_data_out[10]
  la_data_out[11]
  la_data_out[12]
  la_data_out[13]
  la_data_out[14]
  la_data_out[15]
  la_data_out[16]
  la_data_out[17]
  la_data_out[18]
  la_data_out[19]
  la_data_out[1]
  la_data_out[20]
  la_data_out[21]
  la_data_out[22]
  la_data_out[23]
  la_data_out[24]
  la_data_out[25]
  la_data_out[26]
  la_data_out[27]
  la_data_out[28]
  la_data_out[29]
  la_data_out[2]
  la_data_out[30]
  la_data_out[31]
  la_data_out[3]
  la_data_out[4]
  la_data_out[5]
  la_data_out[6]
  la_data_out[7]
  la_data_out[8]
  la_data_out[9]
