Clock: clk
Sources: clk 
Generated: no
Virtual: yes
Propagated: no
Period: 25.000000

===========================================================================
report_clock_properties
============================================================================
Clock                   Period          Waveform
----------------------------------------------------
clk                  25.000000    0.000000 12.500000

===========================================================================
report_clock_latency
============================================================================
Clock clk
rise -> rise
    min     max
0.000000 0.000000 source latency
0.300577         network latency _1298_/CLK
        0.315350 network latency _1306_/CLK
---------------
0.300577 0.315350 latency
        0.014773 skew

fall -> fall
    min     max
0.000000 0.000000 source latency
0.262646         network latency _1298_/CLK
        0.273412 network latency _1306_/CLK
---------------
0.262646 0.273412 latency
        0.010766 skew



===========================================================================
report_clock_min_period
============================================================================
clk period_min = 4.12 fmax = 242.92
