
===========================================================================
report_checks -unconstrained
===========================================================================
======================= max_ff_n40C_1v95 Corner ===================================

Startpoint: nrst (input port clocked by clk)
Endpoint: _1298_ (recovery check against rising-edge clock clk)
Path Group: asynchronous
Path Type: max

Fanout         Cap        Slew       Delay        Time   Description
---------------------------------------------------------------------------------------------
                                  0.000000    0.000000   clock clk (rise edge)
                                  0.000000    0.000000   clock network delay (propagated)
                                 20.000000   20.000000 ^ input external delay
     2    0.003974    0.018129    0.010363   20.010365 ^ nrst (in)
                                                         nrst (net)
                      0.018130    0.000000   20.010365 ^ input6/A (sky130_fd_sc_hd__buf_1)
     2    0.011859    0.108409    0.101460   20.111824 ^ input6/X (sky130_fd_sc_hd__buf_1)
                                                         net6 (net)
                      0.108426    0.001121   20.112946 ^ fanout120/A (sky130_fd_sc_hd__buf_4)
    21    0.087197    0.182471    0.191985   20.304930 ^ fanout120/X (sky130_fd_sc_hd__buf_4)
                                                         net120 (net)
                      0.184015    0.013531   20.318460 ^ fanout119/A (sky130_fd_sc_hd__clkbuf_4)
    21    0.065768    0.152501    0.207956   20.526417 ^ fanout119/X (sky130_fd_sc_hd__clkbuf_4)
                                                         net119 (net)
                      0.152593    0.003096   20.529512 ^ fanout117/A (sky130_fd_sc_hd__clkbuf_4)
    21    0.077629    0.178779    0.218602   20.748116 ^ fanout117/X (sky130_fd_sc_hd__clkbuf_4)
                                                         net117 (net)
                      0.178855    0.003089   20.751204 ^ _1298_/RESET_B (sky130_fd_sc_hd__dfrtp_4)
                                             20.751204   data arrival time

                                100.000000  100.000000   clock clk (rise edge)
                                  0.000000  100.000000   clock source latency
     2    0.022442    0.079827    0.055095  100.055092 ^ clk (in)
                                                         clk (net)
                      0.079852    0.000000  100.055092 ^ clkbuf_0_clk/A (sky130_fd_sc_hd__clkbuf_16)
     9    0.056810    0.057477    0.118568  100.173660 ^ clkbuf_0_clk/X (sky130_fd_sc_hd__clkbuf_16)
                                                         clknet_0_clk (net)
                      0.057702    0.002792  100.176453 ^ clkbuf_2_1__f_clk/A (sky130_fd_sc_hd__clkbuf_16)
    19    0.065221    0.063296    0.116032  100.292488 ^ clkbuf_2_1__f_clk/X (sky130_fd_sc_hd__clkbuf_16)
                                                         clknet_2_1__leaf_clk (net)
                      0.063481    0.002721  100.295204 ^ _1298_/CLK (sky130_fd_sc_hd__dfrtp_4)
                                 -0.250000  100.045212   clock uncertainty
                                  0.000000  100.045212   clock reconvergence pessimism
                                  0.089653  100.134865   library recovery time
                                            100.134865   data required time
---------------------------------------------------------------------------------------------
                                            100.134865   data required time
                                            -20.751204   data arrival time
---------------------------------------------------------------------------------------------
                                             79.383659   slack (MET)


Startpoint: en (input port clocked by clk)
Endpoint: gpio_out[15] (output port clocked by clk)
Path Group: clk
Path Type: max

Fanout         Cap        Slew       Delay        Time   Description
---------------------------------------------------------------------------------------------
                                  0.000000    0.000000   clock clk (rise edge)
                                  0.000000    0.000000   clock network delay (propagated)
                                 20.000000   20.000000 ^ input external delay
     2    0.004564    0.020210    0.011925   20.011925 ^ en (in)
                                                         en (net)
                      0.020212    0.000000   20.011925 ^ input1/A (sky130_fd_sc_hd__clkbuf_2)
     7    0.024589    0.106149    0.115573   20.127499 ^ input1/X (sky130_fd_sc_hd__clkbuf_2)
                                                         net1 (net)
                      0.106197    0.001835   20.129333 ^ _1231_/A (sky130_fd_sc_hd__and3_1)
     3    0.010785    0.088036    0.139758   20.269093 ^ _1231_/X (sky130_fd_sc_hd__and3_1)
                                                         _0586_ (net)
                      0.088038    0.000583   20.269674 ^ _1232_/B1 (sky130_fd_sc_hd__o31ai_2)
     5    0.013188    0.057014    0.044464   20.314138 v _1232_/Y (sky130_fd_sc_hd__o31ai_2)
                                                         _0587_ (net)
                      0.057062    0.000917   20.315056 v _1234_/B (sky130_fd_sc_hd__or2_2)
     7    0.030756    0.085938    0.225173   20.540228 v _1234_/X (sky130_fd_sc_hd__or2_2)
                                                         _0589_ (net)
                      0.085962    0.001393   20.541620 v _1254_/A (sky130_fd_sc_hd__or2_1)
     2    0.005990    0.042731    0.161473   20.703093 v _1254_/X (sky130_fd_sc_hd__or2_1)
                                                         _0601_ (net)
                      0.042733    0.000338   20.703430 v _1262_/B (sky130_fd_sc_hd__nor2_1)
     1    0.010849    0.147797    0.128527   20.831957 ^ _1262_/Y (sky130_fd_sc_hd__nor2_1)
                                                         net62 (net)
                      0.147805    0.000908   20.832865 ^ output62/A (sky130_fd_sc_hd__buf_2)
     1    0.033990    0.126979    0.161188   20.994053 ^ output62/X (sky130_fd_sc_hd__buf_2)
                                                         gpio_out[15] (net)
                      0.127049    0.001593   20.995647 ^ gpio_out[15] (out)
                                             20.995647   data arrival time

                                100.000000  100.000000   clock clk (rise edge)
                                  0.000000  100.000000   clock network delay (propagated)
                                 -0.250000   99.750000   clock uncertainty
                                  0.000000   99.750000   clock reconvergence pessimism
                                -20.000000   79.750000   output external delay
                                             79.750000   data required time
---------------------------------------------------------------------------------------------
                                             79.750000   data required time
                                            -20.995647   data arrival time
---------------------------------------------------------------------------------------------
                                             58.754349   slack (MET)




===========================================================================
report_checks --slack_max -0.01
============================================================================
======================= max_ff_n40C_1v95 Corner ===================================

No paths found.


===========================================================================
 report_check_types -max_slew -max_cap -max_fanout -violators
============================================================================
======================= max_ff_n40C_1v95 Corner ===================================

max fanout

Pin                                   Limit Fanout  Slack
---------------------------------------------------------
clkbuf_2_0__f_clk/X                      10     27    -17 (VIOLATED)
_0646_/X                                 10     21    -11 (VIOLATED)
fanout100/X                              10     21    -11 (VIOLATED)
fanout115/X                              10     21    -11 (VIOLATED)
fanout117/X                              10     21    -11 (VIOLATED)
fanout119/X                              10     21    -11 (VIOLATED)
fanout120/X                              10     21    -11 (VIOLATED)
fanout121/X                              10     21    -11 (VIOLATED)
fanout90/X                               10     21    -11 (VIOLATED)
input13/X                                10     21    -11 (VIOLATED)
input15/X                                10     21    -11 (VIOLATED)
input8/X                                 10     21    -11 (VIOLATED)
clkbuf_2_1__f_clk/X                      10     19     -9 (VIOLATED)
clkbuf_2_3__f_clk/X                      10     19     -9 (VIOLATED)
input14/X                                10     19     -9 (VIOLATED)
input17/X                                10     19     -9 (VIOLATED)
input18/X                                10     19     -9 (VIOLATED)
clkbuf_2_2__f_clk/X                      10     17     -7 (VIOLATED)
input7/X                                 10     17     -7 (VIOLATED)
fanout95/X                               10     15     -5 (VIOLATED)
fanout116/X                              10     13     -3 (VIOLATED)
fanout91/X                               10     13     -3 (VIOLATED)



===========================================================================
report_parasitic_annotation -report_unannotated
============================================================================
Found 129 unannotated drivers.
 gpio_in[0]
 gpio_in[10]
 gpio_in[11]
 gpio_in[12]
 gpio_in[13]
 gpio_in[14]
 gpio_in[15]
 gpio_in[16]
 gpio_in[17]
 gpio_in[18]
 gpio_in[19]
 gpio_in[1]
 gpio_in[20]
 gpio_in[21]
 gpio_in[22]
 gpio_in[23]
 gpio_in[24]
 gpio_in[25]
 gpio_in[26]
 gpio_in[27]
 gpio_in[28]
 gpio_in[29]
 gpio_in[2]
 gpio_in[30]
 gpio_in[31]
 gpio_in[32]
 gpio_in[33]
 gpio_in[3]
 gpio_in[4]
 gpio_in[5]
 gpio_in[6]
 gpio_in[7]
 gpio_in[8]
 gpio_in[9]
 la_data_in[10]
 la_data_in[11]
 la_data_in[12]
 la_data_in[13]
 la_data_in[14]
 la_data_in[15]
 la_data_in[16]
 la_data_in[17]
 la_data_in[18]
 la_data_in[19]
 la_data_in[20]
 la_data_in[21]
 la_data_in[22]
 la_data_in[23]
 la_data_in[24]
 la_data_in[25]
 la_data_in[26]
 la_data_in[27]
 la_data_in[28]
 la_data_in[29]
 la_data_in[2]
 la_data_in[30]
 la_data_in[31]
 la_data_in[3]
 la_data_in[4]
 la_data_in[5]
 la_data_in[6]
 la_data_in[7]
 la_data_in[8]
 la_data_in[9]
 la_oenb[10]
 la_oenb[11]
 la_oenb[12]
 la_oenb[13]
 la_oenb[14]
 la_oenb[15]
 la_oenb[16]
 la_oenb[17]
 la_oenb[18]
 la_oenb[19]
 la_oenb[20]
 la_oenb[21]
 la_oenb[22]
 la_oenb[23]
 la_oenb[24]
 la_oenb[25]
 la_oenb[26]
 la_oenb[27]
 la_oenb[28]
 la_oenb[29]
 la_oenb[2]
 la_oenb[30]
 la_oenb[31]
 la_oenb[3]
 la_oenb[4]
 la_oenb[5]
 la_oenb[6]
 la_oenb[7]
 la_oenb[8]
 la_oenb[9]
 _1352__124/HI
 _1353__125/HI
 _1354__126/HI
 _1355__127/HI
 _1356__128/HI
 _1357__129/HI
 _1358__130/HI
 _1359__131/HI
 _1360__132/HI
 _1361__133/HI
 _1362__134/HI
 _1363__135/HI
 _1364__136/HI
 _1365__137/HI
 _1366__138/HI
 _1367__139/HI
 _1368__140/HI
 _1369__141/HI
 _1370__142/HI
 _1371__143/HI
 _1372__144/HI
 _1373__145/HI
 _1374__146/HI
 _1375__147/HI
 _1376__148/HI
 _1377__149/HI
 _1378__150/HI
 _1379__151/HI
 _1380__152/HI
 _1381__153/HI
 _1382__154/HI
 _1383__155/HI
 clkload0/Y
 clkload1/Y
 clkload2/Y
Found 0 partially unannotated drivers.

===========================================================================
max slew violation count 0
max fanout violation count 22
max cap violation count 0
============================================================================

===========================================================================
check_setup -verbose -unconstrained_endpoints -multiple_clock -no_clock -no_input_delay -loops -generated_clocks
===========================================================================
Warning: There are 32 unconstrained endpoints.
  la_data_out[0]
  la_data_out[10]
  la_data_out[11]
  la_data_out[12]
  la_data_out[13]
  la_data_out[14]
  la_data_out[15]
  la_data_out[16]
  la_data_out[17]
  la_data_out[18]
  la_data_out[19]
  la_data_out[1]
  la_data_out[20]
  la_data_out[21]
  la_data_out[22]
  la_data_out[23]
  la_data_out[24]
  la_data_out[25]
  la_data_out[26]
  la_data_out[27]
  la_data_out[28]
  la_data_out[29]
  la_data_out[2]
  la_data_out[30]
  la_data_out[31]
  la_data_out[3]
  la_data_out[4]
  la_data_out[5]
  la_data_out[6]
  la_data_out[7]
  la_data_out[8]
  la_data_out[9]
