Clock: clk
Sources: clk 
Generated: no
Virtual: yes
Propagated: no
Period: 25.000000

===========================================================================
report_clock_properties
============================================================================
Clock                   Period          Waveform
----------------------------------------------------
clk                  25.000000    0.000000 12.500000

===========================================================================
report_clock_latency
============================================================================
Clock clk
rise -> rise
    min     max
0.000000 0.000000 source latency
0.327919         network latency _1298_/CLK
        0.348153 network latency _1302_/CLK
---------------
0.327919 0.348153 latency
        0.020234 skew

fall -> fall
    min     max
0.000000 0.000000 source latency
0.280740         network latency _1298_/CLK
        0.296126 network latency _1302_/CLK
---------------
0.280740 0.296126 latency
        0.015386 skew



===========================================================================
report_clock_min_period
============================================================================
clk period_min = 4.32 fmax = 231.56
