
===========================================================================
report_checks -unconstrained
===========================================================================
======================= max_ff_n40C_1v95 Corner ===================================

Startpoint: wb_rst_i (input port clocked by clk)
Endpoint: _2042_ (recovery check against rising-edge clock clk)
Path Group: asynchronous
Path Type: max

Fanout         Cap        Slew       Delay        Time   Description
---------------------------------------------------------------------------------------------
                                  0.000000    0.000000   clock clk (rise edge)
                                  5.570000    5.570000   clock network delay (propagated)
                                 50.000000   55.570000 v input external delay
     2    0.017295    0.000000    0.000000   55.570000 v wb_rst_i (in)
                                                         wb_rst_i (net)
                      0.001973    0.000988   55.570988 v input99/A (sky130_fd_sc_hd__buf_12)
     5    0.218772    0.038125    0.085755   55.656742 v input99/X (sky130_fd_sc_hd__buf_12)
                                                         net99 (net)
                      0.218784    0.101004   55.757748 v fanout451/A (sky130_fd_sc_hd__buf_12)
    11    0.189865    0.078662    0.190290   55.948036 v fanout451/X (sky130_fd_sc_hd__buf_12)
                                                         net451 (net)
                      0.126537    0.050900   55.998936 v fanout450/A (sky130_fd_sc_hd__buf_8)
    17    0.166702    0.090762    0.162011   56.160946 v fanout450/X (sky130_fd_sc_hd__buf_8)
                                                         net450 (net)
                      0.097268    0.018211   56.179157 v fanout449/A (sky130_fd_sc_hd__buf_8)
    21    0.143578    0.079214    0.140460   56.319618 v fanout449/X (sky130_fd_sc_hd__buf_8)
                                                         net449 (net)
                      0.080295    0.008065   56.327682 v fanout448/A (sky130_fd_sc_hd__buf_6)
    21    0.119649    0.077479    0.135689   56.463371 v fanout448/X (sky130_fd_sc_hd__buf_6)
                                                         net448 (net)
                      0.101140    0.033253   56.496624 v _1825_/A (sky130_fd_sc_hd__inv_2)
     1    0.004647    0.035368    0.055309   56.551933 ^ _1825_/Y (sky130_fd_sc_hd__inv_2)
                                                         _0022_ (net)
                      0.035368    0.000252   56.552185 ^ _2042_/RESET_B (sky130_fd_sc_hd__dfrtp_1)
                                             56.552185   data arrival time

                                100.000000  100.000000   clock clk (rise edge)
                                  4.650000  104.649994   clock source latency
     4    0.416147    0.610000    0.000000  104.649994 ^ wb_clk_i (in)
                                                         wb_clk_i (net)
                      1.344100    0.367052  105.017044 ^ clkbuf_regs_0_clk/A (sky130_fd_sc_hd__clkbuf_16)
     3    0.036994    0.073323    0.130562  105.147606 ^ clkbuf_regs_0_clk/X (sky130_fd_sc_hd__clkbuf_16)
                                                         wb_clk_i_regs (net)
                      0.073782    0.008690  105.156296 ^ clkbuf_0_wb_clk_i_regs/A (sky130_fd_sc_hd__clkbuf_16)
     5    0.125671    0.107673    0.147168  105.303467 ^ clkbuf_0_wb_clk_i_regs/X (sky130_fd_sc_hd__clkbuf_16)
                                                         clknet_0_wb_clk_i_regs (net)
                      0.112531    0.017835  105.321304 ^ clkbuf_1_1_0_wb_clk_i_regs/A (sky130_fd_sc_hd__clkbuf_8)
     9    0.097587    0.133287    0.167709  105.489014 ^ clkbuf_1_1_0_wb_clk_i_regs/X (sky130_fd_sc_hd__clkbuf_8)
                                                         clknet_1_1_0_wb_clk_i_regs (net)
                      0.137815    0.019341  105.508354 ^ clkbuf_3_7_0_wb_clk_i_regs/A (sky130_fd_sc_hd__clkbuf_8)
    30    0.217722    0.282661    0.236348  105.744698 ^ clkbuf_3_7_0_wb_clk_i_regs/X (sky130_fd_sc_hd__clkbuf_8)
                                                         clknet_3_7_0_wb_clk_i_regs (net)
                      0.313574    0.070706  105.815407 ^ _2042_/CLK (sky130_fd_sc_hd__dfrtp_1)
                                 -0.200000  105.615410   clock uncertainty
                                  0.000000  105.615410   clock reconvergence pessimism
                                  0.185059  105.800468   library recovery time
                                            105.800468   data required time
---------------------------------------------------------------------------------------------
                                            105.800468   data required time
                                            -56.552185   data arrival time
---------------------------------------------------------------------------------------------
                                             49.248283   slack (MET)


Startpoint: wb_rst_i (input port clocked by clk)
Endpoint: _2029_ (rising edge-triggered flip-flop clocked by clk)
Path Group: clk
Path Type: max

Fanout         Cap        Slew       Delay        Time   Description
---------------------------------------------------------------------------------------------
                                  0.000000    0.000000   clock clk (rise edge)
                                  5.570000    5.570000   clock network delay (propagated)
                                 50.000000   55.570000 v input external delay
     2    0.017295    0.000000    0.000000   55.570000 v wb_rst_i (in)
                                                         wb_rst_i (net)
                      0.001973    0.000988   55.570988 v input99/A (sky130_fd_sc_hd__buf_12)
     5    0.218772    0.038125    0.085755   55.656742 v input99/X (sky130_fd_sc_hd__buf_12)
                                                         net99 (net)
                      0.343882    0.170640   55.827385 v fanout455/A (sky130_fd_sc_hd__buf_12)
    13    0.272947    0.059947    0.223075   56.050457 v fanout455/X (sky130_fd_sc_hd__buf_12)
                                                         net455 (net)
                      0.062520    0.007116   56.057575 v fanout452/A (sky130_fd_sc_hd__buf_8)
    21    0.175606    0.095473    0.136449   56.194023 v fanout452/X (sky130_fd_sc_hd__buf_8)
                                                         net452 (net)
                      0.104534    0.022094   56.216118 v mprj.ffram/wb_rst_i (ffram_WB_Wrapper)
     7    0.225966    0.659829    3.239492   59.455608 ^ mprj.ffram/wbs_dat_o[0] (ffram_WB_Wrapper)
                                                         mprj.wb_decoder.wbs_dat_i_periph_2D[0][0] (net)
                      0.721338    0.153726   59.609337 ^ _1370_/B2 (sky130_fd_sc_hd__a221o_1)
     1    0.004083    0.047376    0.093294   59.702629 ^ _1370_/X (sky130_fd_sc_hd__a221o_1)
                                                         _0527_ (net)
                      0.047377    0.000284   59.702915 ^ _1371_/A_N (sky130_fd_sc_hd__nand2b_1)
     1    0.002076    0.037173    0.060474   59.763390 ^ _1371_/Y (sky130_fd_sc_hd__nand2b_1)
                                                         _0528_ (net)
                      0.037173    0.000149   59.763538 ^ hold750/A (sky130_fd_sc_hd__dlygate4sd3_1)
     1    0.003971    0.045378    0.379259   60.142796 ^ hold750/X (sky130_fd_sc_hd__dlygate4sd3_1)
                                                         net1314 (net)
                      0.045383    0.000284   60.143082 ^ _1372_/B1 (sky130_fd_sc_hd__a211o_1)
     1    0.003730    0.035089    0.063309   60.206390 ^ _1372_/X (sky130_fd_sc_hd__a211o_1)
                                                         _0529_ (net)
                      0.035089    0.000163   60.206554 ^ hold751/A (sky130_fd_sc_hd__dlygate4sd3_1)
     1    0.005035    0.052370    0.384560   60.591114 ^ hold751/X (sky130_fd_sc_hd__dlygate4sd3_1)
                                                         net1315 (net)
                      0.052370    0.000384   60.591499 ^ _1376_/B2 (sky130_fd_sc_hd__a22o_1)
     1    0.004081    0.047792    0.077762   60.669258 ^ _1376_/X (sky130_fd_sc_hd__a22o_1)
                                                         mprj.wb_decoder.next_dat_reg[0] (net)
                      0.047792    0.000291   60.669552 ^ hold752/A (sky130_fd_sc_hd__dlygate4sd3_1)
     1    0.002824    0.037446    0.374492   61.044044 ^ hold752/X (sky130_fd_sc_hd__dlygate4sd3_1)
                                                         net1316 (net)
                      0.037446    0.000185   61.044228 ^ _2029_/D (sky130_fd_sc_hd__dfrtp_4)
                                             61.044228   data arrival time

                                100.000000  100.000000   clock clk (rise edge)
                                  4.650000  104.649994   clock source latency
     4    0.416147    0.610000    0.000000  104.649994 ^ wb_clk_i (in)
                                                         wb_clk_i (net)
                      1.344100    0.367052  105.017044 ^ clkbuf_regs_0_clk/A (sky130_fd_sc_hd__clkbuf_16)
     3    0.036994    0.073323    0.130562  105.147606 ^ clkbuf_regs_0_clk/X (sky130_fd_sc_hd__clkbuf_16)
                                                         wb_clk_i_regs (net)
                      0.073782    0.008690  105.156296 ^ clkbuf_0_wb_clk_i_regs/A (sky130_fd_sc_hd__clkbuf_16)
     5    0.125671    0.107673    0.147168  105.303467 ^ clkbuf_0_wb_clk_i_regs/X (sky130_fd_sc_hd__clkbuf_16)
                                                         clknet_0_wb_clk_i_regs (net)
                      0.112790    0.018311  105.321777 ^ clkbuf_1_0_0_wb_clk_i_regs/A (sky130_fd_sc_hd__clkbuf_8)
     9    0.120305    0.162146    0.183341  105.505119 ^ clkbuf_1_0_0_wb_clk_i_regs/X (sky130_fd_sc_hd__clkbuf_8)
                                                         clknet_1_0_0_wb_clk_i_regs (net)
                      0.167989    0.024222  105.529343 ^ clkbuf_3_1_0_wb_clk_i_regs/A (sky130_fd_sc_hd__clkbuf_8)
    27    0.228961    0.298997    0.288921  105.818260 ^ clkbuf_3_1_0_wb_clk_i_regs/X (sky130_fd_sc_hd__clkbuf_8)
                                                         clknet_3_1_0_wb_clk_i_regs (net)
                      0.303476    0.029324  105.847588 ^ _2029_/CLK (sky130_fd_sc_hd__dfrtp_4)
                                 -0.200000  105.647591   clock uncertainty
                                  0.000000  105.647591   clock reconvergence pessimism
                                 -0.027943  105.619644   library setup time
                                            105.619644   data required time
---------------------------------------------------------------------------------------------
                                            105.619644   data required time
                                            -61.044228   data arrival time
---------------------------------------------------------------------------------------------
                                             44.575417   slack (MET)




===========================================================================
report_checks --slack_max -0.01
============================================================================
======================= max_ff_n40C_1v95 Corner ===================================

No paths found.


===========================================================================
 report_check_types -max_slew -max_cap -max_fanout -violators
============================================================================
======================= max_ff_n40C_1v95 Corner ===================================

max slew

Pin                                        Limit        Slew       Slack
------------------------------------------------------------------------
output226/A                             1.500000    2.858928   -1.358928 (VIOLATED)
ANTENNA_output226_A/DIODE               1.500000    2.858603   -1.358603 (VIOLATED)
ANTENNA_747/DIODE                       1.500000    2.652628   -1.152628 (VIOLATED)
ANTENNA_768/DIODE                       1.500000    2.652625   -1.152625 (VIOLATED)
ANTENNA_772/DIODE                       1.500000    2.652623   -1.152623 (VIOLATED)
ANTENNA_748/DIODE                       1.500000    2.652607   -1.152607 (VIOLATED)
ANTENNA_766/DIODE                       1.500000    2.652606   -1.152606 (VIOLATED)
ANTENNA_770/DIODE                       1.500000    2.652606   -1.152606 (VIOLATED)
ANTENNA_754/DIODE                       1.500000    2.652602   -1.152602 (VIOLATED)
ANTENNA_746/DIODE                       1.500000    2.652589   -1.152589 (VIOLATED)
ANTENNA_753/DIODE                       1.500000    2.652474   -1.152474 (VIOLATED)
ANTENNA_771/DIODE                       1.500000    2.652399   -1.152399 (VIOLATED)
ANTENNA_769/DIODE                       1.500000    2.652362   -1.152362 (VIOLATED)
ANTENNA_776/DIODE                       1.500000    2.652356   -1.152356 (VIOLATED)
ANTENNA_774/DIODE                       1.500000    2.652323   -1.152324 (VIOLATED)
ANTENNA_767/DIODE                       1.500000    2.652299   -1.152299 (VIOLATED)
ANTENNA_773/DIODE                       1.500000    2.652289   -1.152289 (VIOLATED)
ANTENNA_751/DIODE                       1.500000    2.652221   -1.152221 (VIOLATED)
ANTENNA_750/DIODE                       1.500000    2.652184   -1.152185 (VIOLATED)
ANTENNA_745/DIODE                       1.500000    2.652145   -1.152145 (VIOLATED)
ANTENNA_775/DIODE                       1.500000    2.652134   -1.152134 (VIOLATED)
ANTENNA_744/DIODE                       1.500000    2.652103   -1.152104 (VIOLATED)
ANTENNA_752/DIODE                       1.500000    2.652069   -1.152069 (VIOLATED)
ANTENNA_749/DIODE                       1.500000    2.652060   -1.152060 (VIOLATED)
ANTENNA_796/DIODE                       1.500000    2.651017   -1.151018 (VIOLATED)
ANTENNA_795/DIODE                       1.500000    2.650931   -1.150931 (VIOLATED)
ANTENNA_793/DIODE                       1.500000    2.650224   -1.150224 (VIOLATED)
ANTENNA_797/DIODE                       1.500000    2.649850   -1.149850 (VIOLATED)
ANTENNA_792/DIODE                       1.500000    2.649731   -1.149731 (VIOLATED)
ANTENNA__1705__A/DIODE                  1.500000    2.649653   -1.149654 (VIOLATED)
_1705_/A                                1.500000    2.649616   -1.149616 (VIOLATED)
ANTENNA_790/DIODE                       1.500000    2.649142   -1.149142 (VIOLATED)
ANTENNA_791/DIODE                       1.500000    2.648889   -1.148889 (VIOLATED)
ANTENNA_794/DIODE                       1.500000    2.648889   -1.148889 (VIOLATED)
ANTENNA_789/DIODE                       1.500000    2.648869   -1.148869 (VIOLATED)
ANTENNA_788/DIODE                       1.500000    2.648790   -1.148790 (VIOLATED)
ANTENNA_765/DIODE                       1.500000    2.544538   -1.044538 (VIOLATED)
ANTENNA_760/DIODE                       1.500000    2.544194   -1.044194 (VIOLATED)
ANTENNA_764/DIODE                       1.500000    2.543878   -1.043878 (VIOLATED)
ANTENNA_756/DIODE                       1.500000    2.543706   -1.043706 (VIOLATED)
ANTENNA_763/DIODE                       1.500000    2.543488   -1.043488 (VIOLATED)
ANTENNA_755/DIODE                       1.500000    2.543484   -1.043484 (VIOLATED)
ANTENNA_757/DIODE                       1.500000    2.543482   -1.043482 (VIOLATED)
ANTENNA_759/DIODE                       1.500000    2.543483   -1.043483 (VIOLATED)
ANTENNA_762/DIODE                       1.500000    2.543483   -1.043483 (VIOLATED)
ANTENNA_758/DIODE                       1.500000    2.543438   -1.043438 (VIOLATED)
ANTENNA_761/DIODE                       1.500000    2.543197   -1.043197 (VIOLATED)
hold484/X                               1.499524    2.542452   -1.042928 (VIOLATED)
ANTENNA_787/DIODE                       1.500000    2.542795   -1.042795 (VIOLATED)
ANTENNA_785/DIODE                       1.500000    2.542748   -1.042748 (VIOLATED)
ANTENNA_783/DIODE                       1.500000    2.542703   -1.042704 (VIOLATED)
ANTENNA_781/DIODE                       1.500000    2.542663   -1.042663 (VIOLATED)
ANTENNA_779/DIODE                       1.500000    2.542625   -1.042626 (VIOLATED)
ANTENNA_777/DIODE                       1.500000    2.542592   -1.042592 (VIOLATED)
ANTENNA_hold484_X/DIODE                 1.500000    2.542562   -1.042562 (VIOLATED)
ANTENNA_786/DIODE                       1.500000    2.542536   -1.042536 (VIOLATED)
ANTENNA_778/DIODE                       1.500000    2.542535   -1.042535 (VIOLATED)
ANTENNA_780/DIODE                       1.500000    2.542536   -1.042536 (VIOLATED)
ANTENNA_782/DIODE                       1.500000    2.542536   -1.042536 (VIOLATED)
ANTENNA_784/DIODE                       1.500000    2.542536   -1.042536 (VIOLATED)
output268/A                             1.500000    2.385486   -0.885486 (VIOLATED)
ANTENNA_205/DIODE                       1.500000    2.384894   -0.884894 (VIOLATED)
ANTENNA_206/DIODE                       1.500000    2.384540   -0.884540 (VIOLATED)
ANTENNA_output268_A/DIODE               1.500000    2.384073   -0.884073 (VIOLATED)
ANTENNA_207/DIODE                       1.500000    2.382293   -0.882293 (VIOLATED)
ANTENNA_208/DIODE                       1.500000    2.381779   -0.881780 (VIOLATED)
output243/A                             1.500000    2.364123   -0.864123 (VIOLATED)
ANTENNA_output243_A/DIODE               1.500000    2.363369   -0.863369 (VIOLATED)
output267/A                             1.500000    2.359094   -0.859094 (VIOLATED)
ANTENNA_197/DIODE                       1.500000    2.358909   -0.858909 (VIOLATED)
ANTENNA_output267_A/DIODE               1.500000    2.358523   -0.858523 (VIOLATED)
ANTENNA_198/DIODE                       1.500000    2.358429   -0.858429 (VIOLATED)
output246/A                             1.500000    2.357431   -0.857431 (VIOLATED)
ANTENNA_output246_A/DIODE               1.500000    2.357162   -0.857162 (VIOLATED)
ANTENNA_671/DIODE                       1.500000    2.356583   -0.856583 (VIOLATED)
ANTENNA_672/DIODE                       1.500000    2.356567   -0.856568 (VIOLATED)
ANTENNA_665/DIODE                       1.500000    2.356558   -0.856558 (VIOLATED)
ANTENNA_670/DIODE                       1.500000    2.356541   -0.856542 (VIOLATED)
ANTENNA_669/DIODE                       1.500000    2.356534   -0.856534 (VIOLATED)
ANTENNA_664/DIODE                       1.500000    2.356522   -0.856522 (VIOLATED)
ANTENNA_668/DIODE                       1.500000    2.356471   -0.856471 (VIOLATED)
ANTENNA_663/DIODE                       1.500000    2.356451   -0.856451 (VIOLATED)
ANTENNA_667/DIODE                       1.500000    2.356449   -0.856449 (VIOLATED)
ANTENNA_200/DIODE                       1.500000    2.356345   -0.856345 (VIOLATED)
ANTENNA_666/DIODE                       1.500000    2.356331   -0.856331 (VIOLATED)
ANTENNA_650/DIODE                       1.500000    2.356323   -0.856323 (VIOLATED)
ANTENNA_649/DIODE                       1.500000    2.356148   -0.856148 (VIOLATED)
ANTENNA_685/DIODE                       1.500000    2.355930   -0.855930 (VIOLATED)
ANTENNA_648/DIODE                       1.500000    2.355921   -0.855921 (VIOLATED)
ANTENNA_684/DIODE                       1.500000    2.355918   -0.855918 (VIOLATED)
ANTENNA_686/DIODE                       1.500000    2.355889   -0.855889 (VIOLATED)
ANTENNA_687/DIODE                       1.500000    2.355838   -0.855838 (VIOLATED)
ANTENNA_199/DIODE                       1.500000    2.355710   -0.855710 (VIOLATED)
ANTENNA_647/DIODE                       1.500000    2.355222   -0.855221 (VIOLATED)
ANTENNA_646/DIODE                       1.500000    2.355166   -0.855166 (VIOLATED)
ANTENNA_645/DIODE                       1.500000    2.355058   -0.855058 (VIOLATED)
ANTENNA_644/DIODE                       1.500000    2.355017   -0.855017 (VIOLATED)
ANTENNA_643/DIODE                       1.500000    2.354949   -0.854949 (VIOLATED)
ANTENNA_642/DIODE                       1.500000    2.354501   -0.854502 (VIOLATED)
ANTENNA_640/DIODE                       1.500000    2.354033   -0.854033 (VIOLATED)
ANTENNA__1702__A/DIODE                  1.500000    2.353910   -0.853910 (VIOLATED)
_1702_/A                                1.500000    2.353367   -0.853367 (VIOLATED)
ANTENNA_641/DIODE                       1.500000    2.351884   -0.851884 (VIOLATED)
ANTENNA_662/DIODE                       1.500000    2.351086   -0.851086 (VIOLATED)
ANTENNA_mprj.team_00_Wrapper.team_00_WB.instance_to_wrap_en/DIODE    1.500000    2.333505   -0.833506 (VIOLATED)
mprj.team_00_Wrapper.team_00_WB.instance_to_wrap/en    1.500000    2.333394   -0.833394 (VIOLATED)
ANTENNA_887/DIODE                       1.500000    2.324787   -0.824787 (VIOLATED)
ANTENNA_872/DIODE                       1.500000    2.324781   -0.824781 (VIOLATED)
ANTENNA_886/DIODE                       1.500000    2.324778   -0.824778 (VIOLATED)
ANTENNA_877/DIODE                       1.500000    2.324776   -0.824776 (VIOLATED)
ANTENNA_863/DIODE                       1.500000    2.324759   -0.824759 (VIOLATED)
ANTENNA_861/DIODE                       1.500000    2.324756   -0.824756 (VIOLATED)
ANTENNA_888/DIODE                       1.500000    2.324754   -0.824755 (VIOLATED)
ANTENNA_864/DIODE                       1.500000    2.324753   -0.824753 (VIOLATED)
ANTENNA_871/DIODE                       1.500000    2.324738   -0.824738 (VIOLATED)
ANTENNA_862/DIODE                       1.500000    2.324733   -0.824733 (VIOLATED)
ANTENNA_878/DIODE                       1.500000    2.324692   -0.824692 (VIOLATED)
ANTENNA_885/DIODE                       1.500000    2.324614   -0.824614 (VIOLATED)
ANTENNA_880/DIODE                       1.500000    2.324598   -0.824598 (VIOLATED)
ANTENNA_879/DIODE                       1.500000    2.324578   -0.824578 (VIOLATED)
ANTENNA_869/DIODE                       1.500000    2.323951   -0.823951 (VIOLATED)
ANTENNA_870/DIODE                       1.500000    2.323776   -0.823776 (VIOLATED)
ANTENNA__1707__A/DIODE                  1.500000    2.323775   -0.823775 (VIOLATED)
_1707_/A                                1.500000    2.323161   -0.823161 (VIOLATED)
ANTENNA_731/DIODE                       1.500000    2.288273   -0.788273 (VIOLATED)
ANTENNA_723/DIODE                       1.500000    2.288270   -0.788271 (VIOLATED)
ANTENNA_728/DIODE                       1.500000    2.288247   -0.788247 (VIOLATED)
ANTENNA_729/DIODE                       1.500000    2.288232   -0.788232 (VIOLATED)
ANTENNA_730/DIODE                       1.500000    2.288212   -0.788212 (VIOLATED)
ANTENNA_722/DIODE                       1.500000    2.288072   -0.788072 (VIOLATED)
ANTENNA_726/DIODE                       1.500000    2.287976   -0.787976 (VIOLATED)
ANTENNA_732/DIODE                       1.500000    2.287962   -0.787962 (VIOLATED)
ANTENNA_707/DIODE                       1.500000    2.287959   -0.787960 (VIOLATED)
ANTENNA_702/DIODE                       1.500000    2.287928   -0.787928 (VIOLATED)
ANTENNA_705/DIODE                       1.500000    2.287864   -0.787864 (VIOLATED)
ANTENNA_701/DIODE                       1.500000    2.287678   -0.787678 (VIOLATED)
ANTENNA_700/DIODE                       1.500000    2.287662   -0.787662 (VIOLATED)
ANTENNA_703/DIODE                       1.500000    2.287541   -0.787541 (VIOLATED)
ANTENNA_727/DIODE                       1.500000    2.287365   -0.787365 (VIOLATED)
ANTENNA_725/DIODE                       1.500000    2.287351   -0.787351 (VIOLATED)
ANTENNA_710/DIODE                       1.500000    2.287349   -0.787349 (VIOLATED)
ANTENNA_724/DIODE                       1.500000    2.287339   -0.787339 (VIOLATED)
ANTENNA_706/DIODE                       1.500000    2.287323   -0.787323 (VIOLATED)
ANTENNA_704/DIODE                       1.500000    2.287313   -0.787313 (VIOLATED)
ANTENNA_709/DIODE                       1.500000    2.287280   -0.787280 (VIOLATED)
ANTENNA_708/DIODE                       1.500000    2.286897   -0.786897 (VIOLATED)
_1704_/A                                1.500000    2.285599   -0.785600 (VIOLATED)
ANTENNA__1704__A/DIODE                  1.500000    2.285553   -0.785553 (VIOLATED)
ANTENNA_680/DIODE                       1.500000    2.281384   -0.781384 (VIOLATED)
ANTENNA_681/DIODE                       1.500000    2.281032   -0.781032 (VIOLATED)
ANTENNA_679/DIODE                       1.500000    2.280617   -0.780617 (VIOLATED)
ANTENNA_661/DIODE                       1.500000    2.280413   -0.780413 (VIOLATED)
ANTENNA_656/DIODE                       1.500000    2.280146   -0.780146 (VIOLATED)
ANTENNA_677/DIODE                       1.500000    2.280146   -0.780146 (VIOLATED)
ANTENNA_657/DIODE                       1.500000    2.280145   -0.780145 (VIOLATED)
ANTENNA_659/DIODE                       1.500000    2.280144   -0.780144 (VIOLATED)
ANTENNA_673/DIODE                       1.500000    2.280100   -0.780100 (VIOLATED)
ANTENNA_676/DIODE                       1.500000    2.279814   -0.779814 (VIOLATED)
ANTENNA_658/DIODE                       1.500000    2.279659   -0.779659 (VIOLATED)
ANTENNA_655/DIODE                       1.500000    2.279461   -0.779461 (VIOLATED)
ANTENNA_651/DIODE                       1.500000    2.279459   -0.779459 (VIOLATED)
ANTENNA_652/DIODE                       1.500000    2.279459   -0.779459 (VIOLATED)
ANTENNA_653/DIODE                       1.500000    2.279458   -0.779458 (VIOLATED)
ANTENNA_654/DIODE                       1.500000    2.279457   -0.779457 (VIOLATED)
ANTENNA_683/DIODE                       1.500000    2.279442   -0.779442 (VIOLATED)
ANTENNA_682/DIODE                       1.500000    2.279440   -0.779440 (VIOLATED)
ANTENNA_678/DIODE                       1.500000    2.279429   -0.779429 (VIOLATED)
ANTENNA_660/DIODE                       1.500000    2.279424   -0.779425 (VIOLATED)
ANTENNA_674/DIODE                       1.500000    2.279380   -0.779380 (VIOLATED)
ANTENNA_675/DIODE                       1.500000    2.279131   -0.779131 (VIOLATED)
hold364/X                               1.499524    2.278576   -0.779052 (VIOLATED)
ANTENNA_hold364_X/DIODE                 1.500000    2.278661   -0.778661 (VIOLATED)
ANTENNA_892/DIODE                       1.500000    2.250174   -0.750174 (VIOLATED)
ANTENNA_882/DIODE                       1.500000    2.249836   -0.749836 (VIOLATED)
ANTENNA_874/DIODE                       1.500000    2.249786   -0.749786 (VIOLATED)
ANTENNA_873/DIODE                       1.500000    2.249498   -0.749498 (VIOLATED)
ANTENNA_868/DIODE                       1.500000    2.249341   -0.749341 (VIOLATED)
ANTENNA_890/DIODE                       1.500000    2.249146   -0.749146 (VIOLATED)
ANTENNA_891/DIODE                       1.500000    2.249146   -0.749146 (VIOLATED)
ANTENNA_876/DIODE                       1.500000    2.249143   -0.749143 (VIOLATED)
ANTENNA_866/DIODE                       1.500000    2.249141   -0.749141 (VIOLATED)
ANTENNA_865/DIODE                       1.500000    2.249138   -0.749138 (VIOLATED)
ANTENNA_867/DIODE                       1.500000    2.249138   -0.749138 (VIOLATED)
ANTENNA_881/DIODE                       1.500000    2.249139   -0.749139 (VIOLATED)
ANTENNA_883/DIODE                       1.500000    2.249139   -0.749139 (VIOLATED)
ANTENNA_884/DIODE                       1.500000    2.249098   -0.749098 (VIOLATED)
ANTENNA_875/DIODE                       1.500000    2.248854   -0.748854 (VIOLATED)
hold587/X                               1.499524    2.248231   -0.748707 (VIOLATED)
ANTENNA_889/DIODE                       1.500000    2.248669   -0.748669 (VIOLATED)
ANTENNA_hold587_X/DIODE                 1.500000    2.248306   -0.748306 (VIOLATED)
ANTENNA_mprj.team_00_Wrapper.team_00_WB.instance_to_wrap_gpio_out[26]/DIODE    1.500000    2.239448   -0.739448 (VIOLATED)
mprj.team_00_Wrapper.team_00_WB.instance_to_wrap/gpio_out[26]    1.500000    2.239448   -0.739448 (VIOLATED)
ANTENNA_717/DIODE                       1.500000    2.213835   -0.713835 (VIOLATED)
ANTENNA_716/DIODE                       1.500000    2.213555   -0.713555 (VIOLATED)
ANTENNA_711/DIODE                       1.500000    2.213415   -0.713415 (VIOLATED)
ANTENNA_721/DIODE                       1.500000    2.213216   -0.713216 (VIOLATED)
ANTENNA_713/DIODE                       1.500000    2.213215   -0.713215 (VIOLATED)
ANTENNA_715/DIODE                       1.500000    2.213215   -0.713215 (VIOLATED)
ANTENNA_719/DIODE                       1.500000    2.213215   -0.713216 (VIOLATED)
ANTENNA_712/DIODE                       1.500000    2.213176   -0.713176 (VIOLATED)
ANTENNA_714/DIODE                       1.500000    2.213138   -0.713138 (VIOLATED)
ANTENNA_718/DIODE                       1.500000    2.213101   -0.713101 (VIOLATED)
ANTENNA_720/DIODE                       1.500000    2.212892   -0.712892 (VIOLATED)
hold464/X                               1.499524    2.212251   -0.712727 (VIOLATED)
ANTENNA_743/DIODE                       1.500000    2.212487   -0.712487 (VIOLATED)
ANTENNA_741/DIODE                       1.500000    2.212452   -0.712452 (VIOLATED)
ANTENNA_739/DIODE                       1.500000    2.212414   -0.712414 (VIOLATED)
ANTENNA_737/DIODE                       1.500000    2.212384   -0.712384 (VIOLATED)
ANTENNA_735/DIODE                       1.500000    2.212356   -0.712356 (VIOLATED)
ANTENNA_738/DIODE                       1.500000    2.212327   -0.712328 (VIOLATED)
ANTENNA_740/DIODE                       1.500000    2.212328   -0.712328 (VIOLATED)
ANTENNA_742/DIODE                       1.500000    2.212328   -0.712328 (VIOLATED)
ANTENNA_733/DIODE                       1.500000    2.212326   -0.712326 (VIOLATED)
ANTENNA_734/DIODE                       1.500000    2.212327   -0.712327 (VIOLATED)
ANTENNA_736/DIODE                       1.500000    2.212327   -0.712327 (VIOLATED)
ANTENNA_hold464_X/DIODE                 1.500000    2.212326   -0.712326 (VIOLATED)
output191/A                             1.500000    2.195995   -0.695996 (VIOLATED)
ANTENNA_output191_A/DIODE               1.500000    2.195663   -0.695664 (VIOLATED)
ANTENNA_189/DIODE                       1.500000    2.195354   -0.695354 (VIOLATED)
ANTENNA_output242_A/DIODE               1.500000    2.176068   -0.676068 (VIOLATED)
output242/A                             1.500000    2.175123   -0.675123 (VIOLATED)
ANTENNA_1224/DIODE                      1.500000    2.114908   -0.614908 (VIOLATED)
ANTENNA_1220/DIODE                      1.500000    2.114905   -0.614905 (VIOLATED)
ANTENNA_1219/DIODE                      1.500000    2.114902   -0.614902 (VIOLATED)
ANTENNA_1223/DIODE                      1.500000    2.114778   -0.614778 (VIOLATED)
ANTENNA_637/DIODE                       1.500000    2.114756   -0.614756 (VIOLATED)
ANTENNA_633/DIODE                       1.500000    2.114734   -0.614735 (VIOLATED)
ANTENNA_632/DIODE                       1.500000    2.114719   -0.614719 (VIOLATED)
ANTENNA_1217/DIODE                      1.500000    2.114617   -0.614617 (VIOLATED)
ANTENNA_636/DIODE                       1.500000    2.114598   -0.614598 (VIOLATED)
ANTENNA_1215/DIODE                      1.500000    2.114352   -0.614352 (VIOLATED)
ANTENNA__1685__A/DIODE                  1.500000    2.113615   -0.613615 (VIOLATED)
_1685_/A                                1.500000    2.113615   -0.613615 (VIOLATED)
output225/A                             1.500000    2.079933   -0.579933 (VIOLATED)
ANTENNA_output225_A/DIODE               1.500000    2.079681   -0.579681 (VIOLATED)
hold354/X                               1.499524    2.066239   -0.566715 (VIOLATED)
ANTENNA_1218/DIODE                      1.500000    2.066433   -0.566433 (VIOLATED)
ANTENNA_1225/DIODE                      1.500000    2.066434   -0.566434 (VIOLATED)
ANTENNA_1226/DIODE                      1.500000    2.066434   -0.566434 (VIOLATED)
ANTENNA_639/DIODE                       1.500000    2.066433   -0.566433 (VIOLATED)
ANTENNA_638/DIODE                       1.500000    2.066432   -0.566432 (VIOLATED)
ANTENNA_hold354_X/DIODE                 1.500000    2.066429   -0.566429 (VIOLATED)
ANTENNA_1216/DIODE                      1.500000    2.066324   -0.566324 (VIOLATED)
ANTENNA_1221/DIODE                      1.500000    2.066322   -0.566322 (VIOLATED)
ANTENNA_1222/DIODE                      1.500000    2.066322   -0.566322 (VIOLATED)
ANTENNA_635/DIODE                       1.500000    2.066321   -0.566321 (VIOLATED)
ANTENNA_634/DIODE                       1.500000    2.066320   -0.566320 (VIOLATED)
ANTENNA_544/DIODE                       1.500000    2.060210   -0.560210 (VIOLATED)
ANTENNA_543/DIODE                       1.500000    2.060194   -0.560194 (VIOLATED)
ANTENNA_541/DIODE                       1.500000    2.060187   -0.560187 (VIOLATED)
ANTENNA_537/DIODE                       1.500000    2.060181   -0.560181 (VIOLATED)
ANTENNA_538/DIODE                       1.500000    2.060151   -0.560151 (VIOLATED)
ANTENNA_542/DIODE                       1.500000    2.060140   -0.560140 (VIOLATED)
ANTENNA_540/DIODE                       1.500000    2.060091   -0.560091 (VIOLATED)
ANTENNA_539/DIODE                       1.500000    2.060086   -0.560086 (VIOLATED)
ANTENNA_536/DIODE                       1.500000    2.060059   -0.560059 (VIOLATED)
ANTENNA_526/DIODE                       1.500000    2.059780   -0.559780 (VIOLATED)
ANTENNA_524/DIODE                       1.500000    2.059741   -0.559740 (VIOLATED)
ANTENNA_523/DIODE                       1.500000    2.059692   -0.559693 (VIOLATED)
ANTENNA_521/DIODE                       1.500000    2.059642   -0.559642 (VIOLATED)
ANTENNA_555/DIODE                       1.500000    2.059628   -0.559628 (VIOLATED)
ANTENNA_519/DIODE                       1.500000    2.059584   -0.559584 (VIOLATED)
ANTENNA_554/DIODE                       1.500000    2.059572   -0.559573 (VIOLATED)
ANTENNA__1681__A/DIODE                  1.500000    2.059572   -0.559572 (VIOLATED)
_1681_/A                                1.500000    2.059511   -0.559511 (VIOLATED)
ANTENNA_556/DIODE                       1.500000    2.059486   -0.559486 (VIOLATED)
ANTENNA_518/DIODE                       1.500000    2.059432   -0.559432 (VIOLATED)
ANTENNA_557/DIODE                       1.500000    2.059400   -0.559400 (VIOLATED)
ANTENNA_520/DIODE                       1.500000    2.059335   -0.559335 (VIOLATED)
ANTENNA_522/DIODE                       1.500000    2.059246   -0.559246 (VIOLATED)
ANTENNA_525/DIODE                       1.500000    2.058784   -0.558784 (VIOLATED)
hold239/X                               1.499524    2.015074   -0.515550 (VIOLATED)
ANTENNA_550/DIODE                       1.500000    2.015412   -0.515412 (VIOLATED)
ANTENNA_552/DIODE                       1.500000    2.015275   -0.515275 (VIOLATED)
ANTENNA_528/DIODE                       1.500000    2.015191   -0.515191 (VIOLATED)
ANTENNA_535/DIODE                       1.500000    2.015191   -0.515191 (VIOLATED)
ANTENNA_533/DIODE                       1.500000    2.015191   -0.515191 (VIOLATED)
ANTENNA_534/DIODE                       1.500000    2.015191   -0.515191 (VIOLATED)
ANTENNA_546/DIODE                       1.500000    2.015191   -0.515191 (VIOLATED)
ANTENNA_553/DIODE                       1.500000    2.015190   -0.515190 (VIOLATED)
ANTENNA_529/DIODE                       1.500000    2.015189   -0.515189 (VIOLATED)
ANTENNA_551/DIODE                       1.500000    2.015188   -0.515188 (VIOLATED)
ANTENNA_531/DIODE                       1.500000    2.015187   -0.515187 (VIOLATED)
ANTENNA_532/DIODE                       1.500000    2.015187   -0.515187 (VIOLATED)
ANTENNA_530/DIODE                       1.500000    2.015186   -0.515186 (VIOLATED)
ANTENNA_547/DIODE                       1.500000    2.015185   -0.515185 (VIOLATED)
ANTENNA_549/DIODE                       1.500000    2.015185   -0.515185 (VIOLATED)
ANTENNA_hold239_X/DIODE                 1.500000    2.015186   -0.515186 (VIOLATED)
ANTENNA_527/DIODE                       1.500000    2.015180   -0.515180 (VIOLATED)
ANTENNA_545/DIODE                       1.500000    2.015178   -0.515178 (VIOLATED)
ANTENNA_548/DIODE                       1.500000    2.015162   -0.515162 (VIOLATED)
mprj.team_00_Wrapper.team_00_WB.instance_to_wrap/la_data_in[5]    1.500000    2.009973   -0.509973 (VIOLATED)
ANTENNA_mprj.team_00_Wrapper.team_00_WB.instance_to_wrap_la_data_in[5]/DIODE    1.500000    2.009964   -0.509964 (VIOLATED)
ANTENNA_422/DIODE                       1.500000    1.970509   -0.470509 (VIOLATED)
ANTENNA_421/DIODE                       1.500000    1.970502   -0.470502 (VIOLATED)
ANTENNA_414/DIODE                       1.500000    1.970496   -0.470496 (VIOLATED)
ANTENNA_413/DIODE                       1.500000    1.970485   -0.470485 (VIOLATED)
ANTENNA__1682__A/DIODE                  1.500000    1.970472   -0.470472 (VIOLATED)
_1682_/A                                1.500000    1.970465   -0.470465 (VIOLATED)
ANTENNA_409/DIODE                       1.500000    1.970429   -0.470429 (VIOLATED)
ANTENNA_410/DIODE                       1.500000    1.970402   -0.470402 (VIOLATED)
ANTENNA_417/DIODE                       1.500000    1.970289   -0.470289 (VIOLATED)
ANTENNA_418/DIODE                       1.500000    1.970159   -0.470159 (VIOLATED)
hold140/X                               1.499524    1.929342   -0.429818 (VIOLATED)
ANTENNA_423/DIODE                       1.500000    1.929521   -0.429521 (VIOLATED)
ANTENNA_419/DIODE                       1.500000    1.929392   -0.429392 (VIOLATED)
ANTENNA_411/DIODE                       1.500000    1.929371   -0.429371 (VIOLATED)
ANTENNA_424/DIODE                       1.500000    1.929370   -0.429370 (VIOLATED)
ANTENNA_415/DIODE                       1.500000    1.929370   -0.429370 (VIOLATED)
ANTENNA_416/DIODE                       1.500000    1.929370   -0.429370 (VIOLATED)
ANTENNA_412/DIODE                       1.500000    1.929368   -0.429369 (VIOLATED)
ANTENNA_420/DIODE                       1.500000    1.929368   -0.429368 (VIOLATED)
ANTENNA_hold140_X/DIODE                 1.500000    1.929367   -0.429367 (VIOLATED)
output205/A                             1.500000    1.925970   -0.425970 (VIOLATED)
ANTENNA_191/DIODE                       1.500000    1.925665   -0.425666 (VIOLATED)
ANTENNA_output205_A/DIODE               1.500000    1.925633   -0.425633 (VIOLATED)
ANTENNA_608/DIODE                       1.500000    1.902048   -0.402048 (VIOLATED)
ANTENNA_600/DIODE                       1.500000    1.902034   -0.402034 (VIOLATED)
ANTENNA_607/DIODE                       1.500000    1.902025   -0.402025 (VIOLATED)
ANTENNA_615/DIODE                       1.500000    1.901884   -0.401885 (VIOLATED)
ANTENNA_611/DIODE                       1.500000    1.901877   -0.401877 (VIOLATED)
ANTENNA_603/DIODE                       1.500000    1.901853   -0.401853 (VIOLATED)
_1684_/A                                1.500000    1.901836   -0.401836 (VIOLATED)
ANTENNA__1684__A/DIODE                  1.500000    1.901826   -0.401826 (VIOLATED)
ANTENNA_604/DIODE                       1.500000    1.901752   -0.401752 (VIOLATED)
ANTENNA_612/DIODE                       1.500000    1.901706   -0.401706 (VIOLATED)
ANTENNA_599/DIODE                       1.500000    1.901459   -0.401459 (VIOLATED)
ANTENNA_mprj.team_00_Wrapper.team_00_WB.instance_to_wrap_gpio_in[33]/DIODE    1.500000    1.885280   -0.385280 (VIOLATED)
mprj.team_00_Wrapper.team_00_WB.instance_to_wrap/gpio_in[33]    1.500000    1.885248   -0.385249 (VIOLATED)
output223/A                             1.500000    1.883123   -0.383123 (VIOLATED)
ANTENNA_output223_A/DIODE               1.500000    1.882781   -0.382781 (VIOLATED)
output189/A                             1.500000    1.874559   -0.374559 (VIOLATED)
ANTENNA_output189_A/DIODE               1.500000    1.874127   -0.374127 (VIOLATED)
ANTENNA_606/DIODE                       1.500000    1.863243   -0.363243 (VIOLATED)
ANTENNA_614/DIODE                       1.500000    1.863132   -0.363132 (VIOLATED)
hold340/X                               1.499524    1.862569   -0.363045 (VIOLATED)
ANTENNA_hold340_X/DIODE                 1.500000    1.862949   -0.362949 (VIOLATED)
ANTENNA_613/DIODE                       1.500000    1.862926   -0.362926 (VIOLATED)
ANTENNA_605/DIODE                       1.500000    1.862802   -0.362802 (VIOLATED)
ANTENNA_610/DIODE                       1.500000    1.862733   -0.362733 (VIOLATED)
ANTENNA_609/DIODE                       1.500000    1.862732   -0.362732 (VIOLATED)
ANTENNA_602/DIODE                       1.500000    1.862730   -0.362730 (VIOLATED)
ANTENNA_601/DIODE                       1.500000    1.862724   -0.362724 (VIOLATED)
ANTENNA_mprj.team_00_Wrapper.team_00_WB.instance_to_wrap_gpio_oeb[25]/DIODE    1.500000    1.860695   -0.360695 (VIOLATED)
mprj.team_00_Wrapper.team_00_WB.instance_to_wrap/gpio_oeb[25]    1.500000    1.860679   -0.360679 (VIOLATED)
_1710_/A                                1.500000    1.859473   -0.359473 (VIOLATED)
ANTENNA__1710__A/DIODE                  1.500000    1.859436   -0.359436 (VIOLATED)
output254/A                             1.500000    1.847309   -0.347309 (VIOLATED)
ANTENNA_output254_A/DIODE               1.500000    1.846657   -0.346657 (VIOLATED)
ANTENNA_mprj.team_00_Wrapper.team_00_WB.instance_to_wrap_gpio_out[25]/DIODE    1.500000    1.842962   -0.342962 (VIOLATED)
mprj.team_00_Wrapper.team_00_WB.instance_to_wrap/gpio_out[25]    1.500000    1.842962   -0.342962 (VIOLATED)
output252/A                             1.500000    1.824461   -0.324461 (VIOLATED)
ANTENNA_output252_A/DIODE               1.500000    1.824429   -0.324429 (VIOLATED)
ANTENNA_1295/DIODE                      1.500000    1.823534   -0.323535 (VIOLATED)
ANTENNA_235/DIODE                       1.500000    1.812530   -0.312530 (VIOLATED)
ANTENNA__1076__A2/DIODE                 1.500000    1.812476   -0.312476 (VIOLATED)
_1076_/A2                               1.500000    1.812359   -0.312359 (VIOLATED)
ANTENNA_224/DIODE                       1.500000    1.812158   -0.312158 (VIOLATED)
ANTENNA_244/DIODE                       1.500000    1.812000   -0.312000 (VIOLATED)
ANTENNA_242/DIODE                       1.500000    1.811978   -0.311978 (VIOLATED)
ANTENNA_238/DIODE                       1.500000    1.811970   -0.311970 (VIOLATED)
ANTENNA_225/DIODE                       1.500000    1.811965   -0.311965 (VIOLATED)
ANTENNA_227/DIODE                       1.500000    1.811586   -0.311586 (VIOLATED)
ANTENNA_233/DIODE                       1.500000    1.811335   -0.311335 (VIOLATED)
ANTENNA_245/DIODE                       1.500000    1.811312   -0.311312 (VIOLATED)
ANTENNA_236/DIODE                       1.500000    1.811242   -0.311242 (VIOLATED)
ANTENNA_241/DIODE                       1.500000    1.811215   -0.311215 (VIOLATED)
ANTENNA_231/DIODE                       1.500000    1.811021   -0.311021 (VIOLATED)
ANTENNA_228/DIODE                       1.500000    1.810984   -0.310984 (VIOLATED)
ANTENNA_230/DIODE                       1.500000    1.810874   -0.310874 (VIOLATED)
ANTENNA_237/DIODE                       1.500000    1.810874   -0.310874 (VIOLATED)
ANTENNA_226/DIODE                       1.500000    1.810781   -0.310781 (VIOLATED)
ANTENNA_243/DIODE                       1.500000    1.810744   -0.310744 (VIOLATED)
ANTENNA_229/DIODE                       1.500000    1.810734   -0.310734 (VIOLATED)
ANTENNA_239/DIODE                       1.500000    1.810704   -0.310704 (VIOLATED)
ANTENNA_232/DIODE                       1.500000    1.809796   -0.309796 (VIOLATED)
ANTENNA_240/DIODE                       1.500000    1.809208   -0.309208 (VIOLATED)
ANTENNA_mprj.team_00_Wrapper.team_00_WB.instance_to_wrap_la_oenb[5]/DIODE    1.500000    1.808684   -0.308685 (VIOLATED)
mprj.team_00_Wrapper.team_00_WB.instance_to_wrap/la_oenb[5]    1.500000    1.808661   -0.308661 (VIOLATED)
ANTENNA_234/DIODE                       1.500000    1.807107   -0.307107 (VIOLATED)
hold116/X                               1.499524    1.803983   -0.304459 (VIOLATED)
ANTENNA__1178__A/DIODE                  1.500000    1.804368   -0.304368 (VIOLATED)
_1178_/A                                1.500000    1.804368   -0.304368 (VIOLATED)
ANTENNA_hold116_X/DIODE                 1.500000    1.804072   -0.304072 (VIOLATED)
output183/A                             1.500000    1.803292   -0.303292 (VIOLATED)
ANTENNA_output183_A/DIODE               1.500000    1.802955   -0.302955 (VIOLATED)
ANTENNA_mprj.team_00_Wrapper.team_00_WB.instance_to_wrap_la_data_in[6]/DIODE    1.500000    1.792178   -0.292178 (VIOLATED)
mprj.team_00_Wrapper.team_00_WB.instance_to_wrap/la_data_in[6]    1.500000    1.792136   -0.292136 (VIOLATED)
output192/A                             1.500000    1.780536   -0.280536 (VIOLATED)
ANTENNA_output192_A/DIODE               1.500000    1.780233   -0.280233 (VIOLATED)
ANTENNA_1124/DIODE                      1.500000    1.779967   -0.279967 (VIOLATED)
ANTENNA_1129/DIODE                      1.500000    1.779817   -0.279817 (VIOLATED)
ANTENNA_1127/DIODE                      1.500000    1.779803   -0.279803 (VIOLATED)
ANTENNA_1128/DIODE                      1.500000    1.779321   -0.279321 (VIOLATED)
ANTENNA_1125/DIODE                      1.500000    1.779256   -0.279256 (VIOLATED)
ANTENNA_1126/DIODE                      1.500000    1.779254   -0.279254 (VIOLATED)
ANTENNA_mprj.team_00_Wrapper.team_00_WB.instance_to_wrap_la_oenb[6]/DIODE    1.500000    1.761580   -0.261580 (VIOLATED)
mprj.team_00_Wrapper.team_00_WB.instance_to_wrap/la_oenb[6]    1.500000    1.761580   -0.261580 (VIOLATED)
output217/A                             1.500000    1.753652   -0.253652 (VIOLATED)
ANTENNA_output217_A/DIODE               1.500000    1.753297   -0.253297 (VIOLATED)
ANTENNA_454/DIODE                       1.500000    1.749555   -0.249555 (VIOLATED)
ANTENNA_450/DIODE                       1.500000    1.749549   -0.249549 (VIOLATED)
ANTENNA_449/DIODE                       1.500000    1.749536   -0.249536 (VIOLATED)
ANTENNA_446/DIODE                       1.500000    1.749529   -0.249529 (VIOLATED)
ANTENNA_441/DIODE                       1.500000    1.749515   -0.249515 (VIOLATED)
_1689_/A                                1.500000    1.749512   -0.249512 (VIOLATED)
ANTENNA__1689__A/DIODE                  1.500000    1.749482   -0.249482 (VIOLATED)
ANTENNA_442/DIODE                       1.500000    1.749457   -0.249458 (VIOLATED)
ANTENNA_445/DIODE                       1.500000    1.749406   -0.249406 (VIOLATED)
ANTENNA_453/DIODE                       1.500000    1.749250   -0.249250 (VIOLATED)
ANTENNA_mprj.team_00_Wrapper.team_00_WB.instance_to_wrap_gpio_in[32]/DIODE    1.500000    1.734417   -0.234417 (VIOLATED)
mprj.team_00_Wrapper.team_00_WB.instance_to_wrap/gpio_in[32]    1.500000    1.734357   -0.234357 (VIOLATED)
hold159/X                               1.499524    1.721093   -0.221569 (VIOLATED)
ANTENNA_456/DIODE                       1.500000    1.721139   -0.221139 (VIOLATED)
ANTENNA_448/DIODE                       1.500000    1.721138   -0.221138 (VIOLATED)
ANTENNA_443/DIODE                       1.500000    1.721116   -0.221116 (VIOLATED)
ANTENNA_447/DIODE                       1.500000    1.721115   -0.221115 (VIOLATED)
ANTENNA_451/DIODE                       1.500000    1.721115   -0.221115 (VIOLATED)
ANTENNA_455/DIODE                       1.500000    1.721115   -0.221115 (VIOLATED)
ANTENNA_hold159_X/DIODE                 1.500000    1.721115   -0.221115 (VIOLATED)
ANTENNA_452/DIODE                       1.500000    1.721115   -0.221115 (VIOLATED)
ANTENNA_444/DIODE                       1.500000    1.721115   -0.221115 (VIOLATED)
ANTENNA_mprj.team_00_Wrapper.team_00_WB.instance_to_wrap_la_data_in[2]/DIODE    1.500000    1.711752   -0.211752 (VIOLATED)
mprj.team_00_Wrapper.team_00_WB.instance_to_wrap/la_data_in[2]    1.500000    1.711741   -0.211741 (VIOLATED)
ANTENNA_mprj.team_00_Wrapper.team_00_WB.instance_to_wrap_la_oenb[22]/DIODE    1.500000    1.698141   -0.198141 (VIOLATED)
mprj.team_00_Wrapper.team_00_WB.instance_to_wrap/la_oenb[22]    1.500000    1.698086   -0.198086 (VIOLATED)
ANTENNA_mprj.team_00_Wrapper.team_00_WB.instance_to_wrap_la_data_in[3]/DIODE    1.500000    1.697648   -0.197648 (VIOLATED)
mprj.team_00_Wrapper.team_00_WB.instance_to_wrap/la_data_in[3]    1.500000    1.697589   -0.197589 (VIOLATED)
ANTENNA_mprj.team_00_Wrapper.team_00_WB.instance_to_wrap_gpio_oeb[23]/DIODE    1.500000    1.695871   -0.195871 (VIOLATED)
mprj.team_00_Wrapper.team_00_WB.instance_to_wrap/gpio_oeb[23]    1.500000    1.695820   -0.195820 (VIOLATED)
ANTENNA_mprj.team_00_Wrapper.team_00_WB.instance_to_wrap_gpio_in[20]/DIODE    1.500000    1.693475   -0.193475 (VIOLATED)
mprj.team_00_Wrapper.team_00_WB.instance_to_wrap/gpio_in[20]    1.500000    1.693311   -0.193311 (VIOLATED)
_1686_/A                                1.500000    1.680901   -0.180901 (VIOLATED)
ANTENNA__1686__A/DIODE                  1.500000    1.680901   -0.180901 (VIOLATED)
hold91/X                                1.499524    1.678946   -0.179422 (VIOLATED)
ANTENNA_hold91_X/DIODE                  1.500000    1.679061   -0.179061 (VIOLATED)
mprj.team_00_Wrapper.team_00_WB.instance_to_wrap/la_oenb[7]    1.500000    1.676068   -0.176068 (VIOLATED)
ANTENNA_mprj.team_00_Wrapper.team_00_WB.instance_to_wrap_la_oenb[7]/DIODE    1.500000    1.676047   -0.176048 (VIOLATED)
ANTENNA_mprj.team_00_Wrapper.team_00_WB.instance_to_wrap_gpio_out[23]/DIODE    1.500000    1.663566   -0.163566 (VIOLATED)
mprj.team_00_Wrapper.team_00_WB.instance_to_wrap/gpio_out[23]    1.500000    1.663566   -0.163566 (VIOLATED)
output216/A                             1.500000    1.657503   -0.157503 (VIOLATED)
ANTENNA_output216_A/DIODE               1.500000    1.657160   -0.157160 (VIOLATED)
clkbuf_0_wb_clk_i/A                     1.500000    1.650659   -0.150659 (VIOLATED)
ANTENNA_clkbuf_0_wb_clk_i_A/DIODE       1.500000    1.650219   -0.150219 (VIOLATED)
output224/A                             1.500000    1.649899   -0.149899 (VIOLATED)
ANTENNA_mprj.team_00_Wrapper.team_00_WB.instance_to_wrap_la_oenb[23]/DIODE    1.500000    1.649765   -0.149765 (VIOLATED)
mprj.team_00_Wrapper.team_00_WB.instance_to_wrap/la_oenb[23]    1.500000    1.649680   -0.149680 (VIOLATED)
ANTENNA_output224_A/DIODE               1.500000    1.649478   -0.149478 (VIOLATED)
output244/A                             1.500000    1.640015   -0.140015 (VIOLATED)
ANTENNA_output244_A/DIODE               1.500000    1.639255   -0.139255 (VIOLATED)
ANTENNA_mprj.team_00_Wrapper.team_00_WB.instance_to_wrap_prescaler[0]/DIODE    1.500000    1.626801   -0.126801 (VIOLATED)
mprj.team_00_Wrapper.team_00_WB.instance_to_wrap/prescaler[0]    1.500000    1.626693   -0.126693 (VIOLATED)
output269/A                             1.500000    1.620960   -0.120960 (VIOLATED)
ANTENNA_output269_A/DIODE               1.500000    1.620357   -0.120357 (VIOLATED)
ANTENNA_output265_A/DIODE               1.500000    1.617717   -0.117717 (VIOLATED)
output265/A                             1.500000    1.617431   -0.117431 (VIOLATED)
output259/A                             1.500000    1.616407   -0.116407 (VIOLATED)
ANTENNA_output259_A/DIODE               1.500000    1.615950   -0.115950 (VIOLATED)
ANTENNA_1132/DIODE                      1.500000    1.615498   -0.115498 (VIOLATED)
ANTENNA_1296/DIODE                      1.500000    1.615110   -0.115110 (VIOLATED)
ANTENNA_mprj.team_00_Wrapper.team_00_WB.instance_to_wrap_gpio_out[0]/DIODE    1.500000    1.608605   -0.108605 (VIOLATED)
mprj.team_00_Wrapper.team_00_WB.instance_to_wrap/gpio_out[0]    1.500000    1.608551   -0.108551 (VIOLATED)
output229/A                             1.500000    1.601835   -0.101835 (VIOLATED)
ANTENNA_output229_A/DIODE               1.500000    1.601417   -0.101417 (VIOLATED)
ANTENNA_mprj.team_00_Wrapper.team_00_WB.instance_to_wrap_la_data_in[8]/DIODE    1.500000    1.594214   -0.094214 (VIOLATED)
mprj.team_00_Wrapper.team_00_WB.instance_to_wrap/la_data_in[8]    1.500000    1.594194   -0.094194 (VIOLATED)
output240/A                             1.500000    1.591255   -0.091255 (VIOLATED)
ANTENNA_output240_A/DIODE               1.500000    1.590312   -0.090312 (VIOLATED)
output264/A                             1.500000    1.584057   -0.084057 (VIOLATED)
ANTENNA_output264_A/DIODE               1.500000    1.583385   -0.083385 (VIOLATED)
ANTENNA_mprj.team_00_Wrapper.team_00_WB.instance_to_wrap_la_data_in[12]/DIODE    1.500000    1.572793   -0.072794 (VIOLATED)
mprj.team_00_Wrapper.team_00_WB.instance_to_wrap/la_data_in[12]    1.500000    1.572745   -0.072745 (VIOLATED)
output188/A                             1.500000    1.572371   -0.072371 (VIOLATED)
ANTENNA_output188_A/DIODE               1.500000    1.572033   -0.072033 (VIOLATED)
ANTENNA_mprj.team_00_Wrapper.team_00_WB.instance_to_wrap_gpio_oeb[17]/DIODE    1.500000    1.571257   -0.071257 (VIOLATED)
mprj.team_00_Wrapper.team_00_WB.instance_to_wrap/gpio_oeb[17]    1.500000    1.571222   -0.071222 (VIOLATED)
ANTENNA_mprj.team_00_Wrapper.team_00_WB.instance_to_wrap_gpio_oeb[26]/DIODE    1.500000    1.567086   -0.067086 (VIOLATED)
mprj.team_00_Wrapper.team_00_WB.instance_to_wrap/gpio_oeb[26]    1.500000    1.567086   -0.067086 (VIOLATED)
ANTENNA_mprj.team_00_Wrapper.team_00_WB.instance_to_wrap_la_oenb[2]/DIODE    1.500000    1.563904   -0.063904 (VIOLATED)
mprj.team_00_Wrapper.team_00_WB.instance_to_wrap/la_oenb[2]    1.500000    1.563873   -0.063873 (VIOLATED)
output200/A                             1.500000    1.555975   -0.055975 (VIOLATED)
ANTENNA_output200_A/DIODE               1.500000    1.555542   -0.055543 (VIOLATED)
ANTENNA_373/DIODE                       1.500000    1.551359   -0.051359 (VIOLATED)
ANTENNA_372/DIODE                       1.500000    1.551355   -0.051355 (VIOLATED)
ANTENNA_371/DIODE                       1.500000    1.551350   -0.051350 (VIOLATED)
ANTENNA_370/DIODE                       1.500000    1.551342   -0.051342 (VIOLATED)
ANTENNA_369/DIODE                       1.500000    1.551331   -0.051331 (VIOLATED)
ANTENNA_366/DIODE                       1.500000    1.551319   -0.051319 (VIOLATED)
ANTENNA_365/DIODE                       1.500000    1.551302   -0.051302 (VIOLATED)
ANTENNA_355/DIODE                       1.500000    1.551286   -0.051286 (VIOLATED)
ANTENNA_385/DIODE                       1.500000    1.551278   -0.051278 (VIOLATED)
ANTENNA_383/DIODE                       1.500000    1.551277   -0.051277 (VIOLATED)
ANTENNA_353/DIODE                       1.500000    1.551263   -0.051263 (VIOLATED)
ANTENNA_351/DIODE                       1.500000    1.551253   -0.051253 (VIOLATED)
ANTENNA_386/DIODE                       1.500000    1.551241   -0.051241 (VIOLATED)
ANTENNA_349/DIODE                       1.500000    1.551199   -0.051199 (VIOLATED)
ANTENNA__1690__A/DIODE                  1.500000    1.551154   -0.051154 (VIOLATED)
_1690_/A                                1.500000    1.550989   -0.050989 (VIOLATED)
ANTENNA_348/DIODE                       1.500000    1.550796   -0.050796 (VIOLATED)
ANTENNA_352/DIODE                       1.500000    1.550754   -0.050754 (VIOLATED)
ANTENNA_350/DIODE                       1.500000    1.550747   -0.050747 (VIOLATED)
ANTENNA_347/DIODE                       1.500000    1.550552   -0.050552 (VIOLATED)
ANTENNA_367/DIODE                       1.500000    1.550437   -0.050437 (VIOLATED)
ANTENNA_384/DIODE                       1.500000    1.550246   -0.050246 (VIOLATED)
ANTENNA_354/DIODE                       1.500000    1.549509   -0.049510 (VIOLATED)
ANTENNA_368/DIODE                       1.500000    1.549428   -0.049428 (VIOLATED)
output227/A                             1.500000    1.544892   -0.044892 (VIOLATED)
ANTENNA_output227_A/DIODE               1.500000    1.544650   -0.044651 (VIOLATED)
ANTENNA_mprj.team_00_Wrapper.team_00_WB.instance_to_wrap_gpio_in[21]/DIODE    1.500000    1.537502   -0.037502 (VIOLATED)
mprj.team_00_Wrapper.team_00_WB.instance_to_wrap/gpio_in[21]    1.500000    1.537189   -0.037190 (VIOLATED)
output261/A                             1.500000    1.528004   -0.028004 (VIOLATED)
ANTENNA_output261_A/DIODE               1.500000    1.527343   -0.027343 (VIOLATED)
ANTENNA_mprj.team_00_Wrapper.team_00_WB.instance_to_wrap_gpio_out[17]/DIODE    1.500000    1.524154   -0.024154 (VIOLATED)
mprj.team_00_Wrapper.team_00_WB.instance_to_wrap/gpio_out[17]    1.500000    1.524108   -0.024108 (VIOLATED)
ANTENNA_363/DIODE                       1.500000    1.523102   -0.023102 (VIOLATED)
output249/A                             1.500000    1.522918   -0.022918 (VIOLATED)
ANTENNA_359/DIODE                       1.500000    1.522830   -0.022830 (VIOLATED)
hold132/X                               1.499524    1.522316   -0.022792 (VIOLATED)
ANTENNA_381/DIODE                       1.500000    1.522730   -0.022730 (VIOLATED)
ANTENNA_377/DIODE                       1.500000    1.522632   -0.022632 (VIOLATED)
ANTENNA_362/DIODE                       1.500000    1.522613   -0.022613 (VIOLATED)
ANTENNA_357/DIODE                       1.500000    1.522596   -0.022596 (VIOLATED)
ANTENNA_361/DIODE                       1.500000    1.522489   -0.022489 (VIOLATED)
ANTENNA_378/DIODE                       1.500000    1.522443   -0.022443 (VIOLATED)
ANTENNA_358/DIODE                       1.500000    1.522389   -0.022389 (VIOLATED)
ANTENNA_364/DIODE                       1.500000    1.522389   -0.022389 (VIOLATED)
ANTENNA_360/DIODE                       1.500000    1.522388   -0.022388 (VIOLATED)
ANTENNA_379/DIODE                       1.500000    1.522387   -0.022387 (VIOLATED)
ANTENNA_356/DIODE                       1.500000    1.522377   -0.022378 (VIOLATED)
ANTENNA_375/DIODE                       1.500000    1.522377   -0.022377 (VIOLATED)
ANTENNA_376/DIODE                       1.500000    1.522377   -0.022377 (VIOLATED)
ANTENNA_382/DIODE                       1.500000    1.522377   -0.022377 (VIOLATED)
ANTENNA_380/DIODE                       1.500000    1.522376   -0.022376 (VIOLATED)
ANTENNA_hold132_X/DIODE                 1.500000    1.522375   -0.022375 (VIOLATED)
ANTENNA_374/DIODE                       1.500000    1.522371   -0.022371 (VIOLATED)
ANTENNA_output249_A/DIODE               1.500000    1.522345   -0.022345 (VIOLATED)

max fanout

Pin                                   Limit Fanout  Slack
---------------------------------------------------------
hold532/X                                10     89    -79 (VIOLATED)
hold56/X                                 10     70    -60 (VIOLATED)
input168/X                               10     63    -53 (VIOLATED)
hold484/X                                10     57    -47 (VIOLATED)
hold229/X                                10     55    -45 (VIOLATED)
hold364/X                                10     51    -41 (VIOLATED)
hold299/X                                10     49    -39 (VIOLATED)
_2229_/Q                                 10     47    -37 (VIOLATED)
hold464/X                                10     47    -37 (VIOLATED)
input167/X                               10     47    -37 (VIOLATED)
hold553/X                                10     46    -36 (VIOLATED)
hold132/X                                10     43    -33 (VIOLATED)
hold239/X                                10     43    -33 (VIOLATED)
_2225_/Q                                 10     42    -32 (VIOLATED)
_2232_/Q                                 10     39    -29 (VIOLATED)
clkbuf_3_0_0_wb_clk_i_regs/X             10     39    -29 (VIOLATED)
clkbuf_3_2_0_wb_clk_i_regs/X             10     39    -29 (VIOLATED)
hold587/X                                10     35    -25 (VIOLATED)
hold241/X                                10     33    -23 (VIOLATED)
clkbuf_3_7_0_wb_clk_i_regs/X             10     30    -20 (VIOLATED)
hold411/X                                10     29    -19 (VIOLATED)
input165/X                               10     29    -19 (VIOLATED)
clkbuf_3_1_0_wb_clk_i_regs/X             10     27    -17 (VIOLATED)
clkbuf_3_3_0_wb_clk_i_regs/X             10     27    -17 (VIOLATED)
hold135/X                                10     27    -17 (VIOLATED)
hold215/X                                10     27    -17 (VIOLATED)
input166/X                               10     27    -17 (VIOLATED)
clkbuf_3_6_0_wb_clk_i_regs/X             10     25    -15 (VIOLATED)
wire421/X                                10     25    -15 (VIOLATED)
clkbuf_3_4_0_wb_clk_i_regs/X             10     23    -13 (VIOLATED)
fanout364/X                              10     23    -13 (VIOLATED)
fanout366/X                              10     23    -13 (VIOLATED)
hold354/X                                10     23    -13 (VIOLATED)
fanout312/X                              10     22    -12 (VIOLATED)
fanout349/X                              10     22    -12 (VIOLATED)
fanout383/X                              10     22    -12 (VIOLATED)
fanout422/X                              10     22    -12 (VIOLATED)
fanout304/X                              10     21    -11 (VIOLATED)
fanout307/X                              10     21    -11 (VIOLATED)
fanout308/X                              10     21    -11 (VIOLATED)
fanout314/X                              10     21    -11 (VIOLATED)
fanout316/X                              10     21    -11 (VIOLATED)
fanout318/X                              10     21    -11 (VIOLATED)
fanout320/X                              10     21    -11 (VIOLATED)
fanout322/X                              10     21    -11 (VIOLATED)
fanout326/X                              10     21    -11 (VIOLATED)
fanout328/X                              10     21    -11 (VIOLATED)
fanout330/X                              10     21    -11 (VIOLATED)
fanout332/X                              10     21    -11 (VIOLATED)
fanout335/X                              10     21    -11 (VIOLATED)
fanout336/X                              10     21    -11 (VIOLATED)
fanout338/X                              10     21    -11 (VIOLATED)
fanout339/X                              10     21    -11 (VIOLATED)
fanout342/X                              10     21    -11 (VIOLATED)
fanout343/X                              10     21    -11 (VIOLATED)
fanout344/X                              10     21    -11 (VIOLATED)
fanout346/X                              10     21    -11 (VIOLATED)
fanout347/X                              10     21    -11 (VIOLATED)
fanout348/X                              10     21    -11 (VIOLATED)
fanout351/X                              10     21    -11 (VIOLATED)
fanout354/X                              10     21    -11 (VIOLATED)
fanout356/X                              10     21    -11 (VIOLATED)
fanout359/X                              10     21    -11 (VIOLATED)
fanout361/X                              10     21    -11 (VIOLATED)
fanout363/X                              10     21    -11 (VIOLATED)
fanout365/X                              10     21    -11 (VIOLATED)
fanout368/X                              10     21    -11 (VIOLATED)
fanout369/X                              10     21    -11 (VIOLATED)
fanout371/X                              10     21    -11 (VIOLATED)
fanout373/X                              10     21    -11 (VIOLATED)
fanout374/X                              10     21    -11 (VIOLATED)
fanout376/X                              10     21    -11 (VIOLATED)
fanout378/X                              10     21    -11 (VIOLATED)
fanout379/X                              10     21    -11 (VIOLATED)
fanout381/X                              10     21    -11 (VIOLATED)
fanout382/X                              10     21    -11 (VIOLATED)
fanout385/X                              10     21    -11 (VIOLATED)
fanout387/X                              10     21    -11 (VIOLATED)
fanout388/X                              10     21    -11 (VIOLATED)
fanout392/X                              10     21    -11 (VIOLATED)
fanout393/X                              10     21    -11 (VIOLATED)
fanout394/X                              10     21    -11 (VIOLATED)
fanout395/X                              10     21    -11 (VIOLATED)
fanout420/X                              10     21    -11 (VIOLATED)
fanout424/X                              10     21    -11 (VIOLATED)
fanout425/X                              10     21    -11 (VIOLATED)
fanout426/X                              10     21    -11 (VIOLATED)
fanout427/X                              10     21    -11 (VIOLATED)
fanout428/X                              10     21    -11 (VIOLATED)
fanout430/X                              10     21    -11 (VIOLATED)
fanout433/X                              10     21    -11 (VIOLATED)
fanout436/X                              10     21    -11 (VIOLATED)
fanout438/X                              10     21    -11 (VIOLATED)
fanout441/X                              10     21    -11 (VIOLATED)
fanout442/X                              10     21    -11 (VIOLATED)
fanout444/X                              10     21    -11 (VIOLATED)
fanout446/X                              10     21    -11 (VIOLATED)
fanout447/X                              10     21    -11 (VIOLATED)
fanout448/X                              10     21    -11 (VIOLATED)
fanout449/X                              10     21    -11 (VIOLATED)
fanout454/X                              10     21    -11 (VIOLATED)
hold172/X                                10     21    -11 (VIOLATED)
hold180/X                                10     21    -11 (VIOLATED)
hold190/X                                10     21    -11 (VIOLATED)
hold276/X                                10     21    -11 (VIOLATED)
hold47/X                                 10     21    -11 (VIOLATED)
hold618/X                                10     21    -11 (VIOLATED)
hold678/X                                10     21    -11 (VIOLATED)
hold76/X                                 10     21    -11 (VIOLATED)
fanout452/X                              10     20    -10 (VIOLATED)
hold340/X                                10     20    -10 (VIOLATED)
mprj.ffram/wbs_dat_o[29]                 10     20    -10 (VIOLATED)
_0972_/X                                 10     19     -9 (VIOLATED)
_1170_/X                                 10     19     -9 (VIOLATED)
fanout367/X                              10     19     -9 (VIOLATED)
fanout372/X                              10     19     -9 (VIOLATED)
fanout434/X                              10     19     -9 (VIOLATED)
hold140/X                                10     19     -9 (VIOLATED)
hold159/X                                10     19     -9 (VIOLATED)
hold184/X                                10     19     -9 (VIOLATED)
hold208/X                                10     19     -9 (VIOLATED)
hold350/X                                10     19     -9 (VIOLATED)
input127/X                               10     19     -9 (VIOLATED)
input157/X                               10     19     -9 (VIOLATED)
fanout315/X                              10     18     -8 (VIOLATED)
fanout345/X                              10     18     -8 (VIOLATED)
hold142/X                                10     18     -8 (VIOLATED)
hold846/X                                10     18     -8 (VIOLATED)
_0942_/Y                                 10     17     -7 (VIOLATED)
_1089_/Y                                 10     17     -7 (VIOLATED)
_1225_/X                                 10     17     -7 (VIOLATED)
fanout306/X                              10     17     -7 (VIOLATED)
fanout317/X                              10     17     -7 (VIOLATED)
fanout323/X                              10     17     -7 (VIOLATED)
fanout350/X                              10     17     -7 (VIOLATED)
fanout355/X                              10     17     -7 (VIOLATED)
fanout360/X                              10     17     -7 (VIOLATED)
fanout362/X                              10     17     -7 (VIOLATED)
fanout377/X                              10     17     -7 (VIOLATED)
fanout435/X                              10     17     -7 (VIOLATED)
fanout439/X                              10     17     -7 (VIOLATED)
fanout443/X                              10     17     -7 (VIOLATED)
fanout445/X                              10     17     -7 (VIOLATED)
fanout450/X                              10     17     -7 (VIOLATED)
hold124/X                                10     17     -7 (VIOLATED)
hold163/X                                10     17     -7 (VIOLATED)
hold202/X                                10     17     -7 (VIOLATED)
hold71/X                                 10     17     -7 (VIOLATED)
mprj.ffram/wbs_dat_o[14]                 10     17     -7 (VIOLATED)
mprj.ffram/wbs_dat_o[17]                 10     17     -7 (VIOLATED)
mprj.ffram/wbs_dat_o[22]                 10     17     -7 (VIOLATED)
mprj.ffram/wbs_dat_o[24]                 10     17     -7 (VIOLATED)
_1033_/Y                                 10     15     -5 (VIOLATED)
_1092_/X                                 10     15     -5 (VIOLATED)
_1349_/Y                                 10     15     -5 (VIOLATED)
_1406_/X                                 10     15     -5 (VIOLATED)
clkbuf_3_5_0_wb_clk_i_regs/X             10     15     -5 (VIOLATED)
fanout309/X                              10     15     -5 (VIOLATED)
fanout311/X                              10     15     -5 (VIOLATED)
fanout327/X                              10     15     -5 (VIOLATED)
fanout429/X                              10     15     -5 (VIOLATED)
fanout453/X                              10     15     -5 (VIOLATED)
hold16/X                                 10     15     -5 (VIOLATED)
hold168/X                                10     15     -5 (VIOLATED)
hold178/X                                10     15     -5 (VIOLATED)
hold217/X                                10     15     -5 (VIOLATED)
hold302/X                                10     15     -5 (VIOLATED)
hold306/X                                10     15     -5 (VIOLATED)
hold403/X                                10     15     -5 (VIOLATED)
hold53/X                                 10     15     -5 (VIOLATED)
hold691/X                                10     15     -5 (VIOLATED)
hold845/X                                10     15     -5 (VIOLATED)
hold878/X                                10     15     -5 (VIOLATED)
_1226_/X                                 10     14     -4 (VIOLATED)
_0950_/X                                 10     13     -3 (VIOLATED)
_0973_/Y                                 10     13     -3 (VIOLATED)
_0975_/X                                 10     13     -3 (VIOLATED)
_0976_/Y                                 10     13     -3 (VIOLATED)
_0997_/X                                 10     13     -3 (VIOLATED)
_1023_/Y                                 10     13     -3 (VIOLATED)
_1104_/X                                 10     13     -3 (VIOLATED)
_1120_/X                                 10     13     -3 (VIOLATED)
_1122_/Y                                 10     13     -3 (VIOLATED)
_1181_/X                                 10     13     -3 (VIOLATED)
_1266_/X                                 10     13     -3 (VIOLATED)
_1343_/X                                 10     13     -3 (VIOLATED)
_1520_/X                                 10     13     -3 (VIOLATED)
_1606_/X                                 10     13     -3 (VIOLATED)
fanout325/X                              10     13     -3 (VIOLATED)
fanout370/X                              10     13     -3 (VIOLATED)
fanout386/X                              10     13     -3 (VIOLATED)
fanout390/X                              10     13     -3 (VIOLATED)
fanout423/X                              10     13     -3 (VIOLATED)
fanout431/X                              10     13     -3 (VIOLATED)
fanout455/X                              10     13     -3 (VIOLATED)
hold176/X                                10     13     -3 (VIOLATED)
hold204/X                                10     13     -3 (VIOLATED)
hold218/X                                10     13     -3 (VIOLATED)
hold275/X                                10     13     -3 (VIOLATED)
mprj.ffram/wbs_dat_o[6]                  10     13     -3 (VIOLATED)
wire352/X                                10     13     -3 (VIOLATED)
wire353/X                                10     13     -3 (VIOLATED)
_1265_/X                                 10     12     -2 (VIOLATED)
_2025_/Q                                 10     12     -2 (VIOLATED)
hold148/X                                10     12     -2 (VIOLATED)
_0941_/Y                                 10     11        (VIOLATED)
_1085_/Y                                 10     11        (VIOLATED)
_1091_/Y                                 10     11        (VIOLATED)
_1097_/X                                 10     11        (VIOLATED)
_1110_/X                                 10     11        (VIOLATED)
_1146_/X                                 10     11        (VIOLATED)
_1148_/X                                 10     11        (VIOLATED)
_1150_/X                                 10     11        (VIOLATED)
_1154_/X                                 10     11        (VIOLATED)
_1156_/X                                 10     11        (VIOLATED)
_1158_/X                                 10     11        (VIOLATED)
_1160_/X                                 10     11        (VIOLATED)
_1162_/X                                 10     11        (VIOLATED)
_1164_/X                                 10     11        (VIOLATED)
_1166_/X                                 10     11        (VIOLATED)
_1433_/X                                 10     11        (VIOLATED)
_2028_/Q                                 10     11        (VIOLATED)
clkbuf_leaf_24_wb_clk_i_regs/X           10     11        (VIOLATED)
clkbuf_leaf_30_wb_clk_i_regs/X           10     11        (VIOLATED)
clkbuf_leaf_33_wb_clk_i_regs/X           10     11        (VIOLATED)
fanout313/X                              10     11        (VIOLATED)
fanout331/X                              10     11        (VIOLATED)
fanout337/X                              10     11        (VIOLATED)
fanout380/X                              10     11        (VIOLATED)
fanout389/X                              10     11        (VIOLATED)
fanout391/X                              10     11        (VIOLATED)
fanout432/X                              10     11        (VIOLATED)
fanout437/X                              10     11        (VIOLATED)
fanout440/X                              10     11        (VIOLATED)
fanout451/X                              10     11        (VIOLATED)
hold171/X                                10     11        (VIOLATED)
hold206/X                                10     11        (VIOLATED)
hold21/X                                 10     11        (VIOLATED)
hold251/X                                10     11        (VIOLATED)
hold256/X                                10     11        (VIOLATED)
hold272/X                                10     11        (VIOLATED)
hold283/X                                10     11        (VIOLATED)
hold288/X                                10     11        (VIOLATED)
hold309/X                                10     11        (VIOLATED)
hold318/X                                10     11        (VIOLATED)
hold343/X                                10     11        (VIOLATED)
hold42/X                                 10     11        (VIOLATED)
hold422/X                                10     11        (VIOLATED)
hold46/X                                 10     11        (VIOLATED)
hold512/X                                10     11        (VIOLATED)
hold519/X                                10     11        (VIOLATED)
hold533/X                                10     11        (VIOLATED)
hold554/X                                10     11        (VIOLATED)
hold605/X                                10     11        (VIOLATED)
hold638/X                                10     11        (VIOLATED)
hold65/X                                 10     11        (VIOLATED)
hold703/X                                10     11        (VIOLATED)
hold704/X                                10     11        (VIOLATED)
hold80/X                                 10     11        (VIOLATED)
hold83/X                                 10     11        (VIOLATED)
hold880/X                                10     11        (VIOLATED)
input100/X                               10     11        (VIOLATED)
input111/X                               10     11        (VIOLATED)
mprj.ffram/wbs_dat_o[20]                 10     11        (VIOLATED)
mprj.team_00_Wrapper.team_00_WB.instance_to_wrap/la_data_out[6]     10     11        (VIOLATED)
mprj.team_00_Wrapper.team_00_WB.instance_to_wrap/la_data_out[7]     10     11        (VIOLATED)

max capacitance

Pin                                        Limit         Cap       Slack
------------------------------------------------------------------------
hold484/X                               0.201426    0.342178   -0.140752 (VIOLATED)
hold364/X                               0.201426    0.307555   -0.106129 (VIOLATED)
hold587/X                               0.201426    0.302707   -0.101281 (VIOLATED)
hold464/X                               0.201426    0.298053   -0.096627 (VIOLATED)
hold354/X                               0.201426    0.278348   -0.076922 (VIOLATED)
hold239/X                               0.201426    0.271557   -0.070131 (VIOLATED)
hold140/X                               0.201426    0.259777   -0.058351 (VIOLATED)
hold340/X                               0.201426    0.250772   -0.049346 (VIOLATED)
hold116/X                               0.201426    0.242643   -0.041217 (VIOLATED)
hold159/X                               0.201426    0.231912   -0.030486 (VIOLATED)
hold91/X                                0.201426    0.227318   -0.025892 (VIOLATED)
hold132/X                               0.201426    0.205086   -0.003660 (VIOLATED)



===========================================================================
report_parasitic_annotation -report_unannotated
============================================================================
Found 407 unannotated drivers.
 analog_io[0]
 analog_io[10]
 analog_io[11]
 analog_io[12]
 analog_io[13]
 analog_io[14]
 analog_io[15]
 analog_io[16]
 analog_io[17]
 analog_io[18]
 analog_io[19]
 analog_io[1]
 analog_io[20]
 analog_io[21]
 analog_io[22]
 analog_io[23]
 analog_io[24]
 analog_io[25]
 analog_io[26]
 analog_io[27]
 analog_io[28]
 analog_io[2]
 analog_io[3]
 analog_io[4]
 analog_io[5]
 analog_io[6]
 analog_io[7]
 analog_io[8]
 analog_io[9]
 io_in[1]
 io_in[2]
 io_in[3]
 io_in[4]
 la_data_in[100]
 la_data_in[101]
 la_data_in[102]
 la_data_in[103]
 la_data_in[104]
 la_data_in[105]
 la_data_in[106]
 la_data_in[107]
 la_data_in[108]
 la_data_in[109]
 la_data_in[110]
 la_data_in[111]
 la_data_in[112]
 la_data_in[113]
 la_data_in[114]
 la_data_in[115]
 la_data_in[116]
 la_data_in[117]
 la_data_in[118]
 la_data_in[119]
 la_data_in[120]
 la_data_in[121]
 la_data_in[122]
 la_data_in[123]
 la_data_in[124]
 la_data_in[125]
 la_data_in[126]
 la_data_in[127]
 la_data_in[32]
 la_data_in[33]
 la_data_in[34]
 la_data_in[35]
 la_data_in[36]
 la_data_in[37]
 la_data_in[38]
 la_data_in[39]
 la_data_in[40]
 la_data_in[41]
 la_data_in[42]
 la_data_in[43]
 la_data_in[44]
 la_data_in[45]
 la_data_in[46]
 la_data_in[47]
 la_data_in[48]
 la_data_in[49]
 la_data_in[50]
 la_data_in[51]
 la_data_in[52]
 la_data_in[53]
 la_data_in[54]
 la_data_in[55]
 la_data_in[56]
 la_data_in[57]
 la_data_in[58]
 la_data_in[59]
 la_data_in[60]
 la_data_in[61]
 la_data_in[62]
 la_data_in[63]
 la_data_in[64]
 la_data_in[65]
 la_data_in[66]
 la_data_in[67]
 la_data_in[68]
 la_data_in[69]
 la_data_in[70]
 la_data_in[71]
 la_data_in[72]
 la_data_in[73]
 la_data_in[74]
 la_data_in[75]
 la_data_in[76]
 la_data_in[77]
 la_data_in[78]
 la_data_in[79]
 la_data_in[80]
 la_data_in[81]
 la_data_in[82]
 la_data_in[83]
 la_data_in[84]
 la_data_in[85]
 la_data_in[86]
 la_data_in[87]
 la_data_in[88]
 la_data_in[89]
 la_data_in[90]
 la_data_in[91]
 la_data_in[92]
 la_data_in[93]
 la_data_in[94]
 la_data_in[95]
 la_data_in[96]
 la_data_in[97]
 la_data_in[98]
 la_data_in[99]
 la_oenb[100]
 la_oenb[101]
 la_oenb[102]
 la_oenb[103]
 la_oenb[104]
 la_oenb[105]
 la_oenb[106]
 la_oenb[107]
 la_oenb[108]
 la_oenb[109]
 la_oenb[110]
 la_oenb[111]
 la_oenb[112]
 la_oenb[113]
 la_oenb[114]
 la_oenb[115]
 la_oenb[116]
 la_oenb[117]
 la_oenb[118]
 la_oenb[119]
 la_oenb[120]
 la_oenb[121]
 la_oenb[122]
 la_oenb[123]
 la_oenb[124]
 la_oenb[125]
 la_oenb[126]
 la_oenb[127]
 la_oenb[32]
 la_oenb[33]
 la_oenb[34]
 la_oenb[35]
 la_oenb[36]
 la_oenb[37]
 la_oenb[38]
 la_oenb[39]
 la_oenb[40]
 la_oenb[41]
 la_oenb[42]
 la_oenb[43]
 la_oenb[44]
 la_oenb[45]
 la_oenb[46]
 la_oenb[47]
 la_oenb[48]
 la_oenb[49]
 la_oenb[50]
 la_oenb[51]
 la_oenb[52]
 la_oenb[53]
 la_oenb[54]
 la_oenb[55]
 la_oenb[56]
 la_oenb[57]
 la_oenb[58]
 la_oenb[59]
 la_oenb[60]
 la_oenb[61]
 la_oenb[62]
 la_oenb[63]
 la_oenb[64]
 la_oenb[65]
 la_oenb[66]
 la_oenb[67]
 la_oenb[68]
 la_oenb[69]
 la_oenb[70]
 la_oenb[71]
 la_oenb[72]
 la_oenb[73]
 la_oenb[74]
 la_oenb[75]
 la_oenb[76]
 la_oenb[77]
 la_oenb[78]
 la_oenb[79]
 la_oenb[80]
 la_oenb[81]
 la_oenb[82]
 la_oenb[83]
 la_oenb[84]
 la_oenb[85]
 la_oenb[86]
 la_oenb[87]
 la_oenb[88]
 la_oenb[89]
 la_oenb[90]
 la_oenb[91]
 la_oenb[92]
 la_oenb[93]
 la_oenb[94]
 la_oenb[95]
 la_oenb[96]
 la_oenb[97]
 la_oenb[98]
 la_oenb[99]
 user_clock2
 _2023__560/LO
 _2238__561/LO
 _2239__562/LO
 _2240__563/LO
 _2241__564/LO
 _2242__457/HI
 _2243__458/HI
 _2244__459/HI
 _2245__460/HI
 _2246__461/HI
 _2247__462/HI
 _2248__463/HI
 _2249__464/HI
 _2250__465/HI
 _2251__466/HI
 _2252__467/HI
 _2253__468/HI
 _2254__469/HI
 _2255__470/HI
 _2256__471/HI
 _2257__472/HI
 _2258__473/HI
 _2259__474/HI
 _2260__475/HI
 _2261__476/HI
 _2262__477/HI
 _2263__478/HI
 _2264__479/HI
 _2265__480/HI
 _2266__481/HI
 _2267__482/HI
 _2268__483/HI
 _2269__484/HI
 _2270__485/HI
 _2271__486/HI
 _2272__487/HI
 _2273__488/HI
 _2274__489/HI
 _2275__490/HI
 _2276__491/HI
 _2277__492/HI
 _2278__493/HI
 _2279__494/HI
 _2280__495/HI
 _2281__496/HI
 _2282__497/HI
 _2283__498/HI
 _2284__499/HI
 _2285__500/HI
 _2286__501/HI
 _2287__502/HI
 _2288__503/HI
 _2289__504/HI
 _2290__505/HI
 _2291__506/HI
 _2292__507/HI
 _2293__508/HI
 _2294__509/HI
 _2295__510/HI
 _2296__511/HI
 _2297__512/HI
 _2298__513/HI
 _2299__514/HI
 _2300__515/HI
 _2301__516/HI
 _2302__517/HI
 _2303__518/HI
 _2304__519/HI
 _2305__520/HI
 _2306__521/HI
 _2307__522/HI
 _2308__523/HI
 _2309__524/HI
 _2310__525/HI
 _2311__526/HI
 _2312__527/HI
 _2313__528/HI
 _2314__529/HI
 _2315__530/HI
 _2316__531/HI
 _2317__532/HI
 _2318__533/HI
 _2319__534/HI
 _2320__535/HI
 _2321__536/HI
 _2322__537/HI
 _2323__538/HI
 _2324__539/HI
 _2325__540/HI
 _2326__541/HI
 _2327__542/HI
 _2328__543/HI
 _2329__544/HI
 _2330__545/HI
 _2331__546/HI
 _2332__547/HI
 _2333__548/HI
 _2334__549/HI
 _2335__550/HI
 _2336__551/HI
 _2337__552/HI
 _2338__553/HI
 _2339__554/HI
 _2340__555/HI
 _2341__556/HI
 _2342__557/HI
 _2343__558/HI
 _2344__559/HI
 clkload0/Y
 clkload1/X
 clkload10/X
 clkload11/X
 clkload12/X
 clkload13/X
 clkload14/X
 clkload15/X
 clkload16/X
 clkload17/X
 clkload18/X
 clkload19/X
 clkload2/Y
 clkload20/X
 clkload21/X
 clkload22/X
 clkload23/X
 clkload24/X
 clkload25/X
 clkload26/X
 clkload27/X
 clkload28/X
 clkload29/X
 clkload3/Y
 clkload30/X
 clkload31/X
 clkload32/X
 clkload33/X
 clkload34/X
 clkload35/X
 clkload36/X
 clkload37/X
 clkload38/X
 clkload39/X
 clkload4/Y
 clkload40/X
 clkload41/X
 clkload42/X
 clkload43/X
 clkload44/X
 clkload45/X
 clkload46/X
 clkload47/X
 clkload48/X
 clkload49/X
 clkload5/X
 clkload50/X
 clkload51/X
 clkload52/X
 clkload53/X
 clkload54/X
 clkload55/X
 clkload56/X
 clkload57/X
 clkload58/X
 clkload59/Y
 clkload6/Y
 clkload60/Y
 clkload61/X
 clkload62/Y
 clkload63/Y
 clkload64/X
 clkload65/Y
 clkload66/X
 clkload67/X
 clkload68/X
 clkload69/X
 clkload7/X
 clkload70/X
 clkload71/X
 clkload8/X
 clkload9/X
 mprj.ffram/wbs_ack_o
Found 0 partially unannotated drivers.

===========================================================================
max slew violation count 536
max fanout violation count 266
max cap violation count 12
============================================================================

===========================================================================
check_setup -verbose -unconstrained_endpoints -multiple_clock -no_clock -no_input_delay -loops -generated_clocks
===========================================================================
Warning: There are 68 input ports missing set_input_delay.
  analog_io[0]
  analog_io[10]
  analog_io[11]
  analog_io[12]
  analog_io[13]
  analog_io[14]
  analog_io[15]
  analog_io[16]
  analog_io[17]
  analog_io[18]
  analog_io[19]
  analog_io[1]
  analog_io[20]
  analog_io[21]
  analog_io[22]
  analog_io[23]
  analog_io[24]
  analog_io[25]
  analog_io[26]
  analog_io[27]
  analog_io[28]
  analog_io[2]
  analog_io[3]
  analog_io[4]
  analog_io[5]
  analog_io[6]
  analog_io[7]
  analog_io[8]
  analog_io[9]
  io_in[0]
  io_in[10]
  io_in[11]
  io_in[12]
  io_in[13]
  io_in[14]
  io_in[15]
  io_in[16]
  io_in[17]
  io_in[18]
  io_in[19]
  io_in[1]
  io_in[20]
  io_in[21]
  io_in[22]
  io_in[23]
  io_in[24]
  io_in[25]
  io_in[26]
  io_in[27]
  io_in[28]
  io_in[29]
  io_in[2]
  io_in[30]
  io_in[31]
  io_in[32]
  io_in[33]
  io_in[34]
  io_in[35]
  io_in[36]
  io_in[37]
  io_in[3]
  io_in[4]
  io_in[5]
  io_in[6]
  io_in[7]
  io_in[8]
  io_in[9]
  user_clock2
Warning: There are 237 unconstrained endpoints.
  analog_io[0]
  analog_io[10]
  analog_io[11]
  analog_io[12]
  analog_io[13]
  analog_io[14]
  analog_io[15]
  analog_io[16]
  analog_io[17]
  analog_io[18]
  analog_io[19]
  analog_io[1]
  analog_io[20]
  analog_io[21]
  analog_io[22]
  analog_io[23]
  analog_io[24]
  analog_io[25]
  analog_io[26]
  analog_io[27]
  analog_io[28]
  analog_io[2]
  analog_io[3]
  analog_io[4]
  analog_io[5]
  analog_io[6]
  analog_io[7]
  analog_io[8]
  analog_io[9]
  io_oeb[0]
  io_oeb[10]
  io_oeb[11]
  io_oeb[12]
  io_oeb[13]
  io_oeb[14]
  io_oeb[15]
  io_oeb[16]
  io_oeb[17]
  io_oeb[18]
  io_oeb[19]
  io_oeb[1]
  io_oeb[20]
  io_oeb[21]
  io_oeb[22]
  io_oeb[23]
  io_oeb[24]
  io_oeb[25]
  io_oeb[26]
  io_oeb[27]
  io_oeb[28]
  io_oeb[29]
  io_oeb[2]
  io_oeb[30]
  io_oeb[31]
  io_oeb[32]
  io_oeb[33]
  io_oeb[34]
  io_oeb[35]
  io_oeb[36]
  io_oeb[37]
  io_oeb[3]
  io_oeb[4]
  io_oeb[5]
  io_oeb[6]
  io_oeb[7]
  io_oeb[8]
  io_oeb[9]
  io_out[0]
  io_out[10]
  io_out[11]
  io_out[12]
  io_out[13]
  io_out[14]
  io_out[15]
  io_out[16]
  io_out[17]
  io_out[18]
  io_out[19]
  io_out[1]
  io_out[20]
  io_out[21]
  io_out[22]
  io_out[23]
  io_out[24]
  io_out[25]
  io_out[26]
  io_out[27]
  io_out[28]
  io_out[29]
  io_out[2]
  io_out[30]
  io_out[31]
  io_out[32]
  io_out[33]
  io_out[34]
  io_out[35]
  io_out[36]
  io_out[37]
  io_out[3]
  io_out[4]
  io_out[5]
  io_out[6]
  io_out[7]
  io_out[8]
  io_out[9]
  la_data_out[0]
  la_data_out[100]
  la_data_out[101]
  la_data_out[102]
  la_data_out[103]
  la_data_out[104]
  la_data_out[105]
  la_data_out[106]
  la_data_out[107]
  la_data_out[108]
  la_data_out[109]
  la_data_out[10]
  la_data_out[110]
  la_data_out[111]
  la_data_out[112]
  la_data_out[113]
  la_data_out[114]
  la_data_out[115]
  la_data_out[116]
  la_data_out[117]
  la_data_out[118]
  la_data_out[119]
  la_data_out[11]
  la_data_out[120]
  la_data_out[121]
  la_data_out[122]
  la_data_out[123]
  la_data_out[124]
  la_data_out[125]
  la_data_out[126]
  la_data_out[127]
  la_data_out[12]
  la_data_out[13]
  la_data_out[14]
  la_data_out[15]
  la_data_out[16]
  la_data_out[17]
  la_data_out[18]
  la_data_out[19]
  la_data_out[1]
  la_data_out[20]
  la_data_out[21]
  la_data_out[22]
  la_data_out[23]
  la_data_out[24]
  la_data_out[25]
  la_data_out[26]
  la_data_out[27]
  la_data_out[28]
  la_data_out[29]
  la_data_out[2]
  la_data_out[30]
  la_data_out[31]
  la_data_out[32]
  la_data_out[33]
  la_data_out[34]
  la_data_out[35]
  la_data_out[36]
  la_data_out[37]
  la_data_out[38]
  la_data_out[39]
  la_data_out[3]
  la_data_out[40]
  la_data_out[41]
  la_data_out[42]
  la_data_out[43]
  la_data_out[44]
  la_data_out[45]
  la_data_out[46]
  la_data_out[47]
  la_data_out[48]
  la_data_out[49]
  la_data_out[4]
  la_data_out[50]
  la_data_out[51]
  la_data_out[52]
  la_data_out[53]
  la_data_out[54]
  la_data_out[55]
  la_data_out[56]
  la_data_out[57]
  la_data_out[58]
  la_data_out[59]
  la_data_out[5]
  la_data_out[60]
  la_data_out[61]
  la_data_out[62]
  la_data_out[63]
  la_data_out[64]
  la_data_out[65]
  la_data_out[66]
  la_data_out[67]
  la_data_out[68]
  la_data_out[69]
  la_data_out[6]
  la_data_out[70]
  la_data_out[71]
  la_data_out[72]
  la_data_out[73]
  la_data_out[74]
  la_data_out[75]
  la_data_out[76]
  la_data_out[77]
  la_data_out[78]
  la_data_out[79]
  la_data_out[7]
  la_data_out[80]
  la_data_out[81]
  la_data_out[82]
  la_data_out[83]
  la_data_out[84]
  la_data_out[85]
  la_data_out[86]
  la_data_out[87]
  la_data_out[88]
  la_data_out[89]
  la_data_out[8]
  la_data_out[90]
  la_data_out[91]
  la_data_out[92]
  la_data_out[93]
  la_data_out[94]
  la_data_out[95]
  la_data_out[96]
  la_data_out[97]
  la_data_out[98]
  la_data_out[99]
  la_data_out[9]
  user_irq[0]
  user_irq[1]
  user_irq[2]
  _2023_/D
