Clock: clk
Sources: clk 
Generated: no
Virtual: yes
Propagated: no
Period: 25.000000

===========================================================================
report_clock_properties
============================================================================
Clock                   Period          Waveform
----------------------------------------------------
clk                  25.000000    0.000000 12.500000

===========================================================================
report_clock_latency
============================================================================
Clock clk
rise -> rise
    min     max
0.000000 0.000000 source latency
0.777788         network latency _1298_/CLK
        0.811493 network latency _1302_/CLK
---------------
0.777788 0.811493 latency
        0.033705 skew

fall -> fall
    min     max
0.000000 0.000000 source latency
0.708602         network latency _1298_/CLK
        0.734921 network latency _1302_/CLK
---------------
0.708602 0.734921 latency
        0.026319 skew



===========================================================================
report_clock_min_period
============================================================================
clk period_min = 13.18 fmax = 75.85
