Clock: clk
Sources: clk 
Generated: no
Virtual: yes
Propagated: no
Period: 100.000000

===========================================================================
report_clock_properties
============================================================================
Clock                   Period          Waveform
----------------------------------------------------
clk                 100.000000    0.000000 50.000000

===========================================================================
report_clock_latency
============================================================================
Clock clk
rise -> rise
    min     max
0.000000 0.000000 source latency
0.697872         network latency _3091_/CLK
        20.504457 network latency _2961_/CLK
---------------
0.697872 20.504457 latency
        19.806585 skew

rise -> fall
    min     max
0.000000 0.000000 source latency
1.218046         network latency _2939_/CLK
        20.458080 network latency _2961_/CLK
---------------
1.218046 20.458080 latency
        19.240034 skew

fall -> fall
    min     max
0.000000 0.000000 source latency
0.613401         network latency _3091_/CLK
        0.659600 network latency _2888_/CLK
---------------
0.613401 0.659600 latency
        0.046199 skew



===========================================================================
report_clock_min_period
============================================================================
clk period_min = 2.69 fmax = 372.38
