
===========================================================================
report_checks -unconstrained
===========================================================================
======================= nom_tt_025C_1v80 Corner ===================================

Startpoint: wb_rst_i (input port clocked by clk)
Endpoint: _2042_ (recovery check against rising-edge clock clk)
Path Group: asynchronous
Path Type: max

Fanout         Cap        Slew       Delay        Time   Description
---------------------------------------------------------------------------------------------
                                  0.000000    0.000000   clock clk (rise edge)
                                  5.570000    5.570000   clock network delay (propagated)
                                 50.000000   55.570000 v input external delay
     2    0.016818    0.000000    0.000000   55.570000 v wb_rst_i (in)
                                                         wb_rst_i (net)
                      0.001092    0.000547   55.570545 v input99/A (sky130_fd_sc_hd__buf_12)
     5    0.201918    0.070763    0.133543   55.704090 v input99/X (sky130_fd_sc_hd__buf_12)
                                                         net99 (net)
                      0.179420    0.073470   55.777561 v fanout451/A (sky130_fd_sc_hd__buf_12)
    11    0.177252    0.099941    0.236405   56.013966 v fanout451/X (sky130_fd_sc_hd__buf_12)
                                                         net451 (net)
                      0.122231    0.036607   56.050571 v fanout450/A (sky130_fd_sc_hd__buf_8)
    17    0.156139    0.116587    0.222300   56.272873 v fanout450/X (sky130_fd_sc_hd__buf_8)
                                                         net450 (net)
                      0.118054    0.010665   56.283539 v fanout449/A (sky130_fd_sc_hd__buf_8)
    21    0.137077    0.104949    0.208932   56.492470 v fanout449/X (sky130_fd_sc_hd__buf_8)
                                                         net449 (net)
                      0.105150    0.004093   56.496563 v fanout448/A (sky130_fd_sc_hd__buf_6)
    21    0.114658    0.105041    0.207439   56.704002 v fanout448/X (sky130_fd_sc_hd__buf_6)
                                                         net448 (net)
                      0.111811    0.020773   56.724773 v _1825_/A (sky130_fd_sc_hd__inv_2)
     1    0.004534    0.042351    0.071715   56.796490 ^ _1825_/Y (sky130_fd_sc_hd__inv_2)
                                                         _0022_ (net)
                      0.042351    0.000107   56.796597 ^ _2042_/RESET_B (sky130_fd_sc_hd__dfrtp_1)
                                             56.796597   data arrival time

                                100.000000  100.000000   clock clk (rise edge)
                                  4.650000  104.649994   clock source latency
     4    0.386577    0.610000    0.000000  104.649994 ^ wb_clk_i (in)
                                                         wb_clk_i (net)
                      1.181987    0.285993  104.935989 ^ clkbuf_regs_0_clk/A (sky130_fd_sc_hd__clkbuf_16)
     3    0.034613    0.081812    0.325180  105.261169 ^ clkbuf_regs_0_clk/X (sky130_fd_sc_hd__clkbuf_16)
                                                         wb_clk_i_regs (net)
                      0.081941    0.005656  105.266823 ^ clkbuf_0_wb_clk_i_regs/A (sky130_fd_sc_hd__clkbuf_16)
     5    0.118382    0.132470    0.207088  105.473915 ^ clkbuf_0_wb_clk_i_regs/X (sky130_fd_sc_hd__clkbuf_16)
                                                         clknet_0_wb_clk_i_regs (net)
                      0.134782    0.013827  105.487740 ^ clkbuf_1_1_0_wb_clk_i_regs/A (sky130_fd_sc_hd__clkbuf_8)
     9    0.093693    0.168380    0.245642  105.733383 ^ clkbuf_1_1_0_wb_clk_i_regs/X (sky130_fd_sc_hd__clkbuf_8)
                                                         clknet_1_1_0_wb_clk_i_regs (net)
                      0.169908    0.012925  105.746307 ^ clkbuf_3_7_0_wb_clk_i_regs/A (sky130_fd_sc_hd__clkbuf_8)
    30    0.206715    0.355918    0.362213  106.108521 ^ clkbuf_3_7_0_wb_clk_i_regs/X (sky130_fd_sc_hd__clkbuf_8)
                                                         clknet_3_7_0_wb_clk_i_regs (net)
                      0.365666    0.046811  106.155327 ^ _2042_/CLK (sky130_fd_sc_hd__dfrtp_1)
                                 -0.200000  105.955330   clock uncertainty
                                  0.000000  105.955330   clock reconvergence pessimism
                                  0.329294  106.284630   library recovery time
                                            106.284630   data required time
---------------------------------------------------------------------------------------------
                                            106.284630   data required time
                                            -56.796597   data arrival time
---------------------------------------------------------------------------------------------
                                             49.488029   slack (MET)


Startpoint: wb_rst_i (input port clocked by clk)
Endpoint: _2029_ (rising edge-triggered flip-flop clocked by clk)
Path Group: clk
Path Type: max

Fanout         Cap        Slew       Delay        Time   Description
---------------------------------------------------------------------------------------------
                                  0.000000    0.000000   clock clk (rise edge)
                                  5.570000    5.570000   clock network delay (propagated)
                                 50.000000   55.570000 v input external delay
     2    0.016818    0.000000    0.000000   55.570000 v wb_rst_i (in)
                                                         wb_rst_i (net)
                      0.001092    0.000547   55.570545 v input99/A (sky130_fd_sc_hd__buf_12)
     5    0.201918    0.070763    0.133543   55.704090 v input99/X (sky130_fd_sc_hd__buf_12)
                                                         net99 (net)
                      0.277076    0.132125   55.836216 v fanout455/A (sky130_fd_sc_hd__buf_12)
    13    0.254383    0.093035    0.271609   56.107822 v fanout455/X (sky130_fd_sc_hd__buf_12)
                                                         net455 (net)
                      0.093263    0.002892   56.110718 v fanout452/A (sky130_fd_sc_hd__buf_8)
    21    0.165682    0.122992    0.212179   56.322895 v fanout452/X (sky130_fd_sc_hd__buf_8)
                                                         net452 (net)
                      0.125011    0.012783   56.335678 v mprj.ffram/wb_rst_i (ffram_WB_Wrapper)
     7    0.212469    0.622289    3.231694   59.567371 ^ mprj.ffram/wbs_dat_o[0] (ffram_WB_Wrapper)
                                                         mprj.wb_decoder.wbs_dat_i_periph_2D[0][0] (net)
                      0.661390    0.120416   59.687786 ^ _1370_/B2 (sky130_fd_sc_hd__a221o_1)
     1    0.003718    0.060869    0.248029   59.935818 ^ _1370_/X (sky130_fd_sc_hd__a221o_1)
                                                         _0527_ (net)
                      0.060869    0.000128   59.935944 ^ _1371_/A_N (sky130_fd_sc_hd__nand2b_1)
     1    0.001935    0.047668    0.090466   60.026409 ^ _1371_/Y (sky130_fd_sc_hd__nand2b_1)
                                                         _0528_ (net)
                      0.047668    0.000057   60.026466 ^ hold750/A (sky130_fd_sc_hd__dlygate4sd3_1)
     1    0.003801    0.061978    0.544418   60.570885 ^ hold750/X (sky130_fd_sc_hd__dlygate4sd3_1)
                                                         net1314 (net)
                      0.061978    0.000128   60.571014 ^ _1372_/B1 (sky130_fd_sc_hd__a211o_1)
     1    0.003452    0.045972    0.098872   60.669884 ^ _1372_/X (sky130_fd_sc_hd__a211o_1)
                                                         _0529_ (net)
                      0.045972    0.000092   60.669979 ^ hold751/A (sky130_fd_sc_hd__dlygate4sd3_1)
     1    0.004710    0.069601    0.550820   61.220798 ^ hold751/X (sky130_fd_sc_hd__dlygate4sd3_1)
                                                         net1315 (net)
                      0.069601    0.000178   61.220974 ^ _1376_/B2 (sky130_fd_sc_hd__a22o_1)
     1    0.003773    0.062602    0.129376   61.350349 ^ _1376_/X (sky130_fd_sc_hd__a22o_1)
                                                         mprj.wb_decoder.next_dat_reg[0] (net)
                      0.062602    0.000121   61.350471 ^ hold752/A (sky130_fd_sc_hd__dlygate4sd3_1)
     1    0.002677    0.051869    0.539060   61.889530 ^ hold752/X (sky130_fd_sc_hd__dlygate4sd3_1)
                                                         net1316 (net)
                      0.051869    0.000078   61.889610 ^ _2029_/D (sky130_fd_sc_hd__dfrtp_4)
                                             61.889610   data arrival time

                                100.000000  100.000000   clock clk (rise edge)
                                  4.650000  104.649994   clock source latency
     4    0.386577    0.610000    0.000000  104.649994 ^ wb_clk_i (in)
                                                         wb_clk_i (net)
                      1.181987    0.285993  104.935989 ^ clkbuf_regs_0_clk/A (sky130_fd_sc_hd__clkbuf_16)
     3    0.034613    0.081812    0.325180  105.261169 ^ clkbuf_regs_0_clk/X (sky130_fd_sc_hd__clkbuf_16)
                                                         wb_clk_i_regs (net)
                      0.081941    0.005656  105.266823 ^ clkbuf_0_wb_clk_i_regs/A (sky130_fd_sc_hd__clkbuf_16)
     5    0.118382    0.132470    0.207088  105.473915 ^ clkbuf_0_wb_clk_i_regs/X (sky130_fd_sc_hd__clkbuf_16)
                                                         clknet_0_wb_clk_i_regs (net)
                      0.134393    0.012612  105.486526 ^ clkbuf_1_0_0_wb_clk_i_regs/A (sky130_fd_sc_hd__clkbuf_8)
     9    0.112162    0.198902    0.265103  105.751625 ^ clkbuf_1_0_0_wb_clk_i_regs/X (sky130_fd_sc_hd__clkbuf_8)
                                                         clknet_1_0_0_wb_clk_i_regs (net)
                      0.200571    0.014737  105.766365 ^ clkbuf_3_1_0_wb_clk_i_regs/A (sky130_fd_sc_hd__clkbuf_8)
    27    0.216871    0.370049    0.407795  106.174156 ^ clkbuf_3_1_0_wb_clk_i_regs/X (sky130_fd_sc_hd__clkbuf_8)
                                                         clknet_3_1_0_wb_clk_i_regs (net)
                      0.371297    0.017607  106.191765 ^ _2029_/CLK (sky130_fd_sc_hd__dfrtp_4)
                                 -0.200000  105.991768   clock uncertainty
                                  0.000000  105.991768   clock reconvergence pessimism
                                 -0.015232  105.976532   library setup time
                                            105.976532   data required time
---------------------------------------------------------------------------------------------
                                            105.976532   data required time
                                            -61.889610   data arrival time
---------------------------------------------------------------------------------------------
                                             44.086926   slack (MET)




===========================================================================
report_checks --slack_max -0.01
============================================================================
======================= nom_tt_025C_1v80 Corner ===================================

No paths found.


===========================================================================
 report_check_types -max_slew -max_cap -max_fanout -violators
============================================================================
======================= nom_tt_025C_1v80 Corner ===================================

max slew

Pin                                        Limit        Slew       Slack
------------------------------------------------------------------------
ANTENNA_747/DIODE                       1.500000    3.168978   -1.668978 (VIOLATED)
ANTENNA_768/DIODE                       1.500000    3.168977   -1.668977 (VIOLATED)
ANTENNA_772/DIODE                       1.500000    3.168976   -1.668976 (VIOLATED)
ANTENNA_748/DIODE                       1.500000    3.168969   -1.668970 (VIOLATED)
ANTENNA_754/DIODE                       1.500000    3.168971   -1.668971 (VIOLATED)
ANTENNA_770/DIODE                       1.500000    3.168972   -1.668972 (VIOLATED)
ANTENNA_766/DIODE                       1.500000    3.168969   -1.668969 (VIOLATED)
ANTENNA_746/DIODE                       1.500000    3.168967   -1.668967 (VIOLATED)
ANTENNA_753/DIODE                       1.500000    3.168940   -1.668940 (VIOLATED)
ANTENNA_771/DIODE                       1.500000    3.168898   -1.668898 (VIOLATED)
ANTENNA_769/DIODE                       1.500000    3.168895   -1.668895 (VIOLATED)
ANTENNA_776/DIODE                       1.500000    3.168893   -1.668893 (VIOLATED)
ANTENNA_774/DIODE                       1.500000    3.168884   -1.668884 (VIOLATED)
ANTENNA_773/DIODE                       1.500000    3.168878   -1.668878 (VIOLATED)
ANTENNA_767/DIODE                       1.500000    3.168870   -1.668870 (VIOLATED)
ANTENNA_751/DIODE                       1.500000    3.168841   -1.668841 (VIOLATED)
ANTENNA_750/DIODE                       1.500000    3.168820   -1.668820 (VIOLATED)
ANTENNA_745/DIODE                       1.500000    3.168798   -1.668798 (VIOLATED)
ANTENNA_744/DIODE                       1.500000    3.168774   -1.668774 (VIOLATED)
ANTENNA_775/DIODE                       1.500000    3.168766   -1.668766 (VIOLATED)
ANTENNA_749/DIODE                       1.500000    3.168750   -1.668750 (VIOLATED)
ANTENNA_752/DIODE                       1.500000    3.168741   -1.668741 (VIOLATED)
ANTENNA_796/DIODE                       1.500000    3.168179   -1.668179 (VIOLATED)
ANTENNA_795/DIODE                       1.500000    3.168129   -1.668129 (VIOLATED)
ANTENNA_793/DIODE                       1.500000    3.167878   -1.667878 (VIOLATED)
ANTENNA_797/DIODE                       1.500000    3.167803   -1.667803 (VIOLATED)
ANTENNA_792/DIODE                       1.500000    3.167740   -1.667740 (VIOLATED)
ANTENNA__1705__A/DIODE                  1.500000    3.167697   -1.667698 (VIOLATED)
_1705_/A                                1.500000    3.167665   -1.667665 (VIOLATED)
ANTENNA_790/DIODE                       1.500000    3.167572   -1.667573 (VIOLATED)
ANTENNA_794/DIODE                       1.500000    3.167418   -1.667418 (VIOLATED)
ANTENNA_791/DIODE                       1.500000    3.167413   -1.667413 (VIOLATED)
ANTENNA_789/DIODE                       1.500000    3.167406   -1.667406 (VIOLATED)
ANTENNA_788/DIODE                       1.500000    3.167381   -1.667381 (VIOLATED)
hold484/X                               1.495067    3.117966   -1.622899 (VIOLATED)
ANTENNA_765/DIODE                       1.500000    3.118450   -1.618450 (VIOLATED)
ANTENNA_760/DIODE                       1.500000    3.118393   -1.618393 (VIOLATED)
ANTENNA_764/DIODE                       1.500000    3.118340   -1.618340 (VIOLATED)
ANTENNA_756/DIODE                       1.500000    3.118275   -1.618275 (VIOLATED)
ANTENNA_755/DIODE                       1.500000    3.118246   -1.618246 (VIOLATED)
ANTENNA_757/DIODE                       1.500000    3.118246   -1.618246 (VIOLATED)
ANTENNA_759/DIODE                       1.500000    3.118246   -1.618246 (VIOLATED)
ANTENNA_762/DIODE                       1.500000    3.118246   -1.618246 (VIOLATED)
ANTENNA_763/DIODE                       1.500000    3.118248   -1.618248 (VIOLATED)
ANTENNA_758/DIODE                       1.500000    3.118229   -1.618229 (VIOLATED)
ANTENNA_761/DIODE                       1.500000    3.118186   -1.618186 (VIOLATED)
ANTENNA_787/DIODE                       1.500000    3.118065   -1.618065 (VIOLATED)
ANTENNA_785/DIODE                       1.500000    3.118046   -1.618046 (VIOLATED)
ANTENNA_783/DIODE                       1.500000    3.118029   -1.618029 (VIOLATED)
ANTENNA_781/DIODE                       1.500000    3.118014   -1.618014 (VIOLATED)
ANTENNA_779/DIODE                       1.500000    3.118001   -1.618001 (VIOLATED)
ANTENNA_777/DIODE                       1.500000    3.117990   -1.617990 (VIOLATED)
ANTENNA_hold484_X/DIODE                 1.500000    3.117981   -1.617981 (VIOLATED)
ANTENNA_778/DIODE                       1.500000    3.117975   -1.617975 (VIOLATED)
ANTENNA_780/DIODE                       1.500000    3.117975   -1.617975 (VIOLATED)
ANTENNA_782/DIODE                       1.500000    3.117975   -1.617975 (VIOLATED)
ANTENNA_784/DIODE                       1.500000    3.117975   -1.617975 (VIOLATED)
ANTENNA_786/DIODE                       1.500000    3.117975   -1.617975 (VIOLATED)
ANTENNA_671/DIODE                       1.500000    2.859680   -1.359680 (VIOLATED)
ANTENNA_672/DIODE                       1.500000    2.859676   -1.359676 (VIOLATED)
ANTENNA_665/DIODE                       1.500000    2.859670   -1.359670 (VIOLATED)
ANTENNA_670/DIODE                       1.500000    2.859669   -1.359669 (VIOLATED)
ANTENNA_669/DIODE                       1.500000    2.859667   -1.359667 (VIOLATED)
ANTENNA_664/DIODE                       1.500000    2.859660   -1.359660 (VIOLATED)
ANTENNA_668/DIODE                       1.500000    2.859651   -1.359651 (VIOLATED)
ANTENNA_663/DIODE                       1.500000    2.859643   -1.359643 (VIOLATED)
ANTENNA_667/DIODE                       1.500000    2.859640   -1.359640 (VIOLATED)
ANTENNA_650/DIODE                       1.500000    2.859607   -1.359608 (VIOLATED)
ANTENNA_666/DIODE                       1.500000    2.859608   -1.359608 (VIOLATED)
ANTENNA_649/DIODE                       1.500000    2.859558   -1.359558 (VIOLATED)
ANTENNA_648/DIODE                       1.500000    2.859481   -1.359481 (VIOLATED)
ANTENNA_685/DIODE                       1.500000    2.859477   -1.359477 (VIOLATED)
ANTENNA_684/DIODE                       1.500000    2.859472   -1.359472 (VIOLATED)
ANTENNA_686/DIODE                       1.500000    2.859463   -1.359463 (VIOLATED)
ANTENNA_687/DIODE                       1.500000    2.859449   -1.359449 (VIOLATED)
ANTENNA_647/DIODE                       1.500000    2.859239   -1.359239 (VIOLATED)
ANTENNA_646/DIODE                       1.500000    2.859211   -1.359211 (VIOLATED)
ANTENNA_645/DIODE                       1.500000    2.859155   -1.359156 (VIOLATED)
ANTENNA_644/DIODE                       1.500000    2.859131   -1.359131 (VIOLATED)
ANTENNA_643/DIODE                       1.500000    2.859098   -1.359098 (VIOLATED)
ANTENNA_642/DIODE                       1.500000    2.858963   -1.358964 (VIOLATED)
ANTENNA_640/DIODE                       1.500000    2.858820   -1.358820 (VIOLATED)
ANTENNA__1702__A/DIODE                  1.500000    2.858755   -1.358755 (VIOLATED)
_1702_/A                                1.500000    2.858577   -1.358577 (VIOLATED)
ANTENNA_641/DIODE                       1.500000    2.858052   -1.358052 (VIOLATED)
ANTENNA_662/DIODE                       1.500000    2.857770   -1.357770 (VIOLATED)
hold364/X                               1.495067    2.825448   -1.330381 (VIOLATED)
ANTENNA_680/DIODE                       1.500000    2.826059   -1.326059 (VIOLATED)
ANTENNA_681/DIODE                       1.500000    2.826009   -1.326009 (VIOLATED)
ANTENNA_679/DIODE                       1.500000    2.825931   -1.325931 (VIOLATED)
ANTENNA_661/DIODE                       1.500000    2.825859   -1.325859 (VIOLATED)
ANTENNA_656/DIODE                       1.500000    2.825824   -1.325824 (VIOLATED)
ANTENNA_657/DIODE                       1.500000    2.825823   -1.325823 (VIOLATED)
ANTENNA_659/DIODE                       1.500000    2.825823   -1.325823 (VIOLATED)
ANTENNA_677/DIODE                       1.500000    2.825824   -1.325824 (VIOLATED)
ANTENNA_673/DIODE                       1.500000    2.825807   -1.325807 (VIOLATED)
ANTENNA_676/DIODE                       1.500000    2.825759   -1.325759 (VIOLATED)
ANTENNA_658/DIODE                       1.500000    2.825702   -1.325702 (VIOLATED)
ANTENNA_651/DIODE                       1.500000    2.825677   -1.325677 (VIOLATED)
ANTENNA_652/DIODE                       1.500000    2.825677   -1.325677 (VIOLATED)
ANTENNA_653/DIODE                       1.500000    2.825677   -1.325677 (VIOLATED)
ANTENNA_654/DIODE                       1.500000    2.825676   -1.325676 (VIOLATED)
ANTENNA_655/DIODE                       1.500000    2.825678   -1.325678 (VIOLATED)
ANTENNA_682/DIODE                       1.500000    2.825667   -1.325667 (VIOLATED)
ANTENNA_683/DIODE                       1.500000    2.825667   -1.325667 (VIOLATED)
ANTENNA_678/DIODE                       1.500000    2.825665   -1.325665 (VIOLATED)
ANTENNA_660/DIODE                       1.500000    2.825663   -1.325663 (VIOLATED)
ANTENNA_674/DIODE                       1.500000    2.825647   -1.325647 (VIOLATED)
ANTENNA_675/DIODE                       1.500000    2.825597   -1.325597 (VIOLATED)
ANTENNA_hold364_X/DIODE                 1.500000    2.825458   -1.325458 (VIOLATED)
ANTENNA_877/DIODE                       1.500000    2.816373   -1.316373 (VIOLATED)
ANTENNA_887/DIODE                       1.500000    2.816371   -1.316371 (VIOLATED)
ANTENNA_872/DIODE                       1.500000    2.816369   -1.316369 (VIOLATED)
ANTENNA_864/DIODE                       1.500000    2.816366   -1.316366 (VIOLATED)
ANTENNA_886/DIODE                       1.500000    2.816366   -1.316366 (VIOLATED)
ANTENNA_888/DIODE                       1.500000    2.816364   -1.316364 (VIOLATED)
ANTENNA_863/DIODE                       1.500000    2.816361   -1.316362 (VIOLATED)
ANTENNA_861/DIODE                       1.500000    2.816360   -1.316360 (VIOLATED)
ANTENNA_871/DIODE                       1.500000    2.816357   -1.316357 (VIOLATED)
ANTENNA_862/DIODE                       1.500000    2.816355   -1.316355 (VIOLATED)
ANTENNA_878/DIODE                       1.500000    2.816333   -1.316333 (VIOLATED)
ANTENNA_885/DIODE                       1.500000    2.816327   -1.316327 (VIOLATED)
ANTENNA_880/DIODE                       1.500000    2.816321   -1.316321 (VIOLATED)
ANTENNA_879/DIODE                       1.500000    2.816316   -1.316316 (VIOLATED)
ANTENNA_869/DIODE                       1.500000    2.815977   -1.315977 (VIOLATED)
ANTENNA_870/DIODE                       1.500000    2.815884   -1.315884 (VIOLATED)
ANTENNA__1707__A/DIODE                  1.500000    2.815883   -1.315883 (VIOLATED)
_1707_/A                                1.500000    2.815649   -1.315649 (VIOLATED)
hold587/X                               1.495067    2.781279   -1.286212 (VIOLATED)
ANTENNA_892/DIODE                       1.500000    2.781734   -1.281734 (VIOLATED)
ANTENNA_882/DIODE                       1.500000    2.781674   -1.281674 (VIOLATED)
ANTENNA_874/DIODE                       1.500000    2.781656   -1.281656 (VIOLATED)
ANTENNA_873/DIODE                       1.500000    2.781607   -1.281607 (VIOLATED)
ANTENNA_868/DIODE                       1.500000    2.781549   -1.281549 (VIOLATED)
ANTENNA_865/DIODE                       1.500000    2.781522   -1.281522 (VIOLATED)
ANTENNA_866/DIODE                       1.500000    2.781523   -1.281523 (VIOLATED)
ANTENNA_867/DIODE                       1.500000    2.781522   -1.281522 (VIOLATED)
ANTENNA_876/DIODE                       1.500000    2.781523   -1.281523 (VIOLATED)
ANTENNA_881/DIODE                       1.500000    2.781523   -1.281523 (VIOLATED)
ANTENNA_883/DIODE                       1.500000    2.781523   -1.281523 (VIOLATED)
ANTENNA_890/DIODE                       1.500000    2.781523   -1.281524 (VIOLATED)
ANTENNA_891/DIODE                       1.500000    2.781524   -1.281524 (VIOLATED)
ANTENNA_884/DIODE                       1.500000    2.781507   -1.281507 (VIOLATED)
ANTENNA_875/DIODE                       1.500000    2.781458   -1.281458 (VIOLATED)
ANTENNA_889/DIODE                       1.500000    2.781423   -1.281423 (VIOLATED)
ANTENNA_hold587_X/DIODE                 1.500000    2.781287   -1.281287 (VIOLATED)
ANTENNA_723/DIODE                       1.500000    2.739538   -1.239538 (VIOLATED)
ANTENNA_731/DIODE                       1.500000    2.739539   -1.239539 (VIOLATED)
ANTENNA_728/DIODE                       1.500000    2.739533   -1.239533 (VIOLATED)
ANTENNA_729/DIODE                       1.500000    2.739527   -1.239527 (VIOLATED)
ANTENNA_730/DIODE                       1.500000    2.739521   -1.239521 (VIOLATED)
ANTENNA_722/DIODE                       1.500000    2.739470   -1.239471 (VIOLATED)
ANTENNA_726/DIODE                       1.500000    2.739457   -1.239457 (VIOLATED)
ANTENNA_732/DIODE                       1.500000    2.739454   -1.239454 (VIOLATED)
ANTENNA_707/DIODE                       1.500000    2.739451   -1.239451 (VIOLATED)
ANTENNA_702/DIODE                       1.500000    2.739439   -1.239439 (VIOLATED)
ANTENNA_705/DIODE                       1.500000    2.739424   -1.239424 (VIOLATED)
ANTENNA_701/DIODE                       1.500000    2.739324   -1.239324 (VIOLATED)
ANTENNA_700/DIODE                       1.500000    2.739312   -1.239312 (VIOLATED)
ANTENNA_703/DIODE                       1.500000    2.739251   -1.239251 (VIOLATED)
ANTENNA_727/DIODE                       1.500000    2.739219   -1.239219 (VIOLATED)
ANTENNA_725/DIODE                       1.500000    2.739217   -1.239217 (VIOLATED)
ANTENNA_710/DIODE                       1.500000    2.739213   -1.239213 (VIOLATED)
ANTENNA_724/DIODE                       1.500000    2.739214   -1.239214 (VIOLATED)
ANTENNA_706/DIODE                       1.500000    2.739205   -1.239205 (VIOLATED)
ANTENNA_704/DIODE                       1.500000    2.739199   -1.239199 (VIOLATED)
ANTENNA_709/DIODE                       1.500000    2.739181   -1.239181 (VIOLATED)
ANTENNA_708/DIODE                       1.500000    2.739074   -1.239074 (VIOLATED)
_1704_/A                                1.500000    2.738450   -1.238450 (VIOLATED)
ANTENNA__1704__A/DIODE                  1.500000    2.738438   -1.238438 (VIOLATED)
output226/A                             1.500000    2.710537   -1.210537 (VIOLATED)
ANTENNA_output226_A/DIODE               1.500000    2.710434   -1.210434 (VIOLATED)
hold464/X                               1.495067    2.705058   -1.209991 (VIOLATED)
ANTENNA_717/DIODE                       1.500000    2.705448   -1.205448 (VIOLATED)
ANTENNA_716/DIODE                       1.500000    2.705401   -1.205401 (VIOLATED)
ANTENNA_711/DIODE                       1.500000    2.705349   -1.205349 (VIOLATED)
ANTENNA_713/DIODE                       1.500000    2.705323   -1.205323 (VIOLATED)
ANTENNA_715/DIODE                       1.500000    2.705323   -1.205323 (VIOLATED)
ANTENNA_719/DIODE                       1.500000    2.705323   -1.205323 (VIOLATED)
ANTENNA_721/DIODE                       1.500000    2.705323   -1.205323 (VIOLATED)
ANTENNA_712/DIODE                       1.500000    2.705308   -1.205308 (VIOLATED)
ANTENNA_714/DIODE                       1.500000    2.705293   -1.205293 (VIOLATED)
ANTENNA_718/DIODE                       1.500000    2.705279   -1.205279 (VIOLATED)
ANTENNA_720/DIODE                       1.500000    2.705242   -1.205242 (VIOLATED)
ANTENNA_743/DIODE                       1.500000    2.705117   -1.205117 (VIOLATED)
ANTENNA_741/DIODE                       1.500000    2.705105   -1.205105 (VIOLATED)
ANTENNA_739/DIODE                       1.500000    2.705091   -1.205091 (VIOLATED)
ANTENNA_737/DIODE                       1.500000    2.705081   -1.205081 (VIOLATED)
ANTENNA_735/DIODE                       1.500000    2.705073   -1.205073 (VIOLATED)
ANTENNA_733/DIODE                       1.500000    2.705065   -1.205065 (VIOLATED)
ANTENNA_734/DIODE                       1.500000    2.705065   -1.205065 (VIOLATED)
ANTENNA_736/DIODE                       1.500000    2.705065   -1.205065 (VIOLATED)
ANTENNA_738/DIODE                       1.500000    2.705065   -1.205066 (VIOLATED)
ANTENNA_740/DIODE                       1.500000    2.705065   -1.205066 (VIOLATED)
ANTENNA_742/DIODE                       1.500000    2.705065   -1.205066 (VIOLATED)
ANTENNA_hold464_X/DIODE                 1.500000    2.705065   -1.205065 (VIOLATED)
ANTENNA_1224/DIODE                      1.500000    2.515973   -1.015973 (VIOLATED)
ANTENNA_1220/DIODE                      1.500000    2.515972   -1.015972 (VIOLATED)
ANTENNA_1219/DIODE                      1.500000    2.515970   -1.015970 (VIOLATED)
ANTENNA_1223/DIODE                      1.500000    2.515901   -1.015901 (VIOLATED)
ANTENNA_637/DIODE                       1.500000    2.515892   -1.015892 (VIOLATED)
ANTENNA_633/DIODE                       1.500000    2.515880   -1.015880 (VIOLATED)
ANTENNA_632/DIODE                       1.500000    2.515871   -1.015871 (VIOLATED)
ANTENNA_1217/DIODE                      1.500000    2.515847   -1.015847 (VIOLATED)
ANTENNA_636/DIODE                       1.500000    2.515836   -1.015836 (VIOLATED)
ANTENNA_1215/DIODE                      1.500000    2.515776   -1.015776 (VIOLATED)
ANTENNA__1685__A/DIODE                  1.500000    2.515419   -1.015419 (VIOLATED)
_1685_/A                                1.500000    2.515414   -1.015414 (VIOLATED)
ANTENNA_544/DIODE                       1.500000    2.506316   -1.006316 (VIOLATED)
ANTENNA_543/DIODE                       1.500000    2.506307   -1.006307 (VIOLATED)
ANTENNA_541/DIODE                       1.500000    2.506303   -1.006303 (VIOLATED)
ANTENNA_537/DIODE                       1.500000    2.506300   -1.006300 (VIOLATED)
ANTENNA_538/DIODE                       1.500000    2.506294   -1.006294 (VIOLATED)
ANTENNA_542/DIODE                       1.500000    2.506292   -1.006292 (VIOLATED)
ANTENNA_540/DIODE                       1.500000    2.506269   -1.006269 (VIOLATED)
ANTENNA_539/DIODE                       1.500000    2.506267   -1.006267 (VIOLATED)
ANTENNA_536/DIODE                       1.500000    2.506260   -1.006260 (VIOLATED)
ANTENNA_526/DIODE                       1.500000    2.506113   -1.006113 (VIOLATED)
ANTENNA_524/DIODE                       1.500000    2.506091   -1.006091 (VIOLATED)
ANTENNA_523/DIODE                       1.500000    2.506065   -1.006065 (VIOLATED)
ANTENNA_521/DIODE                       1.500000    2.506037   -1.006037 (VIOLATED)
ANTENNA_555/DIODE                       1.500000    2.506030   -1.006030 (VIOLATED)
ANTENNA_519/DIODE                       1.500000    2.506006   -1.006006 (VIOLATED)
ANTENNA_554/DIODE                       1.500000    2.505992   -1.005992 (VIOLATED)
ANTENNA__1681__A/DIODE                  1.500000    2.505991   -1.005992 (VIOLATED)
_1681_/A                                1.500000    2.505961   -1.005962 (VIOLATED)
ANTENNA_556/DIODE                       1.500000    2.505951   -1.005952 (VIOLATED)
ANTENNA_518/DIODE                       1.500000    2.505922   -1.005922 (VIOLATED)
ANTENNA_557/DIODE                       1.500000    2.505900   -1.005901 (VIOLATED)
ANTENNA_520/DIODE                       1.500000    2.505869   -1.005869 (VIOLATED)
ANTENNA_522/DIODE                       1.500000    2.505821   -1.005821 (VIOLATED)
ANTENNA_525/DIODE                       1.500000    2.505659   -1.005659 (VIOLATED)
hold354/X                               1.495067    2.493243   -0.998176 (VIOLATED)
ANTENNA_1218/DIODE                      1.500000    2.493269   -0.993269 (VIOLATED)
ANTENNA_1225/DIODE                      1.500000    2.493269   -0.993269 (VIOLATED)
ANTENNA_1226/DIODE                      1.500000    2.493269   -0.993269 (VIOLATED)
ANTENNA_638/DIODE                       1.500000    2.493268   -0.993268 (VIOLATED)
ANTENNA_639/DIODE                       1.500000    2.493268   -0.993269 (VIOLATED)
ANTENNA_hold354_X/DIODE                 1.500000    2.493268   -0.993268 (VIOLATED)
ANTENNA_1216/DIODE                      1.500000    2.493253   -0.993253 (VIOLATED)
ANTENNA_1221/DIODE                      1.500000    2.493252   -0.993252 (VIOLATED)
ANTENNA_1222/DIODE                      1.500000    2.493252   -0.993252 (VIOLATED)
ANTENNA_634/DIODE                       1.500000    2.493252   -0.993252 (VIOLATED)
ANTENNA_635/DIODE                       1.500000    2.493252   -0.993252 (VIOLATED)
hold239/X                               1.495067    2.484410   -0.989343 (VIOLATED)
ANTENNA_550/DIODE                       1.500000    2.484485   -0.984485 (VIOLATED)
ANTENNA_552/DIODE                       1.500000    2.484441   -0.984441 (VIOLATED)
ANTENNA_528/DIODE                       1.500000    2.484429   -0.984429 (VIOLATED)
ANTENNA_533/DIODE                       1.500000    2.484429   -0.984429 (VIOLATED)
ANTENNA_534/DIODE                       1.500000    2.484429   -0.984429 (VIOLATED)
ANTENNA_535/DIODE                       1.500000    2.484429   -0.984429 (VIOLATED)
ANTENNA_529/DIODE                       1.500000    2.484428   -0.984428 (VIOLATED)
ANTENNA_530/DIODE                       1.500000    2.484428   -0.984428 (VIOLATED)
ANTENNA_532/DIODE                       1.500000    2.484428   -0.984429 (VIOLATED)
ANTENNA_531/DIODE                       1.500000    2.484427   -0.984427 (VIOLATED)
ANTENNA_546/DIODE                       1.500000    2.484428   -0.984428 (VIOLATED)
ANTENNA_547/DIODE                       1.500000    2.484428   -0.984428 (VIOLATED)
ANTENNA_551/DIODE                       1.500000    2.484428   -0.984429 (VIOLATED)
ANTENNA_553/DIODE                       1.500000    2.484428   -0.984428 (VIOLATED)
ANTENNA_hold239_X/DIODE                 1.500000    2.484428   -0.984428 (VIOLATED)
ANTENNA_527/DIODE                       1.500000    2.484426   -0.984426 (VIOLATED)
ANTENNA_549/DIODE                       1.500000    2.484427   -0.984427 (VIOLATED)
ANTENNA_545/DIODE                       1.500000    2.484425   -0.984425 (VIOLATED)
ANTENNA_548/DIODE                       1.500000    2.484422   -0.984422 (VIOLATED)
ANTENNA_422/DIODE                       1.500000    2.346120   -0.846120 (VIOLATED)
ANTENNA_421/DIODE                       1.500000    2.346117   -0.846117 (VIOLATED)
ANTENNA_414/DIODE                       1.500000    2.346114   -0.846114 (VIOLATED)
ANTENNA_413/DIODE                       1.500000    2.346108   -0.846108 (VIOLATED)
ANTENNA__1682__A/DIODE                  1.500000    2.346101   -0.846101 (VIOLATED)
_1682_/A                                1.500000    2.346094   -0.846094 (VIOLATED)
ANTENNA_409/DIODE                       1.500000    2.346078   -0.846078 (VIOLATED)
ANTENNA_410/DIODE                       1.500000    2.346064   -0.846064 (VIOLATED)
ANTENNA_417/DIODE                       1.500000    2.346032   -0.846032 (VIOLATED)
ANTENNA_418/DIODE                       1.500000    2.345991   -0.845991 (VIOLATED)
hold140/X                               1.495067    2.326650   -0.831583 (VIOLATED)
ANTENNA_423/DIODE                       1.500000    2.326675   -0.826675 (VIOLATED)
ANTENNA_419/DIODE                       1.500000    2.326660   -0.826660 (VIOLATED)
ANTENNA_411/DIODE                       1.500000    2.326653   -0.826653 (VIOLATED)
ANTENNA_412/DIODE                       1.500000    2.326653   -0.826653 (VIOLATED)
ANTENNA_415/DIODE                       1.500000    2.326653   -0.826653 (VIOLATED)
ANTENNA_416/DIODE                       1.500000    2.326653   -0.826653 (VIOLATED)
ANTENNA_420/DIODE                       1.500000    2.326653   -0.826653 (VIOLATED)
ANTENNA_424/DIODE                       1.500000    2.326653   -0.826653 (VIOLATED)
ANTENNA_hold140_X/DIODE                 1.500000    2.326653   -0.826653 (VIOLATED)
ANTENNA_608/DIODE                       1.500000    2.322955   -0.822955 (VIOLATED)
ANTENNA_600/DIODE                       1.500000    2.322951   -0.822951 (VIOLATED)
ANTENNA_607/DIODE                       1.500000    2.322948   -0.822948 (VIOLATED)
ANTENNA_611/DIODE                       1.500000    2.322871   -0.822872 (VIOLATED)
ANTENNA_615/DIODE                       1.500000    2.322860   -0.822860 (VIOLATED)
ANTENNA_603/DIODE                       1.500000    2.322859   -0.822859 (VIOLATED)
ANTENNA__1684__A/DIODE                  1.500000    2.322845   -0.822845 (VIOLATED)
_1684_/A                                1.500000    2.322839   -0.822839 (VIOLATED)
ANTENNA_604/DIODE                       1.500000    2.322806   -0.822806 (VIOLATED)
ANTENNA_612/DIODE                       1.500000    2.322782   -0.822782 (VIOLATED)
ANTENNA_599/DIODE                       1.500000    2.322696   -0.822696 (VIOLATED)
hold340/X                               1.495067    2.304538   -0.809471 (VIOLATED)
ANTENNA_606/DIODE                       1.500000    2.304667   -0.804667 (VIOLATED)
ANTENNA_614/DIODE                       1.500000    2.304633   -0.804633 (VIOLATED)
ANTENNA_hold340_X/DIODE                 1.500000    2.304602   -0.804602 (VIOLATED)
ANTENNA_613/DIODE                       1.500000    2.304595   -0.804596 (VIOLATED)
ANTENNA_605/DIODE                       1.500000    2.304578   -0.804578 (VIOLATED)
ANTENNA_602/DIODE                       1.500000    2.304557   -0.804557 (VIOLATED)
ANTENNA_609/DIODE                       1.500000    2.304557   -0.804557 (VIOLATED)
ANTENNA_610/DIODE                       1.500000    2.304557   -0.804557 (VIOLATED)
ANTENNA_601/DIODE                       1.500000    2.304556   -0.804556 (VIOLATED)
ANTENNA_mprj.team_00_Wrapper.team_00_WB.instance_to_wrap_en/DIODE    1.500000    2.264498   -0.764498 (VIOLATED)
mprj.team_00_Wrapper.team_00_WB.instance_to_wrap/en    1.500000    2.264435   -0.764435 (VIOLATED)
ANTENNA_mprj.team_00_Wrapper.team_00_WB.instance_to_wrap_gpio_out[26]/DIODE    1.500000    2.246320   -0.746321 (VIOLATED)
mprj.team_00_Wrapper.team_00_WB.instance_to_wrap/gpio_out[26]    1.500000    2.246320   -0.746321 (VIOLATED)
_1710_/A                                1.500000    2.198560   -0.698560 (VIOLATED)
ANTENNA__1710__A/DIODE                  1.500000    2.198550   -0.698551 (VIOLATED)
hold116/X                               1.495067    2.171792   -0.676725 (VIOLATED)
ANTENNA__1178__A/DIODE                  1.500000    2.171917   -0.671917 (VIOLATED)
_1178_/A                                1.500000    2.171916   -0.671916 (VIOLATED)
ANTENNA_hold116_X/DIODE                 1.500000    2.171805   -0.671805 (VIOLATED)
hold91/X                                1.495067    2.076440   -0.581373 (VIOLATED)
ANTENNA__1686__A/DIODE                  1.500000    2.077188   -0.577188 (VIOLATED)
_1686_/A                                1.500000    2.077187   -0.577187 (VIOLATED)
ANTENNA_hold91_X/DIODE                  1.500000    2.076460   -0.576460 (VIOLATED)
ANTENNA_454/DIODE                       1.500000    2.073530   -0.573530 (VIOLATED)
ANTENNA_450/DIODE                       1.500000    2.073528   -0.573528 (VIOLATED)
ANTENNA_449/DIODE                       1.500000    2.073521   -0.573521 (VIOLATED)
ANTENNA_446/DIODE                       1.500000    2.073517   -0.573517 (VIOLATED)
ANTENNA_441/DIODE                       1.500000    2.073509   -0.573509 (VIOLATED)
_1689_/A                                1.500000    2.073504   -0.573504 (VIOLATED)
ANTENNA__1689__A/DIODE                  1.500000    2.073491   -0.573491 (VIOLATED)
ANTENNA_442/DIODE                       1.500000    2.073478   -0.573478 (VIOLATED)
ANTENNA_445/DIODE                       1.500000    2.073449   -0.573450 (VIOLATED)
ANTENNA_453/DIODE                       1.500000    2.073394   -0.573394 (VIOLATED)
hold159/X                               1.495067    2.059806   -0.564739 (VIOLATED)
ANTENNA_448/DIODE                       1.500000    2.059815   -0.559815 (VIOLATED)
ANTENNA_456/DIODE                       1.500000    2.059815   -0.559815 (VIOLATED)
ANTENNA_443/DIODE                       1.500000    2.059808   -0.559808 (VIOLATED)
ANTENNA_447/DIODE                       1.500000    2.059808   -0.559808 (VIOLATED)
ANTENNA_451/DIODE                       1.500000    2.059808   -0.559808 (VIOLATED)
ANTENNA_444/DIODE                       1.500000    2.059806   -0.559806 (VIOLATED)
ANTENNA_452/DIODE                       1.500000    2.059806   -0.559806 (VIOLATED)
ANTENNA_455/DIODE                       1.500000    2.059806   -0.559806 (VIOLATED)
ANTENNA_hold159_X/DIODE                 1.500000    2.059806   -0.559806 (VIOLATED)
output191/A                             1.500000    2.026390   -0.526390 (VIOLATED)
ANTENNA_output191_A/DIODE               1.500000    2.026271   -0.526271 (VIOLATED)
ANTENNA_189/DIODE                       1.500000    2.026121   -0.526121 (VIOLATED)
output225/A                             1.500000    1.968985   -0.468986 (VIOLATED)
ANTENNA_output225_A/DIODE               1.500000    1.968904   -0.468904 (VIOLATED)
ANTENNA_373/DIODE                       1.500000    1.920282   -0.420282 (VIOLATED)
ANTENNA_372/DIODE                       1.500000    1.920281   -0.420281 (VIOLATED)
ANTENNA_371/DIODE                       1.500000    1.920278   -0.420278 (VIOLATED)
ANTENNA_370/DIODE                       1.500000    1.920274   -0.420274 (VIOLATED)
ANTENNA_369/DIODE                       1.500000    1.920268   -0.420269 (VIOLATED)
ANTENNA_366/DIODE                       1.500000    1.920262   -0.420262 (VIOLATED)
ANTENNA_365/DIODE                       1.500000    1.920253   -0.420253 (VIOLATED)
ANTENNA_355/DIODE                       1.500000    1.920244   -0.420244 (VIOLATED)
ANTENNA_353/DIODE                       1.500000    1.920232   -0.420232 (VIOLATED)
ANTENNA_385/DIODE                       1.500000    1.920228   -0.420228 (VIOLATED)
ANTENNA_383/DIODE                       1.500000    1.920227   -0.420227 (VIOLATED)
ANTENNA_351/DIODE                       1.500000    1.920221   -0.420221 (VIOLATED)
ANTENNA_386/DIODE                       1.500000    1.920219   -0.420219 (VIOLATED)
ANTENNA_349/DIODE                       1.500000    1.920198   -0.420199 (VIOLATED)
ANTENNA__1690__A/DIODE                  1.500000    1.920175   -0.420175 (VIOLATED)
_1690_/A                                1.500000    1.920128   -0.420128 (VIOLATED)
ANTENNA_348/DIODE                       1.500000    1.920074   -0.420074 (VIOLATED)
ANTENNA_352/DIODE                       1.500000    1.920050   -0.420050 (VIOLATED)
ANTENNA_350/DIODE                       1.500000    1.920048   -0.420048 (VIOLATED)
ANTENNA_347/DIODE                       1.500000    1.920002   -0.420002 (VIOLATED)
ANTENNA_367/DIODE                       1.500000    1.919942   -0.419942 (VIOLATED)
ANTENNA_384/DIODE                       1.500000    1.919897   -0.419897 (VIOLATED)
ANTENNA_354/DIODE                       1.500000    1.919655   -0.419655 (VIOLATED)
ANTENNA_368/DIODE                       1.500000    1.919612   -0.419612 (VIOLATED)
hold132/X                               1.495067    1.907467   -0.412400 (VIOLATED)
output243/A                             1.500000    1.908666   -0.408666 (VIOLATED)
ANTENNA_output243_A/DIODE               1.500000    1.908378   -0.408378 (VIOLATED)
ANTENNA_363/DIODE                       1.500000    1.907597   -0.407598 (VIOLATED)
ANTENNA_359/DIODE                       1.500000    1.907565   -0.407565 (VIOLATED)
ANTENNA_381/DIODE                       1.500000    1.907534   -0.407534 (VIOLATED)
ANTENNA_377/DIODE                       1.500000    1.907524   -0.407524 (VIOLATED)
ANTENNA_362/DIODE                       1.500000    1.907518   -0.407518 (VIOLATED)
ANTENNA_357/DIODE                       1.500000    1.907513   -0.407513 (VIOLATED)
ANTENNA_361/DIODE                       1.500000    1.907496   -0.407496 (VIOLATED)
ANTENNA_378/DIODE                       1.500000    1.907483   -0.407483 (VIOLATED)
ANTENNA_358/DIODE                       1.500000    1.907477   -0.407477 (VIOLATED)
ANTENNA_360/DIODE                       1.500000    1.907477   -0.407477 (VIOLATED)
ANTENNA_364/DIODE                       1.500000    1.907477   -0.407477 (VIOLATED)
ANTENNA_379/DIODE                       1.500000    1.907477   -0.407477 (VIOLATED)
ANTENNA_356/DIODE                       1.500000    1.907474   -0.407474 (VIOLATED)
ANTENNA_375/DIODE                       1.500000    1.907474   -0.407474 (VIOLATED)
ANTENNA_376/DIODE                       1.500000    1.907474   -0.407474 (VIOLATED)
ANTENNA_380/DIODE                       1.500000    1.907474   -0.407474 (VIOLATED)
ANTENNA_382/DIODE                       1.500000    1.907474   -0.407474 (VIOLATED)
ANTENNA_hold132_X/DIODE                 1.500000    1.907474   -0.407474 (VIOLATED)
ANTENNA_374/DIODE                       1.500000    1.907473   -0.407473 (VIOLATED)
output246/A                             1.500000    1.884603   -0.384603 (VIOLATED)
ANTENNA_output246_A/DIODE               1.500000    1.884485   -0.384485 (VIOLATED)
output268/A                             1.500000    1.873409   -0.373409 (VIOLATED)
ANTENNA_205/DIODE                       1.500000    1.873151   -0.373151 (VIOLATED)
ANTENNA_206/DIODE                       1.500000    1.872992   -0.372992 (VIOLATED)
ANTENNA_output268_A/DIODE               1.500000    1.872743   -0.372743 (VIOLATED)
ANTENNA_207/DIODE                       1.500000    1.871233   -0.371233 (VIOLATED)
ANTENNA_208/DIODE                       1.500000    1.871081   -0.371081 (VIOLATED)
ANTENNA_197/DIODE                       1.500000    1.859837   -0.359837 (VIOLATED)
output267/A                             1.500000    1.859761   -0.359761 (VIOLATED)
ANTENNA_output267_A/DIODE               1.500000    1.859505   -0.359505 (VIOLATED)
ANTENNA_198/DIODE                       1.500000    1.859407   -0.359407 (VIOLATED)
ANTENNA_200/DIODE                       1.500000    1.857661   -0.357661 (VIOLATED)
ANTENNA_199/DIODE                       1.500000    1.857448   -0.357449 (VIOLATED)
ANTENNA_mprj.team_00_Wrapper.team_00_WB.instance_to_wrap_gpio_out[25]/DIODE    1.500000    1.801961   -0.301961 (VIOLATED)
mprj.team_00_Wrapper.team_00_WB.instance_to_wrap/gpio_out[25]    1.500000    1.801961   -0.301961 (VIOLATED)
ANTENNA_mprj.team_00_Wrapper.team_00_WB.instance_to_wrap_gpio_oeb[25]/DIODE    1.500000    1.792037   -0.292037 (VIOLATED)
mprj.team_00_Wrapper.team_00_WB.instance_to_wrap/gpio_oeb[25]    1.500000    1.792006   -0.292006 (VIOLATED)
output189/A                             1.500000    1.791219   -0.291219 (VIOLATED)
ANTENNA_output189_A/DIODE               1.500000    1.791058   -0.291059 (VIOLATED)
output223/A                             1.500000    1.740588   -0.240588 (VIOLATED)
ANTENNA_output223_A/DIODE               1.500000    1.740451   -0.240451 (VIOLATED)
ANTENNA_output242_A/DIODE               1.500000    1.732264   -0.232264 (VIOLATED)
output242/A                             1.500000    1.731632   -0.231632 (VIOLATED)
output205/A                             1.500000    1.722429   -0.222429 (VIOLATED)
ANTENNA_191/DIODE                       1.500000    1.722338   -0.222338 (VIOLATED)
ANTENNA_output205_A/DIODE               1.500000    1.722312   -0.222312 (VIOLATED)
ANTENNA_475/DIODE                       1.500000    1.700753   -0.200753 (VIOLATED)
ANTENNA_470/DIODE                       1.500000    1.700749   -0.200749 (VIOLATED)
ANTENNA_472/DIODE                       1.500000    1.700749   -0.200749 (VIOLATED)
ANTENNA_474/DIODE                       1.500000    1.700749   -0.200749 (VIOLATED)
ANTENNA_471/DIODE                       1.500000    1.700746   -0.200746 (VIOLATED)
ANTENNA_473/DIODE                       1.500000    1.700732   -0.200732 (VIOLATED)
ANTENNA_487/DIODE                       1.500000    1.700712   -0.200712 (VIOLATED)
ANTENNA_486/DIODE                       1.500000    1.700701   -0.200701 (VIOLATED)
ANTENNA_485/DIODE                       1.500000    1.700690   -0.200690 (VIOLATED)
ANTENNA_484/DIODE                       1.500000    1.700662   -0.200662 (VIOLATED)
ANTENNA_483/DIODE                       1.500000    1.700633   -0.200633 (VIOLATED)
ANTENNA_482/DIODE                       1.500000    1.700617   -0.200617 (VIOLATED)
ANTENNA__1678__A/DIODE                  1.500000    1.700541   -0.200541 (VIOLATED)
_1678_/A                                1.500000    1.700528   -0.200528 (VIOLATED)
hold215/X                               1.495067    1.690593   -0.195526 (VIOLATED)
ANTENNA_477/DIODE                       1.500000    1.690828   -0.190828 (VIOLATED)
ANTENNA_480/DIODE                       1.500000    1.690828   -0.190828 (VIOLATED)
ANTENNA_481/DIODE                       1.500000    1.690826   -0.190826 (VIOLATED)
ANTENNA_478/DIODE                       1.500000    1.690771   -0.190771 (VIOLATED)
ANTENNA_476/DIODE                       1.500000    1.690746   -0.190746 (VIOLATED)
ANTENNA_479/DIODE                       1.500000    1.690719   -0.190719 (VIOLATED)
ANTENNA_490/DIODE                       1.500000    1.690629   -0.190629 (VIOLATED)
ANTENNA_492/DIODE                       1.500000    1.690613   -0.190613 (VIOLATED)
ANTENNA_488/DIODE                       1.500000    1.690597   -0.190597 (VIOLATED)
ANTENNA_489/DIODE                       1.500000    1.690598   -0.190598 (VIOLATED)
ANTENNA_491/DIODE                       1.500000    1.690598   -0.190598 (VIOLATED)
ANTENNA_493/DIODE                       1.500000    1.690598   -0.190598 (VIOLATED)
ANTENNA_hold215_X/DIODE                 1.500000    1.690597   -0.190597 (VIOLATED)
mprj.team_00_Wrapper.team_00_WB.instance_to_wrap/la_data_in[5]    1.500000    1.683844   -0.183844 (VIOLATED)
ANTENNA_mprj.team_00_Wrapper.team_00_WB.instance_to_wrap_la_data_in[5]/DIODE    1.500000    1.683822   -0.183822 (VIOLATED)
ANTENNA_mprj.team_00_Wrapper.team_00_WB.instance_to_wrap_gpio_oeb[23]/DIODE    1.500000    1.661780   -0.161780 (VIOLATED)
mprj.team_00_Wrapper.team_00_WB.instance_to_wrap/gpio_oeb[23]    1.500000    1.661757   -0.161757 (VIOLATED)
output192/A                             1.500000    1.646983   -0.146983 (VIOLATED)
ANTENNA_output192_A/DIODE               1.500000    1.646874   -0.146874 (VIOLATED)
ANTENNA_1124/DIODE                      1.500000    1.646751   -0.146751 (VIOLATED)
ANTENNA_1129/DIODE                      1.500000    1.646709   -0.146709 (VIOLATED)
ANTENNA_1127/DIODE                      1.500000    1.646702   -0.146702 (VIOLATED)
ANTENNA_1128/DIODE                      1.500000    1.646531   -0.146531 (VIOLATED)
ANTENNA_1126/DIODE                      1.500000    1.646481   -0.146481 (VIOLATED)
ANTENNA_1125/DIODE                      1.500000    1.646477   -0.146477 (VIOLATED)
output183/A                             1.500000    1.646112   -0.146112 (VIOLATED)
ANTENNA_output183_A/DIODE               1.500000    1.645983   -0.145984 (VIOLATED)
ANTENNA_235/DIODE                       1.500000    1.612155   -0.112155 (VIOLATED)
ANTENNA__1076__A2/DIODE                 1.500000    1.612123   -0.112123 (VIOLATED)
_1076_/A2                               1.500000    1.612084   -0.112084 (VIOLATED)
ANTENNA_224/DIODE                       1.500000    1.611941   -0.111941 (VIOLATED)
ANTENNA_244/DIODE                       1.500000    1.611896   -0.111896 (VIOLATED)
ANTENNA_242/DIODE                       1.500000    1.611886   -0.111886 (VIOLATED)
ANTENNA_238/DIODE                       1.500000    1.611878   -0.111879 (VIOLATED)
ANTENNA_225/DIODE                       1.500000    1.611877   -0.111877 (VIOLATED)
ANTENNA_227/DIODE                       1.500000    1.611740   -0.111740 (VIOLATED)
ANTENNA_233/DIODE                       1.500000    1.611525   -0.111525 (VIOLATED)
ANTENNA_245/DIODE                       1.500000    1.611489   -0.111489 (VIOLATED)
ANTENNA_236/DIODE                       1.500000    1.611447   -0.111447 (VIOLATED)
ANTENNA_241/DIODE                       1.500000    1.611446   -0.111446 (VIOLATED)
ANTENNA_231/DIODE                       1.500000    1.611441   -0.111441 (VIOLATED)
ANTENNA_230/DIODE                       1.500000    1.611341   -0.111341 (VIOLATED)
ANTENNA_228/DIODE                       1.500000    1.611335   -0.111335 (VIOLATED)
ANTENNA_226/DIODE                       1.500000    1.611261   -0.111262 (VIOLATED)
ANTENNA_237/DIODE                       1.500000    1.611240   -0.111240 (VIOLATED)
ANTENNA_229/DIODE                       1.500000    1.611220   -0.111220 (VIOLATED)
ANTENNA_243/DIODE                       1.500000    1.611213   -0.111213 (VIOLATED)
ANTENNA_239/DIODE                       1.500000    1.611196   -0.111196 (VIOLATED)
ANTENNA_232/DIODE                       1.500000    1.610870   -0.110870 (VIOLATED)
ANTENNA_mprj.team_00_Wrapper.team_00_WB.instance_to_wrap_prescaler[0]/DIODE    1.500000    1.610561   -0.110561 (VIOLATED)
mprj.team_00_Wrapper.team_00_WB.instance_to_wrap/prescaler[0]    1.500000    1.610504   -0.110504 (VIOLATED)
ANTENNA_240/DIODE                       1.500000    1.610366   -0.110366 (VIOLATED)
ANTENNA_234/DIODE                       1.500000    1.609550   -0.109550 (VIOLATED)
output217/A                             1.500000    1.604209   -0.104209 (VIOLATED)
ANTENNA_output217_A/DIODE               1.500000    1.604070   -0.104070 (VIOLATED)
ANTENNA_mprj.team_00_Wrapper.team_00_WB.instance_to_wrap_gpio_out[23]/DIODE    1.500000    1.586265   -0.086265 (VIOLATED)
mprj.team_00_Wrapper.team_00_WB.instance_to_wrap/gpio_out[23]    1.500000    1.586265   -0.086265 (VIOLATED)
mprj.team_00_Wrapper.team_00_WB.instance_to_wrap/gpio_in[33]    1.500000    1.567831   -0.067831 (VIOLATED)
ANTENNA_mprj.team_00_Wrapper.team_00_WB.instance_to_wrap_gpio_in[33]/DIODE    1.500000    1.567830   -0.067830 (VIOLATED)
output224/A                             1.500000    1.531770   -0.031770 (VIOLATED)
ANTENNA_output224_A/DIODE               1.500000    1.531619   -0.031619 (VIOLATED)
output216/A                             1.500000    1.521509   -0.021509 (VIOLATED)
ANTENNA_output216_A/DIODE               1.500000    1.521373   -0.021373 (VIOLATED)
ANTENNA_mprj.team_00_Wrapper.team_00_WB.instance_to_wrap_gpio_out[0]/DIODE    1.500000    1.507984   -0.007984 (VIOLATED)
mprj.team_00_Wrapper.team_00_WB.instance_to_wrap/gpio_out[0]    1.500000    1.507981   -0.007981 (VIOLATED)
ANTENNA_mprj.team_00_Wrapper.team_00_WB.instance_to_wrap_la_data_in[6]/DIODE    1.500000    1.504342   -0.004342 (VIOLATED)
mprj.team_00_Wrapper.team_00_WB.instance_to_wrap/la_data_in[6]    1.500000    1.504316   -0.004316 (VIOLATED)
mprj.team_00_Wrapper.team_00_WB.instance_to_wrap/la_oenb[5]    1.500000    1.504013   -0.004013 (VIOLATED)
ANTENNA_mprj.team_00_Wrapper.team_00_WB.instance_to_wrap_la_oenb[5]/DIODE    1.500000    1.504009   -0.004009 (VIOLATED)
ANTENNA_mprj.team_00_Wrapper.team_00_WB.instance_to_wrap_gpio_oeb[26]/DIODE    1.500000    1.502319   -0.002319 (VIOLATED)
mprj.team_00_Wrapper.team_00_WB.instance_to_wrap/gpio_oeb[26]    1.500000    1.502319   -0.002319 (VIOLATED)

max fanout

Pin                                   Limit Fanout  Slack
---------------------------------------------------------
hold532/X                                10     89    -79 (VIOLATED)
hold56/X                                 10     70    -60 (VIOLATED)
input168/X                               10     63    -53 (VIOLATED)
hold484/X                                10     57    -47 (VIOLATED)
hold229/X                                10     55    -45 (VIOLATED)
hold364/X                                10     51    -41 (VIOLATED)
hold299/X                                10     49    -39 (VIOLATED)
_2229_/Q                                 10     47    -37 (VIOLATED)
hold464/X                                10     47    -37 (VIOLATED)
input167/X                               10     47    -37 (VIOLATED)
hold553/X                                10     46    -36 (VIOLATED)
hold132/X                                10     43    -33 (VIOLATED)
hold239/X                                10     43    -33 (VIOLATED)
_2225_/Q                                 10     42    -32 (VIOLATED)
_2232_/Q                                 10     39    -29 (VIOLATED)
clkbuf_3_0_0_wb_clk_i_regs/X             10     39    -29 (VIOLATED)
clkbuf_3_2_0_wb_clk_i_regs/X             10     39    -29 (VIOLATED)
hold587/X                                10     35    -25 (VIOLATED)
hold241/X                                10     33    -23 (VIOLATED)
clkbuf_3_7_0_wb_clk_i_regs/X             10     30    -20 (VIOLATED)
hold411/X                                10     29    -19 (VIOLATED)
input165/X                               10     29    -19 (VIOLATED)
clkbuf_3_1_0_wb_clk_i_regs/X             10     27    -17 (VIOLATED)
clkbuf_3_3_0_wb_clk_i_regs/X             10     27    -17 (VIOLATED)
hold135/X                                10     27    -17 (VIOLATED)
hold215/X                                10     27    -17 (VIOLATED)
input166/X                               10     27    -17 (VIOLATED)
clkbuf_3_6_0_wb_clk_i_regs/X             10     25    -15 (VIOLATED)
wire421/X                                10     25    -15 (VIOLATED)
clkbuf_3_4_0_wb_clk_i_regs/X             10     23    -13 (VIOLATED)
fanout364/X                              10     23    -13 (VIOLATED)
fanout366/X                              10     23    -13 (VIOLATED)
hold354/X                                10     23    -13 (VIOLATED)
fanout312/X                              10     22    -12 (VIOLATED)
fanout349/X                              10     22    -12 (VIOLATED)
fanout383/X                              10     22    -12 (VIOLATED)
fanout422/X                              10     22    -12 (VIOLATED)
fanout304/X                              10     21    -11 (VIOLATED)
fanout307/X                              10     21    -11 (VIOLATED)
fanout308/X                              10     21    -11 (VIOLATED)
fanout314/X                              10     21    -11 (VIOLATED)
fanout316/X                              10     21    -11 (VIOLATED)
fanout318/X                              10     21    -11 (VIOLATED)
fanout320/X                              10     21    -11 (VIOLATED)
fanout322/X                              10     21    -11 (VIOLATED)
fanout326/X                              10     21    -11 (VIOLATED)
fanout328/X                              10     21    -11 (VIOLATED)
fanout330/X                              10     21    -11 (VIOLATED)
fanout332/X                              10     21    -11 (VIOLATED)
fanout335/X                              10     21    -11 (VIOLATED)
fanout336/X                              10     21    -11 (VIOLATED)
fanout338/X                              10     21    -11 (VIOLATED)
fanout339/X                              10     21    -11 (VIOLATED)
fanout342/X                              10     21    -11 (VIOLATED)
fanout343/X                              10     21    -11 (VIOLATED)
fanout344/X                              10     21    -11 (VIOLATED)
fanout346/X                              10     21    -11 (VIOLATED)
fanout347/X                              10     21    -11 (VIOLATED)
fanout348/X                              10     21    -11 (VIOLATED)
fanout351/X                              10     21    -11 (VIOLATED)
fanout354/X                              10     21    -11 (VIOLATED)
fanout356/X                              10     21    -11 (VIOLATED)
fanout359/X                              10     21    -11 (VIOLATED)
fanout361/X                              10     21    -11 (VIOLATED)
fanout363/X                              10     21    -11 (VIOLATED)
fanout365/X                              10     21    -11 (VIOLATED)
fanout368/X                              10     21    -11 (VIOLATED)
fanout369/X                              10     21    -11 (VIOLATED)
fanout371/X                              10     21    -11 (VIOLATED)
fanout373/X                              10     21    -11 (VIOLATED)
fanout374/X                              10     21    -11 (VIOLATED)
fanout376/X                              10     21    -11 (VIOLATED)
fanout378/X                              10     21    -11 (VIOLATED)
fanout379/X                              10     21    -11 (VIOLATED)
fanout381/X                              10     21    -11 (VIOLATED)
fanout382/X                              10     21    -11 (VIOLATED)
fanout385/X                              10     21    -11 (VIOLATED)
fanout387/X                              10     21    -11 (VIOLATED)
fanout388/X                              10     21    -11 (VIOLATED)
fanout392/X                              10     21    -11 (VIOLATED)
fanout393/X                              10     21    -11 (VIOLATED)
fanout394/X                              10     21    -11 (VIOLATED)
fanout395/X                              10     21    -11 (VIOLATED)
fanout420/X                              10     21    -11 (VIOLATED)
fanout424/X                              10     21    -11 (VIOLATED)
fanout425/X                              10     21    -11 (VIOLATED)
fanout426/X                              10     21    -11 (VIOLATED)
fanout427/X                              10     21    -11 (VIOLATED)
fanout428/X                              10     21    -11 (VIOLATED)
fanout430/X                              10     21    -11 (VIOLATED)
fanout433/X                              10     21    -11 (VIOLATED)
fanout436/X                              10     21    -11 (VIOLATED)
fanout438/X                              10     21    -11 (VIOLATED)
fanout441/X                              10     21    -11 (VIOLATED)
fanout442/X                              10     21    -11 (VIOLATED)
fanout444/X                              10     21    -11 (VIOLATED)
fanout446/X                              10     21    -11 (VIOLATED)
fanout447/X                              10     21    -11 (VIOLATED)
fanout448/X                              10     21    -11 (VIOLATED)
fanout449/X                              10     21    -11 (VIOLATED)
fanout454/X                              10     21    -11 (VIOLATED)
hold172/X                                10     21    -11 (VIOLATED)
hold180/X                                10     21    -11 (VIOLATED)
hold190/X                                10     21    -11 (VIOLATED)
hold276/X                                10     21    -11 (VIOLATED)
hold47/X                                 10     21    -11 (VIOLATED)
hold618/X                                10     21    -11 (VIOLATED)
hold678/X                                10     21    -11 (VIOLATED)
hold76/X                                 10     21    -11 (VIOLATED)
fanout452/X                              10     20    -10 (VIOLATED)
hold340/X                                10     20    -10 (VIOLATED)
mprj.ffram/wbs_dat_o[29]                 10     20    -10 (VIOLATED)
_0972_/X                                 10     19     -9 (VIOLATED)
_1170_/X                                 10     19     -9 (VIOLATED)
fanout367/X                              10     19     -9 (VIOLATED)
fanout372/X                              10     19     -9 (VIOLATED)
fanout434/X                              10     19     -9 (VIOLATED)
hold140/X                                10     19     -9 (VIOLATED)
hold159/X                                10     19     -9 (VIOLATED)
hold184/X                                10     19     -9 (VIOLATED)
hold208/X                                10     19     -9 (VIOLATED)
hold350/X                                10     19     -9 (VIOLATED)
input127/X                               10     19     -9 (VIOLATED)
input157/X                               10     19     -9 (VIOLATED)
fanout315/X                              10     18     -8 (VIOLATED)
fanout345/X                              10     18     -8 (VIOLATED)
hold142/X                                10     18     -8 (VIOLATED)
hold846/X                                10     18     -8 (VIOLATED)
_0942_/Y                                 10     17     -7 (VIOLATED)
_1089_/Y                                 10     17     -7 (VIOLATED)
_1225_/X                                 10     17     -7 (VIOLATED)
fanout306/X                              10     17     -7 (VIOLATED)
fanout317/X                              10     17     -7 (VIOLATED)
fanout323/X                              10     17     -7 (VIOLATED)
fanout350/X                              10     17     -7 (VIOLATED)
fanout355/X                              10     17     -7 (VIOLATED)
fanout360/X                              10     17     -7 (VIOLATED)
fanout362/X                              10     17     -7 (VIOLATED)
fanout377/X                              10     17     -7 (VIOLATED)
fanout435/X                              10     17     -7 (VIOLATED)
fanout439/X                              10     17     -7 (VIOLATED)
fanout443/X                              10     17     -7 (VIOLATED)
fanout445/X                              10     17     -7 (VIOLATED)
fanout450/X                              10     17     -7 (VIOLATED)
hold124/X                                10     17     -7 (VIOLATED)
hold163/X                                10     17     -7 (VIOLATED)
hold202/X                                10     17     -7 (VIOLATED)
hold71/X                                 10     17     -7 (VIOLATED)
mprj.ffram/wbs_dat_o[14]                 10     17     -7 (VIOLATED)
mprj.ffram/wbs_dat_o[17]                 10     17     -7 (VIOLATED)
mprj.ffram/wbs_dat_o[22]                 10     17     -7 (VIOLATED)
mprj.ffram/wbs_dat_o[24]                 10     17     -7 (VIOLATED)
_1033_/Y                                 10     15     -5 (VIOLATED)
_1092_/X                                 10     15     -5 (VIOLATED)
_1349_/Y                                 10     15     -5 (VIOLATED)
_1406_/X                                 10     15     -5 (VIOLATED)
clkbuf_3_5_0_wb_clk_i_regs/X             10     15     -5 (VIOLATED)
fanout309/X                              10     15     -5 (VIOLATED)
fanout311/X                              10     15     -5 (VIOLATED)
fanout327/X                              10     15     -5 (VIOLATED)
fanout429/X                              10     15     -5 (VIOLATED)
fanout453/X                              10     15     -5 (VIOLATED)
hold16/X                                 10     15     -5 (VIOLATED)
hold168/X                                10     15     -5 (VIOLATED)
hold178/X                                10     15     -5 (VIOLATED)
hold217/X                                10     15     -5 (VIOLATED)
hold302/X                                10     15     -5 (VIOLATED)
hold306/X                                10     15     -5 (VIOLATED)
hold403/X                                10     15     -5 (VIOLATED)
hold53/X                                 10     15     -5 (VIOLATED)
hold691/X                                10     15     -5 (VIOLATED)
hold845/X                                10     15     -5 (VIOLATED)
hold878/X                                10     15     -5 (VIOLATED)
_1226_/X                                 10     14     -4 (VIOLATED)
_0950_/X                                 10     13     -3 (VIOLATED)
_0973_/Y                                 10     13     -3 (VIOLATED)
_0975_/X                                 10     13     -3 (VIOLATED)
_0976_/Y                                 10     13     -3 (VIOLATED)
_0997_/X                                 10     13     -3 (VIOLATED)
_1023_/Y                                 10     13     -3 (VIOLATED)
_1104_/X                                 10     13     -3 (VIOLATED)
_1120_/X                                 10     13     -3 (VIOLATED)
_1122_/Y                                 10     13     -3 (VIOLATED)
_1181_/X                                 10     13     -3 (VIOLATED)
_1266_/X                                 10     13     -3 (VIOLATED)
_1343_/X                                 10     13     -3 (VIOLATED)
_1520_/X                                 10     13     -3 (VIOLATED)
_1606_/X                                 10     13     -3 (VIOLATED)
fanout325/X                              10     13     -3 (VIOLATED)
fanout370/X                              10     13     -3 (VIOLATED)
fanout386/X                              10     13     -3 (VIOLATED)
fanout390/X                              10     13     -3 (VIOLATED)
fanout423/X                              10     13     -3 (VIOLATED)
fanout431/X                              10     13     -3 (VIOLATED)
fanout455/X                              10     13     -3 (VIOLATED)
hold176/X                                10     13     -3 (VIOLATED)
hold204/X                                10     13     -3 (VIOLATED)
hold218/X                                10     13     -3 (VIOLATED)
hold275/X                                10     13     -3 (VIOLATED)
mprj.ffram/wbs_dat_o[6]                  10     13     -3 (VIOLATED)
wire352/X                                10     13     -3 (VIOLATED)
wire353/X                                10     13     -3 (VIOLATED)
_1265_/X                                 10     12     -2 (VIOLATED)
_2025_/Q                                 10     12     -2 (VIOLATED)
hold148/X                                10     12     -2 (VIOLATED)
_0941_/Y                                 10     11        (VIOLATED)
_1085_/Y                                 10     11        (VIOLATED)
_1091_/Y                                 10     11        (VIOLATED)
_1097_/X                                 10     11        (VIOLATED)
_1110_/X                                 10     11        (VIOLATED)
_1146_/X                                 10     11        (VIOLATED)
_1148_/X                                 10     11        (VIOLATED)
_1150_/X                                 10     11        (VIOLATED)
_1154_/X                                 10     11        (VIOLATED)
_1156_/X                                 10     11        (VIOLATED)
_1158_/X                                 10     11        (VIOLATED)
_1160_/X                                 10     11        (VIOLATED)
_1162_/X                                 10     11        (VIOLATED)
_1164_/X                                 10     11        (VIOLATED)
_1166_/X                                 10     11        (VIOLATED)
_1433_/X                                 10     11        (VIOLATED)
_2028_/Q                                 10     11        (VIOLATED)
clkbuf_leaf_24_wb_clk_i_regs/X           10     11        (VIOLATED)
clkbuf_leaf_30_wb_clk_i_regs/X           10     11        (VIOLATED)
clkbuf_leaf_33_wb_clk_i_regs/X           10     11        (VIOLATED)
fanout313/X                              10     11        (VIOLATED)
fanout331/X                              10     11        (VIOLATED)
fanout337/X                              10     11        (VIOLATED)
fanout380/X                              10     11        (VIOLATED)
fanout389/X                              10     11        (VIOLATED)
fanout391/X                              10     11        (VIOLATED)
fanout432/X                              10     11        (VIOLATED)
fanout437/X                              10     11        (VIOLATED)
fanout440/X                              10     11        (VIOLATED)
fanout451/X                              10     11        (VIOLATED)
hold171/X                                10     11        (VIOLATED)
hold206/X                                10     11        (VIOLATED)
hold21/X                                 10     11        (VIOLATED)
hold251/X                                10     11        (VIOLATED)
hold256/X                                10     11        (VIOLATED)
hold272/X                                10     11        (VIOLATED)
hold283/X                                10     11        (VIOLATED)
hold288/X                                10     11        (VIOLATED)
hold309/X                                10     11        (VIOLATED)
hold318/X                                10     11        (VIOLATED)
hold343/X                                10     11        (VIOLATED)
hold42/X                                 10     11        (VIOLATED)
hold422/X                                10     11        (VIOLATED)
hold46/X                                 10     11        (VIOLATED)
hold512/X                                10     11        (VIOLATED)
hold519/X                                10     11        (VIOLATED)
hold533/X                                10     11        (VIOLATED)
hold554/X                                10     11        (VIOLATED)
hold605/X                                10     11        (VIOLATED)
hold638/X                                10     11        (VIOLATED)
hold65/X                                 10     11        (VIOLATED)
hold703/X                                10     11        (VIOLATED)
hold704/X                                10     11        (VIOLATED)
hold80/X                                 10     11        (VIOLATED)
hold83/X                                 10     11        (VIOLATED)
hold880/X                                10     11        (VIOLATED)
input100/X                               10     11        (VIOLATED)
input111/X                               10     11        (VIOLATED)
mprj.ffram/wbs_dat_o[20]                 10     11        (VIOLATED)
mprj.team_00_Wrapper.team_00_WB.instance_to_wrap/la_data_out[6]     10     11        (VIOLATED)
mprj.team_00_Wrapper.team_00_WB.instance_to_wrap/la_data_out[7]     10     11        (VIOLATED)

max capacitance

Pin                                        Limit         Cap       Slack
------------------------------------------------------------------------
hold484/X                               0.154734    0.323613   -0.168879 (VIOLATED)
hold364/X                               0.154734    0.293824   -0.139090 (VIOLATED)
hold587/X                               0.154734    0.288742   -0.134008 (VIOLATED)
hold464/X                               0.154734    0.281007   -0.126273 (VIOLATED)
hold354/X                               0.154734    0.259348   -0.104614 (VIOLATED)
hold239/X                               0.154734    0.258479   -0.103745 (VIOLATED)
hold140/X                               0.154734    0.241907   -0.087173 (VIOLATED)
hold340/X                               0.154734    0.239671   -0.084937 (VIOLATED)
hold116/X                               0.154734    0.224971   -0.070237 (VIOLATED)
hold91/X                                0.154734    0.216642   -0.061908 (VIOLATED)
hold159/X                               0.154734    0.214165   -0.059431 (VIOLATED)
hold132/X                               0.154734    0.198386   -0.043652 (VIOLATED)
hold215/X                               0.154734    0.175725   -0.020991 (VIOLATED)



===========================================================================
report_parasitic_annotation -report_unannotated
============================================================================
Found 407 unannotated drivers.
 analog_io[0]
 analog_io[10]
 analog_io[11]
 analog_io[12]
 analog_io[13]
 analog_io[14]
 analog_io[15]
 analog_io[16]
 analog_io[17]
 analog_io[18]
 analog_io[19]
 analog_io[1]
 analog_io[20]
 analog_io[21]
 analog_io[22]
 analog_io[23]
 analog_io[24]
 analog_io[25]
 analog_io[26]
 analog_io[27]
 analog_io[28]
 analog_io[2]
 analog_io[3]
 analog_io[4]
 analog_io[5]
 analog_io[6]
 analog_io[7]
 analog_io[8]
 analog_io[9]
 io_in[1]
 io_in[2]
 io_in[3]
 io_in[4]
 la_data_in[100]
 la_data_in[101]
 la_data_in[102]
 la_data_in[103]
 la_data_in[104]
 la_data_in[105]
 la_data_in[106]
 la_data_in[107]
 la_data_in[108]
 la_data_in[109]
 la_data_in[110]
 la_data_in[111]
 la_data_in[112]
 la_data_in[113]
 la_data_in[114]
 la_data_in[115]
 la_data_in[116]
 la_data_in[117]
 la_data_in[118]
 la_data_in[119]
 la_data_in[120]
 la_data_in[121]
 la_data_in[122]
 la_data_in[123]
 la_data_in[124]
 la_data_in[125]
 la_data_in[126]
 la_data_in[127]
 la_data_in[32]
 la_data_in[33]
 la_data_in[34]
 la_data_in[35]
 la_data_in[36]
 la_data_in[37]
 la_data_in[38]
 la_data_in[39]
 la_data_in[40]
 la_data_in[41]
 la_data_in[42]
 la_data_in[43]
 la_data_in[44]
 la_data_in[45]
 la_data_in[46]
 la_data_in[47]
 la_data_in[48]
 la_data_in[49]
 la_data_in[50]
 la_data_in[51]
 la_data_in[52]
 la_data_in[53]
 la_data_in[54]
 la_data_in[55]
 la_data_in[56]
 la_data_in[57]
 la_data_in[58]
 la_data_in[59]
 la_data_in[60]
 la_data_in[61]
 la_data_in[62]
 la_data_in[63]
 la_data_in[64]
 la_data_in[65]
 la_data_in[66]
 la_data_in[67]
 la_data_in[68]
 la_data_in[69]
 la_data_in[70]
 la_data_in[71]
 la_data_in[72]
 la_data_in[73]
 la_data_in[74]
 la_data_in[75]
 la_data_in[76]
 la_data_in[77]
 la_data_in[78]
 la_data_in[79]
 la_data_in[80]
 la_data_in[81]
 la_data_in[82]
 la_data_in[83]
 la_data_in[84]
 la_data_in[85]
 la_data_in[86]
 la_data_in[87]
 la_data_in[88]
 la_data_in[89]
 la_data_in[90]
 la_data_in[91]
 la_data_in[92]
 la_data_in[93]
 la_data_in[94]
 la_data_in[95]
 la_data_in[96]
 la_data_in[97]
 la_data_in[98]
 la_data_in[99]
 la_oenb[100]
 la_oenb[101]
 la_oenb[102]
 la_oenb[103]
 la_oenb[104]
 la_oenb[105]
 la_oenb[106]
 la_oenb[107]
 la_oenb[108]
 la_oenb[109]
 la_oenb[110]
 la_oenb[111]
 la_oenb[112]
 la_oenb[113]
 la_oenb[114]
 la_oenb[115]
 la_oenb[116]
 la_oenb[117]
 la_oenb[118]
 la_oenb[119]
 la_oenb[120]
 la_oenb[121]
 la_oenb[122]
 la_oenb[123]
 la_oenb[124]
 la_oenb[125]
 la_oenb[126]
 la_oenb[127]
 la_oenb[32]
 la_oenb[33]
 la_oenb[34]
 la_oenb[35]
 la_oenb[36]
 la_oenb[37]
 la_oenb[38]
 la_oenb[39]
 la_oenb[40]
 la_oenb[41]
 la_oenb[42]
 la_oenb[43]
 la_oenb[44]
 la_oenb[45]
 la_oenb[46]
 la_oenb[47]
 la_oenb[48]
 la_oenb[49]
 la_oenb[50]
 la_oenb[51]
 la_oenb[52]
 la_oenb[53]
 la_oenb[54]
 la_oenb[55]
 la_oenb[56]
 la_oenb[57]
 la_oenb[58]
 la_oenb[59]
 la_oenb[60]
 la_oenb[61]
 la_oenb[62]
 la_oenb[63]
 la_oenb[64]
 la_oenb[65]
 la_oenb[66]
 la_oenb[67]
 la_oenb[68]
 la_oenb[69]
 la_oenb[70]
 la_oenb[71]
 la_oenb[72]
 la_oenb[73]
 la_oenb[74]
 la_oenb[75]
 la_oenb[76]
 la_oenb[77]
 la_oenb[78]
 la_oenb[79]
 la_oenb[80]
 la_oenb[81]
 la_oenb[82]
 la_oenb[83]
 la_oenb[84]
 la_oenb[85]
 la_oenb[86]
 la_oenb[87]
 la_oenb[88]
 la_oenb[89]
 la_oenb[90]
 la_oenb[91]
 la_oenb[92]
 la_oenb[93]
 la_oenb[94]
 la_oenb[95]
 la_oenb[96]
 la_oenb[97]
 la_oenb[98]
 la_oenb[99]
 user_clock2
 _2023__560/LO
 _2238__561/LO
 _2239__562/LO
 _2240__563/LO
 _2241__564/LO
 _2242__457/HI
 _2243__458/HI
 _2244__459/HI
 _2245__460/HI
 _2246__461/HI
 _2247__462/HI
 _2248__463/HI
 _2249__464/HI
 _2250__465/HI
 _2251__466/HI
 _2252__467/HI
 _2253__468/HI
 _2254__469/HI
 _2255__470/HI
 _2256__471/HI
 _2257__472/HI
 _2258__473/HI
 _2259__474/HI
 _2260__475/HI
 _2261__476/HI
 _2262__477/HI
 _2263__478/HI
 _2264__479/HI
 _2265__480/HI
 _2266__481/HI
 _2267__482/HI
 _2268__483/HI
 _2269__484/HI
 _2270__485/HI
 _2271__486/HI
 _2272__487/HI
 _2273__488/HI
 _2274__489/HI
 _2275__490/HI
 _2276__491/HI
 _2277__492/HI
 _2278__493/HI
 _2279__494/HI
 _2280__495/HI
 _2281__496/HI
 _2282__497/HI
 _2283__498/HI
 _2284__499/HI
 _2285__500/HI
 _2286__501/HI
 _2287__502/HI
 _2288__503/HI
 _2289__504/HI
 _2290__505/HI
 _2291__506/HI
 _2292__507/HI
 _2293__508/HI
 _2294__509/HI
 _2295__510/HI
 _2296__511/HI
 _2297__512/HI
 _2298__513/HI
 _2299__514/HI
 _2300__515/HI
 _2301__516/HI
 _2302__517/HI
 _2303__518/HI
 _2304__519/HI
 _2305__520/HI
 _2306__521/HI
 _2307__522/HI
 _2308__523/HI
 _2309__524/HI
 _2310__525/HI
 _2311__526/HI
 _2312__527/HI
 _2313__528/HI
 _2314__529/HI
 _2315__530/HI
 _2316__531/HI
 _2317__532/HI
 _2318__533/HI
 _2319__534/HI
 _2320__535/HI
 _2321__536/HI
 _2322__537/HI
 _2323__538/HI
 _2324__539/HI
 _2325__540/HI
 _2326__541/HI
 _2327__542/HI
 _2328__543/HI
 _2329__544/HI
 _2330__545/HI
 _2331__546/HI
 _2332__547/HI
 _2333__548/HI
 _2334__549/HI
 _2335__550/HI
 _2336__551/HI
 _2337__552/HI
 _2338__553/HI
 _2339__554/HI
 _2340__555/HI
 _2341__556/HI
 _2342__557/HI
 _2343__558/HI
 _2344__559/HI
 clkload0/Y
 clkload1/X
 clkload10/X
 clkload11/X
 clkload12/X
 clkload13/X
 clkload14/X
 clkload15/X
 clkload16/X
 clkload17/X
 clkload18/X
 clkload19/X
 clkload2/Y
 clkload20/X
 clkload21/X
 clkload22/X
 clkload23/X
 clkload24/X
 clkload25/X
 clkload26/X
 clkload27/X
 clkload28/X
 clkload29/X
 clkload3/Y
 clkload30/X
 clkload31/X
 clkload32/X
 clkload33/X
 clkload34/X
 clkload35/X
 clkload36/X
 clkload37/X
 clkload38/X
 clkload39/X
 clkload4/Y
 clkload40/X
 clkload41/X
 clkload42/X
 clkload43/X
 clkload44/X
 clkload45/X
 clkload46/X
 clkload47/X
 clkload48/X
 clkload49/X
 clkload5/X
 clkload50/X
 clkload51/X
 clkload52/X
 clkload53/X
 clkload54/X
 clkload55/X
 clkload56/X
 clkload57/X
 clkload58/X
 clkload59/Y
 clkload6/Y
 clkload60/Y
 clkload61/X
 clkload62/Y
 clkload63/Y
 clkload64/X
 clkload65/Y
 clkload66/X
 clkload67/X
 clkload68/X
 clkload69/X
 clkload7/X
 clkload70/X
 clkload71/X
 clkload8/X
 clkload9/X
 mprj.ffram/wbs_ack_o
Found 0 partially unannotated drivers.

===========================================================================
max slew violation count 503
max fanout violation count 266
max cap violation count 13
============================================================================

===========================================================================
check_setup -verbose -unconstrained_endpoints -multiple_clock -no_clock -no_input_delay -loops -generated_clocks
===========================================================================
Warning: There are 68 input ports missing set_input_delay.
  analog_io[0]
  analog_io[10]
  analog_io[11]
  analog_io[12]
  analog_io[13]
  analog_io[14]
  analog_io[15]
  analog_io[16]
  analog_io[17]
  analog_io[18]
  analog_io[19]
  analog_io[1]
  analog_io[20]
  analog_io[21]
  analog_io[22]
  analog_io[23]
  analog_io[24]
  analog_io[25]
  analog_io[26]
  analog_io[27]
  analog_io[28]
  analog_io[2]
  analog_io[3]
  analog_io[4]
  analog_io[5]
  analog_io[6]
  analog_io[7]
  analog_io[8]
  analog_io[9]
  io_in[0]
  io_in[10]
  io_in[11]
  io_in[12]
  io_in[13]
  io_in[14]
  io_in[15]
  io_in[16]
  io_in[17]
  io_in[18]
  io_in[19]
  io_in[1]
  io_in[20]
  io_in[21]
  io_in[22]
  io_in[23]
  io_in[24]
  io_in[25]
  io_in[26]
  io_in[27]
  io_in[28]
  io_in[29]
  io_in[2]
  io_in[30]
  io_in[31]
  io_in[32]
  io_in[33]
  io_in[34]
  io_in[35]
  io_in[36]
  io_in[37]
  io_in[3]
  io_in[4]
  io_in[5]
  io_in[6]
  io_in[7]
  io_in[8]
  io_in[9]
  user_clock2
Warning: There are 237 unconstrained endpoints.
  analog_io[0]
  analog_io[10]
  analog_io[11]
  analog_io[12]
  analog_io[13]
  analog_io[14]
  analog_io[15]
  analog_io[16]
  analog_io[17]
  analog_io[18]
  analog_io[19]
  analog_io[1]
  analog_io[20]
  analog_io[21]
  analog_io[22]
  analog_io[23]
  analog_io[24]
  analog_io[25]
  analog_io[26]
  analog_io[27]
  analog_io[28]
  analog_io[2]
  analog_io[3]
  analog_io[4]
  analog_io[5]
  analog_io[6]
  analog_io[7]
  analog_io[8]
  analog_io[9]
  io_oeb[0]
  io_oeb[10]
  io_oeb[11]
  io_oeb[12]
  io_oeb[13]
  io_oeb[14]
  io_oeb[15]
  io_oeb[16]
  io_oeb[17]
  io_oeb[18]
  io_oeb[19]
  io_oeb[1]
  io_oeb[20]
  io_oeb[21]
  io_oeb[22]
  io_oeb[23]
  io_oeb[24]
  io_oeb[25]
  io_oeb[26]
  io_oeb[27]
  io_oeb[28]
  io_oeb[29]
  io_oeb[2]
  io_oeb[30]
  io_oeb[31]
  io_oeb[32]
  io_oeb[33]
  io_oeb[34]
  io_oeb[35]
  io_oeb[36]
  io_oeb[37]
  io_oeb[3]
  io_oeb[4]
  io_oeb[5]
  io_oeb[6]
  io_oeb[7]
  io_oeb[8]
  io_oeb[9]
  io_out[0]
  io_out[10]
  io_out[11]
  io_out[12]
  io_out[13]
  io_out[14]
  io_out[15]
  io_out[16]
  io_out[17]
  io_out[18]
  io_out[19]
  io_out[1]
  io_out[20]
  io_out[21]
  io_out[22]
  io_out[23]
  io_out[24]
  io_out[25]
  io_out[26]
  io_out[27]
  io_out[28]
  io_out[29]
  io_out[2]
  io_out[30]
  io_out[31]
  io_out[32]
  io_out[33]
  io_out[34]
  io_out[35]
  io_out[36]
  io_out[37]
  io_out[3]
  io_out[4]
  io_out[5]
  io_out[6]
  io_out[7]
  io_out[8]
  io_out[9]
  la_data_out[0]
  la_data_out[100]
  la_data_out[101]
  la_data_out[102]
  la_data_out[103]
  la_data_out[104]
  la_data_out[105]
  la_data_out[106]
  la_data_out[107]
  la_data_out[108]
  la_data_out[109]
  la_data_out[10]
  la_data_out[110]
  la_data_out[111]
  la_data_out[112]
  la_data_out[113]
  la_data_out[114]
  la_data_out[115]
  la_data_out[116]
  la_data_out[117]
  la_data_out[118]
  la_data_out[119]
  la_data_out[11]
  la_data_out[120]
  la_data_out[121]
  la_data_out[122]
  la_data_out[123]
  la_data_out[124]
  la_data_out[125]
  la_data_out[126]
  la_data_out[127]
  la_data_out[12]
  la_data_out[13]
  la_data_out[14]
  la_data_out[15]
  la_data_out[16]
  la_data_out[17]
  la_data_out[18]
  la_data_out[19]
  la_data_out[1]
  la_data_out[20]
  la_data_out[21]
  la_data_out[22]
  la_data_out[23]
  la_data_out[24]
  la_data_out[25]
  la_data_out[26]
  la_data_out[27]
  la_data_out[28]
  la_data_out[29]
  la_data_out[2]
  la_data_out[30]
  la_data_out[31]
  la_data_out[32]
  la_data_out[33]
  la_data_out[34]
  la_data_out[35]
  la_data_out[36]
  la_data_out[37]
  la_data_out[38]
  la_data_out[39]
  la_data_out[3]
  la_data_out[40]
  la_data_out[41]
  la_data_out[42]
  la_data_out[43]
  la_data_out[44]
  la_data_out[45]
  la_data_out[46]
  la_data_out[47]
  la_data_out[48]
  la_data_out[49]
  la_data_out[4]
  la_data_out[50]
  la_data_out[51]
  la_data_out[52]
  la_data_out[53]
  la_data_out[54]
  la_data_out[55]
  la_data_out[56]
  la_data_out[57]
  la_data_out[58]
  la_data_out[59]
  la_data_out[5]
  la_data_out[60]
  la_data_out[61]
  la_data_out[62]
  la_data_out[63]
  la_data_out[64]
  la_data_out[65]
  la_data_out[66]
  la_data_out[67]
  la_data_out[68]
  la_data_out[69]
  la_data_out[6]
  la_data_out[70]
  la_data_out[71]
  la_data_out[72]
  la_data_out[73]
  la_data_out[74]
  la_data_out[75]
  la_data_out[76]
  la_data_out[77]
  la_data_out[78]
  la_data_out[79]
  la_data_out[7]
  la_data_out[80]
  la_data_out[81]
  la_data_out[82]
  la_data_out[83]
  la_data_out[84]
  la_data_out[85]
  la_data_out[86]
  la_data_out[87]
  la_data_out[88]
  la_data_out[89]
  la_data_out[8]
  la_data_out[90]
  la_data_out[91]
  la_data_out[92]
  la_data_out[93]
  la_data_out[94]
  la_data_out[95]
  la_data_out[96]
  la_data_out[97]
  la_data_out[98]
  la_data_out[99]
  la_data_out[9]
  user_irq[0]
  user_irq[1]
  user_irq[2]
  _2023_/D
