
===========================================================================
report_checks -unconstrained
===========================================================================
======================= max_ss_100C_1v60 Corner ===================================

Startpoint: nrst (input port clocked by clk)
Endpoint: _2936_ (recovery check against rising-edge clock clk)
Path Group: asynchronous
Path Type: max

Fanout         Cap        Slew       Delay        Time   Description
---------------------------------------------------------------------------------------------
                                  0.000000    0.000000   clock clk (rise edge)
                                  0.000000    0.000000   clock network delay (propagated)
                                 20.000000   20.000000 ^ input external delay
     1    0.006272    0.055799    0.034072   20.034073 ^ nrst (in)
                                                         nrst (net)
                      0.055803    0.000000   20.034073 ^ input62/A (sky130_fd_sc_hd__clkbuf_2)
     4    0.052971    0.447048    0.450770   20.484842 ^ input62/X (sky130_fd_sc_hd__clkbuf_2)
                                                         net62 (net)
                      0.447078    0.003054   20.487896 ^ fanout210/A (sky130_fd_sc_hd__buf_2)
     6    0.058552    0.453426    0.628953   21.116850 ^ fanout210/X (sky130_fd_sc_hd__buf_2)
                                                         net210 (net)
                      0.453457    0.004018   21.120867 ^ fanout196/A (sky130_fd_sc_hd__dlymetal6s2s_1)
     5    0.026981    0.429018    0.563350   21.684217 ^ fanout196/X (sky130_fd_sc_hd__dlymetal6s2s_1)
                                                         net196 (net)
                      0.429022    0.002176   21.686394 ^ fanout191/A (sky130_fd_sc_hd__clkbuf_2)
     6    0.028018    0.245993    0.465288   22.151682 ^ fanout191/X (sky130_fd_sc_hd__clkbuf_2)
                                                         net191 (net)
                      0.246003    0.001926   22.153608 ^ fanout188/A (sky130_fd_sc_hd__clkbuf_4)
    10    0.052951    0.260779    0.467413   22.621021 ^ fanout188/X (sky130_fd_sc_hd__clkbuf_4)
                                                         net188 (net)
                      0.260898    0.005215   22.626236 ^ _2936_/SET_B (sky130_fd_sc_hd__dfstp_1)
                                             22.626236   data arrival time

                                100.000000  100.000000   clock clk (rise edge)
                                  0.000000  100.000000   clock source latency
     1    0.038121    0.276065    0.194326  100.194321 ^ clk (in)
                                                         clk (net)
                      0.276240    0.000000  100.194321 ^ clkbuf_0_clk/A (sky130_fd_sc_hd__clkbuf_16)
     4    0.065000    0.128418    0.367848  100.562172 ^ clkbuf_0_clk/X (sky130_fd_sc_hd__clkbuf_16)
                                                         clknet_0_clk (net)
                      0.128557    0.003766  100.565941 ^ clkbuf_2_0__f_clk/A (sky130_fd_sc_hd__clkbuf_16)
     9    0.079881    0.148494    0.318259  100.884193 ^ clkbuf_2_0__f_clk/X (sky130_fd_sc_hd__clkbuf_16)
                                                         clknet_2_0__leaf_clk (net)
                      0.148963    0.005990  100.890182 ^ clkbuf_leaf_31_clk/A (sky130_fd_sc_hd__clkbuf_8)
    12    0.040508    0.130827    0.314323  101.204506 ^ clkbuf_leaf_31_clk/X (sky130_fd_sc_hd__clkbuf_8)
                                                         clknet_leaf_31_clk (net)
                      0.130847    0.001613  101.206123 ^ _2936_/CLK (sky130_fd_sc_hd__dfstp_1)
                                 -0.250000  100.956123   clock uncertainty
                                  0.000000  100.956123   clock reconvergence pessimism
                                  0.262143  101.218262   library recovery time
                                            101.218262   data required time
---------------------------------------------------------------------------------------------
                                            101.218262   data required time
                                            -22.626236   data arrival time
---------------------------------------------------------------------------------------------
                                             78.592026   slack (MET)


Startpoint: config_en (input port clocked by clk)
Endpoint: CBeast_out[11] (output port clocked by clk)
Path Group: clk
Path Type: max

Fanout         Cap        Slew       Delay        Time   Description
---------------------------------------------------------------------------------------------
                                  0.000000    0.000000   clock clk (rise edge)
                                  0.000000    0.000000   clock network delay (propagated)
                                 20.000000   20.000000 v input external delay
     1    0.008678    0.041964    0.027503   20.027504 v config_en (in)
                                                         config_en (net)
                      0.041968    0.000000   20.027504 v input58/A (sky130_fd_sc_hd__clkbuf_1)
     1    0.009931    0.124231    0.207672   20.235176 v input58/X (sky130_fd_sc_hd__clkbuf_1)
                                                         net58 (net)
                      0.124235    0.000840   20.236015 v fanout275/A (sky130_fd_sc_hd__clkbuf_4)
     7    0.087198    0.303914    0.478645   20.714661 v fanout275/X (sky130_fd_sc_hd__clkbuf_4)
                                                         net275 (net)
                      0.304330    0.008177   20.722837 v fanout266/A (sky130_fd_sc_hd__clkbuf_4)
    10    0.063097    0.232492    0.503404   21.226240 v fanout266/X (sky130_fd_sc_hd__clkbuf_4)
                                                         net266 (net)
                      0.232530    0.003084   21.229324 v fanout265/A (sky130_fd_sc_hd__clkbuf_4)
    10    0.051907    0.196261    0.442137   21.671461 v fanout265/X (sky130_fd_sc_hd__clkbuf_4)
                                                         net265 (net)
                      0.196323    0.003428   21.674891 v fanout264/A (sky130_fd_sc_hd__clkbuf_4)
    10    0.048642    0.184503    0.418785   22.093676 v fanout264/X (sky130_fd_sc_hd__clkbuf_4)
                                                         net264 (net)
                      0.184678    0.005132   22.098806 v _1401_/A (sky130_fd_sc_hd__inv_2)
     2    0.011763    0.107908    0.163293   22.262100 ^ _1401_/Y (sky130_fd_sc_hd__inv_2)
                                                         _1195_ (net)
                      0.107908    0.000350   22.262451 ^ fanout187/A (sky130_fd_sc_hd__clkbuf_4)
    10    0.065737    0.318707    0.439279   22.701729 ^ fanout187/X (sky130_fd_sc_hd__clkbuf_4)
                                                         net187 (net)
                      0.320186    0.017664   22.719393 ^ _1687_/C1 (sky130_fd_sc_hd__o311a_1)
     4    0.013244    0.234734    0.541691   23.261084 ^ _1687_/X (sky130_fd_sc_hd__o311a_1)
                                                         _0411_ (net)
                      0.234735    0.001146   23.262230 ^ _1690_/A (sky130_fd_sc_hd__nand2_2)
     9    0.050737    0.430092    0.426851   23.689081 v _1690_/Y (sky130_fd_sc_hd__nand2_2)
                                                         _0414_ (net)
                      0.430243    0.006786   23.695868 v _1691_/A0 (sky130_fd_sc_hd__mux2_1)
     1    0.002615    0.107714    0.777741   24.473608 v _1691_/X (sky130_fd_sc_hd__mux2_1)
                                                         _0415_ (net)
                      0.107714    0.000123   24.473730 v _1729_/A2 (sky130_fd_sc_hd__o21a_1)
     1    0.003383    0.070537    0.327605   24.801334 v _1729_/X (sky130_fd_sc_hd__o21a_1)
                                                         _0453_ (net)
                      0.070537    0.000222   24.801558 v _1819_/A1 (sky130_fd_sc_hd__o21ba_1)
     1    0.003924    0.074087    0.342933   25.144489 v _1819_/X (sky130_fd_sc_hd__o21ba_1)
                                                         _0543_ (net)
                      0.074087    0.000250   25.144741 v _1820_/B1 (sky130_fd_sc_hd__o221a_2)
     4    0.020419    0.168198    0.581792   25.726532 v _1820_/X (sky130_fd_sc_hd__o221a_2)
                                                         _0544_ (net)
                      0.168206    0.001350   25.727882 v _1884_/S (sky130_fd_sc_hd__mux2_1)
     1    0.002404    0.106014    0.719545   26.447428 v _1884_/X (sky130_fd_sc_hd__mux2_1)
                                                         _0608_ (net)
                      0.106014    0.000094   26.447523 v _1885_/B (sky130_fd_sc_hd__or2_1)
     1    0.003476    0.102127    0.479027   26.926548 v _1885_/X (sky130_fd_sc_hd__or2_1)
                                                         _0609_ (net)
                      0.102127    0.000224   26.926773 v _1927_/A1 (sky130_fd_sc_hd__a22o_1)
     2    0.032076    0.304434    0.602769   27.529543 v _1927_/X (sky130_fd_sc_hd__a22o_1)
                                                         _0651_ (net)
                      0.304456    0.002673   27.532215 v _1931_/A2 (sky130_fd_sc_hd__o211a_1)
     1    0.012433    0.156571    0.564009   28.096226 v _1931_/X (sky130_fd_sc_hd__o211a_1)
                                                         CB_0.le_outA (net)
                      0.156576    0.001059   28.097284 v fanout136/A (sky130_fd_sc_hd__clkbuf_4)
    10    0.078413    0.279765    0.472239   28.569523 v fanout136/X (sky130_fd_sc_hd__clkbuf_4)
                                                         net136 (net)
                      0.280172    0.007770   28.577293 v _1524_/A1 (sky130_fd_sc_hd__a32o_1)
     1    0.007373    0.108694    0.527368   29.104660 v _1524_/X (sky130_fd_sc_hd__a32o_1)
                                                         _1318_ (net)
                      0.108695    0.000586   29.105247 v _1525_/B2 (sky130_fd_sc_hd__o221a_4)
     6    0.060236    0.218830    0.583084   29.688332 v _1525_/X (sky130_fd_sc_hd__o221a_4)
                                                         _1319_ (net)
                      0.218923    0.004153   29.692484 v _1528_/A (sky130_fd_sc_hd__nand2_2)
     8    0.045886    0.389758    0.387022   30.079506 ^ _1528_/Y (sky130_fd_sc_hd__nand2_2)
                                                         _1322_ (net)
                      0.389768    0.001638   30.081144 ^ _1933_/A2 (sky130_fd_sc_hd__a211o_1)
     1    0.003848    0.083334    0.356877   30.438021 ^ _1933_/X (sky130_fd_sc_hd__a211o_1)
                                                         _0655_ (net)
                      0.083334    0.000288   30.438309 ^ _1939_/A1 (sky130_fd_sc_hd__a21oi_1)
     1    0.003359    0.096021    0.130605   30.568914 v _1939_/Y (sky130_fd_sc_hd__a21oi_1)
                                                         _0661_ (net)
                      0.096022    0.000220   30.569134 v _1947_/A1 (sky130_fd_sc_hd__o311a_1)
     2    0.005215    0.114878    0.688534   31.257668 v _1947_/X (sky130_fd_sc_hd__o311a_1)
                                                         _0669_ (net)
                      0.114878    0.000327   31.257994 v _1962_/A (sky130_fd_sc_hd__nor3b_1)
     2    0.011754    0.684229    0.669665   31.927660 ^ _1962_/Y (sky130_fd_sc_hd__nor3b_1)
                                                         _0684_ (net)
                      0.684230    0.000888   31.928547 ^ _2065_/C1 (sky130_fd_sc_hd__a211o_1)
     1    0.008983    0.145081    0.426219   32.354767 ^ _2065_/X (sky130_fd_sc_hd__a211o_1)
                                                         _0787_ (net)
                      0.145083    0.000899   32.355667 ^ _2066_/A3 (sky130_fd_sc_hd__a31oi_1)
     1    0.009097    0.259031    0.314287   32.669952 v _2066_/Y (sky130_fd_sc_hd__a31oi_1)
                                                         _0788_ (net)
                      0.259031    0.000686   32.670639 v _2067_/B2 (sky130_fd_sc_hd__a32oi_4)
     2    0.017413    0.364577    0.459337   33.129974 ^ _2067_/Y (sky130_fd_sc_hd__a32oi_4)
                                                         _0789_ (net)
                      0.364580    0.002036   33.132011 ^ _2070_/A2 (sky130_fd_sc_hd__o211a_1)
     1    0.019077    0.271391    0.531454   33.663467 ^ _2070_/X (sky130_fd_sc_hd__o211a_1)
                                                         CB_0.le_outB (net)
                      0.271397    0.001741   33.665207 ^ fanout131/A (sky130_fd_sc_hd__buf_2)
     7    0.071202    0.546833    0.626287   34.291492 ^ fanout131/X (sky130_fd_sc_hd__buf_2)
                                                         net131 (net)
                      0.547018    0.003634   34.295128 ^ _1665_/B2 (sky130_fd_sc_hd__o2bb2a_1)
     2    0.014631    0.241271    0.543981   34.839108 ^ _1665_/X (sky130_fd_sc_hd__o2bb2a_1)
                                                         _0389_ (net)
                      0.241272    0.001009   34.840118 ^ _1668_/B1 (sky130_fd_sc_hd__a221o_1)
     1    0.002781    0.086687    0.327965   35.168083 ^ _1668_/X (sky130_fd_sc_hd__a221o_1)
                                                         _0392_ (net)
                      0.086687    0.000199   35.168282 ^ _1669_/B1 (sky130_fd_sc_hd__o311a_2)
     6    0.031200    0.292284    0.561233   35.729515 ^ _1669_/X (sky130_fd_sc_hd__o311a_2)
                                                         _0393_ (net)
                      0.292343    0.004096   35.733612 ^ _2106_/A (sky130_fd_sc_hd__and2_2)
     7    0.045527    0.382113    0.600103   36.333714 ^ _2106_/X (sky130_fd_sc_hd__and2_2)
                                                         _0826_ (net)
                      0.382161    0.004334   36.338047 ^ _2162_/A0 (sky130_fd_sc_hd__mux2_1)
     1    0.006572    0.125942    0.390482   36.728531 ^ _2162_/X (sky130_fd_sc_hd__mux2_1)
                                                         _0882_ (net)
                      0.125942    0.000369   36.728901 ^ _2164_/A2 (sky130_fd_sc_hd__o21a_1)
     1    0.005360    0.107088    0.252783   36.981682 ^ _2164_/X (sky130_fd_sc_hd__o21a_1)
                                                         _0884_ (net)
                      0.107088    0.000405   36.982086 ^ _2171_/C1 (sky130_fd_sc_hd__a211oi_2)
     1    0.010730    0.151601    0.101341   37.083427 v _2171_/Y (sky130_fd_sc_hd__a211oi_2)
                                                         _0891_ (net)
                      0.151602    0.000824   37.084251 v _2174_/B1 (sky130_fd_sc_hd__o221ai_4)
     8    0.082360    1.031407    0.895707   37.979961 ^ _2174_/Y (sky130_fd_sc_hd__o221ai_4)
                                                         _0894_ (net)
                      1.031471    0.006647   37.986607 ^ _2175_/A (sky130_fd_sc_hd__inv_2)
     1    0.024585    0.256809    0.439211   38.425819 v _2175_/Y (sky130_fd_sc_hd__inv_2)
                                                         _0895_ (net)
                      0.256820    0.001915   38.427734 v _2244_/A1 (sky130_fd_sc_hd__o211ai_1)
     1    0.017413    0.683343    0.706997   39.134731 ^ _2244_/Y (sky130_fd_sc_hd__o211ai_1)
                                                         _0964_ (net)
                      0.683347    0.001442   39.136173 ^ _2250_/A2 (sky130_fd_sc_hd__a32o_1)
     3    0.019845    0.346276    0.750589   39.886761 ^ _2250_/X (sky130_fd_sc_hd__a32o_1)
                                                         _0970_ (net)
                      0.346276    0.001297   39.888058 ^ _2253_/A2 (sky130_fd_sc_hd__a21oi_4)
     4    0.059797    0.272949    0.362149   40.250206 v _2253_/Y (sky130_fd_sc_hd__a21oi_4)
                                                         CB_1.le_outA (net)
                      0.273083    0.004942   40.255150 v fanout126/A (sky130_fd_sc_hd__clkbuf_2)
     7    0.045451    0.315706    0.480835   40.735985 v fanout126/X (sky130_fd_sc_hd__clkbuf_2)
                                                         net126 (net)
                      0.315774    0.004508   40.740494 v _1609_/C (sky130_fd_sc_hd__or4_1)
     1    0.003292    0.183391    1.192429   41.932922 v _1609_/X (sky130_fd_sc_hd__or4_1)
                                                         _0333_ (net)
                      0.183391    0.000238   41.933159 v _1610_/B1 (sky130_fd_sc_hd__o211a_1)
     1    0.007674    0.113586    0.323194   42.256355 v _1610_/X (sky130_fd_sc_hd__o211a_1)
                                                         _0334_ (net)
                      0.113589    0.000714   42.257069 v _1621_/A1 (sky130_fd_sc_hd__o221a_1)
     6    0.023830    0.262473    0.681823   42.938892 v _1621_/X (sky130_fd_sc_hd__o221a_1)
                                                         _0345_ (net)
                      0.262476    0.001332   42.940224 v _2097_/A (sky130_fd_sc_hd__and2_2)
     8    0.057663    0.287221    0.658943   43.599167 v _2097_/X (sky130_fd_sc_hd__and2_2)
                                                         _0817_ (net)
                      0.287414    0.006732   43.605900 v _2280_/A2 (sky130_fd_sc_hd__o2111a_1)
     1    0.008531    0.121952    0.549502   44.155399 v _2280_/X (sky130_fd_sc_hd__o2111a_1)
                                                         _0998_ (net)
                      0.121953    0.000647   44.156048 v _2282_/A3 (sky130_fd_sc_hd__o31ai_4)
     6    0.037382    0.729210    0.668631   44.824680 ^ _2282_/Y (sky130_fd_sc_hd__o31ai_4)
                                                         _1000_ (net)
                      0.729242    0.003830   44.828510 ^ _2283_/C (sky130_fd_sc_hd__nand3_4)
     8    0.033588    0.290271    0.460819   45.289326 v _2283_/Y (sky130_fd_sc_hd__nand3_4)
                                                         _1001_ (net)
                      0.290271    0.001140   45.290466 v _2336_/S (sky130_fd_sc_hd__mux2_1)
     1    0.006598    0.146578    0.830244   46.120712 v _2336_/X (sky130_fd_sc_hd__mux2_1)
                                                         _1054_ (net)
                      0.146578    0.000458   46.121170 v _2337_/A2 (sky130_fd_sc_hd__o211ai_1)
     1    0.011363    0.496057    0.496552   46.617722 ^ _2337_/Y (sky130_fd_sc_hd__o211ai_1)
                                                         _1055_ (net)
                      0.496061    0.001151   46.618874 ^ _2383_/B2 (sky130_fd_sc_hd__a32oi_2)
     2    0.020798    0.240567    0.356842   46.975716 v _2383_/Y (sky130_fd_sc_hd__a32oi_2)
                                                         _1101_ (net)
                      0.240573    0.001620   46.977337 v _2386_/A2 (sky130_fd_sc_hd__o211a_1)
     1    0.005922    0.098893    0.478419   47.455753 v _2386_/X (sky130_fd_sc_hd__o211a_1)
                                                         CB_1.le_outB (net)
                      0.098893    0.000391   47.456146 v fanout123/A (sky130_fd_sc_hd__clkbuf_4)
    10    0.072434    0.260560    0.430422   47.886566 v fanout123/X (sky130_fd_sc_hd__clkbuf_4)
                                                         net123 (net)
                      0.260868    0.007972   47.894539 v fanout122/A (sky130_fd_sc_hd__clkbuf_2)
    10    0.045920    0.318623    0.478604   48.373142 v fanout122/X (sky130_fd_sc_hd__clkbuf_2)
                                                         net122 (net)
                      0.318647    0.002942   48.376083 v _1506_/A (sky130_fd_sc_hd__inv_2)
     1    0.004888    0.094358    0.162679   48.538765 ^ _1506_/Y (sky130_fd_sc_hd__inv_2)
                                                         _1300_ (net)
                      0.094358    0.000242   48.539005 ^ fanout121/A (sky130_fd_sc_hd__dlymetal6s2s_1)
     5    0.033820    0.527149    0.497639   49.036644 ^ fanout121/X (sky130_fd_sc_hd__dlymetal6s2s_1)
                                                         net121 (net)
                      0.527177    0.003219   49.039864 ^ fanout120/A (sky130_fd_sc_hd__buf_2)
    10    0.041217    0.324418    0.566338   49.606201 ^ fanout120/X (sky130_fd_sc_hd__buf_2)
                                                         net120 (net)
                      0.324430    0.002505   49.608707 ^ _1779_/A1_N (sky130_fd_sc_hd__o2bb2a_1)
     2    0.005879    0.133610    0.563972   50.172680 v _1779_/X (sky130_fd_sc_hd__o2bb2a_1)
                                                         _0503_ (net)
                      0.133610    0.000284   50.172962 v _1782_/B1 (sky130_fd_sc_hd__a221o_1)
     1    0.006600    0.128392    0.610076   50.783039 v _1782_/X (sky130_fd_sc_hd__a221o_1)
                                                         _0506_ (net)
                      0.128392    0.000483   50.783520 v _1786_/A1 (sky130_fd_sc_hd__a211o_1)
     5    0.012285    0.171128    0.604285   51.387806 v _1786_/X (sky130_fd_sc_hd__a211o_1)
                                                         _0510_ (net)
                      0.171130    0.000863   51.388668 v _2131_/A (sky130_fd_sc_hd__and3_2)
     9    0.069364    0.328439    0.672472   52.061142 v _2131_/X (sky130_fd_sc_hd__and3_2)
                                                         _0851_ (net)
                      0.328508    0.004697   52.065838 v _2427_/A2 (sky130_fd_sc_hd__o21a_1)
     1    0.001646    0.055321    0.402938   52.468777 v _2427_/X (sky130_fd_sc_hd__o21a_1)
                                                         _1119_ (net)
                      0.055321    0.000114   52.468891 v _2428_/B (sky130_fd_sc_hd__or2_1)
     1    0.019671    0.235482    0.611731   53.080620 v _2428_/X (sky130_fd_sc_hd__or2_1)
                                                         net65 (net)
                      0.235488    0.001574   53.082195 v output65/A (sky130_fd_sc_hd__buf_2)
     1    0.034519    0.167419    0.424084   53.506279 v output65/X (sky130_fd_sc_hd__buf_2)
                                                         CBeast_out[11] (net)
                      0.167436    0.001766   53.508045 v CBeast_out[11] (out)
                                             53.508045   data arrival time

                                100.000000  100.000000   clock clk (rise edge)
                                  0.000000  100.000000   clock network delay (propagated)
                                 -0.250000   99.750000   clock uncertainty
                                  0.000000   99.750000   clock reconvergence pessimism
                                -20.000000   79.750000   output external delay
                                             79.750000   data required time
---------------------------------------------------------------------------------------------
                                             79.750000   data required time
                                            -53.508045   data arrival time
---------------------------------------------------------------------------------------------
                                             26.241953   slack (MET)




===========================================================================
report_checks --slack_max -0.01
============================================================================
======================= max_ss_100C_1v60 Corner ===================================

No paths found.


===========================================================================
 report_check_types -max_slew -max_cap -max_fanout -violators
============================================================================
======================= max_ss_100C_1v60 Corner ===================================

max slew

Pin                                        Limit        Slew       Slack
------------------------------------------------------------------------
_2249_/B1                               0.750000    1.218867   -0.468867 (VIOLATED)
_2248_/Y                                0.750000    1.218859   -0.468859 (VIOLATED)
_1962_/B                                0.750000    1.102987   -0.352987 (VIOLATED)
_1963_/B                                0.750000    1.102986   -0.352986 (VIOLATED)
_1949_/Y                                0.750000    1.102945   -0.352945 (VIOLATED)
_2176_/C1                               0.750000    1.031531   -0.281531 (VIOLATED)
_2206_/B1                               0.750000    1.031531   -0.281531 (VIOLATED)
_2243_/B1                               0.750000    1.031528   -0.281528 (VIOLATED)
_2211_/A1                               0.750000    1.031521   -0.281521 (VIOLATED)
_2210_/B1                               0.750000    1.031507   -0.281507 (VIOLATED)
_2248_/B1                               0.750000    1.031503   -0.281503 (VIOLATED)
_2249_/A1                               0.750000    1.031489   -0.281489 (VIOLATED)
_2175_/A                                0.750000    1.031471   -0.281471 (VIOLATED)
_2174_/Y                                0.750000    1.031407   -0.281407 (VIOLATED)
_2163_/A1                               0.750000    1.021307   -0.271308 (VIOLATED)
_2185_/A1                               0.750000    1.021305   -0.271305 (VIOLATED)
_2312_/A0                               0.750000    1.021305   -0.271305 (VIOLATED)
_2302_/A0                               0.750000    1.021299   -0.271299 (VIOLATED)
_2217_/A2                               0.750000    1.021236   -0.271236 (VIOLATED)
_2340_/A2                               0.750000    1.021216   -0.271216 (VIOLATED)
_2254_/A1                               0.750000    1.021211   -0.271211 (VIOLATED)
_2128_/A0                               0.750000    1.021191   -0.271191 (VIOLATED)
_2431_/B                                0.750000    1.021142   -0.271142 (VIOLATED)
_2123_/Y                                0.750000    1.021042   -0.271042 (VIOLATED)
_1705_/B1                               0.750000    0.869883   -0.119883 (VIOLATED)
_1703_/Y                                0.750000    0.869876   -0.119876 (VIOLATED)
_1704_/A3                               0.750000    0.805338   -0.055338 (VIOLATED)
_1667_/C                                0.750000    0.805320   -0.055320 (VIOLATED)
_1665_/A2_N                             0.750000    0.805313   -0.055313 (VIOLATED)
_1720_/A2_N                             0.750000    0.805311   -0.055311 (VIOLATED)
_1722_/C                                0.750000    0.805307   -0.055307 (VIOLATED)
_1685_/C                                0.750000    0.805295   -0.055295 (VIOLATED)
_1683_/A2_N                             0.750000    0.805284   -0.055284 (VIOLATED)
_1702_/B1                               0.750000    0.805254   -0.055254 (VIOLATED)
_2416_/A3                               0.750000    0.805249   -0.055249 (VIOLATED)
_1663_/Y                                0.750000    0.805245   -0.055245 (VIOLATED)
output74/A                              0.750000    0.754288   -0.004288 (VIOLATED)
_2436_/Y                                0.750000    0.754277   -0.004277 (VIOLATED)
_2292_/Y                                0.750000    0.752152   -0.002152 (VIOLATED)
_2293_/B2                               0.750000    0.752152   -0.002152 (VIOLATED)

max fanout

Pin                                   Limit Fanout  Slack
---------------------------------------------------------
clkbuf_leaf_15_clk/X                     10     22    -12 (VIOLATED)
clkbuf_leaf_24_clk/X                     10     19     -9 (VIOLATED)
clkbuf_leaf_0_clk/X                      10     17     -7 (VIOLATED)
clkbuf_leaf_1_clk/X                      10     17     -7 (VIOLATED)
clkbuf_leaf_22_clk/X                     10     17     -7 (VIOLATED)
clkbuf_leaf_7_clk/X                      10     17     -7 (VIOLATED)
clkbuf_leaf_6_clk/X                      10     16     -6 (VIOLATED)
clkbuf_leaf_16_clk/X                     10     15     -5 (VIOLATED)
clkbuf_leaf_29_clk/X                     10     15     -5 (VIOLATED)
clkbuf_leaf_14_clk/X                     10     13     -3 (VIOLATED)
clkbuf_leaf_19_clk/X                     10     13     -3 (VIOLATED)
clkbuf_leaf_30_clk/X                     10     12     -2 (VIOLATED)
clkbuf_leaf_31_clk/X                     10     12     -2 (VIOLATED)
clkbuf_leaf_25_clk/X                     10     11        (VIOLATED)
fanout134/X                              10     11        (VIOLATED)



===========================================================================
report_parasitic_annotation -report_unannotated
============================================================================
Found 35 unannotated drivers.
 _2387_/X
 _2389_/X
 _2391_/X
 _2393_/X
 clkload0/X
 clkload1/Y
 clkload10/Y
 clkload11/Y
 clkload12/Y
 clkload13/X
 clkload14/Y
 clkload15/Y
 clkload16/Y
 clkload17/Y
 clkload18/Y
 clkload19/Y
 clkload2/X
 clkload20/Y
 clkload21/Y
 clkload22/Y
 clkload23/Y
 clkload24/Y
 clkload25/Y
 clkload26/Y
 clkload27/Y
 clkload28/Y
 clkload29/Y
 clkload3/X
 clkload30/Y
 clkload4/Y
 clkload5/Y
 clkload6/Y
 clkload7/Y
 clkload8/Y
 clkload9/Y
Found 0 partially unannotated drivers.

===========================================================================
max slew violation count 40
max fanout violation count 15
max cap violation count 0
============================================================================

===========================================================================
check_setup -verbose -unconstrained_endpoints -multiple_clock -no_clock -no_input_delay -loops -generated_clocks
===========================================================================
Warning: There are 8 unclocked register/latch pins.
  _2868_/CLK
  _2917_/CLK
  _2918_/CLK
  _2939_/CLK
  _2940_/CLK
  _2961_/CLK
  _2962_/CLK
  _2983_/CLK
Warning: There are 8 unconstrained endpoints.
  _2868_/D
  _2917_/D
  _2918_/D
  _2939_/D
  _2940_/D
  _2961_/D
  _2962_/D
  _2983_/D
Warning: There are 56 combinational loops in the design.
  _1820_/X
  _1884_/S
  _1884_/X
  _1885_/B
  _1885_/X
  _1927_/A1
  _1927_/X
  _1931_/A2
  _1931_/X
  fanout136/A
  fanout136/X
  _1524_/A1
  _1524_/X
  _1525_/B2
  _1525_/X
  _1528_/A
  _1528_/Y
  _1551_/A2
  _1551_/X
  _1599_/A1
  _1599_/X
  _1649_/A1
  _1649_/X
  _1820_/C1
  | loop cut point
  _1820_/X
  --------------------------------
  _1884_/X
  _1885_/B
  _1885_/X
  _1927_/A1
  _1927_/X
  _1931_/A2
  _1931_/X
  fanout136/A
  fanout136/X
  _1524_/A1
  _1524_/X
  _1525_/B2
  _1525_/X
  _1528_/A
  _1528_/Y
  _1821_/A0
  _1821_/X
  _1832_/A2
  _1832_/X
  _1850_/A1
  _1850_/X
  _1851_/S
  _1851_/X
  _1884_/A1
  | loop cut point
  _1884_/X
  --------------------------------
  _1884_/X
  _1885_/B
  _1885_/X
  _1927_/A1
  _1927_/X
  _1931_/A2
  _1931_/X
  fanout136/A
  fanout136/X
  _1524_/A1
  _1524_/X
  _1525_/B2
  _1525_/X
  _1528_/A
  _1528_/Y
  _1821_/A0
  _1821_/X
  _1832_/A2
  _1832_/X
  _1850_/A1
  _1850_/X
  _1883_/S
  _1883_/X
  _1884_/A0
  | loop cut point
  _1884_/X
  --------------------------------
  _1927_/X
  _1931_/A2
  _1931_/X
  fanout136/A
  fanout136/X
  _1524_/A1
  _1524_/X
  _1525_/B2
  _1525_/X
  _1528_/A
  _1528_/Y
  _1821_/A0
  _1821_/X
  _1832_/A2
  _1832_/X
  _1850_/A1
  _1850_/X
  _1916_/S
  _1916_/X
  _1918_/A0
  _1918_/X
  _1919_/A2
  _1919_/X
  _1927_/A2
  | loop cut point
  _1927_/X
  --------------------------------
  _1927_/X
  _1931_/A2
  _1931_/X
  fanout136/A
  fanout136/X
  _1524_/A1
  _1524_/X
  _1525_/B2
  _1525_/X
  _1528_/A
  _1528_/Y
  _1821_/A0
  _1821_/X
  _1832_/A2
  _1832_/X
  _1850_/A1
  _1850_/X
  _1920_/S
  _1920_/X
  _1922_/A1
  _1922_/X
  _1926_/A0
  _1926_/X
  _1927_/B1
  | loop cut point
  _1927_/X
  --------------------------------
  _1885_/X
  _1927_/A1
  _1927_/X
  _1931_/A2
  _1931_/X
  fanout136/A
  fanout136/X
  _1524_/A1
  _1524_/X
  _1525_/B2
  _1525_/X
  _1528_/A
  _1528_/Y
  _1855_/A1
  _1855_/X
  _1856_/A2
  _1856_/Y
  _1858_/B1
  _1858_/X
  _1863_/A
  _1863_/X
  _1881_/A1
  _1881_/Y
  _1885_/A
  | loop cut point
  _1885_/X
  --------------------------------
  _1927_/X
  _1931_/A2
  _1931_/X
  fanout136/A
  fanout136/X
  _1524_/A1
  _1524_/X
  _1525_/B2
  _1525_/X
  _1528_/A
  _1528_/Y
  _1895_/A1
  _1895_/X
  _1899_/A2
  _1899_/X
  _1904_/B1
  _1904_/X
  _1905_/B
  _1905_/X
  _1914_/B1
  _1914_/X
  _1915_/A
  _1915_/Y
  _1927_/B2
  | loop cut point
  _1927_/X
  --------------------------------
  _1691_/X
  _1729_/A2
  _1729_/X
  _1819_/A1
  _1819_/X
  _1820_/B1
  _1820_/X
  _1884_/S
  _1884_/X
  _1885_/B
  _1885_/X
  _1927_/A1
  _1927_/X
  _1931_/A2
  _1931_/X
  fanout136/A
  fanout136/X
  _1524_/A1
  _1524_/X
  _1525_/B2
  _1525_/X
  _1528_/A
  _1528_/Y
  _1933_/A2
  _1933_/X
  _1939_/A1
  _1939_/Y
  _1947_/A1
  _1947_/X
  _1962_/A
  _1962_/Y
  _2065_/C1
  _2065_/X
  _2066_/A3
  _2066_/Y
  _2067_/B2
  _2067_/Y
  _2070_/A2
  _2070_/X
  fanout131/A
  fanout131/X
  _1665_/B2
  _1665_/X
  _1668_/B1
  _1668_/X
  _1669_/B1
  _1669_/X
  _1672_/B1_N
  _1672_/X
  _1691_/A1
  | loop cut point
  _1691_/X
  --------------------------------
  _1962_/Y
  _2065_/C1
  _2065_/X
  _2066_/A3
  _2066_/Y
  _2067_/B2
  _2067_/Y
  _2070_/A2
  _2070_/X
  fanout131/A
  fanout131/X
  _1665_/B2
  _1665_/X
  _1668_/B1
  _1668_/X
  _1669_/B1
  _1669_/X
  _1672_/B1_N
  _1672_/X
  _1950_/A1
  _1950_/X
  _1952_/A2
  _1952_/X
  _1961_/A1
  _1961_/X
  _1962_/C_N
  | loop cut point
  _1962_/Y
  --------------------------------
  _2067_/Y
  _2070_/A2
  _2070_/X
  fanout131/A
  fanout131/X
  _1665_/B2
  _1665_/X
  _1668_/B1
  _1668_/X
  _1669_/B1
  _1669_/X
  _1672_/B1_N
  _1672_/X
  _1950_/A1
  _1950_/X
  _1952_/A2
  _1952_/X
  _1961_/A1
  _1961_/X
  _1963_/C_N
  _1963_/X
  _2026_/A1
  _2026_/Y
  _2067_/A1
  | loop cut point
  _2067_/Y
  --------------------------------
  _2067_/Y
  _2070_/A2
  _2070_/X
  fanout131/A
  fanout131/X
  _1665_/B2
  _1665_/X
  _1668_/B1
  _1668_/X
  _1669_/B1
  _1669_/X
  _1672_/B1_N
  _1672_/X
  _1950_/A1
  _1950_/X
  _1952_/A2
  _1952_/X
  _1961_/A1
  _1961_/X
  _1963_/C_N
  _1963_/X
  _2057_/A1
  _2057_/Y
  _2067_/A3
  | loop cut point
  _2067_/Y
  --------------------------------
  _2067_/Y
  _2070_/A2
  _2070_/X
  fanout131/A
  fanout131/X
  _1665_/B2
  _1665_/X
  _1668_/B1
  _1668_/X
  _1669_/B1
  _1669_/X
  _1672_/B1_N
  _1672_/X
  _1950_/A1
  _1950_/X
  _1952_/A2
  _1952_/X
  _1961_/A1
  _1961_/X
  _1963_/C_N
  _1963_/X
  _2061_/A1
  _2061_/Y
  _2067_/B1
  | loop cut point
  _2067_/Y
  --------------------------------
  _2066_/Y
  _2067_/B2
  _2067_/Y
  _2070_/A2
  _2070_/X
  fanout131/A
  fanout131/X
  _1665_/B2
  _1665_/X
  _1668_/B1
  _1668_/X
  _1669_/B1
  _1669_/X
  _1672_/B1_N
  _1672_/X
  _1950_/A1
  _1950_/X
  _1952_/A2
  _1952_/X
  _1961_/A1
  _1961_/X
  _1963_/C_N
  _1963_/X
  _2063_/C1
  _2063_/X
  _2066_/A2
  | loop cut point
  _2066_/Y
  --------------------------------
  _2065_/X
  _2066_/A3
  _2066_/Y
  _2067_/B2
  _2067_/Y
  _2070_/A2
  _2070_/X
  fanout131/A
  fanout131/X
  _1665_/B2
  _1665_/X
  _1668_/B1
  _1668_/X
  _1669_/B1
  _1669_/X
  _1672_/B1_N
  _1672_/X
  _1983_/A1
  _1983_/X
  _1986_/A2
  _1986_/X
  _1994_/A1
  _1994_/X
  _1995_/C
  _1995_/Y
  _2065_/A2
  | loop cut point
  _2065_/X
  --------------------------------
  _2065_/X
  _2066_/A3
  _2066_/Y
  _2067_/B2
  _2067_/Y
  _2070_/A2
  _2070_/X
  fanout131/A
  fanout131/X
  _1665_/B2
  _1665_/X
  _1668_/B1
  _1668_/X
  _1669_/B1
  _1669_/X
  _1672_/B1_N
  _1672_/X
  _1983_/A1
  _1983_/X
  _1986_/A2
  _1986_/X
  _1994_/A1
  _1994_/X
  _2064_/D
  _2064_/X
  _2065_/B1
  | loop cut point
  _2065_/X
  --------------------------------
  _2066_/Y
  _2067_/B2
  _2067_/Y
  _2070_/A2
  _2070_/X
  fanout131/A
  fanout131/X
  _1665_/B2
  _1665_/X
  _1668_/B1
  _1668_/X
  _1669_/B1
  _1669_/X
  _1672_/B1_N
  _1672_/X
  _2011_/A0
  _2011_/X
  _2020_/A2
  _2020_/Y
  _2021_/C
  _2021_/Y
  _2022_/A2
  _2022_/Y
  _2023_/A
  _2023_/Y
  _2066_/A1
  | loop cut point
  _2066_/Y
  --------------------------------
  _2066_/Y
  _2067_/B2
  _2067_/Y
  _2070_/A2
  _2070_/X
  fanout131/A
  fanout131/X
  _1665_/B2
  _1665_/X
  _1668_/B1
  _1668_/X
  _1669_/B1
  _1669_/X
  _1672_/B1_N
  _1672_/X
  _2029_/A2
  _2029_/X
  _2030_/B
  _2030_/X
  _2038_/A2
  _2038_/X
  _2053_/C1
  _2053_/X
  _2066_/B1
  | loop cut point
  _2066_/Y
  --------------------------------
  _2067_/Y
  _2070_/A2
  _2070_/X
  fanout131/A
  fanout131/X
  _1665_/B2
  _1665_/X
  _1668_/B1
  _1668_/X
  _1669_/B1
  _1669_/X
  _1672_/B1_N
  _1672_/X
  _2029_/A2
  _2029_/X
  _2030_/B
  _2030_/X
  _2038_/A2
  _2038_/X
  _2053_/C1
  _2053_/X
  _2067_/A2
  | loop cut point
  _2067_/Y
  --------------------------------
  _1525_/X
  _1528_/A
  _1528_/Y
  _1933_/A2
  _1933_/X
  _1939_/A1
  _1939_/Y
  _1947_/A1
  _1947_/X
  _1962_/A
  _1962_/Y
  _2065_/C1
  _2065_/X
  _2066_/A3
  _2066_/Y
  _2067_/B2
  _2067_/Y
  _2070_/A2
  _2070_/X
  fanout131/A
  fanout131/X
  _1665_/B2
  _1665_/X
  _1668_/B1
  _1668_/X
  _1669_/B1
  _1669_/X
  _2106_/A
  _2106_/X
  _2162_/A0
  _2162_/X
  _2164_/A2
  _2164_/X
  _2171_/C1
  _2171_/Y
  _2174_/B1
  _2174_/Y
  _2175_/A
  _2175_/Y
  _2244_/A1
  _2244_/Y
  _2250_/A2
  _2250_/X
  _2253_/A2
  _2253_/Y
  fanout126/A
  fanout126/X
  _1513_/A1_N
  _1513_/X
  _1514_/B1
  _1514_/Y
  _1525_/A1
  | loop cut point
  _1525_/X
  --------------------------------
  _1947_/X
  _1962_/A
  _1962_/Y
  _2065_/C1
  _2065_/X
  _2066_/A3
  _2066_/Y
  _2067_/B2
  _2067_/Y
  _2070_/A2
  _2070_/X
  fanout131/A
  fanout131/X
  _1665_/B2
  _1665_/X
  _1668_/B1
  _1668_/X
  _1669_/B1
  _1669_/X
  _2106_/A
  _2106_/X
  _2162_/A0
  _2162_/X
  _2164_/A2
  _2164_/X
  _2171_/C1
  _2171_/Y
  _2174_/B1
  _2174_/Y
  _2175_/A
  _2175_/Y
  _2244_/A1
  _2244_/Y
  _2250_/A2
  _2250_/X
  _2253_/A2
  _2253_/Y
  fanout126/A
  fanout126/X
  _1609_/C
  _1609_/X
  _1610_/B1
  _1610_/X
  _1621_/A1
  _1621_/X
  _1624_/A
  _1624_/X
  _1942_/A2
  _1942_/X
  _1947_/A2
  | loop cut point
  _1947_/X
  --------------------------------
  _2250_/X
  _2253_/A2
  _2253_/Y
  fanout126/A
  fanout126/X
  _1609_/C
  _1609_/X
  _1610_/B1
  _1610_/X
  _1621_/A1
  _1621_/X
  _2097_/A
  _2097_/X
  _2102_/A2
  _2102_/X
  _2103_/A3
  _2103_/Y
  _2147_/A1
  _2147_/X
  _2150_/A
  _2150_/Y
  _2176_/A2
  _2176_/Y
  _2240_/A1
  _2240_/Y
  _2250_/B1
  | loop cut point
  _2250_/X
  --------------------------------
  _2250_/X
  _2253_/A2
  _2253_/Y
  fanout126/A
  fanout126/X
  _1609_/C
  _1609_/X
  _1610_/B1
  _1610_/X
  _1621_/A1
  _1621_/X
  _2097_/A
  _2097_/X
  _2102_/A2
  _2102_/X
  _2103_/A3
  _2103_/Y
  _2147_/A1
  _2147_/X
  _2150_/A
  _2150_/Y
  _2208_/A2
  _2208_/Y
  _2211_/A2
  _2211_/X
  _2250_/B2
  | loop cut point
  _2250_/X
  --------------------------------
  _2244_/Y
  _2250_/A2
  _2250_/X
  _2253_/A2
  _2253_/Y
  fanout126/A
  fanout126/X
  _1609_/C
  _1609_/X
  _1610_/B1
  _1610_/X
  _1621_/A1
  _1621_/X
  _2097_/A
  _2097_/X
  _2102_/A2
  _2102_/X
  _2103_/A3
  _2103_/Y
  _2147_/A1
  _2147_/X
  _2150_/A
  _2150_/Y
  _2241_/S
  _2241_/X
  _2244_/A2
  | loop cut point
  _2244_/Y
  --------------------------------
  _2244_/Y
  _2250_/A2
  _2250_/X
  _2253_/A2
  _2253_/Y
  fanout126/A
  fanout126/X
  _1609_/C
  _1609_/X
  _1610_/B1
  _1610_/X
  _1621_/A1
  _1621_/X
  _2097_/A
  _2097_/X
  _2102_/A2
  _2102_/X
  _2103_/A3
  _2103_/Y
  _2147_/A1
  _2147_/X
  _2150_/A
  _2150_/Y
  _2243_/A2
  _2243_/X
  _2244_/B1
  | loop cut point
  _2244_/Y
  --------------------------------
  _2250_/X
  _2253_/A2
  _2253_/Y
  fanout126/A
  fanout126/X
  _1609_/C
  _1609_/X
  _1610_/B1
  _1610_/X
  _1621_/A1
  _1621_/X
  _2097_/A
  _2097_/X
  _2102_/A2
  _2102_/X
  _2103_/A3
  _2103_/Y
  _2147_/A1
  _2147_/X
  _2150_/A
  _2150_/Y
  _2246_/A2
  _2246_/Y
  _2249_/A2
  _2249_/X
  _2250_/A3
  | loop cut point
  _2250_/X
  --------------------------------
  _2174_/Y
  _2175_/A
  _2175_/Y
  _2244_/A1
  _2244_/Y
  _2250_/A2
  _2250_/X
  _2253_/A2
  _2253_/Y
  fanout126/A
  fanout126/X
  _1609_/C
  _1609_/X
  _1610_/B1
  _1610_/X
  _1621_/A1
  _1621_/X
  _2097_/A
  _2097_/X
  _2157_/B
  _2157_/Y
  _2159_/B1
  _2159_/X
  _2174_/A1
  | loop cut point
  _2174_/Y
  --------------------------------
  _2244_/Y
  _2250_/A2
  _2250_/X
  _2253_/A2
  _2253_/Y
  fanout126/A
  fanout126/X
  _1609_/C
  _1609_/X
  _1610_/B1
  _1610_/X
  _1621_/A1
  _1621_/X
  _2097_/A
  _2097_/X
  _2199_/B
  _2199_/Y
  _2200_/C1
  _2200_/X
  _2201_/C
  _2201_/X
  _2202_/A2
  _2202_/X
  _2204_/A2_N
  _2204_/X
  _2244_/C1
  | loop cut point
  _2244_/Y
  --------------------------------
  _2250_/X
  _2253_/A2
  _2253_/Y
  fanout126/A
  fanout126/X
  _1609_/C
  _1609_/X
  _1610_/B1
  _1610_/X
  _1621_/A1
  _1621_/X
  _2097_/A
  _2097_/X
  _2230_/A2
  _2230_/X
  _2234_/B2
  _2234_/X
  _2238_/A1
  _2238_/X
  _2239_/C1
  _2239_/X
  _2250_/A1
  | loop cut point
  _2250_/X
  --------------------------------
  _1610_/X
  _1621_/A1
  _1621_/X
  _2097_/A
  _2097_/X
  _2280_/A2
  _2280_/X
  _2282_/A3
  _2282_/Y
  _2283_/C
  _2283_/Y
  _2307_/A2
  _2307_/X
  _2337_/C1
  _2337_/Y
  _2383_/B2
  _2383_/Y
  _2386_/A2
  _2386_/X
  fanout123/A
  fanout123/X
  _1608_/A1
  _1608_/X
  _1610_/A2
  | loop cut point
  _1610_/X
  --------------------------------
  _2280_/X
  _2282_/A3
  _2282_/Y
  _2283_/C
  _2283_/Y
  _2307_/A2
  _2307_/X
  _2337_/C1
  _2337_/Y
  _2383_/B2
  _2383_/Y
  _2386_/A2
  _2386_/X
  fanout123/A
  fanout123/X
  _1629_/A1
  _1629_/X
  _1631_/A2
  _1631_/X
  _1643_/A1
  _1643_/X
  _2100_/A
  _2100_/Y
  _2279_/B
  _2279_/Y
  _2280_/B1
  | loop cut point
  _2280_/X
  --------------------------------
  _2307_/X
  _2337_/C1
  _2337_/Y
  _2383_/B2
  _2383_/Y
  _2386_/A2
  _2386_/X
  fanout123/A
  fanout123/X
  _1629_/A1
  _1629_/X
  _1631_/A2
  _1631_/X
  _1643_/A1
  _1643_/X
  _2100_/A
  _2100_/Y
  _2292_/A2
  _2292_/Y
  _2293_/B2
  _2293_/Y
  _2294_/B1
  _2294_/Y
  _2304_/B1
  _2304_/Y
  _2307_/B1
  | loop cut point
  _2307_/X
  --------------------------------
  _2383_/Y
  _2386_/A2
  _2386_/X
  fanout123/A
  fanout123/X
  _1629_/A1
  _1629_/X
  _1631_/A2
  _1631_/X
  _1643_/A1
  _1643_/X
  _2100_/A
  _2100_/Y
  _2292_/A2
  _2292_/Y
  _2293_/B2
  _2293_/Y
  _2294_/B1
  _2294_/Y
  _2304_/B1
  _2304_/Y
  _2371_/B1
  _2371_/Y
  _2374_/A2
  _2374_/X
  _2383_/B1
  | loop cut point
  _2383_/Y
  --------------------------------
  _2383_/Y
  _2386_/A2
  _2386_/X
  fanout123/A
  fanout123/X
  _1629_/A1
  _1629_/X
  _1631_/A2
  _1631_/X
  _1643_/A1
  _1643_/X
  _2100_/A
  _2100_/Y
  _2292_/A2
  _2292_/Y
  _2293_/B2
  _2293_/Y
  _2294_/B1
  _2294_/Y
  _2304_/B1
  _2304_/Y
  _2376_/B1
  _2376_/X
  _2378_/B1
  _2378_/Y
  _2383_/A2
  | loop cut point
  _2383_/Y
  --------------------------------
  _2337_/Y
  _2383_/B2
  _2383_/Y
  _2386_/A2
  _2386_/X
  fanout123/A
  fanout123/X
  _1629_/A1
  _1629_/X
  _1631_/A2
  _1631_/X
  _1643_/A1
  _1643_/X
  _2100_/A
  _2100_/Y
  _2292_/A2
  _2292_/Y
  _2293_/B2
  _2293_/Y
  _2294_/B1
  _2294_/Y
  _2305_/B1
  _2305_/X
  _2337_/A1
  | loop cut point
  _2337_/Y
  --------------------------------
  _2383_/Y
  _2386_/A2
  _2386_/X
  fanout123/A
  fanout123/X
  _1629_/A1
  _1629_/X
  _1631_/A2
  _1631_/X
  _1643_/A1
  _1643_/X
  _2100_/A
  _2100_/Y
  _2292_/A2
  _2292_/Y
  _2293_/B2
  _2293_/Y
  _2294_/B1
  _2294_/Y
  _2305_/B1
  _2305_/X
  _2381_/B1
  _2381_/Y
  _2382_/B1
  _2382_/X
  _2383_/A3
  | loop cut point
  _2383_/Y
  --------------------------------
  _2337_/Y
  _2383_/B2
  _2383_/Y
  _2386_/A2
  _2386_/X
  fanout123/A
  fanout123/X
  _1629_/A1
  _1629_/X
  _1631_/A2
  _1631_/X
  _1643_/A1
  _1643_/X
  _2100_/A
  _2100_/Y
  _2326_/A2
  _2326_/X
  _2330_/A1
  _2330_/Y
  _2334_/A1
  _2334_/X
  _2335_/B1
  _2335_/X
  _2337_/B1
  | loop cut point
  _2337_/Y
  --------------------------------
  _2383_/Y
  _2386_/A2
  _2386_/X
  fanout123/A
  fanout123/X
  _1629_/A1
  _1629_/X
  _1631_/A2
  _1631_/X
  _1643_/A1
  _1643_/X
  _2100_/A
  _2100_/Y
  _2360_/A2
  _2360_/X
  _2364_/A2
  _2364_/X
  _2365_/B2
  _2365_/X
  _2369_/B1
  _2369_/Y
  _2383_/A1
  | loop cut point
  _2383_/Y
  --------------------------------
  _1819_/X
  _1820_/B1
  _1820_/X
  _1884_/S
  _1884_/X
  _1885_/B
  _1885_/X
  _1927_/A1
  _1927_/X
  _1931_/A2
  _1931_/X
  fanout136/A
  fanout136/X
  _1524_/A1
  _1524_/X
  _1525_/B2
  _1525_/X
  _1528_/A
  _1528_/Y
  _1933_/A2
  _1933_/X
  _1939_/A1
  _1939_/Y
  _1947_/A1
  _1947_/X
  _1962_/A
  _1962_/Y
  _2065_/C1
  _2065_/X
  _2066_/A3
  _2066_/Y
  _2067_/B2
  _2067_/Y
  _2070_/A2
  _2070_/X
  fanout131/A
  fanout131/X
  _1665_/B2
  _1665_/X
  _1668_/B1
  _1668_/X
  _1669_/B1
  _1669_/X
  _2106_/A
  _2106_/X
  _2162_/A0
  _2162_/X
  _2164_/A2
  _2164_/X
  _2171_/C1
  _2171_/Y
  _2174_/B1
  _2174_/Y
  _2175_/A
  _2175_/Y
  _2244_/A1
  _2244_/Y
  _2250_/A2
  _2250_/X
  _2253_/A2
  _2253_/Y
  fanout126/A
  fanout126/X
  _1609_/C
  _1609_/X
  _1610_/B1
  _1610_/X
  _1621_/A1
  _1621_/X
  _2097_/A
  _2097_/X
  _2280_/A2
  _2280_/X
  _2282_/A3
  _2282_/Y
  _2283_/C
  _2283_/Y
  _2307_/A2
  _2307_/X
  _2337_/C1
  _2337_/Y
  _2383_/B2
  _2383_/Y
  _2386_/A2
  _2386_/X
  fanout123/A
  fanout123/X
  _1734_/A1
  _1734_/X
  _1737_/B1
  _1737_/Y
  _1742_/A1
  _1742_/X
  _1756_/A
  _1756_/X
  _1777_/A1
  _1777_/X
  _1815_/A2
  _1815_/X
  _1819_/A2
  | loop cut point
  _1819_/X
  --------------------------------
  _2164_/X
  _2171_/C1
  _2171_/Y
  _2174_/B1
  _2174_/Y
  _2175_/A
  _2175_/Y
  _2244_/A1
  _2244_/Y
  _2250_/A2
  _2250_/X
  _2253_/A2
  _2253_/Y
  fanout126/A
  fanout126/X
  _1609_/C
  _1609_/X
  _1610_/B1
  _1610_/X
  _1621_/A1
  _1621_/X
  _2097_/A
  _2097_/X
  _2280_/A2
  _2280_/X
  _2282_/A3
  _2282_/Y
  _2283_/C
  _2283_/Y
  _2307_/A2
  _2307_/X
  _2337_/C1
  _2337_/Y
  _2383_/B2
  _2383_/Y
  _2386_/A2
  _2386_/X
  fanout123/A
  fanout123/X
  _1734_/A1
  _1734_/X
  _1737_/B1
  _1737_/Y
  _1742_/A1
  _1742_/X
  _2123_/A
  _2123_/Y
  _2163_/A1
  _2163_/X
  _2164_/B1
  | loop cut point
  _2164_/X
  --------------------------------
  _2283_/Y
  _2307_/A2
  _2307_/X
  _2337_/C1
  _2337_/Y
  _2383_/B2
  _2383_/Y
  _2386_/A2
  _2386_/X
  fanout123/A
  fanout123/X
  _1734_/A1
  _1734_/X
  _1737_/B1
  _1737_/Y
  _1742_/A1
  _1742_/X
  _2123_/A
  _2123_/Y
  _2254_/A1
  _2254_/X
  _2258_/A2
  _2258_/Y
  _2266_/A1
  _2266_/X
  _2283_/A
  | loop cut point
  _2283_/Y
  --------------------------------
  _2307_/X
  _2337_/C1
  _2337_/Y
  _2383_/B2
  _2383_/Y
  _2386_/A2
  _2386_/X
  fanout123/A
  fanout123/X
  _1734_/A1
  _1734_/X
  _1737_/B1
  _1737_/Y
  _1742_/A1
  _1742_/X
  _2123_/A
  _2123_/Y
  _2254_/A1
  _2254_/X
  _2258_/A2
  _2258_/Y
  _2266_/A1
  _2266_/X
  _2306_/B
  _2306_/X
  _2307_/C1
  | loop cut point
  _2307_/X
  --------------------------------
  _2283_/Y
  _2307_/A2
  _2307_/X
  _2337_/C1
  _2337_/Y
  _2383_/B2
  _2383_/Y
  _2386_/A2
  _2386_/X
  fanout123/A
  fanout123/X
  _2267_/A3
  _2267_/X
  _2268_/B
  _2268_/Y
  _2283_/B
  | loop cut point
  _2283_/Y
  --------------------------------
  _1939_/Y
  _1947_/A1
  _1947_/X
  _1962_/A
  _1962_/Y
  _2065_/C1
  _2065_/X
  _2066_/A3
  _2066_/Y
  _2067_/B2
  _2067_/Y
  _2070_/A2
  _2070_/X
  fanout131/A
  fanout131/X
  _1665_/B2
  _1665_/X
  _1668_/B1
  _1668_/X
  _1669_/B1
  _1669_/X
  _2106_/A
  _2106_/X
  _2162_/A0
  _2162_/X
  _2164_/A2
  _2164_/X
  _2171_/C1
  _2171_/Y
  _2174_/B1
  _2174_/Y
  _2175_/A
  _2175_/Y
  _2244_/A1
  _2244_/Y
  _2250_/A2
  _2250_/X
  _2253_/A2
  _2253_/Y
  fanout126/A
  fanout126/X
  _1609_/C
  _1609_/X
  _1610_/B1
  _1610_/X
  _1621_/A1
  _1621_/X
  _2097_/A
  _2097_/X
  _2280_/A2
  _2280_/X
  _2282_/A3
  _2282_/Y
  _2283_/C
  _2283_/Y
  _2307_/A2
  _2307_/X
  _2337_/C1
  _2337_/Y
  _2383_/B2
  _2383_/Y
  _2386_/A2
  _2386_/X
  fanout123/A
  fanout123/X
  fanout122/A
  fanout122/X
  _1506_/A
  _1506_/Y
  fanout121/A
  fanout121/X
  _1555_/A1
  _1555_/X
  _1557_/B2
  _1557_/X
  _1568_/A2
  _1568_/Y
  wire128/A
  wire128/X
  _1571_/A
  _1571_/Y
  _1938_/B2
  _1938_/X
  _1939_/A2
  | loop cut point
  _1939_/Y
  --------------------------------
  _2282_/Y
  _2283_/C
  _2283_/Y
  _2307_/A2
  _2307_/X
  _2337_/C1
  _2337_/Y
  _2383_/B2
  _2383_/Y
  _2386_/A2
  _2386_/X
  fanout123/A
  fanout123/X
  fanout122/A
  fanout122/X
  _1506_/A
  _1506_/Y
  fanout121/A
  fanout121/X
  _1555_/A1
  _1555_/X
  _1557_/B2
  _1557_/X
  _1568_/A2
  _1568_/Y
  wire128/A
  wire128/X
  _2086_/A
  _2086_/Y
  _2271_/B2
  _2271_/X
  _2272_/A2
  _2272_/Y
  _2282_/A1
  | loop cut point
  _2282_/Y
  --------------------------------
  _1962_/Y
  _2065_/C1
  _2065_/X
  _2066_/A3
  _2066_/Y
  _2067_/B2
  _2067_/Y
  _2070_/A2
  _2070_/X
  fanout131/A
  fanout131/X
  _1665_/B2
  _1665_/X
  _1668_/B1
  _1668_/X
  _1669_/B1
  _1669_/X
  _2106_/A
  _2106_/X
  _2162_/A0
  _2162_/X
  _2164_/A2
  _2164_/X
  _2171_/C1
  _2171_/Y
  _2174_/B1
  _2174_/Y
  _2175_/A
  _2175_/Y
  _2244_/A1
  _2244_/Y
  _2250_/A2
  _2250_/X
  _2253_/A2
  _2253_/Y
  fanout126/A
  fanout126/X
  _1609_/C
  _1609_/X
  _1610_/B1
  _1610_/X
  _1621_/A1
  _1621_/X
  _2097_/A
  _2097_/X
  _2280_/A2
  _2280_/X
  _2282_/A3
  _2282_/Y
  _2283_/C
  _2283_/Y
  _2307_/A2
  _2307_/X
  _2337_/C1
  _2337_/Y
  _2383_/B2
  _2383_/Y
  _2386_/A2
  _2386_/X
  fanout123/A
  fanout123/X
  fanout122/A
  fanout122/X
  _1506_/A
  _1506_/Y
  fanout121/A
  fanout121/X
  _1948_/A3
  _1948_/X
  _1949_/B
  _1949_/Y
  _1962_/B
  | loop cut point
  _1962_/Y
  --------------------------------
  _1933_/X
  _1939_/A1
  _1939_/Y
  _1947_/A1
  _1947_/X
  _1962_/A
  _1962_/Y
  _2065_/C1
  _2065_/X
  _2066_/A3
  _2066_/Y
  _2067_/B2
  _2067_/Y
  _2070_/A2
  _2070_/X
  fanout131/A
  fanout131/X
  _1665_/B2
  _1665_/X
  _1668_/B1
  _1668_/X
  _1669_/B1
  _1669_/X
  _2106_/A
  _2106_/X
  _2162_/A0
  _2162_/X
  _2164_/A2
  _2164_/X
  _2171_/C1
  _2171_/Y
  _2174_/B1
  _2174_/Y
  _2175_/A
  _2175_/Y
  _2244_/A1
  _2244_/Y
  _2250_/A2
  _2250_/X
  _2253_/A2
  _2253_/Y
  fanout126/A
  fanout126/X
  _1609_/C
  _1609_/X
  _1610_/B1
  _1610_/X
  _1621_/A1
  _1621_/X
  _2097_/A
  _2097_/X
  _2280_/A2
  _2280_/X
  _2282_/A3
  _2282_/Y
  _2283_/C
  _2283_/Y
  _2307_/A2
  _2307_/X
  _2337_/C1
  _2337_/Y
  _2383_/B2
  _2383_/Y
  _2386_/A2
  _2386_/X
  fanout123/A
  fanout123/X
  fanout122/A
  fanout122/X
  _1506_/A
  _1506_/Y
  fanout121/A
  fanout121/X
  fanout120/A
  fanout120/X
  _1532_/A
  _1532_/X
  _1535_/A3
  _1535_/Y
  _1546_/A2
  _1546_/X
  _1932_/A1
  _1932_/Y
  _1933_/B1
  | loop cut point
  _1933_/X
  --------------------------------
  _1669_/X
  _2106_/A
  _2106_/X
  _2162_/A0
  _2162_/X
  _2164_/A2
  _2164_/X
  _2171_/C1
  _2171_/Y
  _2174_/B1
  _2174_/Y
  _2175_/A
  _2175_/Y
  _2244_/A1
  _2244_/Y
  _2250_/A2
  _2250_/X
  _2253_/A2
  _2253_/Y
  fanout126/A
  fanout126/X
  _1609_/C
  _1609_/X
  _1610_/B1
  _1610_/X
  _1621_/A1
  _1621_/X
  _2097_/A
  _2097_/X
  _2280_/A2
  _2280_/X
  _2282_/A3
  _2282_/Y
  _2283_/C
  _2283_/Y
  _2307_/A2
  _2307_/X
  _2337_/C1
  _2337_/Y
  _2383_/B2
  _2383_/Y
  _2386_/A2
  _2386_/X
  fanout123/A
  fanout123/X
  fanout122/A
  fanout122/X
  _1506_/A
  _1506_/Y
  fanout121/A
  fanout121/X
  fanout120/A
  fanout120/X
  _1655_/A
  _1655_/X
  _1658_/A3
  _1658_/Y
  _1669_/A2
  | loop cut point
  _1669_/X
  --------------------------------
  _1677_/X
  _1687_/A2
  _1687_/X
  _1690_/A
  _1690_/Y
  _1691_/A0
  _1691_/X
  _1729_/A2
  _1729_/X
  _1819_/A1
  _1819_/X
  _1820_/B1
  _1820_/X
  _1884_/S
  _1884_/X
  _1885_/B
  _1885_/X
  _1927_/A1
  _1927_/X
  _1931_/A2
  _1931_/X
  fanout136/A
  fanout136/X
  _1524_/A1
  _1524_/X
  _1525_/B2
  _1525_/X
  _1528_/A
  _1528_/Y
  _1933_/A2
  _1933_/X
  _1939_/A1
  _1939_/Y
  _1947_/A1
  _1947_/X
  _1962_/A
  _1962_/Y
  _2065_/C1
  _2065_/X
  _2066_/A3
  _2066_/Y
  _2067_/B2
  _2067_/Y
  _2070_/A2
  _2070_/X
  fanout131/A
  fanout131/X
  _1665_/B2
  _1665_/X
  _1668_/B1
  _1668_/X
  _1669_/B1
  _1669_/X
  _2106_/A
  _2106_/X
  _2162_/A0
  _2162_/X
  _2164_/A2
  _2164_/X
  _2171_/C1
  _2171_/Y
  _2174_/B1
  _2174_/Y
  _2175_/A
  _2175_/Y
  _2244_/A1
  _2244_/Y
  _2250_/A2
  _2250_/X
  _2253_/A2
  _2253_/Y
  fanout126/A
  fanout126/X
  _1609_/C
  _1609_/X
  _1610_/B1
  _1610_/X
  _1621_/A1
  _1621_/X
  _2097_/A
  _2097_/X
  _2280_/A2
  _2280_/X
  _2282_/A3
  _2282_/Y
  _2283_/C
  _2283_/Y
  _2307_/A2
  _2307_/X
  _2337_/C1
  _2337_/Y
  _2383_/B2
  _2383_/Y
  _2386_/A2
  _2386_/X
  fanout123/A
  fanout123/X
  fanout122/A
  fanout122/X
  _1506_/A
  _1506_/Y
  fanout121/A
  fanout121/X
  fanout120/A
  fanout120/X
  _1675_/A1
  _1675_/Y
  _1677_/B1
  | loop cut point
  _1677_/X
  --------------------------------
  _1729_/X
  _1819_/A1
  _1819_/X
  _1820_/B1
  _1820_/X
  _1884_/S
  _1884_/X
  _1885_/B
  _1885_/X
  _1927_/A1
  _1927_/X
  _1931_/A2
  _1931_/X
  fanout136/A
  fanout136/X
  _1524_/A1
  _1524_/X
  _1525_/B2
  _1525_/X
  _1528_/A
  _1528_/Y
  _1933_/A2
  _1933_/X
  _1939_/A1
  _1939_/Y
  _1947_/A1
  _1947_/X
  _1962_/A
  _1962_/Y
  _2065_/C1
  _2065_/X
  _2066_/A3
  _2066_/Y
  _2067_/B2
  _2067_/Y
  _2070_/A2
  _2070_/X
  fanout131/A
  fanout131/X
  _1665_/B2
  _1665_/X
  _1668_/B1
  _1668_/X
  _1669_/B1
  _1669_/X
  _2106_/A
  _2106_/X
  _2162_/A0
  _2162_/X
  _2164_/A2
  _2164_/X
  _2171_/C1
  _2171_/Y
  _2174_/B1
  _2174_/Y
  _2175_/A
  _2175_/Y
  _2244_/A1
  _2244_/Y
  _2250_/A2
  _2250_/X
  _2253_/A2
  _2253_/Y
  fanout126/A
  fanout126/X
  _1609_/C
  _1609_/X
  _1610_/B1
  _1610_/X
  _1621_/A1
  _1621_/X
  _2097_/A
  _2097_/X
  _2280_/A2
  _2280_/X
  _2282_/A3
  _2282_/Y
  _2283_/C
  _2283_/Y
  _2307_/A2
  _2307_/X
  _2337_/C1
  _2337_/Y
  _2383_/B2
  _2383_/Y
  _2386_/A2
  _2386_/X
  fanout123/A
  fanout123/X
  fanout122/A
  fanout122/X
  _1506_/A
  _1506_/Y
  fanout121/A
  fanout121/X
  fanout120/A
  fanout120/X
  _1694_/A1
  _1694_/X
  _1696_/A2
  _1696_/Y
  _1705_/A1
  _1705_/X
  _1708_/A
  _1708_/Y
  _1728_/A2
  _1728_/X
  _1729_/B1
  | loop cut point
  _1729_/X
  --------------------------------
  _2162_/X
  _2164_/A2
  _2164_/X
  _2171_/C1
  _2171_/Y
  _2174_/B1
  _2174_/Y
  _2175_/A
  _2175_/Y
  _2244_/A1
  _2244_/Y
  _2250_/A2
  _2250_/X
  _2253_/A2
  _2253_/Y
  fanout126/A
  fanout126/X
  _1609_/C
  _1609_/X
  _1610_/B1
  _1610_/X
  _1621_/A1
  _1621_/X
  _2097_/A
  _2097_/X
  _2280_/A2
  _2280_/X
  _2282_/A3
  _2282_/Y
  _2283_/C
  _2283_/Y
  _2307_/A2
  _2307_/X
  _2337_/C1
  _2337_/Y
  _2383_/B2
  _2383_/Y
  _2386_/A2
  _2386_/X
  fanout123/A
  fanout123/X
  fanout122/A
  fanout122/X
  _1506_/A
  _1506_/Y
  fanout121/A
  fanout121/X
  fanout120/A
  fanout120/X
  _1694_/A1
  _1694_/X
  _1696_/A2
  _1696_/Y
  _1705_/A1
  _1705_/X
  _2114_/A
  _2114_/X
  _2162_/A1
  | loop cut point
  _2162_/X
  --------------------------------
  _2171_/Y
  _2174_/B1
  _2174_/Y
  _2175_/A
  _2175_/Y
  _2244_/A1
  _2244_/Y
  _2250_/A2
  _2250_/X
  _2253_/A2
  _2253_/Y
  fanout126/A
  fanout126/X
  _1609_/C
  _1609_/X
  _1610_/B1
  _1610_/X
  _1621_/A1
  _1621_/X
  _2097_/A
  _2097_/X
  _2280_/A2
  _2280_/X
  _2282_/A3
  _2282_/Y
  _2283_/C
  _2283_/Y
  _2307_/A2
  _2307_/X
  _2337_/C1
  _2337_/Y
  _2383_/B2
  _2383_/Y
  _2386_/A2
  _2386_/X
  fanout123/A
  fanout123/X
  fanout122/A
  fanout122/X
  _1506_/A
  _1506_/Y
  fanout121/A
  fanout121/X
  fanout120/A
  fanout120/X
  _1711_/A
  _1711_/X
  _1714_/A3
  _1714_/Y
  _1724_/A2
  _1724_/X
  _2117_/A
  _2117_/X
  _2165_/A1
  _2165_/X
  _2171_/A2
  | loop cut point
  _2171_/Y
  --------------------------------
  _1820_/X
  _1884_/S
  _1884_/X
  _1885_/B
  _1885_/X
  _1927_/A1
  _1927_/X
  _1931_/A2
  _1931_/X
  fanout136/A
  fanout136/X
  _1524_/A1
  _1524_/X
  _1525_/B2
  _1525_/X
  _1528_/A
  _1528_/Y
  _1933_/A2
  _1933_/X
  _1939_/A1
  _1939_/Y
  _1947_/A1
  _1947_/X
  _1962_/A
  _1962_/Y
  _2065_/C1
  _2065_/X
  _2066_/A3
  _2066_/Y
  _2067_/B2
  _2067_/Y
  _2070_/A2
  _2070_/X
  fanout131/A
  fanout131/X
  _1665_/B2
  _1665_/X
  _1668_/B1
  _1668_/X
  _1669_/B1
  _1669_/X
  _2106_/A
  _2106_/X
  _2162_/A0
  _2162_/X
  _2164_/A2
  _2164_/X
  _2171_/C1
  _2171_/Y
  _2174_/B1
  _2174_/Y
  _2175_/A
  _2175_/Y
  _2244_/A1
  _2244_/Y
  _2250_/A2
  _2250_/X
  _2253_/A2
  _2253_/Y
  fanout126/A
  fanout126/X
  _1609_/C
  _1609_/X
  _1610_/B1
  _1610_/X
  _1621_/A1
  _1621_/X
  _2097_/A
  _2097_/X
  _2280_/A2
  _2280_/X
  _2282_/A3
  _2282_/Y
  _2283_/C
  _2283_/Y
  _2307_/A2
  _2307_/X
  _2337_/C1
  _2337_/Y
  _2383_/B2
  _2383_/Y
  _2386_/A2
  _2386_/X
  fanout123/A
  fanout123/X
  fanout122/A
  fanout122/X
  _1650_/A3
  _1650_/X
  _1651_/A
  _1651_/Y
  _1820_/A2
  | loop cut point
  _1820_/X
  --------------------------------
  _2174_/Y
  _2175_/A
  _2175_/Y
  _2244_/A1
  _2244_/Y
  _2250_/A2
  _2250_/X
  _2253_/A2
  _2253_/Y
  fanout126/A
  fanout126/X
  _1609_/C
  _1609_/X
  _1610_/B1
  _1610_/X
  _1621_/A1
  _1621_/X
  _2097_/A
  _2097_/X
  _2280_/A2
  _2280_/X
  _2282_/A3
  _2282_/Y
  _2283_/C
  _2283_/Y
  _2307_/A2
  _2307_/X
  _2337_/C1
  _2337_/Y
  _2383_/B2
  _2383_/Y
  _2386_/A2
  _2386_/X
  fanout123/A
  fanout123/X
  fanout122/A
  fanout122/X
  _2172_/A3
  _2172_/X
  _2173_/B
  _2173_/Y
  _2174_/C1
  | loop cut point
  _2174_/Y
  --------------------------------
  _1677_/X
  _1687_/A2
  _1687_/X
  _1690_/A
  _1690_/Y
  _1691_/A0
  _1691_/X
  _1729_/A2
  _1729_/X
  _1819_/A1
  _1819_/X
  _1820_/B1
  _1820_/X
  _1884_/S
  _1884_/X
  _1885_/B
  _1885_/X
  _1927_/A1
  _1927_/X
  _1931_/A2
  _1931_/X
  fanout136/A
  fanout136/X
  _1524_/A1
  _1524_/X
  _1525_/B2
  _1525_/X
  _1528_/A
  _1528_/Y
  _1933_/A2
  _1933_/X
  _1939_/A1
  _1939_/Y
  _1947_/A1
  _1947_/X
  _1962_/A
  _1962_/Y
  _2065_/C1
  _2065_/X
  _2066_/A3
  _2066_/Y
  _2067_/B2
  _2067_/Y
  _2070_/A2
  _2070_/X
  fanout131/A
  fanout131/X
  _1665_/B2
  _1665_/X
  _1668_/B1
  _1668_/X
  _1669_/B1
  _1669_/X
  _2106_/A
  _2106_/X
  _2162_/A0
  _2162_/X
  _2164_/A2
  _2164_/X
  _2171_/C1
  _2171_/Y
  _2174_/B1
  _2174_/Y
  _2175_/A
  _2175_/Y
  _2244_/A1
  _2244_/Y
  _2250_/A2
  _2250_/X
  _2253_/A2
  _2253_/Y
  fanout126/A
  fanout126/X
  fanout125/A
  fanout125/X
  fanout124/A
  fanout124/X
  _1677_/A1
  | loop cut point
  _1677_/X
  --------------------------------
  _1525_/X
  _1528_/A
  _1528_/Y
  _1933_/A2
  _1933_/X
  _1939_/A1
  _1939_/Y
  _1947_/A1
  _1947_/X
  _1962_/A
  _1962_/Y
  _2065_/C1
  _2065_/X
  _2066_/A3
  _2066_/Y
  _2067_/B2
  _2067_/Y
  _2070_/A2
  _2070_/X
  fanout131/A
  fanout131/X
  fanout130/A
  fanout130/X
  _1522_/A1_N
  _1522_/X
  _1523_/B1
  _1523_/Y
  _1525_/B1
  | loop cut point
  _1525_/X
  --------------------------------
  _1687_/X
  _1690_/A
  _1690_/Y
  _1691_/A0
  _1691_/X
  _1729_/A2
  _1729_/X
  _1819_/A1
  _1819_/X
  _1820_/B1
  _1820_/X
  _1884_/S
  _1884_/X
  _1885_/B
  _1885_/X
  _1927_/A1
  _1927_/X
  _1931_/A2
  _1931_/X
  fanout136/A
  fanout136/X
  _1524_/A1
  _1524_/X
  _1525_/B2
  _1525_/X
  _1528_/A
  _1528_/Y
  _1933_/A2
  _1933_/X
  _1939_/A1
  _1939_/Y
  _1947_/A1
  _1947_/X
  _1962_/A
  _1962_/Y
  _2065_/C1
  _2065_/X
  _2066_/A3
  _2066_/Y
  _2067_/B2
  _2067_/Y
  _2070_/A2
  _2070_/X
  fanout131/A
  fanout131/X
  fanout130/A
  fanout130/X
  _1683_/B2
  _1683_/X
  _1686_/B1
  _1686_/X
  _1687_/B1
  | loop cut point
  _1687_/X
  --------------------------------
