Clock: clk
Sources: clk 
Generated: no
Virtual: yes
Propagated: no
Period: 100.000000

===========================================================================
report_clock_properties
============================================================================
Clock                   Period          Waveform
----------------------------------------------------
clk                 100.000000    0.000000 50.000000

===========================================================================
report_clock_latency
============================================================================
Clock clk
rise -> rise
    min     max
0.000000 0.000000 source latency
1.205520         network latency _2957_/CLK
        20.891180 network latency _2961_/CLK
---------------
1.205520 20.891180 latency
        19.685661 skew

rise -> fall
    min     max
0.000000 0.000000 source latency
2.216399         network latency _2939_/CLK
        20.833555 network latency _2961_/CLK
---------------
2.216399 20.833555 latency
        18.617159 skew

fall -> fall
    min     max
0.000000 0.000000 source latency
1.093390         network latency _3091_/CLK
        1.158945 network latency _2888_/CLK
---------------
1.093390 1.158945 latency
        0.065555 skew



===========================================================================
report_clock_min_period
============================================================================
clk period_min = 5.31 fmax = 188.16
