
===========================================================================
report_checks -unconstrained
===========================================================================
======================= min_tt_025C_1v80 Corner ===================================

Startpoint: nrst (input port clocked by clk)
Endpoint: _1291_ (recovery check against rising-edge clock clk)
Path Group: asynchronous
Path Type: max

Fanout         Cap        Slew       Delay        Time   Description
---------------------------------------------------------------------------------------------
                                  0.000000    0.000000   clock clk (rise edge)
                                  0.000000    0.000000   clock network delay (propagated)
                                  5.000000    5.000000 ^ input external delay
     2    0.004149    0.025585    0.015012    5.015012 ^ nrst (in)
                                                         nrst (net)
                      0.025585    0.000000    5.015012 ^ input6/A (sky130_fd_sc_hd__clkbuf_2)
     9    0.039415    0.215716    0.218258    5.233271 ^ input6/X (sky130_fd_sc_hd__clkbuf_2)
                                                         net6 (net)
                      0.215720    0.000748    5.234019 ^ fanout121/A (sky130_fd_sc_hd__clkbuf_4)
    21    0.075458    0.228474    0.327354    5.561372 ^ fanout121/X (sky130_fd_sc_hd__clkbuf_4)
                                                         net121 (net)
                      0.228695    0.004502    5.565874 ^ _1291_/RESET_B (sky130_fd_sc_hd__dfrtp_2)
                                              5.565874   data arrival time

                                 25.000000   25.000000   clock clk (rise edge)
                                  0.000000   25.000000   clock source latency
     2    0.028310    0.132912    0.092276   25.092276 ^ clk (in)
                                                         clk (net)
                      0.132953    0.000000   25.092276 ^ clkbuf_0_clk/A (sky130_fd_sc_hd__clkbuf_16)
     9    0.061818    0.079850    0.189392   25.281668 ^ clkbuf_0_clk/X (sky130_fd_sc_hd__clkbuf_16)
                                                         clknet_0_clk (net)
                      0.079890    0.001673   25.283340 ^ clkbuf_2_3__f_clk/A (sky130_fd_sc_hd__clkbuf_16)
    17    0.055086    0.073469    0.165890   25.449230 ^ clkbuf_2_3__f_clk/X (sky130_fd_sc_hd__clkbuf_16)
                                                         clknet_2_3__leaf_clk (net)
                      0.073475    0.000702   25.449932 ^ _1291_/CLK (sky130_fd_sc_hd__dfrtp_2)
                                 -0.250000   25.199934   clock uncertainty
                                  0.000000   25.199934   clock reconvergence pessimism
                                  0.173376   25.373310   library recovery time
                                             25.373310   data required time
---------------------------------------------------------------------------------------------
                                             25.373310   data required time
                                             -5.565874   data arrival time
---------------------------------------------------------------------------------------------
                                             19.807434   slack (MET)


Startpoint: prescaler[9] (input port clocked by clk)
Endpoint: _1283_ (rising edge-triggered flip-flop clocked by clk)
Path Group: clk
Path Type: max

Fanout         Cap        Slew       Delay        Time   Description
---------------------------------------------------------------------------------------------
                                  0.000000    0.000000   clock clk (rise edge)
                                  0.000000    0.000000   clock network delay (propagated)
                                  5.000000    5.000000 ^ input external delay
     2    0.004277    0.026140    0.015467    5.015467 ^ prescaler[9] (in)
                                                         prescaler[9] (net)
                      0.026140    0.000000    5.015467 ^ input20/A (sky130_fd_sc_hd__clkbuf_1)
     2    0.007413    0.095445    0.110816    5.126283 ^ input20/X (sky130_fd_sc_hd__clkbuf_1)
                                                         net20 (net)
                      0.095445    0.000068    5.126351 ^ fanout123/A (sky130_fd_sc_hd__clkbuf_4)
    10    0.051010    0.158489    0.238049    5.364400 ^ fanout123/X (sky130_fd_sc_hd__clkbuf_4)
                                                         net123 (net)
                      0.158489    0.000323    5.364723 ^ _0671_/A (sky130_fd_sc_hd__xor2_1)
     3    0.010773    0.253043    0.262604    5.627327 ^ _0671_/X (sky130_fd_sc_hd__xor2_1)
                                                         _0061_ (net)
                      0.253043    0.000107    5.627434 ^ _0672_/B (sky130_fd_sc_hd__xnor2_1)
     2    0.008820    0.232749    0.197209    5.824643 ^ _0672_/Y (sky130_fd_sc_hd__xnor2_1)
                                                         _0062_ (net)
                      0.232749    0.000098    5.824741 ^ _0674_/B (sky130_fd_sc_hd__xor2_1)
     2    0.008925    0.219462    0.248730    6.073471 ^ _0674_/X (sky130_fd_sc_hd__xor2_1)
                                                         _0064_ (net)
                      0.219462    0.000046    6.073517 ^ _0812_/A3 (sky130_fd_sc_hd__a31o_1)
     2    0.013109    0.135024    0.242378    6.315895 ^ _0812_/X (sky130_fd_sc_hd__a31o_1)
                                                         _0202_ (net)
                      0.135024    0.000127    6.316022 ^ _0820_/A (sky130_fd_sc_hd__xor2_2)
     2    0.012192    0.188366    0.204009    6.520031 ^ _0820_/X (sky130_fd_sc_hd__xor2_2)
                                                         _0210_ (net)
                      0.188366    0.000097    6.520129 ^ _0845_/B (sky130_fd_sc_hd__xor2_2)
     2    0.020195    0.274409    0.279778    6.799906 ^ _0845_/X (sky130_fd_sc_hd__xor2_2)
                                                         _0235_ (net)
                      0.274410    0.000322    6.800229 ^ _0847_/B (sky130_fd_sc_hd__xor2_4)
     2    0.027212    0.235992    0.267572    7.067801 ^ _0847_/X (sky130_fd_sc_hd__xor2_4)
                                                         _0237_ (net)
                      0.235992    0.000191    7.067992 ^ _0848_/B (sky130_fd_sc_hd__xnor2_4)
     2    0.021021    0.088168    0.121873    7.189865 v _0848_/Y (sky130_fd_sc_hd__xnor2_4)
                                                         _0238_ (net)
                      0.088168    0.000197    7.190061 v _0851_/A (sky130_fd_sc_hd__xnor2_4)
     3    0.033531    0.289194    0.301661    7.491722 ^ _0851_/Y (sky130_fd_sc_hd__xnor2_4)
                                                         _0241_ (net)
                      0.289206    0.001493    7.493215 ^ _0858_/A (sky130_fd_sc_hd__nor2_1)
     2    0.016170    0.117026    0.165885    7.659100 v _0858_/Y (sky130_fd_sc_hd__nor2_1)
                                                         _0248_ (net)
                      0.117026    0.000234    7.659334 v _0863_/B1 (sky130_fd_sc_hd__a221oi_4)
     4    0.016330    0.292484    0.325029    7.984363 ^ _0863_/Y (sky130_fd_sc_hd__a221oi_4)
                                                         _0253_ (net)
                      0.292485    0.000548    7.984911 ^ _0864_/A2 (sky130_fd_sc_hd__a21oi_1)
     3    0.006831    0.091429    0.145072    8.129983 v _0864_/Y (sky130_fd_sc_hd__a21oi_1)
                                                         _0254_ (net)
                      0.091429    0.000061    8.130044 v _0935_/B (sky130_fd_sc_hd__or3b_1)
     3    0.012549    0.115290    0.426148    8.556192 v _0935_/X (sky130_fd_sc_hd__or3b_1)
                                                         _0325_ (net)
                      0.115290    0.000145    8.556337 v _0938_/C (sky130_fd_sc_hd__and3_1)
     2    0.004729    0.045032    0.215569    8.771906 v _0938_/X (sky130_fd_sc_hd__and3_1)
                                                         _0328_ (net)
                      0.045032    0.000038    8.771944 v _0952_/B (sky130_fd_sc_hd__or4_1)
     1    0.001948    0.075622    0.482754    9.254699 v _0952_/X (sky130_fd_sc_hd__or4_1)
                                                         _0342_ (net)
                      0.075622    0.000019    9.254717 v _0953_/D (sky130_fd_sc_hd__or4_1)
     1    0.002026    0.076128    0.390085    9.644802 v _0953_/X (sky130_fd_sc_hd__or4_1)
                                                         _0343_ (net)
                      0.076128    0.000019    9.644821 v _0954_/C (sky130_fd_sc_hd__or3_2)
     9    0.033899    0.167901    0.542956   10.187778 v _0954_/X (sky130_fd_sc_hd__or3_2)
                                                         _0344_ (net)
                      0.167902    0.000634   10.188412 v _1005_/A1 (sky130_fd_sc_hd__o211ai_1)
     1    0.003577    0.159400    0.223223   10.411634 ^ _1005_/Y (sky130_fd_sc_hd__o211ai_1)
                                                         _0395_ (net)
                      0.159400    0.000043   10.411677 ^ fanout95/A (sky130_fd_sc_hd__clkbuf_2)
    13    0.043619    0.238220    0.277267   10.688944 ^ fanout95/X (sky130_fd_sc_hd__clkbuf_2)
                                                         net95 (net)
                      0.238220    0.000150   10.689095 ^ fanout94/A (sky130_fd_sc_hd__clkbuf_2)
     8    0.037822    0.207853    0.278058   10.967153 ^ fanout94/X (sky130_fd_sc_hd__clkbuf_2)
                                                         net94 (net)
                      0.207853    0.000091   10.967244 ^ fanout93/A (sky130_fd_sc_hd__clkbuf_2)
    10    0.029510    0.164751    0.240410   11.207655 ^ fanout93/X (sky130_fd_sc_hd__clkbuf_2)
                                                         net93 (net)
                      0.164751    0.000568   11.208223 ^ _1171_/A1 (sky130_fd_sc_hd__o31ai_1)
     1    0.002669    0.082746    0.099348   11.307571 v _1171_/Y (sky130_fd_sc_hd__o31ai_1)
                                                         _0531_ (net)
                      0.082746    0.000024   11.307595 v _1173_/A2 (sky130_fd_sc_hd__o211a_1)
     3    0.013656    0.085144    0.266355   11.573950 v _1173_/X (sky130_fd_sc_hd__o211a_1)
                                                         clk_divider.next_count[26] (net)
                      0.085144    0.000382   11.574332 v _1186_/B1 (sky130_fd_sc_hd__a22o_1)
     1    0.001877    0.035590    0.181336   11.755668 v _1186_/X (sky130_fd_sc_hd__a22o_1)
                                                         _0544_ (net)
                      0.035590    0.000017   11.755685 v _1190_/A (sky130_fd_sc_hd__or4_1)
     1    0.007053    0.110171    0.550559   12.306244 v _1190_/X (sky130_fd_sc_hd__or4_1)
                                                         _0548_ (net)
                      0.110171    0.000215   12.306458 v _1191_/D (sky130_fd_sc_hd__or4_1)
     1    0.003019    0.085992    0.413447   12.719906 v _1191_/X (sky130_fd_sc_hd__or4_1)
                                                         _0549_ (net)
                      0.085992    0.000020   12.719925 v _1219_/A (sky130_fd_sc_hd__nor3_1)
     1    0.002313    0.139586    0.179697   12.899622 ^ _1219_/Y (sky130_fd_sc_hd__nor3_1)
                                                         clk_divider.next_flag (net)
                      0.139586    0.000020   12.899642 ^ _1283_/D (sky130_fd_sc_hd__dfrtp_4)
                                             12.899642   data arrival time

                                 25.000000   25.000000   clock clk (rise edge)
                                  0.000000   25.000000   clock source latency
     2    0.028310    0.132912    0.092276   25.092276 ^ clk (in)
                                                         clk (net)
                      0.132953    0.000000   25.092276 ^ clkbuf_0_clk/A (sky130_fd_sc_hd__clkbuf_16)
     9    0.061818    0.079850    0.189392   25.281668 ^ clkbuf_0_clk/X (sky130_fd_sc_hd__clkbuf_16)
                                                         clknet_0_clk (net)
                      0.079851    0.000551   25.282217 ^ clkbuf_2_0__f_clk/A (sky130_fd_sc_hd__clkbuf_16)
     9    0.036165    0.056376    0.151722   25.433941 ^ clkbuf_2_0__f_clk/X (sky130_fd_sc_hd__clkbuf_16)
                                                         clknet_2_0__leaf_clk (net)
                      0.056401    0.000815   25.434755 ^ _1283_/CLK (sky130_fd_sc_hd__dfrtp_4)
                                 -0.250000   25.184757   clock uncertainty
                                  0.000000   25.184757   clock reconvergence pessimism
                                 -0.083800   25.100956   library setup time
                                             25.100956   data required time
---------------------------------------------------------------------------------------------
                                             25.100956   data required time
                                            -12.899642   data arrival time
---------------------------------------------------------------------------------------------
                                             12.201315   slack (MET)




===========================================================================
report_checks --slack_max -0.01
============================================================================
======================= min_tt_025C_1v80 Corner ===================================

No paths found.


===========================================================================
 report_check_types -max_slew -max_cap -max_fanout -violators
============================================================================
======================= min_tt_025C_1v80 Corner ===================================

max fanout

Pin                                   Limit Fanout  Slack
---------------------------------------------------------
_0646_/X                                 10     21    -11 (VIOLATED)
clkbuf_2_2__f_clk/X                      10     21    -11 (VIOLATED)
fanout121/X                              10     21    -11 (VIOLATED)
fanout124/X                              10     21    -11 (VIOLATED)
fanout125/X                              10     21    -11 (VIOLATED)
fanout90/X                               10     21    -11 (VIOLATED)
input11/X                                10     21    -11 (VIOLATED)
input13/X                                10     21    -11 (VIOLATED)
input15/X                                10     21    -11 (VIOLATED)
input8/X                                 10     21    -11 (VIOLATED)
_0618_/Y                                 10     19     -9 (VIOLATED)
input14/X                                10     19     -9 (VIOLATED)
input17/X                                10     19     -9 (VIOLATED)
_0615_/Y                                 10     17     -7 (VIOLATED)
_0617_/Y                                 10     17     -7 (VIOLATED)
clkbuf_2_3__f_clk/X                      10     17     -7 (VIOLATED)
input7/X                                 10     17     -7 (VIOLATED)
_1304_/Q                                 10     15     -5 (VIOLATED)
input9/X                                 10     15     -5 (VIOLATED)
_0801_/X                                 10     13     -3 (VIOLATED)
_1014_/Y                                 10     13     -3 (VIOLATED)
_1307_/Q                                 10     13     -3 (VIOLATED)
fanout95/X                               10     13     -3 (VIOLATED)
clkbuf_2_1__f_clk/X                      10     12     -2 (VIOLATED)
_0789_/Y                                 10     11        (VIOLATED)
_0790_/Y                                 10     11        (VIOLATED)
_0805_/X                                 10     11        (VIOLATED)
_0940_/X                                 10     11        (VIOLATED)
fanout114/X                              10     11        (VIOLATED)



===========================================================================
report_parasitic_annotation -report_unannotated
============================================================================
Found 129 unannotated drivers.
 gpio_in[0]
 gpio_in[10]
 gpio_in[11]
 gpio_in[12]
 gpio_in[13]
 gpio_in[14]
 gpio_in[15]
 gpio_in[16]
 gpio_in[17]
 gpio_in[18]
 gpio_in[19]
 gpio_in[1]
 gpio_in[20]
 gpio_in[21]
 gpio_in[22]
 gpio_in[23]
 gpio_in[24]
 gpio_in[25]
 gpio_in[26]
 gpio_in[27]
 gpio_in[28]
 gpio_in[29]
 gpio_in[2]
 gpio_in[30]
 gpio_in[31]
 gpio_in[32]
 gpio_in[33]
 gpio_in[3]
 gpio_in[4]
 gpio_in[5]
 gpio_in[6]
 gpio_in[7]
 gpio_in[8]
 gpio_in[9]
 la_data_in[10]
 la_data_in[11]
 la_data_in[12]
 la_data_in[13]
 la_data_in[14]
 la_data_in[15]
 la_data_in[16]
 la_data_in[17]
 la_data_in[18]
 la_data_in[19]
 la_data_in[20]
 la_data_in[21]
 la_data_in[22]
 la_data_in[23]
 la_data_in[24]
 la_data_in[25]
 la_data_in[26]
 la_data_in[27]
 la_data_in[28]
 la_data_in[29]
 la_data_in[2]
 la_data_in[30]
 la_data_in[31]
 la_data_in[3]
 la_data_in[4]
 la_data_in[5]
 la_data_in[6]
 la_data_in[7]
 la_data_in[8]
 la_data_in[9]
 la_oenb[10]
 la_oenb[11]
 la_oenb[12]
 la_oenb[13]
 la_oenb[14]
 la_oenb[15]
 la_oenb[16]
 la_oenb[17]
 la_oenb[18]
 la_oenb[19]
 la_oenb[20]
 la_oenb[21]
 la_oenb[22]
 la_oenb[23]
 la_oenb[24]
 la_oenb[25]
 la_oenb[26]
 la_oenb[27]
 la_oenb[28]
 la_oenb[29]
 la_oenb[2]
 la_oenb[30]
 la_oenb[31]
 la_oenb[3]
 la_oenb[4]
 la_oenb[5]
 la_oenb[6]
 la_oenb[7]
 la_oenb[8]
 la_oenb[9]
 clkload0/Y
 clkload1/Y
 clkload2/Y
 team_00_126/HI
 team_00_127/HI
 team_00_128/HI
 team_00_129/HI
 team_00_130/HI
 team_00_131/HI
 team_00_132/HI
 team_00_133/HI
 team_00_134/HI
 team_00_135/HI
 team_00_136/HI
 team_00_137/HI
 team_00_138/HI
 team_00_139/HI
 team_00_140/HI
 team_00_141/HI
 team_00_142/HI
 team_00_143/HI
 team_00_144/HI
 team_00_145/HI
 team_00_146/HI
 team_00_147/HI
 team_00_148/HI
 team_00_149/HI
 team_00_150/HI
 team_00_151/HI
 team_00_152/HI
 team_00_153/HI
 team_00_154/HI
 team_00_155/HI
 team_00_156/HI
 team_00_157/HI
Found 0 partially unannotated drivers.

===========================================================================
max slew violation count 0
max fanout violation count 29
max cap violation count 0
============================================================================

===========================================================================
check_setup -verbose -unconstrained_endpoints -multiple_clock -no_clock -no_input_delay -loops -generated_clocks
===========================================================================
Warning: There are 32 unconstrained endpoints.
  la_data_out[0]
  la_data_out[10]
  la_data_out[11]
  la_data_out[12]
  la_data_out[13]
  la_data_out[14]
  la_data_out[15]
  la_data_out[16]
  la_data_out[17]
  la_data_out[18]
  la_data_out[19]
  la_data_out[1]
  la_data_out[20]
  la_data_out[21]
  la_data_out[22]
  la_data_out[23]
  la_data_out[24]
  la_data_out[25]
  la_data_out[26]
  la_data_out[27]
  la_data_out[28]
  la_data_out[29]
  la_data_out[2]
  la_data_out[30]
  la_data_out[31]
  la_data_out[3]
  la_data_out[4]
  la_data_out[5]
  la_data_out[6]
  la_data_out[7]
  la_data_out[8]
  la_data_out[9]
