Clock: clk
Sources: clk 
Generated: no
Virtual: yes
Propagated: no
Period: 25.000000

===========================================================================
report_clock_properties
============================================================================
Clock                   Period          Waveform
----------------------------------------------------
clk                  25.000000    0.000000 12.500000

===========================================================================
report_clock_latency
============================================================================
Clock clk
rise -> rise
    min     max
0.000000 0.000000 source latency
0.434183         network latency _1298_/CLK
        0.454234 network latency _1306_/CLK
---------------
0.434183 0.454234 latency
        0.020051 skew

fall -> fall
    min     max
0.000000 0.000000 source latency
0.384095         network latency _1298_/CLK
        0.399020 network latency _1306_/CLK
---------------
0.384095 0.399020 latency
        0.014924 skew



===========================================================================
report_clock_min_period
============================================================================
clk period_min = 6.44 fmax = 155.19
