Clock: clk
Sources: clk 
Generated: no
Virtual: yes
Propagated: no
Period: 25.000000

===========================================================================
report_clock_properties
============================================================================
Clock                   Period          Waveform
----------------------------------------------------
clk                  25.000000    0.000000 12.500000

===========================================================================
report_clock_latency
============================================================================
Clock clk
rise -> rise
    min     max
0.000000 0.000000 source latency
0.449522         network latency _1298_/CLK
        0.471445 network latency _1302_/CLK
---------------
0.449522 0.471445 latency
        0.021924 skew

fall -> fall
    min     max
0.000000 0.000000 source latency
0.394420         network latency _1298_/CLK
        0.410829 network latency _1302_/CLK
---------------
0.394420 0.410829 latency
        0.016409 skew



===========================================================================
report_clock_min_period
============================================================================
clk period_min = 6.57 fmax = 152.21
