Clock: clk
Sources: clk 
Generated: no
Virtual: yes
Propagated: no
Period: 25.000000

===========================================================================
report_clock_properties
============================================================================
Clock                   Period          Waveform
----------------------------------------------------
clk                  25.000000    0.000000 12.500000

===========================================================================
report_clock_latency
============================================================================
Clock clk
rise -> rise
    min     max
0.000000 0.000000 source latency
0.751363         network latency _1298_/CLK
        0.783072 network latency _1306_/CLK
---------------
0.751363 0.783072 latency
        0.031709 skew

fall -> fall
    min     max
0.000000 0.000000 source latency
0.690563         network latency _1298_/CLK
        0.715474 network latency _1306_/CLK
---------------
0.690563 0.715474 latency
        0.024911 skew



===========================================================================
report_clock_min_period
============================================================================
clk period_min = 12.99 fmax = 77.01
