
===========================================================================
report_checks -unconstrained
===========================================================================
======================= max_tt_025C_1v80 Corner ===================================

Startpoint: nrst (input port clocked by clk)
Endpoint: _1298_ (recovery check against rising-edge clock clk)
Path Group: asynchronous
Path Type: max

Fanout         Cap        Slew       Delay        Time   Description
---------------------------------------------------------------------------------------------
                                  0.000000    0.000000   clock clk (rise edge)
                                  0.000000    0.000000   clock network delay (propagated)
                                 20.000000   20.000000 ^ input external delay
     2    0.004002    0.024957    0.014573   20.014574 ^ nrst (in)
                                                         nrst (net)
                      0.024958    0.000000   20.014574 ^ input6/A (sky130_fd_sc_hd__buf_1)
     2    0.011832    0.145549    0.144681   20.159254 ^ input6/X (sky130_fd_sc_hd__buf_1)
                                                         net6 (net)
                      0.145562    0.001116   20.160370 ^ fanout120/A (sky130_fd_sc_hd__buf_4)
    21    0.088271    0.245219    0.285365   20.445734 ^ fanout120/X (sky130_fd_sc_hd__buf_4)
                                                         net120 (net)
                      0.246379    0.013694   20.459429 ^ fanout119/A (sky130_fd_sc_hd__clkbuf_4)
    21    0.066807    0.202998    0.319654   20.779081 ^ fanout119/X (sky130_fd_sc_hd__clkbuf_4)
                                                         net119 (net)
                      0.203154    0.003142   20.782225 ^ fanout117/A (sky130_fd_sc_hd__clkbuf_4)
    21    0.078747    0.238197    0.326983   21.109207 ^ fanout117/X (sky130_fd_sc_hd__clkbuf_4)
                                                         net117 (net)
                      0.238256    0.003133   21.112341 ^ _1298_/RESET_B (sky130_fd_sc_hd__dfrtp_4)
                                             21.112341   data arrival time

                                100.000000  100.000000   clock clk (rise edge)
                                  0.000000  100.000000   clock source latency
     2    0.022468    0.106738    0.073875  100.073875 ^ clk (in)
                                                         clk (net)
                      0.106757    0.000000  100.073875 ^ clkbuf_0_clk/A (sky130_fd_sc_hd__clkbuf_16)
     9    0.057009    0.075487    0.175909  100.249779 ^ clkbuf_0_clk/X (sky130_fd_sc_hd__clkbuf_16)
                                                         clknet_0_clk (net)
                      0.075706    0.002800  100.252579 ^ clkbuf_2_1__f_clk/A (sky130_fd_sc_hd__clkbuf_16)
    19    0.065200    0.083282    0.169337  100.421921 ^ clkbuf_2_1__f_clk/X (sky130_fd_sc_hd__clkbuf_16)
                                                         clknet_2_1__leaf_clk (net)
                      0.083418    0.002721  100.424637 ^ _1298_/CLK (sky130_fd_sc_hd__dfrtp_4)
                                 -0.250000  100.174644   clock uncertainty
                                  0.000000  100.174644   clock reconvergence pessimism
                                  0.166877  100.341522   library recovery time
                                            100.341522   data required time
---------------------------------------------------------------------------------------------
                                            100.341522   data required time
                                            -21.112341   data arrival time
---------------------------------------------------------------------------------------------
                                             79.229179   slack (MET)


Startpoint: en (input port clocked by clk)
Endpoint: gpio_out[15] (output port clocked by clk)
Path Group: clk
Path Type: max

Fanout         Cap        Slew       Delay        Time   Description
---------------------------------------------------------------------------------------------
                                  0.000000    0.000000   clock clk (rise edge)
                                  0.000000    0.000000   clock network delay (propagated)
                                 20.000000   20.000000 ^ input external delay
     2    0.004622    0.027649    0.016692   20.016693 ^ en (in)
                                                         en (net)
                      0.027651    0.000000   20.016693 ^ input1/A (sky130_fd_sc_hd__clkbuf_2)
     7    0.024019    0.135190    0.162752   20.179445 ^ input1/X (sky130_fd_sc_hd__clkbuf_2)
                                                         net1 (net)
                      0.135225    0.001794   20.181238 ^ _1231_/A (sky130_fd_sc_hd__and3_1)
     3    0.010433    0.115650    0.218446   20.399685 ^ _1231_/X (sky130_fd_sc_hd__and3_1)
                                                         _0586_ (net)
                      0.115651    0.000563   20.400248 ^ _1232_/B1 (sky130_fd_sc_hd__o31ai_2)
     5    0.013027    0.084666    0.110330   20.510576 v _1232_/Y (sky130_fd_sc_hd__o31ai_2)
                                                         _0587_ (net)
                      0.084678    0.000902   20.511478 v _1234_/B (sky130_fd_sc_hd__or2_2)
     7    0.030676    0.124956    0.375463   20.886942 v _1234_/X (sky130_fd_sc_hd__or2_2)
                                                         _0589_ (net)
                      0.124971    0.001386   20.888329 v _1254_/A (sky130_fd_sc_hd__or2_1)
     2    0.005980    0.062395    0.269225   21.157553 v _1254_/X (sky130_fd_sc_hd__or2_1)
                                                         _0601_ (net)
                      0.062396    0.000338   21.157890 v _1262_/B (sky130_fd_sc_hd__nor2_1)
     1    0.010778    0.207096    0.185734   21.343624 ^ _1262_/Y (sky130_fd_sc_hd__nor2_1)
                                                         net62 (net)
                      0.207101    0.000899   21.344522 ^ output62/A (sky130_fd_sc_hd__buf_2)
     1    0.033990    0.169589    0.247947   21.592470 ^ output62/X (sky130_fd_sc_hd__buf_2)
                                                         gpio_out[15] (net)
                      0.169602    0.001593   21.594065 ^ gpio_out[15] (out)
                                             21.594065   data arrival time

                                100.000000  100.000000   clock clk (rise edge)
                                  0.000000  100.000000   clock network delay (propagated)
                                 -0.250000   99.750000   clock uncertainty
                                  0.000000   99.750000   clock reconvergence pessimism
                                -20.000000   79.750000   output external delay
                                             79.750000   data required time
---------------------------------------------------------------------------------------------
                                             79.750000   data required time
                                            -21.594065   data arrival time
---------------------------------------------------------------------------------------------
                                             58.155933   slack (MET)




===========================================================================
report_checks --slack_max -0.01
============================================================================
======================= max_tt_025C_1v80 Corner ===================================

No paths found.


===========================================================================
 report_check_types -max_slew -max_cap -max_fanout -violators
============================================================================
======================= max_tt_025C_1v80 Corner ===================================

max fanout

Pin                                   Limit Fanout  Slack
---------------------------------------------------------
clkbuf_2_0__f_clk/X                      10     27    -17 (VIOLATED)
_0646_/X                                 10     21    -11 (VIOLATED)
fanout100/X                              10     21    -11 (VIOLATED)
fanout115/X                              10     21    -11 (VIOLATED)
fanout117/X                              10     21    -11 (VIOLATED)
fanout119/X                              10     21    -11 (VIOLATED)
fanout120/X                              10     21    -11 (VIOLATED)
fanout121/X                              10     21    -11 (VIOLATED)
fanout90/X                               10     21    -11 (VIOLATED)
input13/X                                10     21    -11 (VIOLATED)
input15/X                                10     21    -11 (VIOLATED)
input8/X                                 10     21    -11 (VIOLATED)
clkbuf_2_1__f_clk/X                      10     19     -9 (VIOLATED)
clkbuf_2_3__f_clk/X                      10     19     -9 (VIOLATED)
input14/X                                10     19     -9 (VIOLATED)
input17/X                                10     19     -9 (VIOLATED)
input18/X                                10     19     -9 (VIOLATED)
clkbuf_2_2__f_clk/X                      10     17     -7 (VIOLATED)
input7/X                                 10     17     -7 (VIOLATED)
fanout95/X                               10     15     -5 (VIOLATED)
fanout116/X                              10     13     -3 (VIOLATED)
fanout91/X                               10     13     -3 (VIOLATED)



===========================================================================
report_parasitic_annotation -report_unannotated
============================================================================
Found 129 unannotated drivers.
 gpio_in[0]
 gpio_in[10]
 gpio_in[11]
 gpio_in[12]
 gpio_in[13]
 gpio_in[14]
 gpio_in[15]
 gpio_in[16]
 gpio_in[17]
 gpio_in[18]
 gpio_in[19]
 gpio_in[1]
 gpio_in[20]
 gpio_in[21]
 gpio_in[22]
 gpio_in[23]
 gpio_in[24]
 gpio_in[25]
 gpio_in[26]
 gpio_in[27]
 gpio_in[28]
 gpio_in[29]
 gpio_in[2]
 gpio_in[30]
 gpio_in[31]
 gpio_in[32]
 gpio_in[33]
 gpio_in[3]
 gpio_in[4]
 gpio_in[5]
 gpio_in[6]
 gpio_in[7]
 gpio_in[8]
 gpio_in[9]
 la_data_in[10]
 la_data_in[11]
 la_data_in[12]
 la_data_in[13]
 la_data_in[14]
 la_data_in[15]
 la_data_in[16]
 la_data_in[17]
 la_data_in[18]
 la_data_in[19]
 la_data_in[20]
 la_data_in[21]
 la_data_in[22]
 la_data_in[23]
 la_data_in[24]
 la_data_in[25]
 la_data_in[26]
 la_data_in[27]
 la_data_in[28]
 la_data_in[29]
 la_data_in[2]
 la_data_in[30]
 la_data_in[31]
 la_data_in[3]
 la_data_in[4]
 la_data_in[5]
 la_data_in[6]
 la_data_in[7]
 la_data_in[8]
 la_data_in[9]
 la_oenb[10]
 la_oenb[11]
 la_oenb[12]
 la_oenb[13]
 la_oenb[14]
 la_oenb[15]
 la_oenb[16]
 la_oenb[17]
 la_oenb[18]
 la_oenb[19]
 la_oenb[20]
 la_oenb[21]
 la_oenb[22]
 la_oenb[23]
 la_oenb[24]
 la_oenb[25]
 la_oenb[26]
 la_oenb[27]
 la_oenb[28]
 la_oenb[29]
 la_oenb[2]
 la_oenb[30]
 la_oenb[31]
 la_oenb[3]
 la_oenb[4]
 la_oenb[5]
 la_oenb[6]
 la_oenb[7]
 la_oenb[8]
 la_oenb[9]
 _1352__124/HI
 _1353__125/HI
 _1354__126/HI
 _1355__127/HI
 _1356__128/HI
 _1357__129/HI
 _1358__130/HI
 _1359__131/HI
 _1360__132/HI
 _1361__133/HI
 _1362__134/HI
 _1363__135/HI
 _1364__136/HI
 _1365__137/HI
 _1366__138/HI
 _1367__139/HI
 _1368__140/HI
 _1369__141/HI
 _1370__142/HI
 _1371__143/HI
 _1372__144/HI
 _1373__145/HI
 _1374__146/HI
 _1375__147/HI
 _1376__148/HI
 _1377__149/HI
 _1378__150/HI
 _1379__151/HI
 _1380__152/HI
 _1381__153/HI
 _1382__154/HI
 _1383__155/HI
 clkload0/Y
 clkload1/Y
 clkload2/Y
Found 0 partially unannotated drivers.

===========================================================================
max slew violation count 0
max fanout violation count 22
max cap violation count 0
============================================================================

===========================================================================
check_setup -verbose -unconstrained_endpoints -multiple_clock -no_clock -no_input_delay -loops -generated_clocks
===========================================================================
Warning: There are 32 unconstrained endpoints.
  la_data_out[0]
  la_data_out[10]
  la_data_out[11]
  la_data_out[12]
  la_data_out[13]
  la_data_out[14]
  la_data_out[15]
  la_data_out[16]
  la_data_out[17]
  la_data_out[18]
  la_data_out[19]
  la_data_out[1]
  la_data_out[20]
  la_data_out[21]
  la_data_out[22]
  la_data_out[23]
  la_data_out[24]
  la_data_out[25]
  la_data_out[26]
  la_data_out[27]
  la_data_out[28]
  la_data_out[29]
  la_data_out[2]
  la_data_out[30]
  la_data_out[31]
  la_data_out[3]
  la_data_out[4]
  la_data_out[5]
  la_data_out[6]
  la_data_out[7]
  la_data_out[8]
  la_data_out[9]
