Clock: clk
Sources: clk 
Generated: no
Virtual: yes
Propagated: no
Period: 25.000000

===========================================================================
report_clock_properties
============================================================================
Clock                   Period          Waveform
----------------------------------------------------
clk                  25.000000    0.000000 12.500000

===========================================================================
report_clock_latency
============================================================================
Clock clk
rise -> rise
    min     max
0.000000 0.000000 source latency
0.471438         network latency _1298_/CLK
        0.497788 network latency _1302_/CLK
---------------
0.471438 0.497788 latency
        0.026350 skew

fall -> fall
    min     max
0.000000 0.000000 source latency
0.408838         network latency _1298_/CLK
        0.429009 network latency _1302_/CLK
---------------
0.408838 0.429009 latency
        0.020171 skew



===========================================================================
report_clock_min_period
============================================================================
clk period_min = 6.72 fmax = 148.82
