
===========================================================================
report_checks -unconstrained
===========================================================================
======================= nom_ss_100C_1v60 Corner ===================================

Startpoint: nrst (input port clocked by clk)
Endpoint: _2936_ (recovery check against rising-edge clock clk)
Path Group: asynchronous
Path Type: max

Fanout         Cap        Slew       Delay        Time   Description
---------------------------------------------------------------------------------------------
                                  0.000000    0.000000   clock clk (rise edge)
                                  0.000000    0.000000   clock network delay (propagated)
                                 20.000000   20.000000 ^ input external delay
     1    0.005857    0.053003    0.031903   20.031904 ^ nrst (in)
                                                         nrst (net)
                      0.053004    0.000000   20.031904 ^ input62/A (sky130_fd_sc_hd__clkbuf_2)
     4    0.049409    0.417785    0.430800   20.462704 ^ input62/X (sky130_fd_sc_hd__clkbuf_2)
                                                         net62 (net)
                      0.417791    0.001315   20.464018 ^ fanout210/A (sky130_fd_sc_hd__buf_2)
     6    0.054569    0.423528    0.598044   21.062063 ^ fanout210/X (sky130_fd_sc_hd__buf_2)
                                                         net210 (net)
                      0.423530    0.001693   21.063755 ^ fanout196/A (sky130_fd_sc_hd__dlymetal6s2s_1)
     5    0.025644    0.409605    0.540622   21.604378 ^ fanout196/X (sky130_fd_sc_hd__dlymetal6s2s_1)
                                                         net196 (net)
                      0.409605    0.000941   21.605320 ^ fanout191/A (sky130_fd_sc_hd__clkbuf_2)
     6    0.027025    0.237680    0.453097   22.058416 ^ fanout191/X (sky130_fd_sc_hd__clkbuf_2)
                                                         net191 (net)
                      0.237680    0.000728   22.059145 ^ fanout188/A (sky130_fd_sc_hd__clkbuf_4)
    10    0.051326    0.254324    0.459814   22.518957 ^ fanout188/X (sky130_fd_sc_hd__clkbuf_4)
                                                         net188 (net)
                      0.254353    0.002801   22.521759 ^ _2936_/SET_B (sky130_fd_sc_hd__dfstp_1)
                                             22.521759   data arrival time

                                100.000000  100.000000   clock clk (rise edge)
                                  0.000000  100.000000   clock source latency
     1    0.035650    0.259789    0.181089  100.181084 ^ clk (in)
                                                         clk (net)
                      0.259885    0.000000  100.181084 ^ clkbuf_0_clk/A (sky130_fd_sc_hd__clkbuf_16)
     4    0.062104    0.123922    0.359236  100.540321 ^ clkbuf_0_clk/X (sky130_fd_sc_hd__clkbuf_16)
                                                         clknet_0_clk (net)
                      0.123940    0.001513  100.541832 ^ clkbuf_2_0__f_clk/A (sky130_fd_sc_hd__clkbuf_16)
     9    0.075965    0.142522    0.313541  100.855377 ^ clkbuf_2_0__f_clk/X (sky130_fd_sc_hd__clkbuf_16)
                                                         clknet_2_0__leaf_clk (net)
                      0.142584    0.002757  100.858131 ^ clkbuf_leaf_31_clk/A (sky130_fd_sc_hd__clkbuf_8)
    12    0.039505    0.128575    0.309939  101.168076 ^ clkbuf_leaf_31_clk/X (sky130_fd_sc_hd__clkbuf_8)
                                                         clknet_leaf_31_clk (net)
                      0.128576    0.000711  101.168785 ^ _2936_/CLK (sky130_fd_sc_hd__dfstp_1)
                                 -0.250000  100.918785   clock uncertainty
                                  0.000000  100.918785   clock reconvergence pessimism
                                  0.262302  101.181091   library recovery time
                                            101.181091   data required time
---------------------------------------------------------------------------------------------
                                            101.181091   data required time
                                            -22.521759   data arrival time
---------------------------------------------------------------------------------------------
                                             78.659325   slack (MET)


Startpoint: config_en (input port clocked by clk)
Endpoint: CBeast_out[11] (output port clocked by clk)
Path Group: clk
Path Type: max

Fanout         Cap        Slew       Delay        Time   Description
---------------------------------------------------------------------------------------------
                                  0.000000    0.000000   clock clk (rise edge)
                                  0.000000    0.000000   clock network delay (propagated)
                                 20.000000   20.000000 v input external delay
     1    0.007761    0.038237    0.024682   20.024683 v config_en (in)
                                                         config_en (net)
                      0.038240    0.000000   20.024683 v input58/A (sky130_fd_sc_hd__clkbuf_1)
     1    0.008944    0.113713    0.198073   20.222755 v input58/X (sky130_fd_sc_hd__clkbuf_1)
                                                         net58 (net)
                      0.113713    0.000414   20.223169 v fanout275/A (sky130_fd_sc_hd__clkbuf_4)
     7    0.081553    0.290677    0.462419   20.685589 v fanout275/X (sky130_fd_sc_hd__clkbuf_4)
                                                         net275 (net)
                      0.290741    0.004123   20.689713 v fanout266/A (sky130_fd_sc_hd__clkbuf_4)
    10    0.059682    0.220780    0.491033   21.180744 v fanout266/X (sky130_fd_sc_hd__clkbuf_4)
                                                         net266 (net)
                      0.220784    0.001357   21.182102 v fanout265/A (sky130_fd_sc_hd__clkbuf_4)
    10    0.049740    0.187968    0.433541   21.615643 v fanout265/X (sky130_fd_sc_hd__clkbuf_4)
                                                         net265 (net)
                      0.187976    0.001487   21.617130 v fanout264/A (sky130_fd_sc_hd__clkbuf_4)
    10    0.046930    0.179367    0.412037   22.029167 v fanout264/X (sky130_fd_sc_hd__clkbuf_4)
                                                         net264 (net)
                      0.179396    0.002281   22.031448 v _1401_/A (sky130_fd_sc_hd__inv_2)
     2    0.010851    0.101900    0.156110   22.187557 ^ _1401_/Y (sky130_fd_sc_hd__inv_2)
                                                         _1195_ (net)
                      0.101900    0.000144   22.187700 ^ fanout187/A (sky130_fd_sc_hd__clkbuf_4)
    10    0.061472    0.298097    0.427500   22.615202 ^ fanout187/X (sky130_fd_sc_hd__clkbuf_4)
                                                         net187 (net)
                      0.298460    0.008562   22.623762 ^ _1687_/C1 (sky130_fd_sc_hd__o311a_1)
     4    0.012850    0.228794    0.529088   23.152851 ^ _1687_/X (sky130_fd_sc_hd__o311a_1)
                                                         _0411_ (net)
                      0.228794    0.000487   23.153337 ^ _1690_/A (sky130_fd_sc_hd__nand2_2)
     9    0.046258    0.393551    0.399512   23.552849 v _1690_/Y (sky130_fd_sc_hd__nand2_2)
                                                         _0414_ (net)
                      0.393614    0.004180   23.557030 v _1691_/A0 (sky130_fd_sc_hd__mux2_1)
     1    0.002601    0.107609    0.760982   24.318012 v _1691_/X (sky130_fd_sc_hd__mux2_1)
                                                         _0415_ (net)
                      0.107609    0.000052   24.318064 v _1729_/A2 (sky130_fd_sc_hd__o21a_1)
     1    0.003230    0.069038    0.325848   24.643911 v _1729_/X (sky130_fd_sc_hd__o21a_1)
                                                         _0453_ (net)
                      0.069038    0.000098   24.644009 v _1819_/A1 (sky130_fd_sc_hd__o21ba_1)
     1    0.003760    0.072586    0.340451   24.984459 v _1819_/X (sky130_fd_sc_hd__o21ba_1)
                                                         _0543_ (net)
                      0.072586    0.000114   24.984573 v _1820_/B1 (sky130_fd_sc_hd__o221a_2)
     4    0.019754    0.165704    0.578631   25.563204 v _1820_/X (sky130_fd_sc_hd__o221a_2)
                                                         _0544_ (net)
                      0.165704    0.000556   25.563761 v _1884_/S (sky130_fd_sc_hd__mux2_1)
     1    0.002348    0.105482    0.717549   26.281309 v _1884_/X (sky130_fd_sc_hd__mux2_1)
                                                         _0608_ (net)
                      0.105482    0.000052   26.281361 v _1885_/B (sky130_fd_sc_hd__or2_1)
     1    0.003386    0.101247    0.477524   26.758884 v _1885_/X (sky130_fd_sc_hd__or2_1)
                                                         _0609_ (net)
                      0.101247    0.000099   26.758984 v _1927_/A1 (sky130_fd_sc_hd__a22o_1)
     2    0.031500    0.299214    0.599611   27.358595 v _1927_/X (sky130_fd_sc_hd__a22o_1)
                                                         _0651_ (net)
                      0.299216    0.001236   27.359831 v _1931_/A2 (sky130_fd_sc_hd__o211a_1)
     1    0.011348    0.146418    0.552330   27.912161 v _1931_/X (sky130_fd_sc_hd__o211a_1)
                                                         CB_0.le_outA (net)
                      0.146418    0.000584   27.912745 v fanout136/A (sky130_fd_sc_hd__clkbuf_4)
    10    0.072742    0.262178    0.456318   28.369062 v fanout136/X (sky130_fd_sc_hd__clkbuf_4)
                                                         net136 (net)
                      0.262223    0.003444   28.372507 v _1524_/A1 (sky130_fd_sc_hd__a32o_1)
     1    0.006999    0.105559    0.516676   28.889183 v _1524_/X (sky130_fd_sc_hd__a32o_1)
                                                         _1318_ (net)
                      0.105559    0.000277   28.889460 v _1525_/B2 (sky130_fd_sc_hd__o221a_4)
     6    0.057004    0.209629    0.575298   29.464758 v _1525_/X (sky130_fd_sc_hd__o221a_4)
                                                         _1319_ (net)
                      0.209643    0.001833   29.466591 v _1528_/A (sky130_fd_sc_hd__nand2_2)
     8    0.043005    0.367289    0.368065   29.834656 ^ _1528_/Y (sky130_fd_sc_hd__nand2_2)
                                                         _1322_ (net)
                      0.367291    0.000696   29.835352 ^ _1933_/A2 (sky130_fd_sc_hd__a211o_1)
     1    0.003735    0.081774    0.348027   30.183380 ^ _1933_/X (sky130_fd_sc_hd__a211o_1)
                                                         _0655_ (net)
                      0.081774    0.000110   30.183491 ^ _1939_/A1 (sky130_fd_sc_hd__a21oi_1)
     1    0.003220    0.093927    0.128242   30.311733 v _1939_/Y (sky130_fd_sc_hd__a21oi_1)
                                                         _0661_ (net)
                      0.093927    0.000099   30.311832 v _1947_/A1 (sky130_fd_sc_hd__o311a_1)
     2    0.004991    0.113179    0.685361   30.997192 v _1947_/X (sky130_fd_sc_hd__o311a_1)
                                                         _0669_ (net)
                      0.113179    0.000131   30.997324 v _1962_/A (sky130_fd_sc_hd__nor3b_1)
     2    0.011161    0.655891    0.647852   31.645176 ^ _1962_/Y (sky130_fd_sc_hd__nor3b_1)
                                                         _0684_ (net)
                      0.655891    0.000423   31.645599 ^ _2065_/C1 (sky130_fd_sc_hd__a211o_1)
     1    0.008438    0.138130    0.415451   32.061050 ^ _2065_/X (sky130_fd_sc_hd__a211o_1)
                                                         _0787_ (net)
                      0.138130    0.000405   32.061455 ^ _2066_/A3 (sky130_fd_sc_hd__a31oi_1)
     1    0.008979    0.256510    0.310099   32.371555 v _2066_/Y (sky130_fd_sc_hd__a31oi_1)
                                                         _0788_ (net)
                      0.256510    0.000281   32.371834 v _2067_/B2 (sky130_fd_sc_hd__a32oi_4)
     2    0.015638    0.346219    0.443798   32.815632 ^ _2067_/Y (sky130_fd_sc_hd__a32oi_4)
                                                         _0789_ (net)
                      0.346220    0.001059   32.816692 ^ _2070_/A2 (sky130_fd_sc_hd__o211a_1)
     1    0.018057    0.258457    0.517346   33.334038 ^ _2070_/X (sky130_fd_sc_hd__o211a_1)
                                                         CB_0.le_outB (net)
                      0.258457    0.000774   33.334812 ^ fanout131/A (sky130_fd_sc_hd__buf_2)
     7    0.065830    0.506340    0.595275   33.930088 ^ fanout131/X (sky130_fd_sc_hd__buf_2)
                                                         net131 (net)
                      0.506340    0.001354   33.931438 ^ _1665_/B2 (sky130_fd_sc_hd__o2bb2a_1)
     2    0.014033    0.232603    0.524874   34.456314 ^ _1665_/X (sky130_fd_sc_hd__o2bb2a_1)
                                                         _0389_ (net)
                      0.232603    0.000487   34.456802 ^ _1668_/B1 (sky130_fd_sc_hd__a221o_1)
     1    0.002727    0.085907    0.323826   34.780628 ^ _1668_/X (sky130_fd_sc_hd__a221o_1)
                                                         _0392_ (net)
                      0.085907    0.000078   34.780704 ^ _1669_/B1 (sky130_fd_sc_hd__o311a_2)
     6    0.028896    0.273841    0.548173   35.328880 ^ _1669_/X (sky130_fd_sc_hd__o311a_2)
                                                         _0393_ (net)
                      0.273852    0.002068   35.330948 ^ _2106_/A (sky130_fd_sc_hd__and2_2)
     7    0.042393    0.357888    0.576435   35.907383 ^ _2106_/X (sky130_fd_sc_hd__and2_2)
                                                         _0826_ (net)
                      0.357893    0.001915   35.909298 ^ _2162_/A0 (sky130_fd_sc_hd__mux2_1)
     1    0.006233    0.121408    0.378179   36.287476 ^ _2162_/X (sky130_fd_sc_hd__mux2_1)
                                                         _0882_ (net)
                      0.121408    0.000220   36.287697 ^ _2164_/A2 (sky130_fd_sc_hd__o21a_1)
     1    0.005265    0.105639    0.250196   36.537891 ^ _2164_/X (sky130_fd_sc_hd__o21a_1)
                                                         _0884_ (net)
                      0.105639    0.000156   36.538048 ^ _2171_/C1 (sky130_fd_sc_hd__a211oi_2)
     1    0.010547    0.150250    0.100322   36.638371 v _2171_/Y (sky130_fd_sc_hd__a211oi_2)
                                                         _0891_ (net)
                      0.150250    0.000369   36.638741 v _2174_/B1 (sky130_fd_sc_hd__o221ai_4)
     8    0.077680    0.982078    0.861196   37.499935 ^ _2174_/Y (sky130_fd_sc_hd__o221ai_4)
                                                         _0894_ (net)
                      0.982091    0.002995   37.502930 ^ _2175_/A (sky130_fd_sc_hd__inv_2)
     1    0.023238    0.244362    0.420673   37.923603 v _2175_/Y (sky130_fd_sc_hd__inv_2)
                                                         _0895_ (net)
                      0.244362    0.000870   37.924473 v _2244_/A1 (sky130_fd_sc_hd__o211ai_1)
     1    0.016769    0.663103    0.687464   38.611938 ^ _2244_/Y (sky130_fd_sc_hd__o211ai_1)
                                                         _0964_ (net)
                      0.663104    0.000707   38.612644 ^ _2250_/A2 (sky130_fd_sc_hd__a32o_1)
     3    0.019275    0.337300    0.739373   39.352016 ^ _2250_/X (sky130_fd_sc_hd__a32o_1)
                                                         _0970_ (net)
                      0.337300    0.000547   39.352566 ^ _2253_/A2 (sky130_fd_sc_hd__a21oi_4)
     4    0.055409    0.255984    0.348475   39.701038 v _2253_/Y (sky130_fd_sc_hd__a21oi_4)
                                                         CB_1.le_outA (net)
                      0.256019    0.002441   39.703480 v fanout126/A (sky130_fd_sc_hd__clkbuf_2)
     7    0.041913    0.291915    0.458378   40.161858 v fanout126/X (sky130_fd_sc_hd__clkbuf_2)
                                                         net126 (net)
                      0.291929    0.002295   40.164154 v _1609_/C (sky130_fd_sc_hd__or4_1)
     1    0.003179    0.181640    1.180698   41.344852 v _1609_/X (sky130_fd_sc_hd__or4_1)
                                                         _0333_ (net)
                      0.181640    0.000096   41.344948 v _1610_/B1 (sky130_fd_sc_hd__o211a_1)
     1    0.007054    0.108205    0.317478   41.662426 v _1610_/X (sky130_fd_sc_hd__o211a_1)
                                                         _0334_ (net)
                      0.108205    0.000330   41.662758 v _1621_/A1 (sky130_fd_sc_hd__o221a_1)
     6    0.022668    0.253082    0.671484   42.334240 v _1621_/X (sky130_fd_sc_hd__o221a_1)
                                                         _0345_ (net)
                      0.253082    0.000544   42.334785 v _2097_/A (sky130_fd_sc_hd__and2_2)
     8    0.053490    0.269181    0.642078   42.976864 v _2097_/X (sky130_fd_sc_hd__and2_2)
                                                         _0817_ (net)
                      0.269229    0.003467   42.980331 v _2280_/A2 (sky130_fd_sc_hd__o2111a_1)
     1    0.008473    0.121260    0.541082   43.521412 v _2280_/X (sky130_fd_sc_hd__o2111a_1)
                                                         _0998_ (net)
                      0.121260    0.000245   43.521656 v _2282_/A3 (sky130_fd_sc_hd__o31ai_4)
     6    0.035328    0.699276    0.645837   44.167496 ^ _2282_/Y (sky130_fd_sc_hd__o31ai_4)
                                                         _1000_ (net)
                      0.699282    0.001709   44.169205 ^ _2283_/C (sky130_fd_sc_hd__nand3_4)
     8    0.032082    0.278669    0.447443   44.616646 v _2283_/Y (sky130_fd_sc_hd__nand3_4)
                                                         _1001_ (net)
                      0.278669    0.000448   44.617092 v _2336_/S (sky130_fd_sc_hd__mux2_1)
     1    0.006091    0.142226    0.819718   45.436810 v _2336_/X (sky130_fd_sc_hd__mux2_1)
                                                         _1054_ (net)
                      0.142226    0.000256   45.437065 v _2337_/A2 (sky130_fd_sc_hd__o211ai_1)
     1    0.010765    0.477688    0.480860   45.917927 ^ _2337_/Y (sky130_fd_sc_hd__o211ai_1)
                                                         _1055_ (net)
                      0.477688    0.000558   45.918484 ^ _2383_/B2 (sky130_fd_sc_hd__a32oi_2)
     2    0.019223    0.227548    0.340538   46.259022 v _2383_/Y (sky130_fd_sc_hd__a32oi_2)
                                                         _1101_ (net)
                      0.227548    0.000917   46.259941 v _2386_/A2 (sky130_fd_sc_hd__o211a_1)
     1    0.005585    0.096116    0.469733   46.729671 v _2386_/X (sky130_fd_sc_hd__o211a_1)
                                                         CB_1.le_outB (net)
                      0.096116    0.000203   46.729874 v fanout123/A (sky130_fd_sc_hd__clkbuf_4)
    10    0.067191    0.244415    0.418460   47.148335 v fanout123/X (sky130_fd_sc_hd__clkbuf_4)
                                                         net123 (net)
                      0.244492    0.004100   47.152435 v fanout122/A (sky130_fd_sc_hd__clkbuf_2)
    10    0.042794    0.297469    0.458513   47.610947 v fanout122/X (sky130_fd_sc_hd__clkbuf_2)
                                                         net122 (net)
                      0.297470    0.001240   47.612186 v _1506_/A (sky130_fd_sc_hd__inv_2)
     1    0.004644    0.089187    0.154820   47.767006 ^ _1506_/Y (sky130_fd_sc_hd__inv_2)
                                                         _1300_ (net)
                      0.089187    0.000149   47.767159 ^ fanout121/A (sky130_fd_sc_hd__dlymetal6s2s_1)
     5    0.031412    0.492253    0.471747   48.238903 ^ fanout121/X (sky130_fd_sc_hd__dlymetal6s2s_1)
                                                         net121 (net)
                      0.492262    0.001755   48.240658 ^ fanout120/A (sky130_fd_sc_hd__buf_2)
    10    0.038668    0.306507    0.541597   48.782257 ^ fanout120/X (sky130_fd_sc_hd__buf_2)
                                                         net120 (net)
                      0.306507    0.000973   48.783230 ^ _1779_/A1_N (sky130_fd_sc_hd__o2bb2a_1)
     2    0.005741    0.132486    0.557357   49.340588 v _1779_/X (sky130_fd_sc_hd__o2bb2a_1)
                                                         _0503_ (net)
                      0.132486    0.000114   49.340698 v _1782_/B1 (sky130_fd_sc_hd__a221o_1)
     1    0.006184    0.124635    0.605286   49.945988 v _1782_/X (sky130_fd_sc_hd__a221o_1)
                                                         _0506_ (net)
                      0.124635    0.000259   49.946247 v _1786_/A1 (sky130_fd_sc_hd__a211o_1)
     5    0.011696    0.165253    0.597300   50.543545 v _1786_/X (sky130_fd_sc_hd__a211o_1)
                                                         _0510_ (net)
                      0.165253    0.000380   50.543926 v _2131_/A (sky130_fd_sc_hd__and3_2)
     9    0.065277    0.312824    0.658893   51.202820 v _2131_/X (sky130_fd_sc_hd__and3_2)
                                                         _0851_ (net)
                      0.312835    0.002331   51.205151 v _2427_/A2 (sky130_fd_sc_hd__o21a_1)
     1    0.001597    0.054795    0.395534   51.600685 v _2427_/X (sky130_fd_sc_hd__o21a_1)
                                                         _1119_ (net)
                      0.054795    0.000046   51.600731 v _2428_/B (sky130_fd_sc_hd__or2_1)
     1    0.018210    0.223507    0.601389   52.202118 v _2428_/X (sky130_fd_sc_hd__or2_1)
                                                         net65 (net)
                      0.223507    0.000735   52.202854 v output65/A (sky130_fd_sc_hd__buf_2)
     1    0.034408    0.166642    0.418755   52.621609 v output65/X (sky130_fd_sc_hd__buf_2)
                                                         CBeast_out[11] (net)
                      0.166642    0.000753   52.622364 v CBeast_out[11] (out)
                                             52.622364   data arrival time

                                100.000000  100.000000   clock clk (rise edge)
                                  0.000000  100.000000   clock network delay (propagated)
                                 -0.250000   99.750000   clock uncertainty
                                  0.000000   99.750000   clock reconvergence pessimism
                                -20.000000   79.750000   output external delay
                                             79.750000   data required time
---------------------------------------------------------------------------------------------
                                             79.750000   data required time
                                            -52.622364   data arrival time
---------------------------------------------------------------------------------------------
                                             27.127634   slack (MET)




===========================================================================
report_checks --slack_max -0.01
============================================================================
======================= nom_ss_100C_1v60 Corner ===================================

No paths found.


===========================================================================
 report_check_types -max_slew -max_cap -max_fanout -violators
============================================================================
======================= nom_ss_100C_1v60 Corner ===================================

max slew

Pin                                        Limit        Slew       Slack
------------------------------------------------------------------------
_2249_/B1                               0.750000    1.127437   -0.377437 (VIOLATED)
_2248_/Y                                0.750000    1.127435   -0.377435 (VIOLATED)
_1962_/B                                0.750000    1.013887   -0.263887 (VIOLATED)
_1963_/B                                0.750000    1.013887   -0.263887 (VIOLATED)
_1949_/Y                                0.750000    1.013878   -0.263878 (VIOLATED)
_2176_/C1                               0.750000    0.982107   -0.232107 (VIOLATED)
_2206_/B1                               0.750000    0.982107   -0.232107 (VIOLATED)
_2243_/B1                               0.750000    0.982107   -0.232107 (VIOLATED)
_2211_/A1                               0.750000    0.982104   -0.232104 (VIOLATED)
_2248_/B1                               0.750000    0.982103   -0.232103 (VIOLATED)
_2210_/B1                               0.750000    0.982101   -0.232101 (VIOLATED)
_2249_/A1                               0.750000    0.982096   -0.232096 (VIOLATED)
_2175_/A                                0.750000    0.982091   -0.232091 (VIOLATED)
_2174_/Y                                0.750000    0.982078   -0.232078 (VIOLATED)
_2163_/A1                               0.750000    0.958166   -0.208166 (VIOLATED)
_2312_/A0                               0.750000    0.958166   -0.208166 (VIOLATED)
_2185_/A1                               0.750000    0.958165   -0.208165 (VIOLATED)
_2302_/A0                               0.750000    0.958164   -0.208164 (VIOLATED)
_2217_/A2                               0.750000    0.958150   -0.208150 (VIOLATED)
_2340_/A2                               0.750000    0.958145   -0.208145 (VIOLATED)
_2254_/A1                               0.750000    0.958144   -0.208144 (VIOLATED)
_2128_/A0                               0.750000    0.958138   -0.208138 (VIOLATED)
_2431_/B                                0.750000    0.958127   -0.208127 (VIOLATED)
_2123_/Y                                0.750000    0.958102   -0.208102 (VIOLATED)
_1705_/B1                               0.750000    0.833340   -0.083340 (VIOLATED)
_1703_/Y                                0.750000    0.833339   -0.083339 (VIOLATED)

max fanout

Pin                                   Limit Fanout  Slack
---------------------------------------------------------
clkbuf_leaf_15_clk/X                     10     22    -12 (VIOLATED)
clkbuf_leaf_24_clk/X                     10     19     -9 (VIOLATED)
clkbuf_leaf_0_clk/X                      10     17     -7 (VIOLATED)
clkbuf_leaf_1_clk/X                      10     17     -7 (VIOLATED)
clkbuf_leaf_22_clk/X                     10     17     -7 (VIOLATED)
clkbuf_leaf_7_clk/X                      10     17     -7 (VIOLATED)
clkbuf_leaf_6_clk/X                      10     16     -6 (VIOLATED)
clkbuf_leaf_16_clk/X                     10     15     -5 (VIOLATED)
clkbuf_leaf_29_clk/X                     10     15     -5 (VIOLATED)
clkbuf_leaf_14_clk/X                     10     13     -3 (VIOLATED)
clkbuf_leaf_19_clk/X                     10     13     -3 (VIOLATED)
clkbuf_leaf_30_clk/X                     10     12     -2 (VIOLATED)
clkbuf_leaf_31_clk/X                     10     12     -2 (VIOLATED)
clkbuf_leaf_25_clk/X                     10     11        (VIOLATED)
fanout134/X                              10     11        (VIOLATED)



===========================================================================
report_parasitic_annotation -report_unannotated
============================================================================
Found 35 unannotated drivers.
 _2387_/X
 _2389_/X
 _2391_/X
 _2393_/X
 clkload0/X
 clkload1/Y
 clkload10/Y
 clkload11/Y
 clkload12/Y
 clkload13/X
 clkload14/Y
 clkload15/Y
 clkload16/Y
 clkload17/Y
 clkload18/Y
 clkload19/Y
 clkload2/X
 clkload20/Y
 clkload21/Y
 clkload22/Y
 clkload23/Y
 clkload24/Y
 clkload25/Y
 clkload26/Y
 clkload27/Y
 clkload28/Y
 clkload29/Y
 clkload3/X
 clkload30/Y
 clkload4/Y
 clkload5/Y
 clkload6/Y
 clkload7/Y
 clkload8/Y
 clkload9/Y
Found 0 partially unannotated drivers.

===========================================================================
max slew violation count 26
max fanout violation count 15
max cap violation count 0
============================================================================

===========================================================================
check_setup -verbose -unconstrained_endpoints -multiple_clock -no_clock -no_input_delay -loops -generated_clocks
===========================================================================
Warning: There are 8 unclocked register/latch pins.
  _2868_/CLK
  _2917_/CLK
  _2918_/CLK
  _2939_/CLK
  _2940_/CLK
  _2961_/CLK
  _2962_/CLK
  _2983_/CLK
Warning: There are 8 unconstrained endpoints.
  _2868_/D
  _2917_/D
  _2918_/D
  _2939_/D
  _2940_/D
  _2961_/D
  _2962_/D
  _2983_/D
Warning: There are 56 combinational loops in the design.
  _1820_/X
  _1884_/S
  _1884_/X
  _1885_/B
  _1885_/X
  _1927_/A1
  _1927_/X
  _1931_/A2
  _1931_/X
  fanout136/A
  fanout136/X
  _1524_/A1
  _1524_/X
  _1525_/B2
  _1525_/X
  _1528_/A
  _1528_/Y
  _1551_/A2
  _1551_/X
  _1599_/A1
  _1599_/X
  _1649_/A1
  _1649_/X
  _1820_/C1
  | loop cut point
  _1820_/X
  --------------------------------
  _1884_/X
  _1885_/B
  _1885_/X
  _1927_/A1
  _1927_/X
  _1931_/A2
  _1931_/X
  fanout136/A
  fanout136/X
  _1524_/A1
  _1524_/X
  _1525_/B2
  _1525_/X
  _1528_/A
  _1528_/Y
  _1821_/A0
  _1821_/X
  _1832_/A2
  _1832_/X
  _1850_/A1
  _1850_/X
  _1851_/S
  _1851_/X
  _1884_/A1
  | loop cut point
  _1884_/X
  --------------------------------
  _1884_/X
  _1885_/B
  _1885_/X
  _1927_/A1
  _1927_/X
  _1931_/A2
  _1931_/X
  fanout136/A
  fanout136/X
  _1524_/A1
  _1524_/X
  _1525_/B2
  _1525_/X
  _1528_/A
  _1528_/Y
  _1821_/A0
  _1821_/X
  _1832_/A2
  _1832_/X
  _1850_/A1
  _1850_/X
  _1883_/S
  _1883_/X
  _1884_/A0
  | loop cut point
  _1884_/X
  --------------------------------
  _1927_/X
  _1931_/A2
  _1931_/X
  fanout136/A
  fanout136/X
  _1524_/A1
  _1524_/X
  _1525_/B2
  _1525_/X
  _1528_/A
  _1528_/Y
  _1821_/A0
  _1821_/X
  _1832_/A2
  _1832_/X
  _1850_/A1
  _1850_/X
  _1916_/S
  _1916_/X
  _1918_/A0
  _1918_/X
  _1919_/A2
  _1919_/X
  _1927_/A2
  | loop cut point
  _1927_/X
  --------------------------------
  _1927_/X
  _1931_/A2
  _1931_/X
  fanout136/A
  fanout136/X
  _1524_/A1
  _1524_/X
  _1525_/B2
  _1525_/X
  _1528_/A
  _1528_/Y
  _1821_/A0
  _1821_/X
  _1832_/A2
  _1832_/X
  _1850_/A1
  _1850_/X
  _1920_/S
  _1920_/X
  _1922_/A1
  _1922_/X
  _1926_/A0
  _1926_/X
  _1927_/B1
  | loop cut point
  _1927_/X
  --------------------------------
  _1885_/X
  _1927_/A1
  _1927_/X
  _1931_/A2
  _1931_/X
  fanout136/A
  fanout136/X
  _1524_/A1
  _1524_/X
  _1525_/B2
  _1525_/X
  _1528_/A
  _1528_/Y
  _1855_/A1
  _1855_/X
  _1856_/A2
  _1856_/Y
  _1858_/B1
  _1858_/X
  _1863_/A
  _1863_/X
  _1881_/A1
  _1881_/Y
  _1885_/A
  | loop cut point
  _1885_/X
  --------------------------------
  _1927_/X
  _1931_/A2
  _1931_/X
  fanout136/A
  fanout136/X
  _1524_/A1
  _1524_/X
  _1525_/B2
  _1525_/X
  _1528_/A
  _1528_/Y
  _1895_/A1
  _1895_/X
  _1899_/A2
  _1899_/X
  _1904_/B1
  _1904_/X
  _1905_/B
  _1905_/X
  _1914_/B1
  _1914_/X
  _1915_/A
  _1915_/Y
  _1927_/B2
  | loop cut point
  _1927_/X
  --------------------------------
  _1691_/X
  _1729_/A2
  _1729_/X
  _1819_/A1
  _1819_/X
  _1820_/B1
  _1820_/X
  _1884_/S
  _1884_/X
  _1885_/B
  _1885_/X
  _1927_/A1
  _1927_/X
  _1931_/A2
  _1931_/X
  fanout136/A
  fanout136/X
  _1524_/A1
  _1524_/X
  _1525_/B2
  _1525_/X
  _1528_/A
  _1528_/Y
  _1933_/A2
  _1933_/X
  _1939_/A1
  _1939_/Y
  _1947_/A1
  _1947_/X
  _1962_/A
  _1962_/Y
  _2065_/C1
  _2065_/X
  _2066_/A3
  _2066_/Y
  _2067_/B2
  _2067_/Y
  _2070_/A2
  _2070_/X
  fanout131/A
  fanout131/X
  _1665_/B2
  _1665_/X
  _1668_/B1
  _1668_/X
  _1669_/B1
  _1669_/X
  _1672_/B1_N
  _1672_/X
  _1691_/A1
  | loop cut point
  _1691_/X
  --------------------------------
  _1962_/Y
  _2065_/C1
  _2065_/X
  _2066_/A3
  _2066_/Y
  _2067_/B2
  _2067_/Y
  _2070_/A2
  _2070_/X
  fanout131/A
  fanout131/X
  _1665_/B2
  _1665_/X
  _1668_/B1
  _1668_/X
  _1669_/B1
  _1669_/X
  _1672_/B1_N
  _1672_/X
  _1950_/A1
  _1950_/X
  _1952_/A2
  _1952_/X
  _1961_/A1
  _1961_/X
  _1962_/C_N
  | loop cut point
  _1962_/Y
  --------------------------------
  _2067_/Y
  _2070_/A2
  _2070_/X
  fanout131/A
  fanout131/X
  _1665_/B2
  _1665_/X
  _1668_/B1
  _1668_/X
  _1669_/B1
  _1669_/X
  _1672_/B1_N
  _1672_/X
  _1950_/A1
  _1950_/X
  _1952_/A2
  _1952_/X
  _1961_/A1
  _1961_/X
  _1963_/C_N
  _1963_/X
  _2026_/A1
  _2026_/Y
  _2067_/A1
  | loop cut point
  _2067_/Y
  --------------------------------
  _2067_/Y
  _2070_/A2
  _2070_/X
  fanout131/A
  fanout131/X
  _1665_/B2
  _1665_/X
  _1668_/B1
  _1668_/X
  _1669_/B1
  _1669_/X
  _1672_/B1_N
  _1672_/X
  _1950_/A1
  _1950_/X
  _1952_/A2
  _1952_/X
  _1961_/A1
  _1961_/X
  _1963_/C_N
  _1963_/X
  _2057_/A1
  _2057_/Y
  _2067_/A3
  | loop cut point
  _2067_/Y
  --------------------------------
  _2067_/Y
  _2070_/A2
  _2070_/X
  fanout131/A
  fanout131/X
  _1665_/B2
  _1665_/X
  _1668_/B1
  _1668_/X
  _1669_/B1
  _1669_/X
  _1672_/B1_N
  _1672_/X
  _1950_/A1
  _1950_/X
  _1952_/A2
  _1952_/X
  _1961_/A1
  _1961_/X
  _1963_/C_N
  _1963_/X
  _2061_/A1
  _2061_/Y
  _2067_/B1
  | loop cut point
  _2067_/Y
  --------------------------------
  _2066_/Y
  _2067_/B2
  _2067_/Y
  _2070_/A2
  _2070_/X
  fanout131/A
  fanout131/X
  _1665_/B2
  _1665_/X
  _1668_/B1
  _1668_/X
  _1669_/B1
  _1669_/X
  _1672_/B1_N
  _1672_/X
  _1950_/A1
  _1950_/X
  _1952_/A2
  _1952_/X
  _1961_/A1
  _1961_/X
  _1963_/C_N
  _1963_/X
  _2063_/C1
  _2063_/X
  _2066_/A2
  | loop cut point
  _2066_/Y
  --------------------------------
  _2065_/X
  _2066_/A3
  _2066_/Y
  _2067_/B2
  _2067_/Y
  _2070_/A2
  _2070_/X
  fanout131/A
  fanout131/X
  _1665_/B2
  _1665_/X
  _1668_/B1
  _1668_/X
  _1669_/B1
  _1669_/X
  _1672_/B1_N
  _1672_/X
  _1983_/A1
  _1983_/X
  _1986_/A2
  _1986_/X
  _1994_/A1
  _1994_/X
  _1995_/C
  _1995_/Y
  _2065_/A2
  | loop cut point
  _2065_/X
  --------------------------------
  _2065_/X
  _2066_/A3
  _2066_/Y
  _2067_/B2
  _2067_/Y
  _2070_/A2
  _2070_/X
  fanout131/A
  fanout131/X
  _1665_/B2
  _1665_/X
  _1668_/B1
  _1668_/X
  _1669_/B1
  _1669_/X
  _1672_/B1_N
  _1672_/X
  _1983_/A1
  _1983_/X
  _1986_/A2
  _1986_/X
  _1994_/A1
  _1994_/X
  _2064_/D
  _2064_/X
  _2065_/B1
  | loop cut point
  _2065_/X
  --------------------------------
  _2066_/Y
  _2067_/B2
  _2067_/Y
  _2070_/A2
  _2070_/X
  fanout131/A
  fanout131/X
  _1665_/B2
  _1665_/X
  _1668_/B1
  _1668_/X
  _1669_/B1
  _1669_/X
  _1672_/B1_N
  _1672_/X
  _2011_/A0
  _2011_/X
  _2020_/A2
  _2020_/Y
  _2021_/C
  _2021_/Y
  _2022_/A2
  _2022_/Y
  _2023_/A
  _2023_/Y
  _2066_/A1
  | loop cut point
  _2066_/Y
  --------------------------------
  _2066_/Y
  _2067_/B2
  _2067_/Y
  _2070_/A2
  _2070_/X
  fanout131/A
  fanout131/X
  _1665_/B2
  _1665_/X
  _1668_/B1
  _1668_/X
  _1669_/B1
  _1669_/X
  _1672_/B1_N
  _1672_/X
  _2029_/A2
  _2029_/X
  _2030_/B
  _2030_/X
  _2038_/A2
  _2038_/X
  _2053_/C1
  _2053_/X
  _2066_/B1
  | loop cut point
  _2066_/Y
  --------------------------------
  _2067_/Y
  _2070_/A2
  _2070_/X
  fanout131/A
  fanout131/X
  _1665_/B2
  _1665_/X
  _1668_/B1
  _1668_/X
  _1669_/B1
  _1669_/X
  _1672_/B1_N
  _1672_/X
  _2029_/A2
  _2029_/X
  _2030_/B
  _2030_/X
  _2038_/A2
  _2038_/X
  _2053_/C1
  _2053_/X
  _2067_/A2
  | loop cut point
  _2067_/Y
  --------------------------------
  _1525_/X
  _1528_/A
  _1528_/Y
  _1933_/A2
  _1933_/X
  _1939_/A1
  _1939_/Y
  _1947_/A1
  _1947_/X
  _1962_/A
  _1962_/Y
  _2065_/C1
  _2065_/X
  _2066_/A3
  _2066_/Y
  _2067_/B2
  _2067_/Y
  _2070_/A2
  _2070_/X
  fanout131/A
  fanout131/X
  _1665_/B2
  _1665_/X
  _1668_/B1
  _1668_/X
  _1669_/B1
  _1669_/X
  _2106_/A
  _2106_/X
  _2162_/A0
  _2162_/X
  _2164_/A2
  _2164_/X
  _2171_/C1
  _2171_/Y
  _2174_/B1
  _2174_/Y
  _2175_/A
  _2175_/Y
  _2244_/A1
  _2244_/Y
  _2250_/A2
  _2250_/X
  _2253_/A2
  _2253_/Y
  fanout126/A
  fanout126/X
  _1513_/A1_N
  _1513_/X
  _1514_/B1
  _1514_/Y
  _1525_/A1
  | loop cut point
  _1525_/X
  --------------------------------
  _1947_/X
  _1962_/A
  _1962_/Y
  _2065_/C1
  _2065_/X
  _2066_/A3
  _2066_/Y
  _2067_/B2
  _2067_/Y
  _2070_/A2
  _2070_/X
  fanout131/A
  fanout131/X
  _1665_/B2
  _1665_/X
  _1668_/B1
  _1668_/X
  _1669_/B1
  _1669_/X
  _2106_/A
  _2106_/X
  _2162_/A0
  _2162_/X
  _2164_/A2
  _2164_/X
  _2171_/C1
  _2171_/Y
  _2174_/B1
  _2174_/Y
  _2175_/A
  _2175_/Y
  _2244_/A1
  _2244_/Y
  _2250_/A2
  _2250_/X
  _2253_/A2
  _2253_/Y
  fanout126/A
  fanout126/X
  _1609_/C
  _1609_/X
  _1610_/B1
  _1610_/X
  _1621_/A1
  _1621_/X
  _1624_/A
  _1624_/X
  _1942_/A2
  _1942_/X
  _1947_/A2
  | loop cut point
  _1947_/X
  --------------------------------
  _2250_/X
  _2253_/A2
  _2253_/Y
  fanout126/A
  fanout126/X
  _1609_/C
  _1609_/X
  _1610_/B1
  _1610_/X
  _1621_/A1
  _1621_/X
  _2097_/A
  _2097_/X
  _2102_/A2
  _2102_/X
  _2103_/A3
  _2103_/Y
  _2147_/A1
  _2147_/X
  _2150_/A
  _2150_/Y
  _2176_/A2
  _2176_/Y
  _2240_/A1
  _2240_/Y
  _2250_/B1
  | loop cut point
  _2250_/X
  --------------------------------
  _2250_/X
  _2253_/A2
  _2253_/Y
  fanout126/A
  fanout126/X
  _1609_/C
  _1609_/X
  _1610_/B1
  _1610_/X
  _1621_/A1
  _1621_/X
  _2097_/A
  _2097_/X
  _2102_/A2
  _2102_/X
  _2103_/A3
  _2103_/Y
  _2147_/A1
  _2147_/X
  _2150_/A
  _2150_/Y
  _2208_/A2
  _2208_/Y
  _2211_/A2
  _2211_/X
  _2250_/B2
  | loop cut point
  _2250_/X
  --------------------------------
  _2244_/Y
  _2250_/A2
  _2250_/X
  _2253_/A2
  _2253_/Y
  fanout126/A
  fanout126/X
  _1609_/C
  _1609_/X
  _1610_/B1
  _1610_/X
  _1621_/A1
  _1621_/X
  _2097_/A
  _2097_/X
  _2102_/A2
  _2102_/X
  _2103_/A3
  _2103_/Y
  _2147_/A1
  _2147_/X
  _2150_/A
  _2150_/Y
  _2241_/S
  _2241_/X
  _2244_/A2
  | loop cut point
  _2244_/Y
  --------------------------------
  _2244_/Y
  _2250_/A2
  _2250_/X
  _2253_/A2
  _2253_/Y
  fanout126/A
  fanout126/X
  _1609_/C
  _1609_/X
  _1610_/B1
  _1610_/X
  _1621_/A1
  _1621_/X
  _2097_/A
  _2097_/X
  _2102_/A2
  _2102_/X
  _2103_/A3
  _2103_/Y
  _2147_/A1
  _2147_/X
  _2150_/A
  _2150_/Y
  _2243_/A2
  _2243_/X
  _2244_/B1
  | loop cut point
  _2244_/Y
  --------------------------------
  _2250_/X
  _2253_/A2
  _2253_/Y
  fanout126/A
  fanout126/X
  _1609_/C
  _1609_/X
  _1610_/B1
  _1610_/X
  _1621_/A1
  _1621_/X
  _2097_/A
  _2097_/X
  _2102_/A2
  _2102_/X
  _2103_/A3
  _2103_/Y
  _2147_/A1
  _2147_/X
  _2150_/A
  _2150_/Y
  _2246_/A2
  _2246_/Y
  _2249_/A2
  _2249_/X
  _2250_/A3
  | loop cut point
  _2250_/X
  --------------------------------
  _2174_/Y
  _2175_/A
  _2175_/Y
  _2244_/A1
  _2244_/Y
  _2250_/A2
  _2250_/X
  _2253_/A2
  _2253_/Y
  fanout126/A
  fanout126/X
  _1609_/C
  _1609_/X
  _1610_/B1
  _1610_/X
  _1621_/A1
  _1621_/X
  _2097_/A
  _2097_/X
  _2157_/B
  _2157_/Y
  _2159_/B1
  _2159_/X
  _2174_/A1
  | loop cut point
  _2174_/Y
  --------------------------------
  _2244_/Y
  _2250_/A2
  _2250_/X
  _2253_/A2
  _2253_/Y
  fanout126/A
  fanout126/X
  _1609_/C
  _1609_/X
  _1610_/B1
  _1610_/X
  _1621_/A1
  _1621_/X
  _2097_/A
  _2097_/X
  _2199_/B
  _2199_/Y
  _2200_/C1
  _2200_/X
  _2201_/C
  _2201_/X
  _2202_/A2
  _2202_/X
  _2204_/A2_N
  _2204_/X
  _2244_/C1
  | loop cut point
  _2244_/Y
  --------------------------------
  _2250_/X
  _2253_/A2
  _2253_/Y
  fanout126/A
  fanout126/X
  _1609_/C
  _1609_/X
  _1610_/B1
  _1610_/X
  _1621_/A1
  _1621_/X
  _2097_/A
  _2097_/X
  _2230_/A2
  _2230_/X
  _2234_/B2
  _2234_/X
  _2238_/A1
  _2238_/X
  _2239_/C1
  _2239_/X
  _2250_/A1
  | loop cut point
  _2250_/X
  --------------------------------
  _1610_/X
  _1621_/A1
  _1621_/X
  _2097_/A
  _2097_/X
  _2280_/A2
  _2280_/X
  _2282_/A3
  _2282_/Y
  _2283_/C
  _2283_/Y
  _2307_/A2
  _2307_/X
  _2337_/C1
  _2337_/Y
  _2383_/B2
  _2383_/Y
  _2386_/A2
  _2386_/X
  fanout123/A
  fanout123/X
  _1608_/A1
  _1608_/X
  _1610_/A2
  | loop cut point
  _1610_/X
  --------------------------------
  _2280_/X
  _2282_/A3
  _2282_/Y
  _2283_/C
  _2283_/Y
  _2307_/A2
  _2307_/X
  _2337_/C1
  _2337_/Y
  _2383_/B2
  _2383_/Y
  _2386_/A2
  _2386_/X
  fanout123/A
  fanout123/X
  _1629_/A1
  _1629_/X
  _1631_/A2
  _1631_/X
  _1643_/A1
  _1643_/X
  _2100_/A
  _2100_/Y
  _2279_/B
  _2279_/Y
  _2280_/B1
  | loop cut point
  _2280_/X
  --------------------------------
  _2307_/X
  _2337_/C1
  _2337_/Y
  _2383_/B2
  _2383_/Y
  _2386_/A2
  _2386_/X
  fanout123/A
  fanout123/X
  _1629_/A1
  _1629_/X
  _1631_/A2
  _1631_/X
  _1643_/A1
  _1643_/X
  _2100_/A
  _2100_/Y
  _2292_/A2
  _2292_/Y
  _2293_/B2
  _2293_/Y
  _2294_/B1
  _2294_/Y
  _2304_/B1
  _2304_/Y
  _2307_/B1
  | loop cut point
  _2307_/X
  --------------------------------
  _2383_/Y
  _2386_/A2
  _2386_/X
  fanout123/A
  fanout123/X
  _1629_/A1
  _1629_/X
  _1631_/A2
  _1631_/X
  _1643_/A1
  _1643_/X
  _2100_/A
  _2100_/Y
  _2292_/A2
  _2292_/Y
  _2293_/B2
  _2293_/Y
  _2294_/B1
  _2294_/Y
  _2304_/B1
  _2304_/Y
  _2371_/B1
  _2371_/Y
  _2374_/A2
  _2374_/X
  _2383_/B1
  | loop cut point
  _2383_/Y
  --------------------------------
  _2383_/Y
  _2386_/A2
  _2386_/X
  fanout123/A
  fanout123/X
  _1629_/A1
  _1629_/X
  _1631_/A2
  _1631_/X
  _1643_/A1
  _1643_/X
  _2100_/A
  _2100_/Y
  _2292_/A2
  _2292_/Y
  _2293_/B2
  _2293_/Y
  _2294_/B1
  _2294_/Y
  _2304_/B1
  _2304_/Y
  _2376_/B1
  _2376_/X
  _2378_/B1
  _2378_/Y
  _2383_/A2
  | loop cut point
  _2383_/Y
  --------------------------------
  _2337_/Y
  _2383_/B2
  _2383_/Y
  _2386_/A2
  _2386_/X
  fanout123/A
  fanout123/X
  _1629_/A1
  _1629_/X
  _1631_/A2
  _1631_/X
  _1643_/A1
  _1643_/X
  _2100_/A
  _2100_/Y
  _2292_/A2
  _2292_/Y
  _2293_/B2
  _2293_/Y
  _2294_/B1
  _2294_/Y
  _2305_/B1
  _2305_/X
  _2337_/A1
  | loop cut point
  _2337_/Y
  --------------------------------
  _2383_/Y
  _2386_/A2
  _2386_/X
  fanout123/A
  fanout123/X
  _1629_/A1
  _1629_/X
  _1631_/A2
  _1631_/X
  _1643_/A1
  _1643_/X
  _2100_/A
  _2100_/Y
  _2292_/A2
  _2292_/Y
  _2293_/B2
  _2293_/Y
  _2294_/B1
  _2294_/Y
  _2305_/B1
  _2305_/X
  _2381_/B1
  _2381_/Y
  _2382_/B1
  _2382_/X
  _2383_/A3
  | loop cut point
  _2383_/Y
  --------------------------------
  _2337_/Y
  _2383_/B2
  _2383_/Y
  _2386_/A2
  _2386_/X
  fanout123/A
  fanout123/X
  _1629_/A1
  _1629_/X
  _1631_/A2
  _1631_/X
  _1643_/A1
  _1643_/X
  _2100_/A
  _2100_/Y
  _2326_/A2
  _2326_/X
  _2330_/A1
  _2330_/Y
  _2334_/A1
  _2334_/X
  _2335_/B1
  _2335_/X
  _2337_/B1
  | loop cut point
  _2337_/Y
  --------------------------------
  _2383_/Y
  _2386_/A2
  _2386_/X
  fanout123/A
  fanout123/X
  _1629_/A1
  _1629_/X
  _1631_/A2
  _1631_/X
  _1643_/A1
  _1643_/X
  _2100_/A
  _2100_/Y
  _2360_/A2
  _2360_/X
  _2364_/A2
  _2364_/X
  _2365_/B2
  _2365_/X
  _2369_/B1
  _2369_/Y
  _2383_/A1
  | loop cut point
  _2383_/Y
  --------------------------------
  _1819_/X
  _1820_/B1
  _1820_/X
  _1884_/S
  _1884_/X
  _1885_/B
  _1885_/X
  _1927_/A1
  _1927_/X
  _1931_/A2
  _1931_/X
  fanout136/A
  fanout136/X
  _1524_/A1
  _1524_/X
  _1525_/B2
  _1525_/X
  _1528_/A
  _1528_/Y
  _1933_/A2
  _1933_/X
  _1939_/A1
  _1939_/Y
  _1947_/A1
  _1947_/X
  _1962_/A
  _1962_/Y
  _2065_/C1
  _2065_/X
  _2066_/A3
  _2066_/Y
  _2067_/B2
  _2067_/Y
  _2070_/A2
  _2070_/X
  fanout131/A
  fanout131/X
  _1665_/B2
  _1665_/X
  _1668_/B1
  _1668_/X
  _1669_/B1
  _1669_/X
  _2106_/A
  _2106_/X
  _2162_/A0
  _2162_/X
  _2164_/A2
  _2164_/X
  _2171_/C1
  _2171_/Y
  _2174_/B1
  _2174_/Y
  _2175_/A
  _2175_/Y
  _2244_/A1
  _2244_/Y
  _2250_/A2
  _2250_/X
  _2253_/A2
  _2253_/Y
  fanout126/A
  fanout126/X
  _1609_/C
  _1609_/X
  _1610_/B1
  _1610_/X
  _1621_/A1
  _1621_/X
  _2097_/A
  _2097_/X
  _2280_/A2
  _2280_/X
  _2282_/A3
  _2282_/Y
  _2283_/C
  _2283_/Y
  _2307_/A2
  _2307_/X
  _2337_/C1
  _2337_/Y
  _2383_/B2
  _2383_/Y
  _2386_/A2
  _2386_/X
  fanout123/A
  fanout123/X
  _1734_/A1
  _1734_/X
  _1737_/B1
  _1737_/Y
  _1742_/A1
  _1742_/X
  _1756_/A
  _1756_/X
  _1777_/A1
  _1777_/X
  _1815_/A2
  _1815_/X
  _1819_/A2
  | loop cut point
  _1819_/X
  --------------------------------
  _2164_/X
  _2171_/C1
  _2171_/Y
  _2174_/B1
  _2174_/Y
  _2175_/A
  _2175_/Y
  _2244_/A1
  _2244_/Y
  _2250_/A2
  _2250_/X
  _2253_/A2
  _2253_/Y
  fanout126/A
  fanout126/X
  _1609_/C
  _1609_/X
  _1610_/B1
  _1610_/X
  _1621_/A1
  _1621_/X
  _2097_/A
  _2097_/X
  _2280_/A2
  _2280_/X
  _2282_/A3
  _2282_/Y
  _2283_/C
  _2283_/Y
  _2307_/A2
  _2307_/X
  _2337_/C1
  _2337_/Y
  _2383_/B2
  _2383_/Y
  _2386_/A2
  _2386_/X
  fanout123/A
  fanout123/X
  _1734_/A1
  _1734_/X
  _1737_/B1
  _1737_/Y
  _1742_/A1
  _1742_/X
  _2123_/A
  _2123_/Y
  _2163_/A1
  _2163_/X
  _2164_/B1
  | loop cut point
  _2164_/X
  --------------------------------
  _2283_/Y
  _2307_/A2
  _2307_/X
  _2337_/C1
  _2337_/Y
  _2383_/B2
  _2383_/Y
  _2386_/A2
  _2386_/X
  fanout123/A
  fanout123/X
  _1734_/A1
  _1734_/X
  _1737_/B1
  _1737_/Y
  _1742_/A1
  _1742_/X
  _2123_/A
  _2123_/Y
  _2254_/A1
  _2254_/X
  _2258_/A2
  _2258_/Y
  _2266_/A1
  _2266_/X
  _2283_/A
  | loop cut point
  _2283_/Y
  --------------------------------
  _2307_/X
  _2337_/C1
  _2337_/Y
  _2383_/B2
  _2383_/Y
  _2386_/A2
  _2386_/X
  fanout123/A
  fanout123/X
  _1734_/A1
  _1734_/X
  _1737_/B1
  _1737_/Y
  _1742_/A1
  _1742_/X
  _2123_/A
  _2123_/Y
  _2254_/A1
  _2254_/X
  _2258_/A2
  _2258_/Y
  _2266_/A1
  _2266_/X
  _2306_/B
  _2306_/X
  _2307_/C1
  | loop cut point
  _2307_/X
  --------------------------------
  _2283_/Y
  _2307_/A2
  _2307_/X
  _2337_/C1
  _2337_/Y
  _2383_/B2
  _2383_/Y
  _2386_/A2
  _2386_/X
  fanout123/A
  fanout123/X
  _2267_/A3
  _2267_/X
  _2268_/B
  _2268_/Y
  _2283_/B
  | loop cut point
  _2283_/Y
  --------------------------------
  _1939_/Y
  _1947_/A1
  _1947_/X
  _1962_/A
  _1962_/Y
  _2065_/C1
  _2065_/X
  _2066_/A3
  _2066_/Y
  _2067_/B2
  _2067_/Y
  _2070_/A2
  _2070_/X
  fanout131/A
  fanout131/X
  _1665_/B2
  _1665_/X
  _1668_/B1
  _1668_/X
  _1669_/B1
  _1669_/X
  _2106_/A
  _2106_/X
  _2162_/A0
  _2162_/X
  _2164_/A2
  _2164_/X
  _2171_/C1
  _2171_/Y
  _2174_/B1
  _2174_/Y
  _2175_/A
  _2175_/Y
  _2244_/A1
  _2244_/Y
  _2250_/A2
  _2250_/X
  _2253_/A2
  _2253_/Y
  fanout126/A
  fanout126/X
  _1609_/C
  _1609_/X
  _1610_/B1
  _1610_/X
  _1621_/A1
  _1621_/X
  _2097_/A
  _2097_/X
  _2280_/A2
  _2280_/X
  _2282_/A3
  _2282_/Y
  _2283_/C
  _2283_/Y
  _2307_/A2
  _2307_/X
  _2337_/C1
  _2337_/Y
  _2383_/B2
  _2383_/Y
  _2386_/A2
  _2386_/X
  fanout123/A
  fanout123/X
  fanout122/A
  fanout122/X
  _1506_/A
  _1506_/Y
  fanout121/A
  fanout121/X
  _1555_/A1
  _1555_/X
  _1557_/B2
  _1557_/X
  _1568_/A2
  _1568_/Y
  wire128/A
  wire128/X
  _1571_/A
  _1571_/Y
  _1938_/B2
  _1938_/X
  _1939_/A2
  | loop cut point
  _1939_/Y
  --------------------------------
  _2282_/Y
  _2283_/C
  _2283_/Y
  _2307_/A2
  _2307_/X
  _2337_/C1
  _2337_/Y
  _2383_/B2
  _2383_/Y
  _2386_/A2
  _2386_/X
  fanout123/A
  fanout123/X
  fanout122/A
  fanout122/X
  _1506_/A
  _1506_/Y
  fanout121/A
  fanout121/X
  _1555_/A1
  _1555_/X
  _1557_/B2
  _1557_/X
  _1568_/A2
  _1568_/Y
  wire128/A
  wire128/X
  _2086_/A
  _2086_/Y
  _2271_/B2
  _2271_/X
  _2272_/A2
  _2272_/Y
  _2282_/A1
  | loop cut point
  _2282_/Y
  --------------------------------
  _1962_/Y
  _2065_/C1
  _2065_/X
  _2066_/A3
  _2066_/Y
  _2067_/B2
  _2067_/Y
  _2070_/A2
  _2070_/X
  fanout131/A
  fanout131/X
  _1665_/B2
  _1665_/X
  _1668_/B1
  _1668_/X
  _1669_/B1
  _1669_/X
  _2106_/A
  _2106_/X
  _2162_/A0
  _2162_/X
  _2164_/A2
  _2164_/X
  _2171_/C1
  _2171_/Y
  _2174_/B1
  _2174_/Y
  _2175_/A
  _2175_/Y
  _2244_/A1
  _2244_/Y
  _2250_/A2
  _2250_/X
  _2253_/A2
  _2253_/Y
  fanout126/A
  fanout126/X
  _1609_/C
  _1609_/X
  _1610_/B1
  _1610_/X
  _1621_/A1
  _1621_/X
  _2097_/A
  _2097_/X
  _2280_/A2
  _2280_/X
  _2282_/A3
  _2282_/Y
  _2283_/C
  _2283_/Y
  _2307_/A2
  _2307_/X
  _2337_/C1
  _2337_/Y
  _2383_/B2
  _2383_/Y
  _2386_/A2
  _2386_/X
  fanout123/A
  fanout123/X
  fanout122/A
  fanout122/X
  _1506_/A
  _1506_/Y
  fanout121/A
  fanout121/X
  _1948_/A3
  _1948_/X
  _1949_/B
  _1949_/Y
  _1962_/B
  | loop cut point
  _1962_/Y
  --------------------------------
  _1933_/X
  _1939_/A1
  _1939_/Y
  _1947_/A1
  _1947_/X
  _1962_/A
  _1962_/Y
  _2065_/C1
  _2065_/X
  _2066_/A3
  _2066_/Y
  _2067_/B2
  _2067_/Y
  _2070_/A2
  _2070_/X
  fanout131/A
  fanout131/X
  _1665_/B2
  _1665_/X
  _1668_/B1
  _1668_/X
  _1669_/B1
  _1669_/X
  _2106_/A
  _2106_/X
  _2162_/A0
  _2162_/X
  _2164_/A2
  _2164_/X
  _2171_/C1
  _2171_/Y
  _2174_/B1
  _2174_/Y
  _2175_/A
  _2175_/Y
  _2244_/A1
  _2244_/Y
  _2250_/A2
  _2250_/X
  _2253_/A2
  _2253_/Y
  fanout126/A
  fanout126/X
  _1609_/C
  _1609_/X
  _1610_/B1
  _1610_/X
  _1621_/A1
  _1621_/X
  _2097_/A
  _2097_/X
  _2280_/A2
  _2280_/X
  _2282_/A3
  _2282_/Y
  _2283_/C
  _2283_/Y
  _2307_/A2
  _2307_/X
  _2337_/C1
  _2337_/Y
  _2383_/B2
  _2383_/Y
  _2386_/A2
  _2386_/X
  fanout123/A
  fanout123/X
  fanout122/A
  fanout122/X
  _1506_/A
  _1506_/Y
  fanout121/A
  fanout121/X
  fanout120/A
  fanout120/X
  _1532_/A
  _1532_/X
  _1535_/A3
  _1535_/Y
  _1546_/A2
  _1546_/X
  _1932_/A1
  _1932_/Y
  _1933_/B1
  | loop cut point
  _1933_/X
  --------------------------------
  _1669_/X
  _2106_/A
  _2106_/X
  _2162_/A0
  _2162_/X
  _2164_/A2
  _2164_/X
  _2171_/C1
  _2171_/Y
  _2174_/B1
  _2174_/Y
  _2175_/A
  _2175_/Y
  _2244_/A1
  _2244_/Y
  _2250_/A2
  _2250_/X
  _2253_/A2
  _2253_/Y
  fanout126/A
  fanout126/X
  _1609_/C
  _1609_/X
  _1610_/B1
  _1610_/X
  _1621_/A1
  _1621_/X
  _2097_/A
  _2097_/X
  _2280_/A2
  _2280_/X
  _2282_/A3
  _2282_/Y
  _2283_/C
  _2283_/Y
  _2307_/A2
  _2307_/X
  _2337_/C1
  _2337_/Y
  _2383_/B2
  _2383_/Y
  _2386_/A2
  _2386_/X
  fanout123/A
  fanout123/X
  fanout122/A
  fanout122/X
  _1506_/A
  _1506_/Y
  fanout121/A
  fanout121/X
  fanout120/A
  fanout120/X
  _1655_/A
  _1655_/X
  _1658_/A3
  _1658_/Y
  _1669_/A2
  | loop cut point
  _1669_/X
  --------------------------------
  _1677_/X
  _1687_/A2
  _1687_/X
  _1690_/A
  _1690_/Y
  _1691_/A0
  _1691_/X
  _1729_/A2
  _1729_/X
  _1819_/A1
  _1819_/X
  _1820_/B1
  _1820_/X
  _1884_/S
  _1884_/X
  _1885_/B
  _1885_/X
  _1927_/A1
  _1927_/X
  _1931_/A2
  _1931_/X
  fanout136/A
  fanout136/X
  _1524_/A1
  _1524_/X
  _1525_/B2
  _1525_/X
  _1528_/A
  _1528_/Y
  _1933_/A2
  _1933_/X
  _1939_/A1
  _1939_/Y
  _1947_/A1
  _1947_/X
  _1962_/A
  _1962_/Y
  _2065_/C1
  _2065_/X
  _2066_/A3
  _2066_/Y
  _2067_/B2
  _2067_/Y
  _2070_/A2
  _2070_/X
  fanout131/A
  fanout131/X
  _1665_/B2
  _1665_/X
  _1668_/B1
  _1668_/X
  _1669_/B1
  _1669_/X
  _2106_/A
  _2106_/X
  _2162_/A0
  _2162_/X
  _2164_/A2
  _2164_/X
  _2171_/C1
  _2171_/Y
  _2174_/B1
  _2174_/Y
  _2175_/A
  _2175_/Y
  _2244_/A1
  _2244_/Y
  _2250_/A2
  _2250_/X
  _2253_/A2
  _2253_/Y
  fanout126/A
  fanout126/X
  _1609_/C
  _1609_/X
  _1610_/B1
  _1610_/X
  _1621_/A1
  _1621_/X
  _2097_/A
  _2097_/X
  _2280_/A2
  _2280_/X
  _2282_/A3
  _2282_/Y
  _2283_/C
  _2283_/Y
  _2307_/A2
  _2307_/X
  _2337_/C1
  _2337_/Y
  _2383_/B2
  _2383_/Y
  _2386_/A2
  _2386_/X
  fanout123/A
  fanout123/X
  fanout122/A
  fanout122/X
  _1506_/A
  _1506_/Y
  fanout121/A
  fanout121/X
  fanout120/A
  fanout120/X
  _1675_/A1
  _1675_/Y
  _1677_/B1
  | loop cut point
  _1677_/X
  --------------------------------
  _1729_/X
  _1819_/A1
  _1819_/X
  _1820_/B1
  _1820_/X
  _1884_/S
  _1884_/X
  _1885_/B
  _1885_/X
  _1927_/A1
  _1927_/X
  _1931_/A2
  _1931_/X
  fanout136/A
  fanout136/X
  _1524_/A1
  _1524_/X
  _1525_/B2
  _1525_/X
  _1528_/A
  _1528_/Y
  _1933_/A2
  _1933_/X
  _1939_/A1
  _1939_/Y
  _1947_/A1
  _1947_/X
  _1962_/A
  _1962_/Y
  _2065_/C1
  _2065_/X
  _2066_/A3
  _2066_/Y
  _2067_/B2
  _2067_/Y
  _2070_/A2
  _2070_/X
  fanout131/A
  fanout131/X
  _1665_/B2
  _1665_/X
  _1668_/B1
  _1668_/X
  _1669_/B1
  _1669_/X
  _2106_/A
  _2106_/X
  _2162_/A0
  _2162_/X
  _2164_/A2
  _2164_/X
  _2171_/C1
  _2171_/Y
  _2174_/B1
  _2174_/Y
  _2175_/A
  _2175_/Y
  _2244_/A1
  _2244_/Y
  _2250_/A2
  _2250_/X
  _2253_/A2
  _2253_/Y
  fanout126/A
  fanout126/X
  _1609_/C
  _1609_/X
  _1610_/B1
  _1610_/X
  _1621_/A1
  _1621_/X
  _2097_/A
  _2097_/X
  _2280_/A2
  _2280_/X
  _2282_/A3
  _2282_/Y
  _2283_/C
  _2283_/Y
  _2307_/A2
  _2307_/X
  _2337_/C1
  _2337_/Y
  _2383_/B2
  _2383_/Y
  _2386_/A2
  _2386_/X
  fanout123/A
  fanout123/X
  fanout122/A
  fanout122/X
  _1506_/A
  _1506_/Y
  fanout121/A
  fanout121/X
  fanout120/A
  fanout120/X
  _1694_/A1
  _1694_/X
  _1696_/A2
  _1696_/Y
  _1705_/A1
  _1705_/X
  _1708_/A
  _1708_/Y
  _1728_/A2
  _1728_/X
  _1729_/B1
  | loop cut point
  _1729_/X
  --------------------------------
  _2162_/X
  _2164_/A2
  _2164_/X
  _2171_/C1
  _2171_/Y
  _2174_/B1
  _2174_/Y
  _2175_/A
  _2175_/Y
  _2244_/A1
  _2244_/Y
  _2250_/A2
  _2250_/X
  _2253_/A2
  _2253_/Y
  fanout126/A
  fanout126/X
  _1609_/C
  _1609_/X
  _1610_/B1
  _1610_/X
  _1621_/A1
  _1621_/X
  _2097_/A
  _2097_/X
  _2280_/A2
  _2280_/X
  _2282_/A3
  _2282_/Y
  _2283_/C
  _2283_/Y
  _2307_/A2
  _2307_/X
  _2337_/C1
  _2337_/Y
  _2383_/B2
  _2383_/Y
  _2386_/A2
  _2386_/X
  fanout123/A
  fanout123/X
  fanout122/A
  fanout122/X
  _1506_/A
  _1506_/Y
  fanout121/A
  fanout121/X
  fanout120/A
  fanout120/X
  _1694_/A1
  _1694_/X
  _1696_/A2
  _1696_/Y
  _1705_/A1
  _1705_/X
  _2114_/A
  _2114_/X
  _2162_/A1
  | loop cut point
  _2162_/X
  --------------------------------
  _2171_/Y
  _2174_/B1
  _2174_/Y
  _2175_/A
  _2175_/Y
  _2244_/A1
  _2244_/Y
  _2250_/A2
  _2250_/X
  _2253_/A2
  _2253_/Y
  fanout126/A
  fanout126/X
  _1609_/C
  _1609_/X
  _1610_/B1
  _1610_/X
  _1621_/A1
  _1621_/X
  _2097_/A
  _2097_/X
  _2280_/A2
  _2280_/X
  _2282_/A3
  _2282_/Y
  _2283_/C
  _2283_/Y
  _2307_/A2
  _2307_/X
  _2337_/C1
  _2337_/Y
  _2383_/B2
  _2383_/Y
  _2386_/A2
  _2386_/X
  fanout123/A
  fanout123/X
  fanout122/A
  fanout122/X
  _1506_/A
  _1506_/Y
  fanout121/A
  fanout121/X
  fanout120/A
  fanout120/X
  _1711_/A
  _1711_/X
  _1714_/A3
  _1714_/Y
  _1724_/A2
  _1724_/X
  _2117_/A
  _2117_/X
  _2165_/A1
  _2165_/X
  _2171_/A2
  | loop cut point
  _2171_/Y
  --------------------------------
  _1820_/X
  _1884_/S
  _1884_/X
  _1885_/B
  _1885_/X
  _1927_/A1
  _1927_/X
  _1931_/A2
  _1931_/X
  fanout136/A
  fanout136/X
  _1524_/A1
  _1524_/X
  _1525_/B2
  _1525_/X
  _1528_/A
  _1528_/Y
  _1933_/A2
  _1933_/X
  _1939_/A1
  _1939_/Y
  _1947_/A1
  _1947_/X
  _1962_/A
  _1962_/Y
  _2065_/C1
  _2065_/X
  _2066_/A3
  _2066_/Y
  _2067_/B2
  _2067_/Y
  _2070_/A2
  _2070_/X
  fanout131/A
  fanout131/X
  _1665_/B2
  _1665_/X
  _1668_/B1
  _1668_/X
  _1669_/B1
  _1669_/X
  _2106_/A
  _2106_/X
  _2162_/A0
  _2162_/X
  _2164_/A2
  _2164_/X
  _2171_/C1
  _2171_/Y
  _2174_/B1
  _2174_/Y
  _2175_/A
  _2175_/Y
  _2244_/A1
  _2244_/Y
  _2250_/A2
  _2250_/X
  _2253_/A2
  _2253_/Y
  fanout126/A
  fanout126/X
  _1609_/C
  _1609_/X
  _1610_/B1
  _1610_/X
  _1621_/A1
  _1621_/X
  _2097_/A
  _2097_/X
  _2280_/A2
  _2280_/X
  _2282_/A3
  _2282_/Y
  _2283_/C
  _2283_/Y
  _2307_/A2
  _2307_/X
  _2337_/C1
  _2337_/Y
  _2383_/B2
  _2383_/Y
  _2386_/A2
  _2386_/X
  fanout123/A
  fanout123/X
  fanout122/A
  fanout122/X
  _1650_/A3
  _1650_/X
  _1651_/A
  _1651_/Y
  _1820_/A2
  | loop cut point
  _1820_/X
  --------------------------------
  _2174_/Y
  _2175_/A
  _2175_/Y
  _2244_/A1
  _2244_/Y
  _2250_/A2
  _2250_/X
  _2253_/A2
  _2253_/Y
  fanout126/A
  fanout126/X
  _1609_/C
  _1609_/X
  _1610_/B1
  _1610_/X
  _1621_/A1
  _1621_/X
  _2097_/A
  _2097_/X
  _2280_/A2
  _2280_/X
  _2282_/A3
  _2282_/Y
  _2283_/C
  _2283_/Y
  _2307_/A2
  _2307_/X
  _2337_/C1
  _2337_/Y
  _2383_/B2
  _2383_/Y
  _2386_/A2
  _2386_/X
  fanout123/A
  fanout123/X
  fanout122/A
  fanout122/X
  _2172_/A3
  _2172_/X
  _2173_/B
  _2173_/Y
  _2174_/C1
  | loop cut point
  _2174_/Y
  --------------------------------
  _1677_/X
  _1687_/A2
  _1687_/X
  _1690_/A
  _1690_/Y
  _1691_/A0
  _1691_/X
  _1729_/A2
  _1729_/X
  _1819_/A1
  _1819_/X
  _1820_/B1
  _1820_/X
  _1884_/S
  _1884_/X
  _1885_/B
  _1885_/X
  _1927_/A1
  _1927_/X
  _1931_/A2
  _1931_/X
  fanout136/A
  fanout136/X
  _1524_/A1
  _1524_/X
  _1525_/B2
  _1525_/X
  _1528_/A
  _1528_/Y
  _1933_/A2
  _1933_/X
  _1939_/A1
  _1939_/Y
  _1947_/A1
  _1947_/X
  _1962_/A
  _1962_/Y
  _2065_/C1
  _2065_/X
  _2066_/A3
  _2066_/Y
  _2067_/B2
  _2067_/Y
  _2070_/A2
  _2070_/X
  fanout131/A
  fanout131/X
  _1665_/B2
  _1665_/X
  _1668_/B1
  _1668_/X
  _1669_/B1
  _1669_/X
  _2106_/A
  _2106_/X
  _2162_/A0
  _2162_/X
  _2164_/A2
  _2164_/X
  _2171_/C1
  _2171_/Y
  _2174_/B1
  _2174_/Y
  _2175_/A
  _2175_/Y
  _2244_/A1
  _2244_/Y
  _2250_/A2
  _2250_/X
  _2253_/A2
  _2253_/Y
  fanout126/A
  fanout126/X
  fanout125/A
  fanout125/X
  fanout124/A
  fanout124/X
  _1677_/A1
  | loop cut point
  _1677_/X
  --------------------------------
  _1525_/X
  _1528_/A
  _1528_/Y
  _1933_/A2
  _1933_/X
  _1939_/A1
  _1939_/Y
  _1947_/A1
  _1947_/X
  _1962_/A
  _1962_/Y
  _2065_/C1
  _2065_/X
  _2066_/A3
  _2066_/Y
  _2067_/B2
  _2067_/Y
  _2070_/A2
  _2070_/X
  fanout131/A
  fanout131/X
  fanout130/A
  fanout130/X
  _1522_/A1_N
  _1522_/X
  _1523_/B1
  _1523_/Y
  _1525_/B1
  | loop cut point
  _1525_/X
  --------------------------------
  _1687_/X
  _1690_/A
  _1690_/Y
  _1691_/A0
  _1691_/X
  _1729_/A2
  _1729_/X
  _1819_/A1
  _1819_/X
  _1820_/B1
  _1820_/X
  _1884_/S
  _1884_/X
  _1885_/B
  _1885_/X
  _1927_/A1
  _1927_/X
  _1931_/A2
  _1931_/X
  fanout136/A
  fanout136/X
  _1524_/A1
  _1524_/X
  _1525_/B2
  _1525_/X
  _1528_/A
  _1528_/Y
  _1933_/A2
  _1933_/X
  _1939_/A1
  _1939_/Y
  _1947_/A1
  _1947_/X
  _1962_/A
  _1962_/Y
  _2065_/C1
  _2065_/X
  _2066_/A3
  _2066_/Y
  _2067_/B2
  _2067_/Y
  _2070_/A2
  _2070_/X
  fanout131/A
  fanout131/X
  fanout130/A
  fanout130/X
  _1683_/B2
  _1683_/X
  _1686_/B1
  _1686_/X
  _1687_/B1
  | loop cut point
  _1687_/X
  --------------------------------
