Clock: clk
Sources: clk 
Generated: no
Virtual: yes
Propagated: no
Period: 100.000000

===========================================================================
report_clock_properties
============================================================================
Clock                   Period          Waveform
----------------------------------------------------
clk                 100.000000    0.000000 50.000000

===========================================================================
report_clock_latency
============================================================================
Clock clk
rise -> rise
    min     max
0.000000 0.000000 source latency
1.168485         network latency _2957_/CLK
        20.861448 network latency _2961_/CLK
---------------
1.168485 20.861448 latency
        19.692963 skew

rise -> fall
    min     max
0.000000 0.000000 source latency
2.175090         network latency _2939_/CLK
        20.802502 network latency _2961_/CLK
---------------
2.175090 20.802502 latency
        18.627411 skew

fall -> fall
    min     max
0.000000 0.000000 source latency
1.067040         network latency _3091_/CLK
        1.122416 network latency _2888_/CLK
---------------
1.067040 1.122416 latency
        0.055376 skew



===========================================================================
report_clock_min_period
============================================================================
clk period_min = 5.26 fmax = 190.20
