Clock: clk
Sources: clk 
Generated: no
Virtual: yes
Propagated: no
Period: 100.000000

===========================================================================
report_clock_properties
============================================================================
Clock                   Period          Waveform
----------------------------------------------------
clk                 100.000000    0.000000 50.000000

===========================================================================
report_clock_latency
============================================================================
Clock clk
rise -> rise
    min     max
0.000000 0.000000 source latency
0.674810         network latency _3091_/CLK
        20.486650 network latency _2961_/CLK
---------------
0.674810 20.486650 latency
        19.811842 skew

rise -> fall
    min     max
0.000000 0.000000 source latency
1.192091         network latency _2939_/CLK
        20.440514 network latency _2961_/CLK
---------------
1.192091 20.440514 latency
        19.248425 skew

fall -> fall
    min     max
0.000000 0.000000 source latency
0.596792         network latency _3091_/CLK
        0.635570 network latency _2888_/CLK
---------------
0.596792 0.635570 latency
        0.038778 skew



===========================================================================
report_clock_min_period
============================================================================
clk period_min = 2.66 fmax = 376.30
