Clock: clk
Sources: clk 
Generated: no
Virtual: yes
Propagated: no
Period: 100.000000

===========================================================================
report_clock_properties
============================================================================
Clock                   Period          Waveform
----------------------------------------------------
clk                 100.000000    0.000000 50.000000

===========================================================================
report_clock_latency
============================================================================
Clock clk
rise -> rise
    min     max
0.000000 0.000000 source latency
0.467959         network latency _3091_/CLK
        20.323950 network latency _2961_/CLK
---------------
0.467959 20.323950 latency
        19.855989 skew

rise -> fall
    min     max
0.000000 0.000000 source latency
0.796482         network latency _2939_/CLK
        20.290651 network latency _2961_/CLK
---------------
0.796482 20.290651 latency
        19.494169 skew

fall -> fall
    min     max
0.000000 0.000000 source latency
0.409578         network latency _3091_/CLK
        0.438959 network latency _2888_/CLK
---------------
0.409578 0.438959 latency
        0.029381 skew



===========================================================================
report_clock_min_period
============================================================================
clk period_min = 1.80 fmax = 556.97
