
===========================================================================
report_checks -unconstrained
===========================================================================
======================= max_ff_n40C_1v95 Corner ===================================

Startpoint: nrst (input port clocked by clk)
Endpoint: _2936_ (recovery check against rising-edge clock clk)
Path Group: asynchronous
Path Type: max

Fanout         Cap        Slew       Delay        Time   Description
---------------------------------------------------------------------------------------------
                                  0.000000    0.000000   clock clk (rise edge)
                                  0.000000    0.000000   clock network delay (propagated)
                                 20.000000   20.000000 ^ input external delay
     1    0.006331    0.026106    0.016367   20.016367 ^ nrst (in)
                                                         nrst (net)
                      0.026115    0.000000   20.016367 ^ input62/A (sky130_fd_sc_hd__clkbuf_2)
     4    0.053012    0.221381    0.193177   20.209545 ^ input62/X (sky130_fd_sc_hd__clkbuf_2)
                                                         net62 (net)
                      0.221443    0.003061   20.212606 ^ fanout210/A (sky130_fd_sc_hd__buf_2)
     6    0.059186    0.217049    0.229024   20.441629 ^ fanout210/X (sky130_fd_sc_hd__buf_2)
                                                         net210 (net)
                      0.217160    0.004070   20.445700 ^ fanout196/A (sky130_fd_sc_hd__dlymetal6s2s_1)
     5    0.027234    0.216215    0.207018   20.652718 ^ fanout196/X (sky130_fd_sc_hd__dlymetal6s2s_1)
                                                         net196 (net)
                      0.216248    0.002199   20.654917 ^ fanout191/A (sky130_fd_sc_hd__clkbuf_2)
     6    0.029537    0.127020    0.162403   20.817320 ^ fanout191/X (sky130_fd_sc_hd__clkbuf_2)
                                                         net191 (net)
                      0.127068    0.002020   20.819340 ^ fanout188/A (sky130_fd_sc_hd__clkbuf_4)
    10    0.056349    0.132159    0.183418   21.002758 ^ fanout188/X (sky130_fd_sc_hd__clkbuf_4)
                                                         net188 (net)
                      0.132507    0.005524   21.008282 ^ _2936_/SET_B (sky130_fd_sc_hd__dfstp_1)
                                             21.008282   data arrival time

                                100.000000  100.000000   clock clk (rise edge)
                                  0.000000  100.000000   clock source latency
     1    0.038190    0.132351    0.093799  100.093796 ^ clk (in)
                                                         clk (net)
                      0.132727    0.000000  100.093796 ^ clkbuf_0_clk/A (sky130_fd_sc_hd__clkbuf_16)
     4    0.065276    0.064246    0.135223  100.229019 ^ clkbuf_0_clk/X (sky130_fd_sc_hd__clkbuf_16)
                                                         clknet_0_clk (net)
                      0.064608    0.003766  100.232788 ^ clkbuf_2_0__f_clk/A (sky130_fd_sc_hd__clkbuf_16)
     9    0.080232    0.074489    0.126022  100.358810 ^ clkbuf_2_0__f_clk/X (sky130_fd_sc_hd__clkbuf_16)
                                                         clknet_2_0__leaf_clk (net)
                      0.075253    0.005976  100.364784 ^ clkbuf_leaf_31_clk/A (sky130_fd_sc_hd__clkbuf_8)
    12    0.042263    0.064135    0.120274  100.485054 ^ clkbuf_leaf_31_clk/X (sky130_fd_sc_hd__clkbuf_8)
                                                         clknet_leaf_31_clk (net)
                      0.064236    0.001698  100.486755 ^ _2936_/CLK (sky130_fd_sc_hd__dfstp_1)
                                 -0.250000  100.236755   clock uncertainty
                                  0.000000  100.236755   clock reconvergence pessimism
                                  0.091680  100.328438   library recovery time
                                            100.328438   data required time
---------------------------------------------------------------------------------------------
                                            100.328438   data required time
                                            -21.008282   data arrival time
---------------------------------------------------------------------------------------------
                                             79.320152   slack (MET)


Startpoint: config_en (input port clocked by clk)
Endpoint: CBeast_out[11] (output port clocked by clk)
Path Group: clk
Path Type: max

Fanout         Cap        Slew       Delay        Time   Description
---------------------------------------------------------------------------------------------
                                  0.000000    0.000000   clock clk (rise edge)
                                  0.000000    0.000000   clock network delay (propagated)
                                 20.000000   20.000000 v input external delay
     1    0.008752    0.014262    0.008635   20.008635 v config_en (in)
                                                         config_en (net)
                      0.014276    0.000000   20.008635 v input58/A (sky130_fd_sc_hd__clkbuf_1)
     1    0.009937    0.043583    0.072236   20.080872 v input58/X (sky130_fd_sc_hd__clkbuf_1)
                                                         net58 (net)
                      0.043602    0.000840   20.081711 v fanout275/A (sky130_fd_sc_hd__clkbuf_4)
     7    0.087355    0.122350    0.175941   20.257652 v fanout275/X (sky130_fd_sc_hd__clkbuf_4)
                                                         net275 (net)
                      0.123157    0.008137   20.265789 v fanout266/A (sky130_fd_sc_hd__clkbuf_4)
    10    0.065488    0.094535    0.189564   20.455353 v fanout266/X (sky130_fd_sc_hd__clkbuf_4)
                                                         net266 (net)
                      0.094686    0.003189   20.458542 v fanout265/A (sky130_fd_sc_hd__clkbuf_4)
    10    0.054298    0.083503    0.165953   20.624495 v fanout265/X (sky130_fd_sc_hd__clkbuf_4)
                                                         net265 (net)
                      0.083759    0.003570   20.628065 v fanout264/A (sky130_fd_sc_hd__clkbuf_4)
    10    0.051012    0.078451    0.160110   20.788176 v fanout264/X (sky130_fd_sc_hd__clkbuf_4)
                                                         net264 (net)
                      0.079032    0.005320   20.793495 v _1401_/A (sky130_fd_sc_hd__inv_2)
     2    0.011888    0.050890    0.068145   20.861641 ^ _1401_/Y (sky130_fd_sc_hd__inv_2)
                                                         _1195_ (net)
                      0.050913    0.000353   20.861994 ^ fanout187/A (sky130_fd_sc_hd__clkbuf_4)
    10    0.066823    0.155083    0.172323   21.034317 ^ fanout187/X (sky130_fd_sc_hd__clkbuf_4)
                                                         net187 (net)
                      0.158320    0.017803   21.052118 ^ _1687_/C1 (sky130_fd_sc_hd__o311a_1)
     4    0.013828    0.109145    0.137376   21.189495 ^ _1687_/X (sky130_fd_sc_hd__o311a_1)
                                                         _0411_ (net)
                      0.109201    0.001181   21.190676 ^ _1690_/A (sky130_fd_sc_hd__nand2_2)
     9    0.051658    0.135050    0.124663   21.315340 v _1690_/Y (sky130_fd_sc_hd__nand2_2)
                                                         _0414_ (net)
                      0.135577    0.006903   21.322243 v _1691_/A0 (sky130_fd_sc_hd__mux2_1)
     1    0.002601    0.037172    0.177886   21.500128 v _1691_/X (sky130_fd_sc_hd__mux2_1)
                                                         _0415_ (net)
                      0.037172    0.000123   21.500252 v _1729_/A2 (sky130_fd_sc_hd__o21a_1)
     1    0.003366    0.026803    0.106171   21.606422 v _1729_/X (sky130_fd_sc_hd__o21a_1)
                                                         _0453_ (net)
                      0.026803    0.000220   21.606642 v _1819_/A1 (sky130_fd_sc_hd__o21ba_1)
     1    0.003905    0.029280    0.114325   21.720966 v _1819_/X (sky130_fd_sc_hd__o21ba_1)
                                                         _0543_ (net)
                      0.029291    0.000249   21.721216 v _1820_/B1 (sky130_fd_sc_hd__o221a_2)
     4    0.021479    0.061737    0.183752   21.904968 v _1820_/X (sky130_fd_sc_hd__o221a_2)
                                                         _0544_ (net)
                      0.061777    0.001425   21.906391 v _1884_/S (sky130_fd_sc_hd__mux2_1)
     1    0.002527    0.036943    0.185986   22.092379 v _1884_/X (sky130_fd_sc_hd__mux2_1)
                                                         _0608_ (net)
                      0.036943    0.000101   22.092480 v _1885_/B (sky130_fd_sc_hd__or2_1)
     1    0.003448    0.034802    0.123643   22.216124 v _1885_/X (sky130_fd_sc_hd__or2_1)
                                                         _0609_ (net)
                      0.034810    0.000222   22.216345 v _1927_/A1 (sky130_fd_sc_hd__a22o_1)
     2    0.032045    0.112738    0.189310   22.405655 v _1927_/X (sky130_fd_sc_hd__a22o_1)
                                                         _0651_ (net)
                      0.112814    0.002665   22.408319 v _1931_/A2 (sky130_fd_sc_hd__o211a_1)
     1    0.012439    0.055694    0.190107   22.598427 v _1931_/X (sky130_fd_sc_hd__o211a_1)
                                                         CB_0.le_outA (net)
                      0.055717    0.001059   22.599485 v fanout136/A (sky130_fd_sc_hd__clkbuf_4)
    10    0.078917    0.111386    0.173495   22.772980 v fanout136/X (sky130_fd_sc_hd__clkbuf_4)
                                                         net136 (net)
                      0.112198    0.007763   22.780743 v _1524_/A1 (sky130_fd_sc_hd__a32o_1)
     1    0.007335    0.041783    0.157572   22.938314 v _1524_/X (sky130_fd_sc_hd__a32o_1)
                                                         _1318_ (net)
                      0.041791    0.000581   22.938896 v _1525_/B2 (sky130_fd_sc_hd__o221a_4)
     6    0.060463    0.079030    0.191564   23.130461 v _1525_/X (sky130_fd_sc_hd__o221a_4)
                                                         _1319_ (net)
                      0.079340    0.004158   23.134619 v _1528_/A (sky130_fd_sc_hd__nand2_2)
     8    0.046618    0.185363    0.165453   23.300072 ^ _1528_/Y (sky130_fd_sc_hd__nand2_2)
                                                         _1322_ (net)
                      0.185384    0.001661   23.301733 ^ _1933_/A2 (sky130_fd_sc_hd__a211o_1)
     1    0.003867    0.035933    0.095172   23.396904 ^ _1933_/X (sky130_fd_sc_hd__a211o_1)
                                                         _0655_ (net)
                      0.035935    0.000290   23.397194 ^ _1939_/A1 (sky130_fd_sc_hd__a21oi_1)
     1    0.003332    0.035688    0.034202   23.431396 v _1939_/Y (sky130_fd_sc_hd__a21oi_1)
                                                         _0661_ (net)
                      0.035689    0.000218   23.431614 v _1947_/A1 (sky130_fd_sc_hd__o311a_1)
     2    0.005304    0.046729    0.221746   23.653360 v _1947_/X (sky130_fd_sc_hd__o311a_1)
                                                         _0669_ (net)
                      0.046729    0.000329   23.653690 v _1962_/A (sky130_fd_sc_hd__nor3b_1)
     2    0.011945    0.284282    0.261565   23.915255 ^ _1962_/Y (sky130_fd_sc_hd__nor3b_1)
                                                         _0684_ (net)
                      0.284286    0.000904   23.916159 ^ _2065_/C1 (sky130_fd_sc_hd__a211o_1)
     1    0.008972    0.066016    0.091910   24.008070 ^ _2065_/X (sky130_fd_sc_hd__a211o_1)
                                                         _0787_ (net)
                      0.066028    0.000899   24.008968 ^ _2066_/A3 (sky130_fd_sc_hd__a31oi_1)
     1    0.009145    0.061998    0.073733   24.082701 v _2066_/Y (sky130_fd_sc_hd__a31oi_1)
                                                         _0788_ (net)
                      0.062010    0.000687   24.083389 v _2067_/B2 (sky130_fd_sc_hd__a32oi_4)
     2    0.017626    0.102615    0.109502   24.192890 ^ _2067_/Y (sky130_fd_sc_hd__a32oi_4)
                                                         _0789_ (net)
                      0.102647    0.002061   24.194950 ^ _2070_/A2 (sky130_fd_sc_hd__o211a_1)
     1    0.019202    0.125724    0.157611   24.352562 ^ _2070_/X (sky130_fd_sc_hd__o211a_1)
                                                         CB_0.le_outB (net)
                      0.125801    0.001759   24.354321 ^ fanout131/A (sky130_fd_sc_hd__buf_2)
     7    0.072175    0.263941    0.250068   24.604389 ^ fanout131/X (sky130_fd_sc_hd__buf_2)
                                                         net131 (net)
                      0.264014    0.003688   24.608076 ^ _1665_/B2 (sky130_fd_sc_hd__o2bb2a_1)
     2    0.014714    0.115762    0.168146   24.776222 ^ _1665_/X (sky130_fd_sc_hd__o2bb2a_1)
                                                         _0389_ (net)
                      0.115769    0.001014   24.777237 ^ _1668_/B1 (sky130_fd_sc_hd__a221o_1)
     1    0.002849    0.033662    0.089003   24.866240 ^ _1668_/X (sky130_fd_sc_hd__a221o_1)
                                                         _0392_ (net)
                      0.033668    0.000204   24.866444 ^ _1669_/B1 (sky130_fd_sc_hd__o311a_2)
     6    0.031915    0.131085    0.149223   25.015667 ^ _1669_/X (sky130_fd_sc_hd__o311a_2)
                                                         _0393_ (net)
                      0.131284    0.004176   25.019842 ^ _2106_/A (sky130_fd_sc_hd__and2_2)
     7    0.046574    0.180115    0.213756   25.233599 ^ _2106_/X (sky130_fd_sc_hd__and2_2)
                                                         _0826_ (net)
                      0.180278    0.004457   25.238056 ^ _2162_/A0 (sky130_fd_sc_hd__mux2_1)
     1    0.006599    0.053082    0.115010   25.353065 ^ _2162_/X (sky130_fd_sc_hd__mux2_1)
                                                         _0882_ (net)
                      0.053084    0.000373   25.353439 ^ _2164_/A2 (sky130_fd_sc_hd__o21a_1)
     1    0.005446    0.046858    0.079684   25.433123 ^ _2164_/X (sky130_fd_sc_hd__o21a_1)
                                                         _0884_ (net)
                      0.046861    0.000410   25.433533 ^ _2171_/C1 (sky130_fd_sc_hd__a211oi_2)
     1    0.010611    0.047186    0.031529   25.465061 v _2171_/Y (sky130_fd_sc_hd__a211oi_2)
                                                         _0891_ (net)
                      0.047190    0.000812   25.465874 v _2174_/B1 (sky130_fd_sc_hd__o221ai_4)
     8    0.082704    0.445225    0.371902   25.837776 ^ _2174_/Y (sky130_fd_sc_hd__o221ai_4)
                                                         _0894_ (net)
                      0.445374    0.006672   25.844448 ^ _2175_/A (sky130_fd_sc_hd__inv_2)
     1    0.024559    0.110766    0.063629   25.908077 v _2175_/Y (sky130_fd_sc_hd__inv_2)
                                                         _0895_ (net)
                      0.110817    0.001908   25.909985 v _2244_/A1 (sky130_fd_sc_hd__o211ai_1)
     1    0.017431    0.286197    0.280087   26.190071 ^ _2244_/Y (sky130_fd_sc_hd__o211ai_1)
                                                         _0964_ (net)
                      0.286208    0.001444   26.191515 ^ _2250_/A2 (sky130_fd_sc_hd__a32o_1)
     3    0.019957    0.156515    0.200934   26.392450 ^ _2250_/X (sky130_fd_sc_hd__a32o_1)
                                                         _0970_ (net)
                      0.156523    0.001302   26.393751 ^ _2253_/A2 (sky130_fd_sc_hd__a21oi_4)
     4    0.060003    0.098636    0.099471   26.493223 v _2253_/Y (sky130_fd_sc_hd__a21oi_4)
                                                         CB_1.le_outA (net)
                      0.099020    0.004938   26.498161 v fanout126/A (sky130_fd_sc_hd__clkbuf_2)
     7    0.046005    0.121011    0.173916   26.672077 v fanout126/X (sky130_fd_sc_hd__clkbuf_2)
                                                         net126 (net)
                      0.121257    0.004544   26.676620 v _1609_/C (sky130_fd_sc_hd__or4_1)
     1    0.003295    0.055422    0.287251   26.963871 v _1609_/X (sky130_fd_sc_hd__or4_1)
                                                         _0333_ (net)
                      0.055422    0.000240   26.964111 v _1610_/B1 (sky130_fd_sc_hd__o211a_1)
     1    0.007656    0.042973    0.098520   27.062632 v _1610_/X (sky130_fd_sc_hd__o211a_1)
                                                         _0334_ (net)
                      0.042986    0.000711   27.063343 v _1621_/A1 (sky130_fd_sc_hd__o221a_1)
     6    0.024353    0.093673    0.222075   27.285418 v _1621_/X (sky130_fd_sc_hd__o221a_1)
                                                         _0345_ (net)
                      0.093694    0.001359   27.286776 v _2097_/A (sky130_fd_sc_hd__and2_2)
     8    0.057760    0.105636    0.205818   27.492594 v _2097_/X (sky130_fd_sc_hd__and2_2)
                                                         _0817_ (net)
                      0.106350    0.006713   27.499308 v _2280_/A2 (sky130_fd_sc_hd__o2111a_1)
     1    0.008345    0.049431    0.192195   27.691502 v _2280_/X (sky130_fd_sc_hd__o2111a_1)
                                                         _0998_ (net)
                      0.049439    0.000631   27.692133 v _2282_/A3 (sky130_fd_sc_hd__o31ai_4)
     6    0.038200    0.347299    0.289539   27.981670 ^ _2282_/Y (sky130_fd_sc_hd__o31ai_4)
                                                         _1000_ (net)
                      0.347370    0.003904   27.985575 ^ _2283_/C (sky130_fd_sc_hd__nand3_4)
     8    0.034226    0.111693    0.093888   28.079464 v _2283_/Y (sky130_fd_sc_hd__nand3_4)
                                                         _1001_ (net)
                      0.111712    0.001169   28.080631 v _2336_/S (sky130_fd_sc_hd__mux2_1)
     1    0.006579    0.052455    0.221608   28.302240 v _2336_/X (sky130_fd_sc_hd__mux2_1)
                                                         _1054_ (net)
                      0.052458    0.000457   28.302696 v _2337_/A2 (sky130_fd_sc_hd__o211ai_1)
     1    0.011376    0.207852    0.192456   28.495152 ^ _2337_/Y (sky130_fd_sc_hd__o211ai_1)
                                                         _1055_ (net)
                      0.207862    0.001153   28.496305 ^ _2383_/B2 (sky130_fd_sc_hd__a32oi_2)
     2    0.020927    0.083722    0.085226   28.581532 v _2383_/Y (sky130_fd_sc_hd__a32oi_2)
                                                         _1101_ (net)
                      0.083768    0.001625   28.583157 v _2386_/A2 (sky130_fd_sc_hd__o211a_1)
     1    0.005928    0.037547    0.157051   28.740208 v _2386_/X (sky130_fd_sc_hd__o211a_1)
                                                         CB_1.le_outB (net)
                      0.037551    0.000393   28.740601 v fanout123/A (sky130_fd_sc_hd__clkbuf_4)
    10    0.073237    0.104149    0.160982   28.901583 v fanout123/X (sky130_fd_sc_hd__clkbuf_4)
                                                         net123 (net)
                      0.105083    0.007997   28.909580 v fanout122/A (sky130_fd_sc_hd__clkbuf_2)
    10    0.046780    0.122836    0.178085   29.087666 v fanout122/X (sky130_fd_sc_hd__clkbuf_2)
                                                         net122 (net)
                      0.122975    0.002983   29.090647 v _1506_/A (sky130_fd_sc_hd__inv_2)
     1    0.005116    0.041086    0.063519   29.154165 ^ _1506_/Y (sky130_fd_sc_hd__inv_2)
                                                         _1300_ (net)
                      0.041087    0.000263   29.154428 ^ fanout121/A (sky130_fd_sc_hd__dlymetal6s2s_1)
     5    0.034393    0.266493    0.222787   29.377216 ^ fanout121/X (sky130_fd_sc_hd__dlymetal6s2s_1)
                                                         net121 (net)
                      0.266553    0.003265   29.380482 ^ fanout120/A (sky130_fd_sc_hd__buf_2)
    10    0.042268    0.157311    0.190273   29.570753 ^ fanout120/X (sky130_fd_sc_hd__buf_2)
                                                         net120 (net)
                      0.157370    0.002569   29.573322 ^ _1779_/A1_N (sky130_fd_sc_hd__o2bb2a_1)
     2    0.005904    0.048302    0.148722   29.722044 v _1779_/X (sky130_fd_sc_hd__o2bb2a_1)
                                                         _0503_ (net)
                      0.048303    0.000284   29.722328 v _1782_/B1 (sky130_fd_sc_hd__a221o_1)
     1    0.006573    0.045946    0.159607   29.881935 v _1782_/X (sky130_fd_sc_hd__a221o_1)
                                                         _0506_ (net)
                      0.045950    0.000480   29.882416 v _1786_/A1 (sky130_fd_sc_hd__a211o_1)
     5    0.013001    0.065084    0.195666   30.078081 v _1786_/X (sky130_fd_sc_hd__a211o_1)
                                                         _0510_ (net)
                      0.065097    0.000913   30.078995 v _2131_/A (sky130_fd_sc_hd__and3_2)
     9    0.069518    0.126084    0.214278   30.293272 v _2131_/X (sky130_fd_sc_hd__and3_2)
                                                         _0851_ (net)
                      0.126397    0.004690   30.297962 v _2427_/A2 (sky130_fd_sc_hd__o21a_1)
     1    0.001769    0.022175    0.134616   30.432579 v _2427_/X (sky130_fd_sc_hd__o21a_1)
                                                         _1119_ (net)
                      0.022175    0.000121   30.432699 v _2428_/B (sky130_fd_sc_hd__or2_1)
     1    0.019765    0.084279    0.171589   30.604288 v _2428_/X (sky130_fd_sc_hd__or2_1)
                                                         net65 (net)
                      0.084313    0.001581   30.605869 v output65/A (sky130_fd_sc_hd__buf_2)
     1    0.034519    0.063280    0.138670   30.744539 v output65/X (sky130_fd_sc_hd__buf_2)
                                                         CBeast_out[11] (net)
                      0.063341    0.001759   30.746298 v CBeast_out[11] (out)
                                             30.746298   data arrival time

                                100.000000  100.000000   clock clk (rise edge)
                                  0.000000  100.000000   clock network delay (propagated)
                                 -0.250000   99.750000   clock uncertainty
                                  0.000000   99.750000   clock reconvergence pessimism
                                -20.000000   79.750000   output external delay
                                             79.750000   data required time
---------------------------------------------------------------------------------------------
                                             79.750000   data required time
                                            -30.746298   data arrival time
---------------------------------------------------------------------------------------------
                                             49.003700   slack (MET)




===========================================================================
report_checks --slack_max -0.01
============================================================================
======================= max_ff_n40C_1v95 Corner ===================================

No paths found.


===========================================================================
 report_check_types -max_slew -max_cap -max_fanout -violators
============================================================================
======================= max_ff_n40C_1v95 Corner ===================================

max fanout

Pin                                   Limit Fanout  Slack
---------------------------------------------------------
clkbuf_leaf_15_clk/X                     10     22    -12 (VIOLATED)
clkbuf_leaf_24_clk/X                     10     19     -9 (VIOLATED)
clkbuf_leaf_0_clk/X                      10     17     -7 (VIOLATED)
clkbuf_leaf_1_clk/X                      10     17     -7 (VIOLATED)
clkbuf_leaf_22_clk/X                     10     17     -7 (VIOLATED)
clkbuf_leaf_7_clk/X                      10     17     -7 (VIOLATED)
clkbuf_leaf_6_clk/X                      10     16     -6 (VIOLATED)
clkbuf_leaf_16_clk/X                     10     15     -5 (VIOLATED)
clkbuf_leaf_29_clk/X                     10     15     -5 (VIOLATED)
clkbuf_leaf_14_clk/X                     10     13     -3 (VIOLATED)
clkbuf_leaf_19_clk/X                     10     13     -3 (VIOLATED)
clkbuf_leaf_30_clk/X                     10     12     -2 (VIOLATED)
clkbuf_leaf_31_clk/X                     10     12     -2 (VIOLATED)
clkbuf_leaf_25_clk/X                     10     11        (VIOLATED)
fanout134/X                              10     11        (VIOLATED)



===========================================================================
report_parasitic_annotation -report_unannotated
============================================================================
Found 35 unannotated drivers.
 _2387_/X
 _2389_/X
 _2391_/X
 _2393_/X
 clkload0/X
 clkload1/Y
 clkload10/Y
 clkload11/Y
 clkload12/Y
 clkload13/X
 clkload14/Y
 clkload15/Y
 clkload16/Y
 clkload17/Y
 clkload18/Y
 clkload19/Y
 clkload2/X
 clkload20/Y
 clkload21/Y
 clkload22/Y
 clkload23/Y
 clkload24/Y
 clkload25/Y
 clkload26/Y
 clkload27/Y
 clkload28/Y
 clkload29/Y
 clkload3/X
 clkload30/Y
 clkload4/Y
 clkload5/Y
 clkload6/Y
 clkload7/Y
 clkload8/Y
 clkload9/Y
Found 0 partially unannotated drivers.

===========================================================================
max slew violation count 0
max fanout violation count 15
max cap violation count 0
============================================================================

===========================================================================
check_setup -verbose -unconstrained_endpoints -multiple_clock -no_clock -no_input_delay -loops -generated_clocks
===========================================================================
Warning: There are 8 unclocked register/latch pins.
  _2868_/CLK
  _2917_/CLK
  _2918_/CLK
  _2939_/CLK
  _2940_/CLK
  _2961_/CLK
  _2962_/CLK
  _2983_/CLK
Warning: There are 8 unconstrained endpoints.
  _2868_/D
  _2917_/D
  _2918_/D
  _2939_/D
  _2940_/D
  _2961_/D
  _2962_/D
  _2983_/D
Warning: There are 56 combinational loops in the design.
  _1820_/X
  _1884_/S
  _1884_/X
  _1885_/B
  _1885_/X
  _1927_/A1
  _1927_/X
  _1931_/A2
  _1931_/X
  fanout136/A
  fanout136/X
  _1524_/A1
  _1524_/X
  _1525_/B2
  _1525_/X
  _1528_/A
  _1528_/Y
  _1551_/A2
  _1551_/X
  _1599_/A1
  _1599_/X
  _1649_/A1
  _1649_/X
  _1820_/C1
  | loop cut point
  _1820_/X
  --------------------------------
  _1884_/X
  _1885_/B
  _1885_/X
  _1927_/A1
  _1927_/X
  _1931_/A2
  _1931_/X
  fanout136/A
  fanout136/X
  _1524_/A1
  _1524_/X
  _1525_/B2
  _1525_/X
  _1528_/A
  _1528_/Y
  _1821_/A0
  _1821_/X
  _1832_/A2
  _1832_/X
  _1850_/A1
  _1850_/X
  _1851_/S
  _1851_/X
  _1884_/A1
  | loop cut point
  _1884_/X
  --------------------------------
  _1884_/X
  _1885_/B
  _1885_/X
  _1927_/A1
  _1927_/X
  _1931_/A2
  _1931_/X
  fanout136/A
  fanout136/X
  _1524_/A1
  _1524_/X
  _1525_/B2
  _1525_/X
  _1528_/A
  _1528_/Y
  _1821_/A0
  _1821_/X
  _1832_/A2
  _1832_/X
  _1850_/A1
  _1850_/X
  _1883_/S
  _1883_/X
  _1884_/A0
  | loop cut point
  _1884_/X
  --------------------------------
  _1927_/X
  _1931_/A2
  _1931_/X
  fanout136/A
  fanout136/X
  _1524_/A1
  _1524_/X
  _1525_/B2
  _1525_/X
  _1528_/A
  _1528_/Y
  _1821_/A0
  _1821_/X
  _1832_/A2
  _1832_/X
  _1850_/A1
  _1850_/X
  _1916_/S
  _1916_/X
  _1918_/A0
  _1918_/X
  _1919_/A2
  _1919_/X
  _1927_/A2
  | loop cut point
  _1927_/X
  --------------------------------
  _1927_/X
  _1931_/A2
  _1931_/X
  fanout136/A
  fanout136/X
  _1524_/A1
  _1524_/X
  _1525_/B2
  _1525_/X
  _1528_/A
  _1528_/Y
  _1821_/A0
  _1821_/X
  _1832_/A2
  _1832_/X
  _1850_/A1
  _1850_/X
  _1920_/S
  _1920_/X
  _1922_/A1
  _1922_/X
  _1926_/A0
  _1926_/X
  _1927_/B1
  | loop cut point
  _1927_/X
  --------------------------------
  _1885_/X
  _1927_/A1
  _1927_/X
  _1931_/A2
  _1931_/X
  fanout136/A
  fanout136/X
  _1524_/A1
  _1524_/X
  _1525_/B2
  _1525_/X
  _1528_/A
  _1528_/Y
  _1855_/A1
  _1855_/X
  _1856_/A2
  _1856_/Y
  _1858_/B1
  _1858_/X
  _1863_/A
  _1863_/X
  _1881_/A1
  _1881_/Y
  _1885_/A
  | loop cut point
  _1885_/X
  --------------------------------
  _1927_/X
  _1931_/A2
  _1931_/X
  fanout136/A
  fanout136/X
  _1524_/A1
  _1524_/X
  _1525_/B2
  _1525_/X
  _1528_/A
  _1528_/Y
  _1895_/A1
  _1895_/X
  _1899_/A2
  _1899_/X
  _1904_/B1
  _1904_/X
  _1905_/B
  _1905_/X
  _1914_/B1
  _1914_/X
  _1915_/A
  _1915_/Y
  _1927_/B2
  | loop cut point
  _1927_/X
  --------------------------------
  _1691_/X
  _1729_/A2
  _1729_/X
  _1819_/A1
  _1819_/X
  _1820_/B1
  _1820_/X
  _1884_/S
  _1884_/X
  _1885_/B
  _1885_/X
  _1927_/A1
  _1927_/X
  _1931_/A2
  _1931_/X
  fanout136/A
  fanout136/X
  _1524_/A1
  _1524_/X
  _1525_/B2
  _1525_/X
  _1528_/A
  _1528_/Y
  _1933_/A2
  _1933_/X
  _1939_/A1
  _1939_/Y
  _1947_/A1
  _1947_/X
  _1962_/A
  _1962_/Y
  _2065_/C1
  _2065_/X
  _2066_/A3
  _2066_/Y
  _2067_/B2
  _2067_/Y
  _2070_/A2
  _2070_/X
  fanout131/A
  fanout131/X
  _1665_/B2
  _1665_/X
  _1668_/B1
  _1668_/X
  _1669_/B1
  _1669_/X
  _1672_/B1_N
  _1672_/X
  _1691_/A1
  | loop cut point
  _1691_/X
  --------------------------------
  _1962_/Y
  _2065_/C1
  _2065_/X
  _2066_/A3
  _2066_/Y
  _2067_/B2
  _2067_/Y
  _2070_/A2
  _2070_/X
  fanout131/A
  fanout131/X
  _1665_/B2
  _1665_/X
  _1668_/B1
  _1668_/X
  _1669_/B1
  _1669_/X
  _1672_/B1_N
  _1672_/X
  _1950_/A1
  _1950_/X
  _1952_/A2
  _1952_/X
  _1961_/A1
  _1961_/X
  _1962_/C_N
  | loop cut point
  _1962_/Y
  --------------------------------
  _2067_/Y
  _2070_/A2
  _2070_/X
  fanout131/A
  fanout131/X
  _1665_/B2
  _1665_/X
  _1668_/B1
  _1668_/X
  _1669_/B1
  _1669_/X
  _1672_/B1_N
  _1672_/X
  _1950_/A1
  _1950_/X
  _1952_/A2
  _1952_/X
  _1961_/A1
  _1961_/X
  _1963_/C_N
  _1963_/X
  _2026_/A1
  _2026_/Y
  _2067_/A1
  | loop cut point
  _2067_/Y
  --------------------------------
  _2067_/Y
  _2070_/A2
  _2070_/X
  fanout131/A
  fanout131/X
  _1665_/B2
  _1665_/X
  _1668_/B1
  _1668_/X
  _1669_/B1
  _1669_/X
  _1672_/B1_N
  _1672_/X
  _1950_/A1
  _1950_/X
  _1952_/A2
  _1952_/X
  _1961_/A1
  _1961_/X
  _1963_/C_N
  _1963_/X
  _2057_/A1
  _2057_/Y
  _2067_/A3
  | loop cut point
  _2067_/Y
  --------------------------------
  _2067_/Y
  _2070_/A2
  _2070_/X
  fanout131/A
  fanout131/X
  _1665_/B2
  _1665_/X
  _1668_/B1
  _1668_/X
  _1669_/B1
  _1669_/X
  _1672_/B1_N
  _1672_/X
  _1950_/A1
  _1950_/X
  _1952_/A2
  _1952_/X
  _1961_/A1
  _1961_/X
  _1963_/C_N
  _1963_/X
  _2061_/A1
  _2061_/Y
  _2067_/B1
  | loop cut point
  _2067_/Y
  --------------------------------
  _2066_/Y
  _2067_/B2
  _2067_/Y
  _2070_/A2
  _2070_/X
  fanout131/A
  fanout131/X
  _1665_/B2
  _1665_/X
  _1668_/B1
  _1668_/X
  _1669_/B1
  _1669_/X
  _1672_/B1_N
  _1672_/X
  _1950_/A1
  _1950_/X
  _1952_/A2
  _1952_/X
  _1961_/A1
  _1961_/X
  _1963_/C_N
  _1963_/X
  _2063_/C1
  _2063_/X
  _2066_/A2
  | loop cut point
  _2066_/Y
  --------------------------------
  _2065_/X
  _2066_/A3
  _2066_/Y
  _2067_/B2
  _2067_/Y
  _2070_/A2
  _2070_/X
  fanout131/A
  fanout131/X
  _1665_/B2
  _1665_/X
  _1668_/B1
  _1668_/X
  _1669_/B1
  _1669_/X
  _1672_/B1_N
  _1672_/X
  _1983_/A1
  _1983_/X
  _1986_/A2
  _1986_/X
  _1994_/A1
  _1994_/X
  _1995_/C
  _1995_/Y
  _2065_/A2
  | loop cut point
  _2065_/X
  --------------------------------
  _2065_/X
  _2066_/A3
  _2066_/Y
  _2067_/B2
  _2067_/Y
  _2070_/A2
  _2070_/X
  fanout131/A
  fanout131/X
  _1665_/B2
  _1665_/X
  _1668_/B1
  _1668_/X
  _1669_/B1
  _1669_/X
  _1672_/B1_N
  _1672_/X
  _1983_/A1
  _1983_/X
  _1986_/A2
  _1986_/X
  _1994_/A1
  _1994_/X
  _2064_/D
  _2064_/X
  _2065_/B1
  | loop cut point
  _2065_/X
  --------------------------------
  _2066_/Y
  _2067_/B2
  _2067_/Y
  _2070_/A2
  _2070_/X
  fanout131/A
  fanout131/X
  _1665_/B2
  _1665_/X
  _1668_/B1
  _1668_/X
  _1669_/B1
  _1669_/X
  _1672_/B1_N
  _1672_/X
  _2011_/A0
  _2011_/X
  _2020_/A2
  _2020_/Y
  _2021_/C
  _2021_/Y
  _2022_/A2
  _2022_/Y
  _2023_/A
  _2023_/Y
  _2066_/A1
  | loop cut point
  _2066_/Y
  --------------------------------
  _2066_/Y
  _2067_/B2
  _2067_/Y
  _2070_/A2
  _2070_/X
  fanout131/A
  fanout131/X
  _1665_/B2
  _1665_/X
  _1668_/B1
  _1668_/X
  _1669_/B1
  _1669_/X
  _1672_/B1_N
  _1672_/X
  _2029_/A2
  _2029_/X
  _2030_/B
  _2030_/X
  _2038_/A2
  _2038_/X
  _2053_/C1
  _2053_/X
  _2066_/B1
  | loop cut point
  _2066_/Y
  --------------------------------
  _2067_/Y
  _2070_/A2
  _2070_/X
  fanout131/A
  fanout131/X
  _1665_/B2
  _1665_/X
  _1668_/B1
  _1668_/X
  _1669_/B1
  _1669_/X
  _1672_/B1_N
  _1672_/X
  _2029_/A2
  _2029_/X
  _2030_/B
  _2030_/X
  _2038_/A2
  _2038_/X
  _2053_/C1
  _2053_/X
  _2067_/A2
  | loop cut point
  _2067_/Y
  --------------------------------
  _1525_/X
  _1528_/A
  _1528_/Y
  _1933_/A2
  _1933_/X
  _1939_/A1
  _1939_/Y
  _1947_/A1
  _1947_/X
  _1962_/A
  _1962_/Y
  _2065_/C1
  _2065_/X
  _2066_/A3
  _2066_/Y
  _2067_/B2
  _2067_/Y
  _2070_/A2
  _2070_/X
  fanout131/A
  fanout131/X
  _1665_/B2
  _1665_/X
  _1668_/B1
  _1668_/X
  _1669_/B1
  _1669_/X
  _2106_/A
  _2106_/X
  _2162_/A0
  _2162_/X
  _2164_/A2
  _2164_/X
  _2171_/C1
  _2171_/Y
  _2174_/B1
  _2174_/Y
  _2175_/A
  _2175_/Y
  _2244_/A1
  _2244_/Y
  _2250_/A2
  _2250_/X
  _2253_/A2
  _2253_/Y
  fanout126/A
  fanout126/X
  _1513_/A1_N
  _1513_/X
  _1514_/B1
  _1514_/Y
  _1525_/A1
  | loop cut point
  _1525_/X
  --------------------------------
  _1947_/X
  _1962_/A
  _1962_/Y
  _2065_/C1
  _2065_/X
  _2066_/A3
  _2066_/Y
  _2067_/B2
  _2067_/Y
  _2070_/A2
  _2070_/X
  fanout131/A
  fanout131/X
  _1665_/B2
  _1665_/X
  _1668_/B1
  _1668_/X
  _1669_/B1
  _1669_/X
  _2106_/A
  _2106_/X
  _2162_/A0
  _2162_/X
  _2164_/A2
  _2164_/X
  _2171_/C1
  _2171_/Y
  _2174_/B1
  _2174_/Y
  _2175_/A
  _2175_/Y
  _2244_/A1
  _2244_/Y
  _2250_/A2
  _2250_/X
  _2253_/A2
  _2253_/Y
  fanout126/A
  fanout126/X
  _1609_/C
  _1609_/X
  _1610_/B1
  _1610_/X
  _1621_/A1
  _1621_/X
  _1624_/A
  _1624_/X
  _1942_/A2
  _1942_/X
  _1947_/A2
  | loop cut point
  _1947_/X
  --------------------------------
  _2250_/X
  _2253_/A2
  _2253_/Y
  fanout126/A
  fanout126/X
  _1609_/C
  _1609_/X
  _1610_/B1
  _1610_/X
  _1621_/A1
  _1621_/X
  _2097_/A
  _2097_/X
  _2102_/A2
  _2102_/X
  _2103_/A3
  _2103_/Y
  _2147_/A1
  _2147_/X
  _2150_/A
  _2150_/Y
  _2176_/A2
  _2176_/Y
  _2240_/A1
  _2240_/Y
  _2250_/B1
  | loop cut point
  _2250_/X
  --------------------------------
  _2250_/X
  _2253_/A2
  _2253_/Y
  fanout126/A
  fanout126/X
  _1609_/C
  _1609_/X
  _1610_/B1
  _1610_/X
  _1621_/A1
  _1621_/X
  _2097_/A
  _2097_/X
  _2102_/A2
  _2102_/X
  _2103_/A3
  _2103_/Y
  _2147_/A1
  _2147_/X
  _2150_/A
  _2150_/Y
  _2208_/A2
  _2208_/Y
  _2211_/A2
  _2211_/X
  _2250_/B2
  | loop cut point
  _2250_/X
  --------------------------------
  _2244_/Y
  _2250_/A2
  _2250_/X
  _2253_/A2
  _2253_/Y
  fanout126/A
  fanout126/X
  _1609_/C
  _1609_/X
  _1610_/B1
  _1610_/X
  _1621_/A1
  _1621_/X
  _2097_/A
  _2097_/X
  _2102_/A2
  _2102_/X
  _2103_/A3
  _2103_/Y
  _2147_/A1
  _2147_/X
  _2150_/A
  _2150_/Y
  _2241_/S
  _2241_/X
  _2244_/A2
  | loop cut point
  _2244_/Y
  --------------------------------
  _2244_/Y
  _2250_/A2
  _2250_/X
  _2253_/A2
  _2253_/Y
  fanout126/A
  fanout126/X
  _1609_/C
  _1609_/X
  _1610_/B1
  _1610_/X
  _1621_/A1
  _1621_/X
  _2097_/A
  _2097_/X
  _2102_/A2
  _2102_/X
  _2103_/A3
  _2103_/Y
  _2147_/A1
  _2147_/X
  _2150_/A
  _2150_/Y
  _2243_/A2
  _2243_/X
  _2244_/B1
  | loop cut point
  _2244_/Y
  --------------------------------
  _2250_/X
  _2253_/A2
  _2253_/Y
  fanout126/A
  fanout126/X
  _1609_/C
  _1609_/X
  _1610_/B1
  _1610_/X
  _1621_/A1
  _1621_/X
  _2097_/A
  _2097_/X
  _2102_/A2
  _2102_/X
  _2103_/A3
  _2103_/Y
  _2147_/A1
  _2147_/X
  _2150_/A
  _2150_/Y
  _2246_/A2
  _2246_/Y
  _2249_/A2
  _2249_/X
  _2250_/A3
  | loop cut point
  _2250_/X
  --------------------------------
  _2174_/Y
  _2175_/A
  _2175_/Y
  _2244_/A1
  _2244_/Y
  _2250_/A2
  _2250_/X
  _2253_/A2
  _2253_/Y
  fanout126/A
  fanout126/X
  _1609_/C
  _1609_/X
  _1610_/B1
  _1610_/X
  _1621_/A1
  _1621_/X
  _2097_/A
  _2097_/X
  _2157_/B
  _2157_/Y
  _2159_/B1
  _2159_/X
  _2174_/A1
  | loop cut point
  _2174_/Y
  --------------------------------
  _2244_/Y
  _2250_/A2
  _2250_/X
  _2253_/A2
  _2253_/Y
  fanout126/A
  fanout126/X
  _1609_/C
  _1609_/X
  _1610_/B1
  _1610_/X
  _1621_/A1
  _1621_/X
  _2097_/A
  _2097_/X
  _2199_/B
  _2199_/Y
  _2200_/C1
  _2200_/X
  _2201_/C
  _2201_/X
  _2202_/A2
  _2202_/X
  _2204_/A2_N
  _2204_/X
  _2244_/C1
  | loop cut point
  _2244_/Y
  --------------------------------
  _2250_/X
  _2253_/A2
  _2253_/Y
  fanout126/A
  fanout126/X
  _1609_/C
  _1609_/X
  _1610_/B1
  _1610_/X
  _1621_/A1
  _1621_/X
  _2097_/A
  _2097_/X
  _2230_/A2
  _2230_/X
  _2234_/B2
  _2234_/X
  _2238_/A1
  _2238_/X
  _2239_/C1
  _2239_/X
  _2250_/A1
  | loop cut point
  _2250_/X
  --------------------------------
  _1610_/X
  _1621_/A1
  _1621_/X
  _2097_/A
  _2097_/X
  _2280_/A2
  _2280_/X
  _2282_/A3
  _2282_/Y
  _2283_/C
  _2283_/Y
  _2307_/A2
  _2307_/X
  _2337_/C1
  _2337_/Y
  _2383_/B2
  _2383_/Y
  _2386_/A2
  _2386_/X
  fanout123/A
  fanout123/X
  _1608_/A1
  _1608_/X
  _1610_/A2
  | loop cut point
  _1610_/X
  --------------------------------
  _2280_/X
  _2282_/A3
  _2282_/Y
  _2283_/C
  _2283_/Y
  _2307_/A2
  _2307_/X
  _2337_/C1
  _2337_/Y
  _2383_/B2
  _2383_/Y
  _2386_/A2
  _2386_/X
  fanout123/A
  fanout123/X
  _1629_/A1
  _1629_/X
  _1631_/A2
  _1631_/X
  _1643_/A1
  _1643_/X
  _2100_/A
  _2100_/Y
  _2279_/B
  _2279_/Y
  _2280_/B1
  | loop cut point
  _2280_/X
  --------------------------------
  _2307_/X
  _2337_/C1
  _2337_/Y
  _2383_/B2
  _2383_/Y
  _2386_/A2
  _2386_/X
  fanout123/A
  fanout123/X
  _1629_/A1
  _1629_/X
  _1631_/A2
  _1631_/X
  _1643_/A1
  _1643_/X
  _2100_/A
  _2100_/Y
  _2292_/A2
  _2292_/Y
  _2293_/B2
  _2293_/Y
  _2294_/B1
  _2294_/Y
  _2304_/B1
  _2304_/Y
  _2307_/B1
  | loop cut point
  _2307_/X
  --------------------------------
  _2383_/Y
  _2386_/A2
  _2386_/X
  fanout123/A
  fanout123/X
  _1629_/A1
  _1629_/X
  _1631_/A2
  _1631_/X
  _1643_/A1
  _1643_/X
  _2100_/A
  _2100_/Y
  _2292_/A2
  _2292_/Y
  _2293_/B2
  _2293_/Y
  _2294_/B1
  _2294_/Y
  _2304_/B1
  _2304_/Y
  _2371_/B1
  _2371_/Y
  _2374_/A2
  _2374_/X
  _2383_/B1
  | loop cut point
  _2383_/Y
  --------------------------------
  _2383_/Y
  _2386_/A2
  _2386_/X
  fanout123/A
  fanout123/X
  _1629_/A1
  _1629_/X
  _1631_/A2
  _1631_/X
  _1643_/A1
  _1643_/X
  _2100_/A
  _2100_/Y
  _2292_/A2
  _2292_/Y
  _2293_/B2
  _2293_/Y
  _2294_/B1
  _2294_/Y
  _2304_/B1
  _2304_/Y
  _2376_/B1
  _2376_/X
  _2378_/B1
  _2378_/Y
  _2383_/A2
  | loop cut point
  _2383_/Y
  --------------------------------
  _2337_/Y
  _2383_/B2
  _2383_/Y
  _2386_/A2
  _2386_/X
  fanout123/A
  fanout123/X
  _1629_/A1
  _1629_/X
  _1631_/A2
  _1631_/X
  _1643_/A1
  _1643_/X
  _2100_/A
  _2100_/Y
  _2292_/A2
  _2292_/Y
  _2293_/B2
  _2293_/Y
  _2294_/B1
  _2294_/Y
  _2305_/B1
  _2305_/X
  _2337_/A1
  | loop cut point
  _2337_/Y
  --------------------------------
  _2383_/Y
  _2386_/A2
  _2386_/X
  fanout123/A
  fanout123/X
  _1629_/A1
  _1629_/X
  _1631_/A2
  _1631_/X
  _1643_/A1
  _1643_/X
  _2100_/A
  _2100_/Y
  _2292_/A2
  _2292_/Y
  _2293_/B2
  _2293_/Y
  _2294_/B1
  _2294_/Y
  _2305_/B1
  _2305_/X
  _2381_/B1
  _2381_/Y
  _2382_/B1
  _2382_/X
  _2383_/A3
  | loop cut point
  _2383_/Y
  --------------------------------
  _2337_/Y
  _2383_/B2
  _2383_/Y
  _2386_/A2
  _2386_/X
  fanout123/A
  fanout123/X
  _1629_/A1
  _1629_/X
  _1631_/A2
  _1631_/X
  _1643_/A1
  _1643_/X
  _2100_/A
  _2100_/Y
  _2326_/A2
  _2326_/X
  _2330_/A1
  _2330_/Y
  _2334_/A1
  _2334_/X
  _2335_/B1
  _2335_/X
  _2337_/B1
  | loop cut point
  _2337_/Y
  --------------------------------
  _2383_/Y
  _2386_/A2
  _2386_/X
  fanout123/A
  fanout123/X
  _1629_/A1
  _1629_/X
  _1631_/A2
  _1631_/X
  _1643_/A1
  _1643_/X
  _2100_/A
  _2100_/Y
  _2360_/A2
  _2360_/X
  _2364_/A2
  _2364_/X
  _2365_/B2
  _2365_/X
  _2369_/B1
  _2369_/Y
  _2383_/A1
  | loop cut point
  _2383_/Y
  --------------------------------
  _1819_/X
  _1820_/B1
  _1820_/X
  _1884_/S
  _1884_/X
  _1885_/B
  _1885_/X
  _1927_/A1
  _1927_/X
  _1931_/A2
  _1931_/X
  fanout136/A
  fanout136/X
  _1524_/A1
  _1524_/X
  _1525_/B2
  _1525_/X
  _1528_/A
  _1528_/Y
  _1933_/A2
  _1933_/X
  _1939_/A1
  _1939_/Y
  _1947_/A1
  _1947_/X
  _1962_/A
  _1962_/Y
  _2065_/C1
  _2065_/X
  _2066_/A3
  _2066_/Y
  _2067_/B2
  _2067_/Y
  _2070_/A2
  _2070_/X
  fanout131/A
  fanout131/X
  _1665_/B2
  _1665_/X
  _1668_/B1
  _1668_/X
  _1669_/B1
  _1669_/X
  _2106_/A
  _2106_/X
  _2162_/A0
  _2162_/X
  _2164_/A2
  _2164_/X
  _2171_/C1
  _2171_/Y
  _2174_/B1
  _2174_/Y
  _2175_/A
  _2175_/Y
  _2244_/A1
  _2244_/Y
  _2250_/A2
  _2250_/X
  _2253_/A2
  _2253_/Y
  fanout126/A
  fanout126/X
  _1609_/C
  _1609_/X
  _1610_/B1
  _1610_/X
  _1621_/A1
  _1621_/X
  _2097_/A
  _2097_/X
  _2280_/A2
  _2280_/X
  _2282_/A3
  _2282_/Y
  _2283_/C
  _2283_/Y
  _2307_/A2
  _2307_/X
  _2337_/C1
  _2337_/Y
  _2383_/B2
  _2383_/Y
  _2386_/A2
  _2386_/X
  fanout123/A
  fanout123/X
  _1734_/A1
  _1734_/X
  _1737_/B1
  _1737_/Y
  _1742_/A1
  _1742_/X
  _1756_/A
  _1756_/X
  _1777_/A1
  _1777_/X
  _1815_/A2
  _1815_/X
  _1819_/A2
  | loop cut point
  _1819_/X
  --------------------------------
  _2164_/X
  _2171_/C1
  _2171_/Y
  _2174_/B1
  _2174_/Y
  _2175_/A
  _2175_/Y
  _2244_/A1
  _2244_/Y
  _2250_/A2
  _2250_/X
  _2253_/A2
  _2253_/Y
  fanout126/A
  fanout126/X
  _1609_/C
  _1609_/X
  _1610_/B1
  _1610_/X
  _1621_/A1
  _1621_/X
  _2097_/A
  _2097_/X
  _2280_/A2
  _2280_/X
  _2282_/A3
  _2282_/Y
  _2283_/C
  _2283_/Y
  _2307_/A2
  _2307_/X
  _2337_/C1
  _2337_/Y
  _2383_/B2
  _2383_/Y
  _2386_/A2
  _2386_/X
  fanout123/A
  fanout123/X
  _1734_/A1
  _1734_/X
  _1737_/B1
  _1737_/Y
  _1742_/A1
  _1742_/X
  _2123_/A
  _2123_/Y
  _2163_/A1
  _2163_/X
  _2164_/B1
  | loop cut point
  _2164_/X
  --------------------------------
  _2283_/Y
  _2307_/A2
  _2307_/X
  _2337_/C1
  _2337_/Y
  _2383_/B2
  _2383_/Y
  _2386_/A2
  _2386_/X
  fanout123/A
  fanout123/X
  _1734_/A1
  _1734_/X
  _1737_/B1
  _1737_/Y
  _1742_/A1
  _1742_/X
  _2123_/A
  _2123_/Y
  _2254_/A1
  _2254_/X
  _2258_/A2
  _2258_/Y
  _2266_/A1
  _2266_/X
  _2283_/A
  | loop cut point
  _2283_/Y
  --------------------------------
  _2307_/X
  _2337_/C1
  _2337_/Y
  _2383_/B2
  _2383_/Y
  _2386_/A2
  _2386_/X
  fanout123/A
  fanout123/X
  _1734_/A1
  _1734_/X
  _1737_/B1
  _1737_/Y
  _1742_/A1
  _1742_/X
  _2123_/A
  _2123_/Y
  _2254_/A1
  _2254_/X
  _2258_/A2
  _2258_/Y
  _2266_/A1
  _2266_/X
  _2306_/B
  _2306_/X
  _2307_/C1
  | loop cut point
  _2307_/X
  --------------------------------
  _2283_/Y
  _2307_/A2
  _2307_/X
  _2337_/C1
  _2337_/Y
  _2383_/B2
  _2383_/Y
  _2386_/A2
  _2386_/X
  fanout123/A
  fanout123/X
  _2267_/A3
  _2267_/X
  _2268_/B
  _2268_/Y
  _2283_/B
  | loop cut point
  _2283_/Y
  --------------------------------
  _1939_/Y
  _1947_/A1
  _1947_/X
  _1962_/A
  _1962_/Y
  _2065_/C1
  _2065_/X
  _2066_/A3
  _2066_/Y
  _2067_/B2
  _2067_/Y
  _2070_/A2
  _2070_/X
  fanout131/A
  fanout131/X
  _1665_/B2
  _1665_/X
  _1668_/B1
  _1668_/X
  _1669_/B1
  _1669_/X
  _2106_/A
  _2106_/X
  _2162_/A0
  _2162_/X
  _2164_/A2
  _2164_/X
  _2171_/C1
  _2171_/Y
  _2174_/B1
  _2174_/Y
  _2175_/A
  _2175_/Y
  _2244_/A1
  _2244_/Y
  _2250_/A2
  _2250_/X
  _2253_/A2
  _2253_/Y
  fanout126/A
  fanout126/X
  _1609_/C
  _1609_/X
  _1610_/B1
  _1610_/X
  _1621_/A1
  _1621_/X
  _2097_/A
  _2097_/X
  _2280_/A2
  _2280_/X
  _2282_/A3
  _2282_/Y
  _2283_/C
  _2283_/Y
  _2307_/A2
  _2307_/X
  _2337_/C1
  _2337_/Y
  _2383_/B2
  _2383_/Y
  _2386_/A2
  _2386_/X
  fanout123/A
  fanout123/X
  fanout122/A
  fanout122/X
  _1506_/A
  _1506_/Y
  fanout121/A
  fanout121/X
  _1555_/A1
  _1555_/X
  _1557_/B2
  _1557_/X
  _1568_/A2
  _1568_/Y
  wire128/A
  wire128/X
  _1571_/A
  _1571_/Y
  _1938_/B2
  _1938_/X
  _1939_/A2
  | loop cut point
  _1939_/Y
  --------------------------------
  _2282_/Y
  _2283_/C
  _2283_/Y
  _2307_/A2
  _2307_/X
  _2337_/C1
  _2337_/Y
  _2383_/B2
  _2383_/Y
  _2386_/A2
  _2386_/X
  fanout123/A
  fanout123/X
  fanout122/A
  fanout122/X
  _1506_/A
  _1506_/Y
  fanout121/A
  fanout121/X
  _1555_/A1
  _1555_/X
  _1557_/B2
  _1557_/X
  _1568_/A2
  _1568_/Y
  wire128/A
  wire128/X
  _2086_/A
  _2086_/Y
  _2271_/B2
  _2271_/X
  _2272_/A2
  _2272_/Y
  _2282_/A1
  | loop cut point
  _2282_/Y
  --------------------------------
  _1962_/Y
  _2065_/C1
  _2065_/X
  _2066_/A3
  _2066_/Y
  _2067_/B2
  _2067_/Y
  _2070_/A2
  _2070_/X
  fanout131/A
  fanout131/X
  _1665_/B2
  _1665_/X
  _1668_/B1
  _1668_/X
  _1669_/B1
  _1669_/X
  _2106_/A
  _2106_/X
  _2162_/A0
  _2162_/X
  _2164_/A2
  _2164_/X
  _2171_/C1
  _2171_/Y
  _2174_/B1
  _2174_/Y
  _2175_/A
  _2175_/Y
  _2244_/A1
  _2244_/Y
  _2250_/A2
  _2250_/X
  _2253_/A2
  _2253_/Y
  fanout126/A
  fanout126/X
  _1609_/C
  _1609_/X
  _1610_/B1
  _1610_/X
  _1621_/A1
  _1621_/X
  _2097_/A
  _2097_/X
  _2280_/A2
  _2280_/X
  _2282_/A3
  _2282_/Y
  _2283_/C
  _2283_/Y
  _2307_/A2
  _2307_/X
  _2337_/C1
  _2337_/Y
  _2383_/B2
  _2383_/Y
  _2386_/A2
  _2386_/X
  fanout123/A
  fanout123/X
  fanout122/A
  fanout122/X
  _1506_/A
  _1506_/Y
  fanout121/A
  fanout121/X
  _1948_/A3
  _1948_/X
  _1949_/B
  _1949_/Y
  _1962_/B
  | loop cut point
  _1962_/Y
  --------------------------------
  _1933_/X
  _1939_/A1
  _1939_/Y
  _1947_/A1
  _1947_/X
  _1962_/A
  _1962_/Y
  _2065_/C1
  _2065_/X
  _2066_/A3
  _2066_/Y
  _2067_/B2
  _2067_/Y
  _2070_/A2
  _2070_/X
  fanout131/A
  fanout131/X
  _1665_/B2
  _1665_/X
  _1668_/B1
  _1668_/X
  _1669_/B1
  _1669_/X
  _2106_/A
  _2106_/X
  _2162_/A0
  _2162_/X
  _2164_/A2
  _2164_/X
  _2171_/C1
  _2171_/Y
  _2174_/B1
  _2174_/Y
  _2175_/A
  _2175_/Y
  _2244_/A1
  _2244_/Y
  _2250_/A2
  _2250_/X
  _2253_/A2
  _2253_/Y
  fanout126/A
  fanout126/X
  _1609_/C
  _1609_/X
  _1610_/B1
  _1610_/X
  _1621_/A1
  _1621_/X
  _2097_/A
  _2097_/X
  _2280_/A2
  _2280_/X
  _2282_/A3
  _2282_/Y
  _2283_/C
  _2283_/Y
  _2307_/A2
  _2307_/X
  _2337_/C1
  _2337_/Y
  _2383_/B2
  _2383_/Y
  _2386_/A2
  _2386_/X
  fanout123/A
  fanout123/X
  fanout122/A
  fanout122/X
  _1506_/A
  _1506_/Y
  fanout121/A
  fanout121/X
  fanout120/A
  fanout120/X
  _1532_/A
  _1532_/X
  _1535_/A3
  _1535_/Y
  _1546_/A2
  _1546_/X
  _1932_/A1
  _1932_/Y
  _1933_/B1
  | loop cut point
  _1933_/X
  --------------------------------
  _1669_/X
  _2106_/A
  _2106_/X
  _2162_/A0
  _2162_/X
  _2164_/A2
  _2164_/X
  _2171_/C1
  _2171_/Y
  _2174_/B1
  _2174_/Y
  _2175_/A
  _2175_/Y
  _2244_/A1
  _2244_/Y
  _2250_/A2
  _2250_/X
  _2253_/A2
  _2253_/Y
  fanout126/A
  fanout126/X
  _1609_/C
  _1609_/X
  _1610_/B1
  _1610_/X
  _1621_/A1
  _1621_/X
  _2097_/A
  _2097_/X
  _2280_/A2
  _2280_/X
  _2282_/A3
  _2282_/Y
  _2283_/C
  _2283_/Y
  _2307_/A2
  _2307_/X
  _2337_/C1
  _2337_/Y
  _2383_/B2
  _2383_/Y
  _2386_/A2
  _2386_/X
  fanout123/A
  fanout123/X
  fanout122/A
  fanout122/X
  _1506_/A
  _1506_/Y
  fanout121/A
  fanout121/X
  fanout120/A
  fanout120/X
  _1655_/A
  _1655_/X
  _1658_/A3
  _1658_/Y
  _1669_/A2
  | loop cut point
  _1669_/X
  --------------------------------
  _1677_/X
  _1687_/A2
  _1687_/X
  _1690_/A
  _1690_/Y
  _1691_/A0
  _1691_/X
  _1729_/A2
  _1729_/X
  _1819_/A1
  _1819_/X
  _1820_/B1
  _1820_/X
  _1884_/S
  _1884_/X
  _1885_/B
  _1885_/X
  _1927_/A1
  _1927_/X
  _1931_/A2
  _1931_/X
  fanout136/A
  fanout136/X
  _1524_/A1
  _1524_/X
  _1525_/B2
  _1525_/X
  _1528_/A
  _1528_/Y
  _1933_/A2
  _1933_/X
  _1939_/A1
  _1939_/Y
  _1947_/A1
  _1947_/X
  _1962_/A
  _1962_/Y
  _2065_/C1
  _2065_/X
  _2066_/A3
  _2066_/Y
  _2067_/B2
  _2067_/Y
  _2070_/A2
  _2070_/X
  fanout131/A
  fanout131/X
  _1665_/B2
  _1665_/X
  _1668_/B1
  _1668_/X
  _1669_/B1
  _1669_/X
  _2106_/A
  _2106_/X
  _2162_/A0
  _2162_/X
  _2164_/A2
  _2164_/X
  _2171_/C1
  _2171_/Y
  _2174_/B1
  _2174_/Y
  _2175_/A
  _2175_/Y
  _2244_/A1
  _2244_/Y
  _2250_/A2
  _2250_/X
  _2253_/A2
  _2253_/Y
  fanout126/A
  fanout126/X
  _1609_/C
  _1609_/X
  _1610_/B1
  _1610_/X
  _1621_/A1
  _1621_/X
  _2097_/A
  _2097_/X
  _2280_/A2
  _2280_/X
  _2282_/A3
  _2282_/Y
  _2283_/C
  _2283_/Y
  _2307_/A2
  _2307_/X
  _2337_/C1
  _2337_/Y
  _2383_/B2
  _2383_/Y
  _2386_/A2
  _2386_/X
  fanout123/A
  fanout123/X
  fanout122/A
  fanout122/X
  _1506_/A
  _1506_/Y
  fanout121/A
  fanout121/X
  fanout120/A
  fanout120/X
  _1675_/A1
  _1675_/Y
  _1677_/B1
  | loop cut point
  _1677_/X
  --------------------------------
  _1729_/X
  _1819_/A1
  _1819_/X
  _1820_/B1
  _1820_/X
  _1884_/S
  _1884_/X
  _1885_/B
  _1885_/X
  _1927_/A1
  _1927_/X
  _1931_/A2
  _1931_/X
  fanout136/A
  fanout136/X
  _1524_/A1
  _1524_/X
  _1525_/B2
  _1525_/X
  _1528_/A
  _1528_/Y
  _1933_/A2
  _1933_/X
  _1939_/A1
  _1939_/Y
  _1947_/A1
  _1947_/X
  _1962_/A
  _1962_/Y
  _2065_/C1
  _2065_/X
  _2066_/A3
  _2066_/Y
  _2067_/B2
  _2067_/Y
  _2070_/A2
  _2070_/X
  fanout131/A
  fanout131/X
  _1665_/B2
  _1665_/X
  _1668_/B1
  _1668_/X
  _1669_/B1
  _1669_/X
  _2106_/A
  _2106_/X
  _2162_/A0
  _2162_/X
  _2164_/A2
  _2164_/X
  _2171_/C1
  _2171_/Y
  _2174_/B1
  _2174_/Y
  _2175_/A
  _2175_/Y
  _2244_/A1
  _2244_/Y
  _2250_/A2
  _2250_/X
  _2253_/A2
  _2253_/Y
  fanout126/A
  fanout126/X
  _1609_/C
  _1609_/X
  _1610_/B1
  _1610_/X
  _1621_/A1
  _1621_/X
  _2097_/A
  _2097_/X
  _2280_/A2
  _2280_/X
  _2282_/A3
  _2282_/Y
  _2283_/C
  _2283_/Y
  _2307_/A2
  _2307_/X
  _2337_/C1
  _2337_/Y
  _2383_/B2
  _2383_/Y
  _2386_/A2
  _2386_/X
  fanout123/A
  fanout123/X
  fanout122/A
  fanout122/X
  _1506_/A
  _1506_/Y
  fanout121/A
  fanout121/X
  fanout120/A
  fanout120/X
  _1694_/A1
  _1694_/X
  _1696_/A2
  _1696_/Y
  _1705_/A1
  _1705_/X
  _1708_/A
  _1708_/Y
  _1728_/A2
  _1728_/X
  _1729_/B1
  | loop cut point
  _1729_/X
  --------------------------------
  _2162_/X
  _2164_/A2
  _2164_/X
  _2171_/C1
  _2171_/Y
  _2174_/B1
  _2174_/Y
  _2175_/A
  _2175_/Y
  _2244_/A1
  _2244_/Y
  _2250_/A2
  _2250_/X
  _2253_/A2
  _2253_/Y
  fanout126/A
  fanout126/X
  _1609_/C
  _1609_/X
  _1610_/B1
  _1610_/X
  _1621_/A1
  _1621_/X
  _2097_/A
  _2097_/X
  _2280_/A2
  _2280_/X
  _2282_/A3
  _2282_/Y
  _2283_/C
  _2283_/Y
  _2307_/A2
  _2307_/X
  _2337_/C1
  _2337_/Y
  _2383_/B2
  _2383_/Y
  _2386_/A2
  _2386_/X
  fanout123/A
  fanout123/X
  fanout122/A
  fanout122/X
  _1506_/A
  _1506_/Y
  fanout121/A
  fanout121/X
  fanout120/A
  fanout120/X
  _1694_/A1
  _1694_/X
  _1696_/A2
  _1696_/Y
  _1705_/A1
  _1705_/X
  _2114_/A
  _2114_/X
  _2162_/A1
  | loop cut point
  _2162_/X
  --------------------------------
  _2171_/Y
  _2174_/B1
  _2174_/Y
  _2175_/A
  _2175_/Y
  _2244_/A1
  _2244_/Y
  _2250_/A2
  _2250_/X
  _2253_/A2
  _2253_/Y
  fanout126/A
  fanout126/X
  _1609_/C
  _1609_/X
  _1610_/B1
  _1610_/X
  _1621_/A1
  _1621_/X
  _2097_/A
  _2097_/X
  _2280_/A2
  _2280_/X
  _2282_/A3
  _2282_/Y
  _2283_/C
  _2283_/Y
  _2307_/A2
  _2307_/X
  _2337_/C1
  _2337_/Y
  _2383_/B2
  _2383_/Y
  _2386_/A2
  _2386_/X
  fanout123/A
  fanout123/X
  fanout122/A
  fanout122/X
  _1506_/A
  _1506_/Y
  fanout121/A
  fanout121/X
  fanout120/A
  fanout120/X
  _1711_/A
  _1711_/X
  _1714_/A3
  _1714_/Y
  _1724_/A2
  _1724_/X
  _2117_/A
  _2117_/X
  _2165_/A1
  _2165_/X
  _2171_/A2
  | loop cut point
  _2171_/Y
  --------------------------------
  _1820_/X
  _1884_/S
  _1884_/X
  _1885_/B
  _1885_/X
  _1927_/A1
  _1927_/X
  _1931_/A2
  _1931_/X
  fanout136/A
  fanout136/X
  _1524_/A1
  _1524_/X
  _1525_/B2
  _1525_/X
  _1528_/A
  _1528_/Y
  _1933_/A2
  _1933_/X
  _1939_/A1
  _1939_/Y
  _1947_/A1
  _1947_/X
  _1962_/A
  _1962_/Y
  _2065_/C1
  _2065_/X
  _2066_/A3
  _2066_/Y
  _2067_/B2
  _2067_/Y
  _2070_/A2
  _2070_/X
  fanout131/A
  fanout131/X
  _1665_/B2
  _1665_/X
  _1668_/B1
  _1668_/X
  _1669_/B1
  _1669_/X
  _2106_/A
  _2106_/X
  _2162_/A0
  _2162_/X
  _2164_/A2
  _2164_/X
  _2171_/C1
  _2171_/Y
  _2174_/B1
  _2174_/Y
  _2175_/A
  _2175_/Y
  _2244_/A1
  _2244_/Y
  _2250_/A2
  _2250_/X
  _2253_/A2
  _2253_/Y
  fanout126/A
  fanout126/X
  _1609_/C
  _1609_/X
  _1610_/B1
  _1610_/X
  _1621_/A1
  _1621_/X
  _2097_/A
  _2097_/X
  _2280_/A2
  _2280_/X
  _2282_/A3
  _2282_/Y
  _2283_/C
  _2283_/Y
  _2307_/A2
  _2307_/X
  _2337_/C1
  _2337_/Y
  _2383_/B2
  _2383_/Y
  _2386_/A2
  _2386_/X
  fanout123/A
  fanout123/X
  fanout122/A
  fanout122/X
  _1650_/A3
  _1650_/X
  _1651_/A
  _1651_/Y
  _1820_/A2
  | loop cut point
  _1820_/X
  --------------------------------
  _2174_/Y
  _2175_/A
  _2175_/Y
  _2244_/A1
  _2244_/Y
  _2250_/A2
  _2250_/X
  _2253_/A2
  _2253_/Y
  fanout126/A
  fanout126/X
  _1609_/C
  _1609_/X
  _1610_/B1
  _1610_/X
  _1621_/A1
  _1621_/X
  _2097_/A
  _2097_/X
  _2280_/A2
  _2280_/X
  _2282_/A3
  _2282_/Y
  _2283_/C
  _2283_/Y
  _2307_/A2
  _2307_/X
  _2337_/C1
  _2337_/Y
  _2383_/B2
  _2383_/Y
  _2386_/A2
  _2386_/X
  fanout123/A
  fanout123/X
  fanout122/A
  fanout122/X
  _2172_/A3
  _2172_/X
  _2173_/B
  _2173_/Y
  _2174_/C1
  | loop cut point
  _2174_/Y
  --------------------------------
  _1677_/X
  _1687_/A2
  _1687_/X
  _1690_/A
  _1690_/Y
  _1691_/A0
  _1691_/X
  _1729_/A2
  _1729_/X
  _1819_/A1
  _1819_/X
  _1820_/B1
  _1820_/X
  _1884_/S
  _1884_/X
  _1885_/B
  _1885_/X
  _1927_/A1
  _1927_/X
  _1931_/A2
  _1931_/X
  fanout136/A
  fanout136/X
  _1524_/A1
  _1524_/X
  _1525_/B2
  _1525_/X
  _1528_/A
  _1528_/Y
  _1933_/A2
  _1933_/X
  _1939_/A1
  _1939_/Y
  _1947_/A1
  _1947_/X
  _1962_/A
  _1962_/Y
  _2065_/C1
  _2065_/X
  _2066_/A3
  _2066_/Y
  _2067_/B2
  _2067_/Y
  _2070_/A2
  _2070_/X
  fanout131/A
  fanout131/X
  _1665_/B2
  _1665_/X
  _1668_/B1
  _1668_/X
  _1669_/B1
  _1669_/X
  _2106_/A
  _2106_/X
  _2162_/A0
  _2162_/X
  _2164_/A2
  _2164_/X
  _2171_/C1
  _2171_/Y
  _2174_/B1
  _2174_/Y
  _2175_/A
  _2175_/Y
  _2244_/A1
  _2244_/Y
  _2250_/A2
  _2250_/X
  _2253_/A2
  _2253_/Y
  fanout126/A
  fanout126/X
  fanout125/A
  fanout125/X
  fanout124/A
  fanout124/X
  _1677_/A1
  | loop cut point
  _1677_/X
  --------------------------------
  _1525_/X
  _1528_/A
  _1528_/Y
  _1933_/A2
  _1933_/X
  _1939_/A1
  _1939_/Y
  _1947_/A1
  _1947_/X
  _1962_/A
  _1962_/Y
  _2065_/C1
  _2065_/X
  _2066_/A3
  _2066_/Y
  _2067_/B2
  _2067_/Y
  _2070_/A2
  _2070_/X
  fanout131/A
  fanout131/X
  fanout130/A
  fanout130/X
  _1522_/A1_N
  _1522_/X
  _1523_/B1
  _1523_/Y
  _1525_/B1
  | loop cut point
  _1525_/X
  --------------------------------
  _1687_/X
  _1690_/A
  _1690_/Y
  _1691_/A0
  _1691_/X
  _1729_/A2
  _1729_/X
  _1819_/A1
  _1819_/X
  _1820_/B1
  _1820_/X
  _1884_/S
  _1884_/X
  _1885_/B
  _1885_/X
  _1927_/A1
  _1927_/X
  _1931_/A2
  _1931_/X
  fanout136/A
  fanout136/X
  _1524_/A1
  _1524_/X
  _1525_/B2
  _1525_/X
  _1528_/A
  _1528_/Y
  _1933_/A2
  _1933_/X
  _1939_/A1
  _1939_/Y
  _1947_/A1
  _1947_/X
  _1962_/A
  _1962_/Y
  _2065_/C1
  _2065_/X
  _2066_/A3
  _2066_/Y
  _2067_/B2
  _2067_/Y
  _2070_/A2
  _2070_/X
  fanout131/A
  fanout131/X
  fanout130/A
  fanout130/X
  _1683_/B2
  _1683_/X
  _1686_/B1
  _1686_/X
  _1687_/B1
  | loop cut point
  _1687_/X
  --------------------------------
